<?xml version="1.0" encoding="UTF-8"?>
<testsuite xmlns:xsi="http://www.w3.org/2001/XMLSchema-instance" xsi:noNamespaceSchemaLocation="https://maven.apache.org/surefire/maven-surefire-plugin/xsd/surefire-test-report-3.0.xsd" version="3.0" name="org.openscience.cdk.CDKTestCase" time="0.029" tests="1" errors="0" skipped="0" failures="0">
  <properties>
    <property name="java.specification.version" value="23"/>
    <property name="sun.jnu.encoding" value="UTF-8"/>
    <property name="java.class.path" value="/Users/rvdploeg_hu/Software/jchempaint/core/target/test-classes:/Users/rvdploeg_hu/Software/jchempaint/core/target/classes:/Users/rvdploeg_hu/.m2/repository/junit/junit/4.13.1/junit-4.13.1.jar:/Users/rvdploeg_hu/.m2/repository/org/hamcrest/hamcrest-core/1.3/hamcrest-core-1.3.jar:/Users/rvdploeg_hu/.m2/repository/org/easytesting/fest-assert/1.2/fest-assert-1.2.jar:/Users/rvdploeg_hu/.m2/repository/org/easytesting/fest-util/1.1/fest-util-1.1.jar:/Users/rvdploeg_hu/.m2/repository/org/easytesting/fest-reflect/1.2/fest-reflect-1.2.jar:/Users/rvdploeg_hu/.m2/repository/org/easytesting/fest-swing/1.2/fest-swing-1.2.jar:/Users/rvdploeg_hu/.m2/repository/net/jcip/jcip-annotations/1.0/jcip-annotations-1.0.jar:/Users/rvdploeg_hu/.m2/repository/commons-cli/commons-cli/1.2/commons-cli-1.2.jar:/Users/rvdploeg_hu/.m2/repository/org/openscience/cdk/cdk-annotation/2.9/cdk-annotation-2.9.jar:/Users/rvdploeg_hu/.m2/repository/org/openscience/cdk/cdk-atomtype/2.9/cdk-atomtype-2.9.jar:/Users/rvdploeg_hu/.m2/repository/org/openscience/cdk/cdk-core/2.9/cdk-core-2.9.jar:/Users/rvdploeg_hu/.m2/repository/javax/vecmath/vecmath/1.5.2/vecmath-1.5.2.jar:/Users/rvdploeg_hu/.m2/repository/org/openscience/cdk/cdk-data/2.9/cdk-data-2.9.jar:/Users/rvdploeg_hu/.m2/repository/org/openscience/cdk/cdk-dict/2.9/cdk-dict-2.9.jar:/Users/rvdploeg_hu/.m2/repository/xom/xom/1.3.9/xom-1.3.9.jar:/Users/rvdploeg_hu/.m2/repository/org/openscience/cdk/cdk-formula/2.9/cdk-formula-2.9.jar:/Users/rvdploeg_hu/.m2/repository/org/openscience/cdk/cdk-render/2.9/cdk-render-2.9.jar:/Users/rvdploeg_hu/.m2/repository/org/openscience/cdk/cdk-renderbasic/2.9/cdk-renderbasic-2.9.jar:/Users/rvdploeg_hu/.m2/repository/org/openscience/cdk/cdk-renderextra/2.9/cdk-renderextra-2.9.jar:/Users/rvdploeg_hu/.m2/repository/org/openscience/cdk/cdk-interfaces/2.9/cdk-interfaces-2.9.jar:/Users/rvdploeg_hu/.m2/repository/org/openscience/cdk/cdk-ioformats/2.9/cdk-ioformats-2.9.jar:/Users/rvdploeg_hu/.m2/repository/org/openscience/cdk/cdk-io/2.9/cdk-io-2.9.jar:/Users/rvdploeg_hu/.m2/repository/org/openscience/cdk/cdk-libiocml/2.9/cdk-libiocml-2.9.jar:/Users/rvdploeg_hu/.m2/repository/org/blueobelisk/cmlxom/4.5/cmlxom-4.5.jar:/Users/rvdploeg_hu/.m2/repository/org/blueobelisk/euclid/2.5/euclid-2.5.jar:/Users/rvdploeg_hu/.m2/repository/org/apache/logging/log4j/log4j-core/2.20.0/log4j-core-2.20.0.jar:/Users/rvdploeg_hu/.m2/repository/org/apache/commons/commons-lang3/3.12.0/commons-lang3-3.12.0.jar:/Users/rvdploeg_hu/.m2/repository/org/apache/commons/commons-math/2.2/commons-math-2.2.jar:/Users/rvdploeg_hu/.m2/repository/joda-time/joda-time/2.12.5/joda-time-2.12.5.jar:/Users/rvdploeg_hu/.m2/repository/commons-io/commons-io/2.11.0/commons-io-2.11.0.jar:/Users/rvdploeg_hu/.m2/repository/org/apache/logging/log4j/log4j-1.2-api/2.20.0/log4j-1.2-api-2.20.0.jar:/Users/rvdploeg_hu/.m2/repository/org/apache/logging/log4j/log4j-api/2.20.0/log4j-api-2.20.0.jar:/Users/rvdploeg_hu/.m2/repository/org/ccil/cowan/tagsoup/tagsoup/1.2.1/tagsoup-1.2.1.jar:/Users/rvdploeg_hu/.m2/repository/xml-apis/xml-apis/1.0.b2/xml-apis-1.0.b2.jar:/Users/rvdploeg_hu/.m2/repository/org/openscience/cdk/cdk-ctab/2.9/cdk-ctab-2.9.jar:/Users/rvdploeg_hu/.m2/repository/org/openscience/cdk/cdk-isomorphism/2.9/cdk-isomorphism-2.9.jar:/Users/rvdploeg_hu/.m2/repository/org/openscience/cdk/cdk-reaction/2.9/cdk-reaction-2.9.jar:/Users/rvdploeg_hu/.m2/repository/org/openscience/cdk/cdk-sdg/2.9/cdk-sdg-2.9.jar:/Users/rvdploeg_hu/.m2/repository/org/openscience/cdk/cdk-smiles/2.9/cdk-smiles-2.9.jar:/Users/rvdploeg_hu/.m2/repository/uk/ac/ebi/beam/beam-core/1.3.5/beam-core-1.3.5.jar:/Users/rvdploeg_hu/.m2/repository/uk/ac/ebi/beam/beam-func/1.3.5/beam-func-1.3.5.jar:/Users/rvdploeg_hu/.m2/repository/org/openscience/cdk/cdk-standard/2.9/cdk-standard-2.9.jar:/Users/rvdploeg_hu/.m2/repository/org/openscience/cdk/cdk-valencycheck/2.9/cdk-valencycheck-2.9.jar:/Users/rvdploeg_hu/.m2/repository/org/openscience/cdk/cdk-extra/2.9/cdk-extra-2.9.jar:/Users/rvdploeg_hu/.m2/repository/gov/nist/math/jama/1.0.3/jama-1.0.3.jar:/Users/rvdploeg_hu/.m2/repository/org/openscience/cdk/cdk-legacy/2.9/cdk-legacy-2.9.jar:/Users/rvdploeg_hu/.m2/repository/org/openscience/cdk/cdk-smarts/2.9/cdk-smarts-2.9.jar:/Users/rvdploeg_hu/.m2/repository/jgrapht/jgrapht/0.6.0/jgrapht-0.6.0.jar:/Users/rvdploeg_hu/.m2/repository/org/openscience/cdk/cdk-signature/2.9/cdk-signature-2.9.jar:/Users/rvdploeg_hu/.m2/repository/com/github/gilleain/signatures/signatures/1.1/signatures-1.1.jar:/Users/rvdploeg_hu/.m2/repository/org/openscience/cdk/cdk-charges/2.9/cdk-charges-2.9.jar:/Users/rvdploeg_hu/.m2/repository/org/openscience/cdk/cdk-qsar/2.9/cdk-qsar-2.9.jar:/Users/rvdploeg_hu/Software/jchempaint/inchi/target/jchempaint-inchi-3.4-SNAPSHOT.jar:/Users/rvdploeg_hu/Software/jchempaint/render/target/jchempaint-render-3.4-SNAPSHOT.jar:"/>
    <property name="java.vm.vendor" value="Homebrew"/>
    <property name="sun.arch.data.model" value="64"/>
    <property name="java.vendor.url" value="https://github.com/Homebrew/homebrew-core/issues"/>
    <property name="os.name" value="Mac OS X"/>
    <property name="java.vm.specification.version" value="23"/>
    <property name="sun.java.launcher" value="SUN_STANDARD"/>
    <property name="user.country" value="NL"/>
    <property name="sun.boot.library.path" value="/opt/homebrew/Cellar/openjdk/23.0.1/libexec/openjdk.jdk/Contents/Home/lib"/>
    <property name="sun.java.command" value="/Users/rvdploeg_hu/Software/jchempaint/core/target/surefire/surefirebooter-20241213093241852_3.jar /Users/rvdploeg_hu/Software/jchempaint/core/target/surefire 2024-12-13T09-32-39_871-jvmRun1 surefire-20241213093241852_1tmp surefire_0-20241213093241852_2tmp"/>
    <property name="http.nonProxyHosts" value="local|*.local|169.254/16|*.169.254/16"/>
    <property name="jdk.debug" value="release"/>
    <property name="surefire.test.class.path" value="/Users/rvdploeg_hu/Software/jchempaint/core/target/test-classes:/Users/rvdploeg_hu/Software/jchempaint/core/target/classes:/Users/rvdploeg_hu/.m2/repository/junit/junit/4.13.1/junit-4.13.1.jar:/Users/rvdploeg_hu/.m2/repository/org/hamcrest/hamcrest-core/1.3/hamcrest-core-1.3.jar:/Users/rvdploeg_hu/.m2/repository/org/easytesting/fest-assert/1.2/fest-assert-1.2.jar:/Users/rvdploeg_hu/.m2/repository/org/easytesting/fest-util/1.1/fest-util-1.1.jar:/Users/rvdploeg_hu/.m2/repository/org/easytesting/fest-reflect/1.2/fest-reflect-1.2.jar:/Users/rvdploeg_hu/.m2/repository/org/easytesting/fest-swing/1.2/fest-swing-1.2.jar:/Users/rvdploeg_hu/.m2/repository/net/jcip/jcip-annotations/1.0/jcip-annotations-1.0.jar:/Users/rvdploeg_hu/.m2/repository/commons-cli/commons-cli/1.2/commons-cli-1.2.jar:/Users/rvdploeg_hu/.m2/repository/org/openscience/cdk/cdk-annotation/2.9/cdk-annotation-2.9.jar:/Users/rvdploeg_hu/.m2/repository/org/openscience/cdk/cdk-atomtype/2.9/cdk-atomtype-2.9.jar:/Users/rvdploeg_hu/.m2/repository/org/openscience/cdk/cdk-core/2.9/cdk-core-2.9.jar:/Users/rvdploeg_hu/.m2/repository/javax/vecmath/vecmath/1.5.2/vecmath-1.5.2.jar:/Users/rvdploeg_hu/.m2/repository/org/openscience/cdk/cdk-data/2.9/cdk-data-2.9.jar:/Users/rvdploeg_hu/.m2/repository/org/openscience/cdk/cdk-dict/2.9/cdk-dict-2.9.jar:/Users/rvdploeg_hu/.m2/repository/xom/xom/1.3.9/xom-1.3.9.jar:/Users/rvdploeg_hu/.m2/repository/org/openscience/cdk/cdk-formula/2.9/cdk-formula-2.9.jar:/Users/rvdploeg_hu/.m2/repository/org/openscience/cdk/cdk-render/2.9/cdk-render-2.9.jar:/Users/rvdploeg_hu/.m2/repository/org/openscience/cdk/cdk-renderbasic/2.9/cdk-renderbasic-2.9.jar:/Users/rvdploeg_hu/.m2/repository/org/openscience/cdk/cdk-renderextra/2.9/cdk-renderextra-2.9.jar:/Users/rvdploeg_hu/.m2/repository/org/openscience/cdk/cdk-interfaces/2.9/cdk-interfaces-2.9.jar:/Users/rvdploeg_hu/.m2/repository/org/openscience/cdk/cdk-ioformats/2.9/cdk-ioformats-2.9.jar:/Users/rvdploeg_hu/.m2/repository/org/openscience/cdk/cdk-io/2.9/cdk-io-2.9.jar:/Users/rvdploeg_hu/.m2/repository/org/openscience/cdk/cdk-libiocml/2.9/cdk-libiocml-2.9.jar:/Users/rvdploeg_hu/.m2/repository/org/blueobelisk/cmlxom/4.5/cmlxom-4.5.jar:/Users/rvdploeg_hu/.m2/repository/org/blueobelisk/euclid/2.5/euclid-2.5.jar:/Users/rvdploeg_hu/.m2/repository/org/apache/logging/log4j/log4j-core/2.20.0/log4j-core-2.20.0.jar:/Users/rvdploeg_hu/.m2/repository/org/apache/commons/commons-lang3/3.12.0/commons-lang3-3.12.0.jar:/Users/rvdploeg_hu/.m2/repository/org/apache/commons/commons-math/2.2/commons-math-2.2.jar:/Users/rvdploeg_hu/.m2/repository/joda-time/joda-time/2.12.5/joda-time-2.12.5.jar:/Users/rvdploeg_hu/.m2/repository/commons-io/commons-io/2.11.0/commons-io-2.11.0.jar:/Users/rvdploeg_hu/.m2/repository/org/apache/logging/log4j/log4j-1.2-api/2.20.0/log4j-1.2-api-2.20.0.jar:/Users/rvdploeg_hu/.m2/repository/org/apache/logging/log4j/log4j-api/2.20.0/log4j-api-2.20.0.jar:/Users/rvdploeg_hu/.m2/repository/org/ccil/cowan/tagsoup/tagsoup/1.2.1/tagsoup-1.2.1.jar:/Users/rvdploeg_hu/.m2/repository/xml-apis/xml-apis/1.0.b2/xml-apis-1.0.b2.jar:/Users/rvdploeg_hu/.m2/repository/org/openscience/cdk/cdk-ctab/2.9/cdk-ctab-2.9.jar:/Users/rvdploeg_hu/.m2/repository/org/openscience/cdk/cdk-isomorphism/2.9/cdk-isomorphism-2.9.jar:/Users/rvdploeg_hu/.m2/repository/org/openscience/cdk/cdk-reaction/2.9/cdk-reaction-2.9.jar:/Users/rvdploeg_hu/.m2/repository/org/openscience/cdk/cdk-sdg/2.9/cdk-sdg-2.9.jar:/Users/rvdploeg_hu/.m2/repository/org/openscience/cdk/cdk-smiles/2.9/cdk-smiles-2.9.jar:/Users/rvdploeg_hu/.m2/repository/uk/ac/ebi/beam/beam-core/1.3.5/beam-core-1.3.5.jar:/Users/rvdploeg_hu/.m2/repository/uk/ac/ebi/beam/beam-func/1.3.5/beam-func-1.3.5.jar:/Users/rvdploeg_hu/.m2/repository/org/openscience/cdk/cdk-standard/2.9/cdk-standard-2.9.jar:/Users/rvdploeg_hu/.m2/repository/org/openscience/cdk/cdk-valencycheck/2.9/cdk-valencycheck-2.9.jar:/Users/rvdploeg_hu/.m2/repository/org/openscience/cdk/cdk-extra/2.9/cdk-extra-2.9.jar:/Users/rvdploeg_hu/.m2/repository/gov/nist/math/jama/1.0.3/jama-1.0.3.jar:/Users/rvdploeg_hu/.m2/repository/org/openscience/cdk/cdk-legacy/2.9/cdk-legacy-2.9.jar:/Users/rvdploeg_hu/.m2/repository/org/openscience/cdk/cdk-smarts/2.9/cdk-smarts-2.9.jar:/Users/rvdploeg_hu/.m2/repository/jgrapht/jgrapht/0.6.0/jgrapht-0.6.0.jar:/Users/rvdploeg_hu/.m2/repository/org/openscience/cdk/cdk-signature/2.9/cdk-signature-2.9.jar:/Users/rvdploeg_hu/.m2/repository/com/github/gilleain/signatures/signatures/1.1/signatures-1.1.jar:/Users/rvdploeg_hu/.m2/repository/org/openscience/cdk/cdk-charges/2.9/cdk-charges-2.9.jar:/Users/rvdploeg_hu/.m2/repository/org/openscience/cdk/cdk-qsar/2.9/cdk-qsar-2.9.jar:/Users/rvdploeg_hu/Software/jchempaint/inchi/target/jchempaint-inchi-3.4-SNAPSHOT.jar:/Users/rvdploeg_hu/Software/jchempaint/render/target/jchempaint-render-3.4-SNAPSHOT.jar:"/>
    <property name="sun.cpu.endian" value="little"/>
    <property name="user.home" value="/Users/rvdploeg_hu"/>
    <property name="user.language" value="nl"/>
    <property name="java.specification.vendor" value="Oracle Corporation"/>
    <property name="java.version.date" value="2024-10-15"/>
    <property name="java.home" value="/opt/homebrew/Cellar/openjdk/23.0.1/libexec/openjdk.jdk/Contents/Home"/>
    <property name="file.separator" value="/"/>
    <property name="basedir" value="/Users/rvdploeg_hu/Software/jchempaint/core"/>
    <property name="java.vm.compressedOopsMode" value="Zero based"/>
    <property name="line.separator" value="&#10;"/>
    <property name="java.vm.specification.vendor" value="Oracle Corporation"/>
    <property name="java.specification.name" value="Java Platform API Specification"/>
    <property name="apple.awt.application.name" value="ForkedBooter"/>
    <property name="surefire.real.class.path" value="/Users/rvdploeg_hu/Software/jchempaint/core/target/surefire/surefirebooter-20241213093241852_3.jar"/>
    <property name="sun.management.compiler" value="HotSpot 64-Bit Tiered Compilers"/>
    <property name="ftp.nonProxyHosts" value="local|*.local|169.254/16|*.169.254/16"/>
    <property name="java.runtime.version" value="23.0.1"/>
    <property name="user.name" value="rvdploeg_hu"/>
    <property name="stdout.encoding" value="UTF-8"/>
    <property name="path.separator" value=":"/>
    <property name="os.version" value="15.1.1"/>
    <property name="java.runtime.name" value="OpenJDK Runtime Environment"/>
    <property name="file.encoding" value="UTF-8"/>
    <property name="java.vm.name" value="OpenJDK 64-Bit Server VM"/>
    <property name="java.vendor.version" value="Homebrew"/>
    <property name="localRepository" value="/Users/rvdploeg_hu/.m2/repository"/>
    <property name="java.vendor.url.bug" value="https://github.com/Homebrew/homebrew-core/issues"/>
    <property name="java.io.tmpdir" value="/var/folders/15/w987lsvj33ngq_53y3hk4mw00000gp/T/"/>
    <property name="java.version" value="23.0.1"/>
    <property name="user.dir" value="/Users/rvdploeg_hu/Software/jchempaint/core"/>
    <property name="os.arch" value="aarch64"/>
    <property name="java.vm.specification.name" value="Java Virtual Machine Specification"/>
    <property name="native.encoding" value="UTF-8"/>
    <property name="java.library.path" value="/Users/rvdploeg_hu/Library/Java/Extensions:/Library/Java/Extensions:/Network/Library/Java/Extensions:/System/Library/Java/Extensions:/usr/lib/java:."/>
    <property name="java.vm.info" value="mixed mode, sharing"/>
    <property name="stderr.encoding" value="UTF-8"/>
    <property name="java.vendor" value="Homebrew"/>
    <property name="java.vm.version" value="23.0.1"/>
    <property name="sun.io.unicode.encoding" value="UnicodeBig"/>
    <property name="socksNonProxyHosts" value="local|*.local|169.254/16|*.169.254/16"/>
    <property name="java.class.version" value="67.0"/>
  </properties>
  <testcase name="testedByOtherClass" classname="org.openscience.cdk.CDKTestCase" time="0.002"/>
</testsuite>