<?xml version="1.0" encoding="UTF-8"?>
<testsuite xmlns:xsi="http://www.w3.org/2001/XMLSchema-instance" xsi:noNamespaceSchemaLocation="https://maven.apache.org/surefire/maven-surefire-plugin/xsd/surefire-test-report-3.0.xsd" version="3.0" name="org.openscience.jchempaint.MenuIsotopeTest" time="95.692" tests="7" errors="7" skipped="0" failures="0">
  <properties>
    <property name="java.specification.version" value="23"/>
    <property name="sun.jnu.encoding" value="UTF-8"/>
    <property name="java.class.path" value="/Users/rvdploeg_hu/Software/jchempaint/core/target/test-classes:/Users/rvdploeg_hu/Software/jchempaint/core/target/classes:/Users/rvdploeg_hu/.m2/repository/junit/junit/4.13.1/junit-4.13.1.jar:/Users/rvdploeg_hu/.m2/repository/org/hamcrest/hamcrest-core/1.3/hamcrest-core-1.3.jar:/Users/rvdploeg_hu/.m2/repository/org/easytesting/fest-assert/1.2/fest-assert-1.2.jar:/Users/rvdploeg_hu/.m2/repository/org/easytesting/fest-util/1.1/fest-util-1.1.jar:/Users/rvdploeg_hu/.m2/repository/org/easytesting/fest-reflect/1.2/fest-reflect-1.2.jar:/Users/rvdploeg_hu/.m2/repository/org/easytesting/fest-swing/1.2/fest-swing-1.2.jar:/Users/rvdploeg_hu/.m2/repository/net/jcip/jcip-annotations/1.0/jcip-annotations-1.0.jar:/Users/rvdploeg_hu/.m2/repository/commons-cli/commons-cli/1.2/commons-cli-1.2.jar:/Users/rvdploeg_hu/.m2/repository/org/openscience/cdk/cdk-annotation/2.9/cdk-annotation-2.9.jar:/Users/rvdploeg_hu/.m2/repository/org/openscience/cdk/cdk-atomtype/2.9/cdk-atomtype-2.9.jar:/Users/rvdploeg_hu/.m2/repository/org/openscience/cdk/cdk-core/2.9/cdk-core-2.9.jar:/Users/rvdploeg_hu/.m2/repository/javax/vecmath/vecmath/1.5.2/vecmath-1.5.2.jar:/Users/rvdploeg_hu/.m2/repository/org/openscience/cdk/cdk-data/2.9/cdk-data-2.9.jar:/Users/rvdploeg_hu/.m2/repository/org/openscience/cdk/cdk-dict/2.9/cdk-dict-2.9.jar:/Users/rvdploeg_hu/.m2/repository/xom/xom/1.3.9/xom-1.3.9.jar:/Users/rvdploeg_hu/.m2/repository/org/openscience/cdk/cdk-formula/2.9/cdk-formula-2.9.jar:/Users/rvdploeg_hu/.m2/repository/org/openscience/cdk/cdk-render/2.9/cdk-render-2.9.jar:/Users/rvdploeg_hu/.m2/repository/org/openscience/cdk/cdk-renderbasic/2.9/cdk-renderbasic-2.9.jar:/Users/rvdploeg_hu/.m2/repository/org/openscience/cdk/cdk-renderextra/2.9/cdk-renderextra-2.9.jar:/Users/rvdploeg_hu/.m2/repository/org/openscience/cdk/cdk-interfaces/2.9/cdk-interfaces-2.9.jar:/Users/rvdploeg_hu/.m2/repository/org/openscience/cdk/cdk-ioformats/2.9/cdk-ioformats-2.9.jar:/Users/rvdploeg_hu/.m2/repository/org/openscience/cdk/cdk-io/2.9/cdk-io-2.9.jar:/Users/rvdploeg_hu/.m2/repository/org/openscience/cdk/cdk-libiocml/2.9/cdk-libiocml-2.9.jar:/Users/rvdploeg_hu/.m2/repository/org/blueobelisk/cmlxom/4.5/cmlxom-4.5.jar:/Users/rvdploeg_hu/.m2/repository/org/blueobelisk/euclid/2.5/euclid-2.5.jar:/Users/rvdploeg_hu/.m2/repository/org/apache/logging/log4j/log4j-core/2.20.0/log4j-core-2.20.0.jar:/Users/rvdploeg_hu/.m2/repository/org/apache/commons/commons-lang3/3.12.0/commons-lang3-3.12.0.jar:/Users/rvdploeg_hu/.m2/repository/org/apache/commons/commons-math/2.2/commons-math-2.2.jar:/Users/rvdploeg_hu/.m2/repository/joda-time/joda-time/2.12.5/joda-time-2.12.5.jar:/Users/rvdploeg_hu/.m2/repository/commons-io/commons-io/2.11.0/commons-io-2.11.0.jar:/Users/rvdploeg_hu/.m2/repository/org/apache/logging/log4j/log4j-1.2-api/2.20.0/log4j-1.2-api-2.20.0.jar:/Users/rvdploeg_hu/.m2/repository/org/apache/logging/log4j/log4j-api/2.20.0/log4j-api-2.20.0.jar:/Users/rvdploeg_hu/.m2/repository/org/ccil/cowan/tagsoup/tagsoup/1.2.1/tagsoup-1.2.1.jar:/Users/rvdploeg_hu/.m2/repository/xml-apis/xml-apis/1.0.b2/xml-apis-1.0.b2.jar:/Users/rvdploeg_hu/.m2/repository/org/openscience/cdk/cdk-ctab/2.9/cdk-ctab-2.9.jar:/Users/rvdploeg_hu/.m2/repository/org/openscience/cdk/cdk-isomorphism/2.9/cdk-isomorphism-2.9.jar:/Users/rvdploeg_hu/.m2/repository/org/openscience/cdk/cdk-reaction/2.9/cdk-reaction-2.9.jar:/Users/rvdploeg_hu/.m2/repository/org/openscience/cdk/cdk-sdg/2.9/cdk-sdg-2.9.jar:/Users/rvdploeg_hu/.m2/repository/org/openscience/cdk/cdk-smiles/2.9/cdk-smiles-2.9.jar:/Users/rvdploeg_hu/.m2/repository/uk/ac/ebi/beam/beam-core/1.3.5/beam-core-1.3.5.jar:/Users/rvdploeg_hu/.m2/repository/uk/ac/ebi/beam/beam-func/1.3.5/beam-func-1.3.5.jar:/Users/rvdploeg_hu/.m2/repository/org/openscience/cdk/cdk-standard/2.9/cdk-standard-2.9.jar:/Users/rvdploeg_hu/.m2/repository/org/openscience/cdk/cdk-valencycheck/2.9/cdk-valencycheck-2.9.jar:/Users/rvdploeg_hu/.m2/repository/org/openscience/cdk/cdk-extra/2.9/cdk-extra-2.9.jar:/Users/rvdploeg_hu/.m2/repository/gov/nist/math/jama/1.0.3/jama-1.0.3.jar:/Users/rvdploeg_hu/.m2/repository/org/openscience/cdk/cdk-legacy/2.9/cdk-legacy-2.9.jar:/Users/rvdploeg_hu/.m2/repository/org/openscience/cdk/cdk-smarts/2.9/cdk-smarts-2.9.jar:/Users/rvdploeg_hu/.m2/repository/jgrapht/jgrapht/0.6.0/jgrapht-0.6.0.jar:/Users/rvdploeg_hu/.m2/repository/org/openscience/cdk/cdk-signature/2.9/cdk-signature-2.9.jar:/Users/rvdploeg_hu/.m2/repository/com/github/gilleain/signatures/signatures/1.1/signatures-1.1.jar:/Users/rvdploeg_hu/.m2/repository/org/openscience/cdk/cdk-charges/2.9/cdk-charges-2.9.jar:/Users/rvdploeg_hu/.m2/repository/org/openscience/cdk/cdk-qsar/2.9/cdk-qsar-2.9.jar:/Users/rvdploeg_hu/Software/jchempaint/inchi/target/jchempaint-inchi-3.4-SNAPSHOT.jar:/Users/rvdploeg_hu/Software/jchempaint/render/target/jchempaint-render-3.4-SNAPSHOT.jar:"/>
    <property name="sun.awt.enableExtraMouseButtons" value="true"/>
    <property name="java.vm.vendor" value="Homebrew"/>
    <property name="sun.arch.data.model" value="64"/>
    <property name="java.vendor.url" value="https://github.com/Homebrew/homebrew-core/issues"/>
    <property name="user.timezone" value="Europe/Amsterdam"/>
    <property name="os.name" value="Mac OS X"/>
    <property name="java.vm.specification.version" value="23"/>
    <property name="sun.java.launcher" value="SUN_STANDARD"/>
    <property name="user.country" value="NL"/>
    <property name="sun.boot.library.path" value="/opt/homebrew/Cellar/openjdk/23.0.1/libexec/openjdk.jdk/Contents/Home/lib"/>
    <property name="sun.java.command" value="/Users/rvdploeg_hu/Software/jchempaint/core/target/surefire/surefirebooter-20241213093241852_3.jar /Users/rvdploeg_hu/Software/jchempaint/core/target/surefire 2024-12-13T09-32-39_871-jvmRun1 surefire-20241213093241852_1tmp surefire_0-20241213093241852_2tmp"/>
    <property name="http.nonProxyHosts" value="local|*.local|169.254/16|*.169.254/16"/>
    <property name="jdk.debug" value="release"/>
    <property name="surefire.test.class.path" value="/Users/rvdploeg_hu/Software/jchempaint/core/target/test-classes:/Users/rvdploeg_hu/Software/jchempaint/core/target/classes:/Users/rvdploeg_hu/.m2/repository/junit/junit/4.13.1/junit-4.13.1.jar:/Users/rvdploeg_hu/.m2/repository/org/hamcrest/hamcrest-core/1.3/hamcrest-core-1.3.jar:/Users/rvdploeg_hu/.m2/repository/org/easytesting/fest-assert/1.2/fest-assert-1.2.jar:/Users/rvdploeg_hu/.m2/repository/org/easytesting/fest-util/1.1/fest-util-1.1.jar:/Users/rvdploeg_hu/.m2/repository/org/easytesting/fest-reflect/1.2/fest-reflect-1.2.jar:/Users/rvdploeg_hu/.m2/repository/org/easytesting/fest-swing/1.2/fest-swing-1.2.jar:/Users/rvdploeg_hu/.m2/repository/net/jcip/jcip-annotations/1.0/jcip-annotations-1.0.jar:/Users/rvdploeg_hu/.m2/repository/commons-cli/commons-cli/1.2/commons-cli-1.2.jar:/Users/rvdploeg_hu/.m2/repository/org/openscience/cdk/cdk-annotation/2.9/cdk-annotation-2.9.jar:/Users/rvdploeg_hu/.m2/repository/org/openscience/cdk/cdk-atomtype/2.9/cdk-atomtype-2.9.jar:/Users/rvdploeg_hu/.m2/repository/org/openscience/cdk/cdk-core/2.9/cdk-core-2.9.jar:/Users/rvdploeg_hu/.m2/repository/javax/vecmath/vecmath/1.5.2/vecmath-1.5.2.jar:/Users/rvdploeg_hu/.m2/repository/org/openscience/cdk/cdk-data/2.9/cdk-data-2.9.jar:/Users/rvdploeg_hu/.m2/repository/org/openscience/cdk/cdk-dict/2.9/cdk-dict-2.9.jar:/Users/rvdploeg_hu/.m2/repository/xom/xom/1.3.9/xom-1.3.9.jar:/Users/rvdploeg_hu/.m2/repository/org/openscience/cdk/cdk-formula/2.9/cdk-formula-2.9.jar:/Users/rvdploeg_hu/.m2/repository/org/openscience/cdk/cdk-render/2.9/cdk-render-2.9.jar:/Users/rvdploeg_hu/.m2/repository/org/openscience/cdk/cdk-renderbasic/2.9/cdk-renderbasic-2.9.jar:/Users/rvdploeg_hu/.m2/repository/org/openscience/cdk/cdk-renderextra/2.9/cdk-renderextra-2.9.jar:/Users/rvdploeg_hu/.m2/repository/org/openscience/cdk/cdk-interfaces/2.9/cdk-interfaces-2.9.jar:/Users/rvdploeg_hu/.m2/repository/org/openscience/cdk/cdk-ioformats/2.9/cdk-ioformats-2.9.jar:/Users/rvdploeg_hu/.m2/repository/org/openscience/cdk/cdk-io/2.9/cdk-io-2.9.jar:/Users/rvdploeg_hu/.m2/repository/org/openscience/cdk/cdk-libiocml/2.9/cdk-libiocml-2.9.jar:/Users/rvdploeg_hu/.m2/repository/org/blueobelisk/cmlxom/4.5/cmlxom-4.5.jar:/Users/rvdploeg_hu/.m2/repository/org/blueobelisk/euclid/2.5/euclid-2.5.jar:/Users/rvdploeg_hu/.m2/repository/org/apache/logging/log4j/log4j-core/2.20.0/log4j-core-2.20.0.jar:/Users/rvdploeg_hu/.m2/repository/org/apache/commons/commons-lang3/3.12.0/commons-lang3-3.12.0.jar:/Users/rvdploeg_hu/.m2/repository/org/apache/commons/commons-math/2.2/commons-math-2.2.jar:/Users/rvdploeg_hu/.m2/repository/joda-time/joda-time/2.12.5/joda-time-2.12.5.jar:/Users/rvdploeg_hu/.m2/repository/commons-io/commons-io/2.11.0/commons-io-2.11.0.jar:/Users/rvdploeg_hu/.m2/repository/org/apache/logging/log4j/log4j-1.2-api/2.20.0/log4j-1.2-api-2.20.0.jar:/Users/rvdploeg_hu/.m2/repository/org/apache/logging/log4j/log4j-api/2.20.0/log4j-api-2.20.0.jar:/Users/rvdploeg_hu/.m2/repository/org/ccil/cowan/tagsoup/tagsoup/1.2.1/tagsoup-1.2.1.jar:/Users/rvdploeg_hu/.m2/repository/xml-apis/xml-apis/1.0.b2/xml-apis-1.0.b2.jar:/Users/rvdploeg_hu/.m2/repository/org/openscience/cdk/cdk-ctab/2.9/cdk-ctab-2.9.jar:/Users/rvdploeg_hu/.m2/repository/org/openscience/cdk/cdk-isomorphism/2.9/cdk-isomorphism-2.9.jar:/Users/rvdploeg_hu/.m2/repository/org/openscience/cdk/cdk-reaction/2.9/cdk-reaction-2.9.jar:/Users/rvdploeg_hu/.m2/repository/org/openscience/cdk/cdk-sdg/2.9/cdk-sdg-2.9.jar:/Users/rvdploeg_hu/.m2/repository/org/openscience/cdk/cdk-smiles/2.9/cdk-smiles-2.9.jar:/Users/rvdploeg_hu/.m2/repository/uk/ac/ebi/beam/beam-core/1.3.5/beam-core-1.3.5.jar:/Users/rvdploeg_hu/.m2/repository/uk/ac/ebi/beam/beam-func/1.3.5/beam-func-1.3.5.jar:/Users/rvdploeg_hu/.m2/repository/org/openscience/cdk/cdk-standard/2.9/cdk-standard-2.9.jar:/Users/rvdploeg_hu/.m2/repository/org/openscience/cdk/cdk-valencycheck/2.9/cdk-valencycheck-2.9.jar:/Users/rvdploeg_hu/.m2/repository/org/openscience/cdk/cdk-extra/2.9/cdk-extra-2.9.jar:/Users/rvdploeg_hu/.m2/repository/gov/nist/math/jama/1.0.3/jama-1.0.3.jar:/Users/rvdploeg_hu/.m2/repository/org/openscience/cdk/cdk-legacy/2.9/cdk-legacy-2.9.jar:/Users/rvdploeg_hu/.m2/repository/org/openscience/cdk/cdk-smarts/2.9/cdk-smarts-2.9.jar:/Users/rvdploeg_hu/.m2/repository/jgrapht/jgrapht/0.6.0/jgrapht-0.6.0.jar:/Users/rvdploeg_hu/.m2/repository/org/openscience/cdk/cdk-signature/2.9/cdk-signature-2.9.jar:/Users/rvdploeg_hu/.m2/repository/com/github/gilleain/signatures/signatures/1.1/signatures-1.1.jar:/Users/rvdploeg_hu/.m2/repository/org/openscience/cdk/cdk-charges/2.9/cdk-charges-2.9.jar:/Users/rvdploeg_hu/.m2/repository/org/openscience/cdk/cdk-qsar/2.9/cdk-qsar-2.9.jar:/Users/rvdploeg_hu/Software/jchempaint/inchi/target/jchempaint-inchi-3.4-SNAPSHOT.jar:/Users/rvdploeg_hu/Software/jchempaint/render/target/jchempaint-render-3.4-SNAPSHOT.jar:"/>
    <property name="sun.cpu.endian" value="little"/>
    <property name="user.home" value="/Users/rvdploeg_hu"/>
    <property name="user.language" value="nl"/>
    <property name="java.specification.vendor" value="Oracle Corporation"/>
    <property name="java.version.date" value="2024-10-15"/>
    <property name="java.home" value="/opt/homebrew/Cellar/openjdk/23.0.1/libexec/openjdk.jdk/Contents/Home"/>
    <property name="file.separator" value="/"/>
    <property name="basedir" value="/Users/rvdploeg_hu/Software/jchempaint/core"/>
    <property name="java.vm.compressedOopsMode" value="Zero based"/>
    <property name="line.separator" value="&#10;"/>
    <property name="java.vm.specification.vendor" value="Oracle Corporation"/>
    <property name="java.specification.name" value="Java Platform API Specification"/>
    <property name="apple.awt.application.name" value="ForkedBooter"/>
    <property name="surefire.real.class.path" value="/Users/rvdploeg_hu/Software/jchempaint/core/target/surefire/surefirebooter-20241213093241852_3.jar"/>
    <property name="sun.management.compiler" value="HotSpot 64-Bit Tiered Compilers"/>
    <property name="ftp.nonProxyHosts" value="local|*.local|169.254/16|*.169.254/16"/>
    <property name="java.runtime.version" value="23.0.1"/>
    <property name="user.name" value="rvdploeg_hu"/>
    <property name="stdout.encoding" value="UTF-8"/>
    <property name="path.separator" value=":"/>
    <property name="os.version" value="15.1.1"/>
    <property name="java.runtime.name" value="OpenJDK Runtime Environment"/>
    <property name="file.encoding" value="UTF-8"/>
    <property name="java.vm.name" value="OpenJDK 64-Bit Server VM"/>
    <property name="java.vendor.version" value="Homebrew"/>
    <property name="localRepository" value="/Users/rvdploeg_hu/.m2/repository"/>
    <property name="java.vendor.url.bug" value="https://github.com/Homebrew/homebrew-core/issues"/>
    <property name="java.io.tmpdir" value="/var/folders/15/w987lsvj33ngq_53y3hk4mw00000gp/T/"/>
    <property name="java.version" value="23.0.1"/>
    <property name="user.dir" value="/Users/rvdploeg_hu/Software/jchempaint/core"/>
    <property name="os.arch" value="aarch64"/>
    <property name="java.vm.specification.name" value="Java Virtual Machine Specification"/>
    <property name="native.encoding" value="UTF-8"/>
    <property name="java.library.path" value="/Users/rvdploeg_hu/Library/Java/Extensions:/Library/Java/Extensions:/Network/Library/Java/Extensions:/System/Library/Java/Extensions:/usr/lib/java:."/>
    <property name="java.vm.info" value="mixed mode, sharing"/>
    <property name="stderr.encoding" value="UTF-8"/>
    <property name="java.vendor" value="Homebrew"/>
    <property name="java.vm.version" value="23.0.1"/>
    <property name="sun.io.unicode.encoding" value="UnicodeBig"/>
    <property name="socksNonProxyHosts" value="local|*.local|169.254/16|*.169.254/16"/>
    <property name="java.class.version" value="67.0"/>
  </properties>
  <testcase name="testMenuIsotopeMajorPlusOne" classname="org.openscience.jchempaint.MenuIsotopeTest" time="30.756">
    <error message="Clicking on menu item &lt;javax.swing.JMenu[name=&apos;atomMenu&apos;, text=&apos;Atom&apos;, selected=false, enabled=true, visible=true, showing=true]&gt; never showed a pop-up menu" type="org.fest.swing.exception.ActionFailedException"><![CDATA[org.fest.swing.exception.ActionFailedException: Clicking on menu item <javax.swing.JMenu[name='atomMenu', text='Atom', selected=false, enabled=true, visible=true, showing=true]> never showed a pop-up menu
	at org.fest.swing.exception.ActionFailedException.actionFailure(ActionFailedException.java:33)
	at org.fest.swing.driver.JMenuItemDriver.ensurePopupIsShowing(JMenuItemDriver.java:137)
	at org.fest.swing.driver.JMenuItemDriver.click(JMenuItemDriver.java:73)
	at org.fest.swing.driver.JMenuItemDriver.activateParentIfIsAMenu(JMenuItemDriver.java:97)
	at org.fest.swing.driver.JMenuItemDriver.show(JMenuItemDriver.java:79)
	at org.fest.swing.driver.JMenuItemDriver.click(JMenuItemDriver.java:71)
	at org.fest.swing.fixture.JMenuItemFixture.click(JMenuItemFixture.java:84)
	at org.openscience.jchempaint.MenuIsotopeTest.genericIsotopeTest(MenuIsotopeTest.java:42)
	at org.openscience.jchempaint.MenuIsotopeTest.testMenuIsotopeMajorPlusOne(MenuIsotopeTest.java:24)
	at java.base/jdk.internal.reflect.DirectMethodHandleAccessor.invoke(DirectMethodHandleAccessor.java:103)
	at java.base/java.lang.reflect.Method.invoke(Method.java:580)
	at org.junit.runners.model.FrameworkMethod$1.runReflectiveCall(FrameworkMethod.java:59)
	at org.junit.internal.runners.model.ReflectiveCallable.run(ReflectiveCallable.java:12)
	at org.junit.runners.model.FrameworkMethod.invokeExplosively(FrameworkMethod.java:56)
	at org.junit.internal.runners.statements.InvokeMethod.evaluate(InvokeMethod.java:17)
	at org.junit.runners.ParentRunner$3.evaluate(ParentRunner.java:306)
	at org.junit.runners.BlockJUnit4ClassRunner$1.evaluate(BlockJUnit4ClassRunner.java:100)
	at org.junit.runners.ParentRunner.runLeaf(ParentRunner.java:366)
	at org.junit.runners.BlockJUnit4ClassRunner.runChild(BlockJUnit4ClassRunner.java:103)
	at org.junit.runners.BlockJUnit4ClassRunner.runChild(BlockJUnit4ClassRunner.java:63)
	at org.junit.runners.ParentRunner$4.run(ParentRunner.java:331)
	at org.junit.runners.ParentRunner$1.schedule(ParentRunner.java:79)
	at org.junit.runners.ParentRunner.runChildren(ParentRunner.java:329)
	at org.junit.runners.ParentRunner.access$100(ParentRunner.java:66)
	at org.junit.runners.ParentRunner$2.evaluate(ParentRunner.java:293)
	at org.junit.internal.runners.statements.RunBefores.evaluate(RunBefores.java:26)
	at org.junit.internal.runners.statements.RunAfters.evaluate(RunAfters.java:27)
	at org.junit.runners.ParentRunner$3.evaluate(ParentRunner.java:306)
	at org.junit.runners.ParentRunner.run(ParentRunner.java:413)
	at org.apache.maven.surefire.junit4.JUnit4Provider.execute(JUnit4Provider.java:316)
	at org.apache.maven.surefire.junit4.JUnit4Provider.executeWithRerun(JUnit4Provider.java:240)
	at org.apache.maven.surefire.junit4.JUnit4Provider.executeTestSet(JUnit4Provider.java:214)
	at org.apache.maven.surefire.junit4.JUnit4Provider.invoke(JUnit4Provider.java:155)
	at org.apache.maven.surefire.booter.ForkedBooter.runSuitesInProcess(ForkedBooter.java:385)
	at org.apache.maven.surefire.booter.ForkedBooter.execute(ForkedBooter.java:162)
	at org.apache.maven.surefire.booter.ForkedBooter.run(ForkedBooter.java:507)
	at org.apache.maven.surefire.booter.ForkedBooter.main(ForkedBooter.java:495)
]]></error>
    <system-out><![CDATA[action iz setRoot
]]></system-out>
    <system-err><![CDATA[org.openscience.jchempaint.GT ERROR: GT could not find the class app.i18n.Messages_nl
org.openscience.jchempaint.GT ERROR: GT could not find the class app.i18n.Messages_nl
org.openscience.jchempaint.JCPPropertyHandler ERROR: Could not find resource: Can't find resource for bundle java.util.PropertyResourceBundle, key newDisabledImage
org.openscience.jchempaint.JCPPropertyHandler ERROR: ResourceString is null for: newDisabledImage
org.openscience.jchempaint.JCPPropertyHandler ERROR: Could not find resource: Can't find resource for bundle java.util.PropertyResourceBundle, key openDisabledImage
org.openscience.jchempaint.JCPPropertyHandler ERROR: ResourceString is null for: openDisabledImage
org.openscience.jchempaint.JCPPropertyHandler ERROR: Could not find resource: Can't find resource for bundle java.util.PropertyResourceBundle, key saveDisabledImage
org.openscience.jchempaint.JCPPropertyHandler ERROR: ResourceString is null for: saveDisabledImage
org.openscience.jchempaint.JCPPropertyHandler ERROR: Could not find resource: Can't find resource for bundle java.util.PropertyResourceBundle, key saveAsImage
org.openscience.jchempaint.JCPPropertyHandler ERROR: ResourceString is null for: saveAsImage
org.openscience.jchempaint.JCPPropertyHandler ERROR: Could not find resource: Can't find resource for bundle java.util.PropertyResourceBundle, key exportImage
org.openscience.jchempaint.JCPPropertyHandler ERROR: ResourceString is null for: exportImage
org.openscience.jchempaint.JCPPropertyHandler ERROR: Could not find resource: Can't find resource for bundle java.util.PropertyResourceBundle, key printDisabledImage
org.openscience.jchempaint.JCPPropertyHandler ERROR: ResourceString is null for: printDisabledImage
org.openscience.jchempaint.JCPPropertyHandler ERROR: Could not find resource: Can't find resource for bundle java.util.PropertyResourceBundle, key cutDisabledImage
org.openscience.jchempaint.JCPPropertyHandler ERROR: ResourceString is null for: cutDisabledImage
org.openscience.jchempaint.JCPPropertyHandler ERROR: Could not find resource: Can't find resource for bundle java.util.PropertyResourceBundle, key copyDisabledImage
org.openscience.jchempaint.JCPPropertyHandler ERROR: ResourceString is null for: copyDisabledImage
org.openscience.jchempaint.JCPPropertyHandler ERROR: Could not find resource: Can't find resource for bundle java.util.PropertyResourceBundle, key copyAsSmilesImage
org.openscience.jchempaint.JCPPropertyHandler ERROR: ResourceString is null for: copyAsSmilesImage
org.openscience.jchempaint.JCPPropertyHandler ERROR: Could not find resource: Can't find resource for bundle java.util.PropertyResourceBundle, key pasteDisabledImage
org.openscience.jchempaint.JCPPropertyHandler ERROR: ResourceString is null for: pasteDisabledImage
org.openscience.jchempaint.JCPPropertyHandler ERROR: Could not find resource: Can't find resource for bundle java.util.PropertyResourceBundle, key eraserDisabledImage
org.openscience.jchempaint.JCPPropertyHandler ERROR: ResourceString is null for: eraserDisabledImage
org.openscience.jchempaint.JCPPropertyHandler ERROR: Could not find resource: Can't find resource for bundle java.util.PropertyResourceBundle, key selectAllImage
org.openscience.jchempaint.JCPPropertyHandler ERROR: ResourceString is null for: selectAllImage
org.openscience.jchempaint.JCPPropertyHandler ERROR: Could not find resource: Can't find resource for bundle java.util.PropertyResourceBundle, key optionsImage
org.openscience.jchempaint.JCPPropertyHandler ERROR: ResourceString is null for: optionsImage
org.openscience.jchempaint.JCPPropertyHandler ERROR: Could not find resource: Can't find resource for bundle java.util.PropertyResourceBundle, key zoominDisabledImage
org.openscience.jchempaint.JCPPropertyHandler ERROR: ResourceString is null for: zoominDisabledImage
org.openscience.jchempaint.JCPPropertyHandler ERROR: Could not find resource: Can't find resource for bundle java.util.PropertyResourceBundle, key zoomoutDisabledImage
org.openscience.jchempaint.JCPPropertyHandler ERROR: ResourceString is null for: zoomoutDisabledImage
org.openscience.jchempaint.JCPPropertyHandler ERROR: Could not find resource: Can't find resource for bundle java.util.PropertyResourceBundle, key zoomoriginalImage
org.openscience.jchempaint.JCPPropertyHandler ERROR: ResourceString is null for: zoomoriginalImage
org.openscience.jchempaint.JCPPropertyHandler ERROR: Could not find resource: Can't find resource for bundle java.util.PropertyResourceBundle, key cleanupDisabledImage
org.openscience.jchempaint.JCPPropertyHandler ERROR: ResourceString is null for: cleanupDisabledImage
org.openscience.jchempaint.JCPPropertyHandler ERROR: Could not find resource: Can't find resource for bundle java.util.PropertyResourceBundle, key flipHorizontalDisabledImage
org.openscience.jchempaint.JCPPropertyHandler ERROR: ResourceString is null for: flipHorizontalDisabledImage
org.openscience.jchempaint.JCPPropertyHandler ERROR: Could not find resource: Can't find resource for bundle java.util.PropertyResourceBundle, key flipVerticalDisabledImage
org.openscience.jchempaint.JCPPropertyHandler ERROR: ResourceString is null for: flipVerticalDisabledImage
org.openscience.jchempaint.JCPPropertyHandler ERROR: Could not find resource: Can't find resource for bundle java.util.PropertyResourceBundle, key hydroonImage
org.openscience.jchempaint.JCPPropertyHandler ERROR: ResourceString is null for: hydroonImage
org.openscience.jchempaint.JCPPropertyHandler ERROR: Could not find resource: Can't find resource for bundle java.util.PropertyResourceBundle, key hydrooffImage
org.openscience.jchempaint.JCPPropertyHandler ERROR: ResourceString is null for: hydrooffImage
org.openscience.jchempaint.JCPPropertyHandler ERROR: Could not find resource: Can't find resource for bundle java.util.PropertyResourceBundle, key plusDisabledImage
org.openscience.jchempaint.JCPPropertyHandler ERROR: ResourceString is null for: plusDisabledImage
org.openscience.jchempaint.JCPPropertyHandler ERROR: Could not find resource: Can't find resource for bundle java.util.PropertyResourceBundle, key minusDisabledImage
org.openscience.jchempaint.JCPPropertyHandler ERROR: ResourceString is null for: minusDisabledImage
org.openscience.jchempaint.JCPPropertyHandler ERROR: Could not find resource: Can't find resource for bundle java.util.PropertyResourceBundle, key hydroonImage
org.openscience.jchempaint.JCPPropertyHandler ERROR: ResourceString is null for: hydroonImage
org.openscience.jchempaint.JCPPropertyHandler ERROR: Could not find resource: Can't find resource for bundle java.util.PropertyResourceBundle, key hydrooffImage
org.openscience.jchempaint.JCPPropertyHandler ERROR: ResourceString is null for: hydrooffImage
org.openscience.jchempaint.JCPPropertyHandler ERROR: Could not find resource: Can't find resource for bundle java.util.PropertyResourceBundle, key majorPlusThreeImage
org.openscience.jchempaint.JCPPropertyHandler ERROR: ResourceString is null for: majorPlusThreeImage
org.openscience.jchempaint.JCPPropertyHandler ERROR: Could not find resource: Can't find resource for bundle java.util.PropertyResourceBundle, key majorPlusTwoImage
org.openscience.jchempaint.JCPPropertyHandler ERROR: ResourceString is null for: majorPlusTwoImage
org.openscience.jchempaint.JCPPropertyHandler ERROR: Could not find resource: Can't find resource for bundle java.util.PropertyResourceBundle, key majorPlusOneImage
org.openscience.jchempaint.JCPPropertyHandler ERROR: ResourceString is null for: majorPlusOneImage
org.openscience.jchempaint.JCPPropertyHandler ERROR: Could not find resource: Can't find resource for bundle java.util.PropertyResourceBundle, key majorImage
org.openscience.jchempaint.JCPPropertyHandler ERROR: ResourceString is null for: majorImage
org.openscience.jchempaint.JCPPropertyHandler ERROR: Could not find resource: Can't find resource for bundle java.util.PropertyResourceBundle, key majorMinusOneImage
org.openscience.jchempaint.JCPPropertyHandler ERROR: ResourceString is null for: majorMinusOneImage
org.openscience.jchempaint.JCPPropertyHandler ERROR: Could not find resource: Can't find resource for bundle java.util.PropertyResourceBundle, key majorMinusTwoImage
org.openscience.jchempaint.JCPPropertyHandler ERROR: ResourceString is null for: majorMinusTwoImage
org.openscience.jchempaint.JCPPropertyHandler ERROR: Could not find resource: Can't find resource for bundle java.util.PropertyResourceBundle, key majorMinusThreeImage
org.openscience.jchempaint.JCPPropertyHandler ERROR: ResourceString is null for: majorMinusThreeImage
org.openscience.jchempaint.JCPPropertyHandler ERROR: Could not find resource: Can't find resource for bundle java.util.PropertyResourceBundle, key convertToRadicalImage
org.openscience.jchempaint.JCPPropertyHandler ERROR: ResourceString is null for: convertToRadicalImage
org.openscience.jchempaint.JCPPropertyHandler ERROR: Could not find resource: Can't find resource for bundle java.util.PropertyResourceBundle, key convertFromRadicalImage
org.openscience.jchempaint.JCPPropertyHandler ERROR: ResourceString is null for: convertFromRadicalImage
org.openscience.jchempaint.JCPPropertyHandler ERROR: Could not find resource: Can't find resource for bundle java.util.PropertyResourceBundle, key pseudoRImage
org.openscience.jchempaint.JCPPropertyHandler ERROR: ResourceString is null for: pseudoRImage
org.openscience.jchempaint.JCPPropertyHandler ERROR: Could not find resource: Can't find resource for bundle java.util.PropertyResourceBundle, key pseudoR1Image
org.openscience.jchempaint.JCPPropertyHandler ERROR: ResourceString is null for: pseudoR1Image
org.openscience.jchempaint.JCPPropertyHandler ERROR: Could not find resource: Can't find resource for bundle java.util.PropertyResourceBundle, key pseudoR2Image
org.openscience.jchempaint.JCPPropertyHandler ERROR: ResourceString is null for: pseudoR2Image
org.openscience.jchempaint.JCPPropertyHandler ERROR: Could not find resource: Can't find resource for bundle java.util.PropertyResourceBundle, key pseudoR3Image
org.openscience.jchempaint.JCPPropertyHandler ERROR: ResourceString is null for: pseudoR3Image
org.openscience.jchempaint.JCPPropertyHandler ERROR: Could not find resource: Can't find resource for bundle java.util.PropertyResourceBundle, key pseudoR4Image
org.openscience.jchempaint.JCPPropertyHandler ERROR: ResourceString is null for: pseudoR4Image
org.openscience.jchempaint.JCPPropertyHandler ERROR: Could not find resource: Can't find resource for bundle java.util.PropertyResourceBundle, key pseudoRXImage
org.openscience.jchempaint.JCPPropertyHandler ERROR: ResourceString is null for: pseudoRXImage
org.openscience.jchempaint.JCPPropertyHandler ERROR: Could not find resource: Can't find resource for bundle java.util.PropertyResourceBundle, key pseudoStarImage
org.openscience.jchempaint.JCPPropertyHandler ERROR: ResourceString is null for: pseudoStarImage
org.openscience.jchempaint.JCPPropertyHandler ERROR: Could not find resource: Can't find resource for bundle java.util.PropertyResourceBundle, key valenceOffImage
org.openscience.jchempaint.JCPPropertyHandler ERROR: ResourceString is null for: valenceOffImage
org.openscience.jchempaint.JCPPropertyHandler ERROR: Could not find resource: Can't find resource for bundle java.util.PropertyResourceBundle, key valence1Image
org.openscience.jchempaint.JCPPropertyHandler ERROR: ResourceString is null for: valence1Image
org.openscience.jchempaint.JCPPropertyHandler ERROR: Could not find resource: Can't find resource for bundle java.util.PropertyResourceBundle, key valence2Image
org.openscience.jchempaint.JCPPropertyHandler ERROR: ResourceString is null for: valence2Image
org.openscience.jchempaint.JCPPropertyHandler ERROR: Could not find resource: Can't find resource for bundle java.util.PropertyResourceBundle, key valence3Image
org.openscience.jchempaint.JCPPropertyHandler ERROR: ResourceString is null for: valence3Image
org.openscience.jchempaint.JCPPropertyHandler ERROR: Could not find resource: Can't find resource for bundle java.util.PropertyResourceBundle, key valence4Image
org.openscience.jchempaint.JCPPropertyHandler ERROR: ResourceString is null for: valence4Image
org.openscience.jchempaint.JCPPropertyHandler ERROR: Could not find resource: Can't find resource for bundle java.util.PropertyResourceBundle, key valence5Image
org.openscience.jchempaint.JCPPropertyHandler ERROR: ResourceString is null for: valence5Image
org.openscience.jchempaint.JCPPropertyHandler ERROR: Could not find resource: Can't find resource for bundle java.util.PropertyResourceBundle, key valence6Image
org.openscience.jchempaint.JCPPropertyHandler ERROR: ResourceString is null for: valence6Image
org.openscience.jchempaint.JCPPropertyHandler ERROR: Could not find resource: Can't find resource for bundle java.util.PropertyResourceBundle, key valence7Image
org.openscience.jchempaint.JCPPropertyHandler ERROR: ResourceString is null for: valence7Image
org.openscience.jchempaint.JCPPropertyHandler ERROR: Could not find resource: Can't find resource for bundle java.util.PropertyResourceBundle, key valence8Image
org.openscience.jchempaint.JCPPropertyHandler ERROR: ResourceString is null for: valence8Image
org.openscience.jchempaint.JCPPropertyHandler ERROR: Could not find resource: Can't find resource for bundle java.util.PropertyResourceBundle, key periodictableDisabledImage
org.openscience.jchempaint.JCPPropertyHandler ERROR: ResourceString is null for: periodictableDisabledImage
org.openscience.jchempaint.JCPPropertyHandler ERROR: Could not find resource: Can't find resource for bundle java.util.PropertyResourceBundle, key enterelementDisabledImage
org.openscience.jchempaint.JCPPropertyHandler ERROR: ResourceString is null for: enterelementDisabledImage
org.openscience.jchempaint.JCPPropertyHandler ERROR: Could not find resource: Can't find resource for bundle java.util.PropertyResourceBundle, key symbolHImage
org.openscience.jchempaint.JCPPropertyHandler ERROR: ResourceString is null for: symbolHImage
org.openscience.jchempaint.JCPPropertyHandler ERROR: Could not find resource: Can't find resource for bundle java.util.PropertyResourceBundle, key symbolCImage
org.openscience.jchempaint.JCPPropertyHandler ERROR: ResourceString is null for: symbolCImage
org.openscience.jchempaint.JCPPropertyHandler ERROR: Could not find resource: Can't find resource for bundle java.util.PropertyResourceBundle, key symbolNImage
org.openscience.jchempaint.JCPPropertyHandler ERROR: ResourceString is null for: symbolNImage
org.openscience.jchempaint.JCPPropertyHandler ERROR: Could not find resource: Can't find resource for bundle java.util.PropertyResourceBundle, key symbolOImage
org.openscience.jchempaint.JCPPropertyHandler ERROR: ResourceString is null for: symbolOImage
org.openscience.jchempaint.JCPPropertyHandler ERROR: Could not find resource: Can't find resource for bundle java.util.PropertyResourceBundle, key symbolSImage
org.openscience.jchempaint.JCPPropertyHandler ERROR: ResourceString is null for: symbolSImage
org.openscience.jchempaint.JCPPropertyHandler ERROR: Could not find resource: Can't find resource for bundle java.util.PropertyResourceBundle, key symbolFImage
org.openscience.jchempaint.JCPPropertyHandler ERROR: ResourceString is null for: symbolFImage
org.openscience.jchempaint.JCPPropertyHandler ERROR: Could not find resource: Can't find resource for bundle java.util.PropertyResourceBundle, key symbolPImage
org.openscience.jchempaint.JCPPropertyHandler ERROR: ResourceString is null for: symbolPImage
org.openscience.jchempaint.JCPPropertyHandler ERROR: Could not find resource: Can't find resource for bundle java.util.PropertyResourceBundle, key symbolClImage
org.openscience.jchempaint.JCPPropertyHandler ERROR: ResourceString is null for: symbolClImage
org.openscience.jchempaint.JCPPropertyHandler ERROR: Could not find resource: Can't find resource for bundle java.util.PropertyResourceBundle, key symbolBrImage
org.openscience.jchempaint.JCPPropertyHandler ERROR: ResourceString is null for: symbolBrImage
org.openscience.jchempaint.JCPPropertyHandler ERROR: Could not find resource: Can't find resource for bundle java.util.PropertyResourceBundle, key symbolIImage
org.openscience.jchempaint.JCPPropertyHandler ERROR: ResourceString is null for: symbolIImage
org.openscience.jchempaint.JCPPropertyHandler ERROR: Could not find resource: Can't find resource for bundle java.util.PropertyResourceBundle, key symbolLiImage
org.openscience.jchempaint.JCPPropertyHandler ERROR: ResourceString is null for: symbolLiImage
org.openscience.jchempaint.JCPPropertyHandler ERROR: Could not find resource: Can't find resource for bundle java.util.PropertyResourceBundle, key symbolNaImage
org.openscience.jchempaint.JCPPropertyHandler ERROR: ResourceString is null for: symbolNaImage
org.openscience.jchempaint.JCPPropertyHandler ERROR: Could not find resource: Can't find resource for bundle java.util.PropertyResourceBundle, key symbolKImage
org.openscience.jchempaint.JCPPropertyHandler ERROR: ResourceString is null for: symbolKImage
org.openscience.jchempaint.JCPPropertyHandler ERROR: Could not find resource: Can't find resource for bundle java.util.PropertyResourceBundle, key symbolRbImage
org.openscience.jchempaint.JCPPropertyHandler ERROR: ResourceString is null for: symbolRbImage
org.openscience.jchempaint.JCPPropertyHandler ERROR: Could not find resource: Can't find resource for bundle java.util.PropertyResourceBundle, key symbolCsImage
org.openscience.jchempaint.JCPPropertyHandler ERROR: ResourceString is null for: symbolCsImage
org.openscience.jchempaint.JCPPropertyHandler ERROR: Could not find resource: Can't find resource for bundle java.util.PropertyResourceBundle, key symbolFrImage
org.openscience.jchempaint.JCPPropertyHandler ERROR: ResourceString is null for: symbolFrImage
org.openscience.jchempaint.JCPPropertyHandler ERROR: Could not find resource: Can't find resource for bundle java.util.PropertyResourceBundle, key symbolBeImage
org.openscience.jchempaint.JCPPropertyHandler ERROR: ResourceString is null for: symbolBeImage
org.openscience.jchempaint.JCPPropertyHandler ERROR: Could not find resource: Can't find resource for bundle java.util.PropertyResourceBundle, key symbolMgImage
org.openscience.jchempaint.JCPPropertyHandler ERROR: ResourceString is null for: symbolMgImage
org.openscience.jchempaint.JCPPropertyHandler ERROR: Could not find resource: Can't find resource for bundle java.util.PropertyResourceBundle, key symbolCaImage
org.openscience.jchempaint.JCPPropertyHandler ERROR: ResourceString is null for: symbolCaImage
org.openscience.jchempaint.JCPPropertyHandler ERROR: Could not find resource: Can't find resource for bundle java.util.PropertyResourceBundle, key symbolSrImage
org.openscience.jchempaint.JCPPropertyHandler ERROR: ResourceString is null for: symbolSrImage
org.openscience.jchempaint.JCPPropertyHandler ERROR: Could not find resource: Can't find resource for bundle java.util.PropertyResourceBundle, key symbolBaImage
org.openscience.jchempaint.JCPPropertyHandler ERROR: ResourceString is null for: symbolBaImage
org.openscience.jchempaint.JCPPropertyHandler ERROR: Could not find resource: Can't find resource for bundle java.util.PropertyResourceBundle, key symbolRaImage
org.openscience.jchempaint.JCPPropertyHandler ERROR: ResourceString is null for: symbolRaImage
org.openscience.jchempaint.JCPPropertyHandler ERROR: Could not find resource: Can't find resource for bundle java.util.PropertyResourceBundle, key symbolScImage
org.openscience.jchempaint.JCPPropertyHandler ERROR: ResourceString is null for: symbolScImage
org.openscience.jchempaint.JCPPropertyHandler ERROR: Could not find resource: Can't find resource for bundle java.util.PropertyResourceBundle, key symbolTiImage
org.openscience.jchempaint.JCPPropertyHandler ERROR: ResourceString is null for: symbolTiImage
org.openscience.jchempaint.JCPPropertyHandler ERROR: Could not find resource: Can't find resource for bundle java.util.PropertyResourceBundle, key symbolVImage
org.openscience.jchempaint.JCPPropertyHandler ERROR: ResourceString is null for: symbolVImage
org.openscience.jchempaint.JCPPropertyHandler ERROR: Could not find resource: Can't find resource for bundle java.util.PropertyResourceBundle, key symbolCrImage
org.openscience.jchempaint.JCPPropertyHandler ERROR: ResourceString is null for: symbolCrImage
org.openscience.jchempaint.JCPPropertyHandler ERROR: Could not find resource: Can't find resource for bundle java.util.PropertyResourceBundle, key symbolMnImage
org.openscience.jchempaint.JCPPropertyHandler ERROR: ResourceString is null for: symbolMnImage
org.openscience.jchempaint.JCPPropertyHandler ERROR: Could not find resource: Can't find resource for bundle java.util.PropertyResourceBundle, key symbolFeImage
org.openscience.jchempaint.JCPPropertyHandler ERROR: ResourceString is null for: symbolFeImage
org.openscience.jchempaint.JCPPropertyHandler ERROR: Could not find resource: Can't find resource for bundle java.util.PropertyResourceBundle, key symbolCoImage
org.openscience.jchempaint.JCPPropertyHandler ERROR: ResourceString is null for: symbolCoImage
org.openscience.jchempaint.JCPPropertyHandler ERROR: Could not find resource: Can't find resource for bundle java.util.PropertyResourceBundle, key symbolNiImage
org.openscience.jchempaint.JCPPropertyHandler ERROR: ResourceString is null for: symbolNiImage
org.openscience.jchempaint.JCPPropertyHandler ERROR: Could not find resource: Can't find resource for bundle java.util.PropertyResourceBundle, key symbolCuImage
org.openscience.jchempaint.JCPPropertyHandler ERROR: ResourceString is null for: symbolCuImage
org.openscience.jchempaint.JCPPropertyHandler ERROR: Could not find resource: Can't find resource for bundle java.util.PropertyResourceBundle, key symbolZnImage
org.openscience.jchempaint.JCPPropertyHandler ERROR: ResourceString is null for: symbolZnImage
org.openscience.jchempaint.JCPPropertyHandler ERROR: Could not find resource: Can't find resource for bundle java.util.PropertyResourceBundle, key symbolYImage
org.openscience.jchempaint.JCPPropertyHandler ERROR: ResourceString is null for: symbolYImage
org.openscience.jchempaint.JCPPropertyHandler ERROR: Could not find resource: Can't find resource for bundle java.util.PropertyResourceBundle, key symbolZrImage
org.openscience.jchempaint.JCPPropertyHandler ERROR: ResourceString is null for: symbolZrImage
org.openscience.jchempaint.JCPPropertyHandler ERROR: Could not find resource: Can't find resource for bundle java.util.PropertyResourceBundle, key symbolNbImage
org.openscience.jchempaint.JCPPropertyHandler ERROR: ResourceString is null for: symbolNbImage
org.openscience.jchempaint.JCPPropertyHandler ERROR: Could not find resource: Can't find resource for bundle java.util.PropertyResourceBundle, key symbolMoImage
org.openscience.jchempaint.JCPPropertyHandler ERROR: ResourceString is null for: symbolMoImage
org.openscience.jchempaint.JCPPropertyHandler ERROR: Could not find resource: Can't find resource for bundle java.util.PropertyResourceBundle, key symbolTcImage
org.openscience.jchempaint.JCPPropertyHandler ERROR: ResourceString is null for: symbolTcImage
org.openscience.jchempaint.JCPPropertyHandler ERROR: Could not find resource: Can't find resource for bundle java.util.PropertyResourceBundle, key symbolRuImage
org.openscience.jchempaint.JCPPropertyHandler ERROR: ResourceString is null for: symbolRuImage
org.openscience.jchempaint.JCPPropertyHandler ERROR: Could not find resource: Can't find resource for bundle java.util.PropertyResourceBundle, key symbolRhImage
org.openscience.jchempaint.JCPPropertyHandler ERROR: ResourceString is null for: symbolRhImage
org.openscience.jchempaint.JCPPropertyHandler ERROR: Could not find resource: Can't find resource for bundle java.util.PropertyResourceBundle, key symbolPdImage
org.openscience.jchempaint.JCPPropertyHandler ERROR: ResourceString is null for: symbolPdImage
org.openscience.jchempaint.JCPPropertyHandler ERROR: Could not find resource: Can't find resource for bundle java.util.PropertyResourceBundle, key symbolAgImage
org.openscience.jchempaint.JCPPropertyHandler ERROR: ResourceString is null for: symbolAgImage
org.openscience.jchempaint.JCPPropertyHandler ERROR: Could not find resource: Can't find resource for bundle java.util.PropertyResourceBundle, key symbolCdImage
org.openscience.jchempaint.JCPPropertyHandler ERROR: ResourceString is null for: symbolCdImage
org.openscience.jchempaint.JCPPropertyHandler ERROR: Could not find resource: Can't find resource for bundle java.util.PropertyResourceBundle, key symbolHfImage
org.openscience.jchempaint.JCPPropertyHandler ERROR: ResourceString is null for: symbolHfImage
org.openscience.jchempaint.JCPPropertyHandler ERROR: Could not find resource: Can't find resource for bundle java.util.PropertyResourceBundle, key symbolTaImage
org.openscience.jchempaint.JCPPropertyHandler ERROR: ResourceString is null for: symbolTaImage
org.openscience.jchempaint.JCPPropertyHandler ERROR: Could not find resource: Can't find resource for bundle java.util.PropertyResourceBundle, key symbolWImage
org.openscience.jchempaint.JCPPropertyHandler ERROR: ResourceString is null for: symbolWImage
org.openscience.jchempaint.JCPPropertyHandler ERROR: Could not find resource: Can't find resource for bundle java.util.PropertyResourceBundle, key symbolReImage
org.openscience.jchempaint.JCPPropertyHandler ERROR: ResourceString is null for: symbolReImage
org.openscience.jchempaint.JCPPropertyHandler ERROR: Could not find resource: Can't find resource for bundle java.util.PropertyResourceBundle, key symbolOsImage
org.openscience.jchempaint.JCPPropertyHandler ERROR: ResourceString is null for: symbolOsImage
org.openscience.jchempaint.JCPPropertyHandler ERROR: Could not find resource: Can't find resource for bundle java.util.PropertyResourceBundle, key symbolIrImage
org.openscience.jchempaint.JCPPropertyHandler ERROR: ResourceString is null for: symbolIrImage
org.openscience.jchempaint.JCPPropertyHandler ERROR: Could not find resource: Can't find resource for bundle java.util.PropertyResourceBundle, key symbolPtImage
org.openscience.jchempaint.JCPPropertyHandler ERROR: ResourceString is null for: symbolPtImage
org.openscience.jchempaint.JCPPropertyHandler ERROR: Could not find resource: Can't find resource for bundle java.util.PropertyResourceBundle, key symbolAuImage
org.openscience.jchempaint.JCPPropertyHandler ERROR: ResourceString is null for: symbolAuImage
org.openscience.jchempaint.JCPPropertyHandler ERROR: Could not find resource: Can't find resource for bundle java.util.PropertyResourceBundle, key symbolHgImage
org.openscience.jchempaint.JCPPropertyHandler ERROR: ResourceString is null for: symbolHgImage
org.openscience.jchempaint.JCPPropertyHandler ERROR: Could not find resource: Can't find resource for bundle java.util.PropertyResourceBundle, key symbolRfImage
org.openscience.jchempaint.JCPPropertyHandler ERROR: ResourceString is null for: symbolRfImage
org.openscience.jchempaint.JCPPropertyHandler ERROR: Could not find resource: Can't find resource for bundle java.util.PropertyResourceBundle, key symbolDbImage
org.openscience.jchempaint.JCPPropertyHandler ERROR: ResourceString is null for: symbolDbImage
org.openscience.jchempaint.JCPPropertyHandler ERROR: Could not find resource: Can't find resource for bundle java.util.PropertyResourceBundle, key symbolSgImage
org.openscience.jchempaint.JCPPropertyHandler ERROR: ResourceString is null for: symbolSgImage
org.openscience.jchempaint.JCPPropertyHandler ERROR: Could not find resource: Can't find resource for bundle java.util.PropertyResourceBundle, key symbolBhImage
org.openscience.jchempaint.JCPPropertyHandler ERROR: ResourceString is null for: symbolBhImage
org.openscience.jchempaint.JCPPropertyHandler ERROR: Could not find resource: Can't find resource for bundle java.util.PropertyResourceBundle, key symbolHsImage
org.openscience.jchempaint.JCPPropertyHandler ERROR: ResourceString is null for: symbolHsImage
org.openscience.jchempaint.JCPPropertyHandler ERROR: Could not find resource: Can't find resource for bundle java.util.PropertyResourceBundle, key symbolMtImage
org.openscience.jchempaint.JCPPropertyHandler ERROR: ResourceString is null for: symbolMtImage
org.openscience.jchempaint.JCPPropertyHandler ERROR: Could not find resource: Can't find resource for bundle java.util.PropertyResourceBundle, key symbolDsImage
org.openscience.jchempaint.JCPPropertyHandler ERROR: ResourceString is null for: symbolDsImage
org.openscience.jchempaint.JCPPropertyHandler ERROR: Could not find resource: Can't find resource for bundle java.util.PropertyResourceBundle, key symbolRgImage
org.openscience.jchempaint.JCPPropertyHandler ERROR: ResourceString is null for: symbolRgImage
org.openscience.jchempaint.JCPPropertyHandler ERROR: Could not find resource: Can't find resource for bundle java.util.PropertyResourceBundle, key symbolAlImage
org.openscience.jchempaint.JCPPropertyHandler ERROR: ResourceString is null for: symbolAlImage
org.openscience.jchempaint.JCPPropertyHandler ERROR: Could not find resource: Can't find resource for bundle java.util.PropertyResourceBundle, key symbolGaImage
org.openscience.jchempaint.JCPPropertyHandler ERROR: ResourceString is null for: symbolGaImage
org.openscience.jchempaint.JCPPropertyHandler ERROR: Could not find resource: Can't find resource for bundle java.util.PropertyResourceBundle, key symbolInImage
org.openscience.jchempaint.JCPPropertyHandler ERROR: ResourceString is null for: symbolInImage
org.openscience.jchempaint.JCPPropertyHandler ERROR: Could not find resource: Can't find resource for bundle java.util.PropertyResourceBundle, key symbolSnImage
org.openscience.jchempaint.JCPPropertyHandler ERROR: ResourceString is null for: symbolSnImage
org.openscience.jchempaint.JCPPropertyHandler ERROR: Could not find resource: Can't find resource for bundle java.util.PropertyResourceBundle, key symbolTlImage
org.openscience.jchempaint.JCPPropertyHandler ERROR: ResourceString is null for: symbolTlImage
org.openscience.jchempaint.JCPPropertyHandler ERROR: Could not find resource: Can't find resource for bundle java.util.PropertyResourceBundle, key symbolPbImage
org.openscience.jchempaint.JCPPropertyHandler ERROR: ResourceString is null for: symbolPbImage
org.openscience.jchempaint.JCPPropertyHandler ERROR: Could not find resource: Can't find resource for bundle java.util.PropertyResourceBundle, key symbolBiImage
org.openscience.jchempaint.JCPPropertyHandler ERROR: ResourceString is null for: symbolBiImage
org.openscience.jchempaint.JCPPropertyHandler ERROR: Could not find resource: Can't find resource for bundle java.util.PropertyResourceBundle, key symbolBImage
org.openscience.jchempaint.JCPPropertyHandler ERROR: ResourceString is null for: symbolBImage
org.openscience.jchempaint.JCPPropertyHandler ERROR: Could not find resource: Can't find resource for bundle java.util.PropertyResourceBundle, key symbolSiImage
org.openscience.jchempaint.JCPPropertyHandler ERROR: ResourceString is null for: symbolSiImage
org.openscience.jchempaint.JCPPropertyHandler ERROR: Could not find resource: Can't find resource for bundle java.util.PropertyResourceBundle, key symbolGeImage
org.openscience.jchempaint.JCPPropertyHandler ERROR: ResourceString is null for: symbolGeImage
org.openscience.jchempaint.JCPPropertyHandler ERROR: Could not find resource: Can't find resource for bundle java.util.PropertyResourceBundle, key symbolAsImage
org.openscience.jchempaint.JCPPropertyHandler ERROR: ResourceString is null for: symbolAsImage
org.openscience.jchempaint.JCPPropertyHandler ERROR: Could not find resource: Can't find resource for bundle java.util.PropertyResourceBundle, key symbolSbImage
org.openscience.jchempaint.JCPPropertyHandler ERROR: ResourceString is null for: symbolSbImage
org.openscience.jchempaint.JCPPropertyHandler ERROR: Could not find resource: Can't find resource for bundle java.util.PropertyResourceBundle, key symbolTeImage
org.openscience.jchempaint.JCPPropertyHandler ERROR: ResourceString is null for: symbolTeImage
org.openscience.jchempaint.JCPPropertyHandler ERROR: Could not find resource: Can't find resource for bundle java.util.PropertyResourceBundle, key symbolPoImage
org.openscience.jchempaint.JCPPropertyHandler ERROR: ResourceString is null for: symbolPoImage
org.openscience.jchempaint.JCPPropertyHandler ERROR: Could not find resource: Can't find resource for bundle java.util.PropertyResourceBundle, key symbolFImage
org.openscience.jchempaint.JCPPropertyHandler ERROR: ResourceString is null for: symbolFImage
org.openscience.jchempaint.JCPPropertyHandler ERROR: Could not find resource: Can't find resource for bundle java.util.PropertyResourceBundle, key symbolClImage
org.openscience.jchempaint.JCPPropertyHandler ERROR: ResourceString is null for: symbolClImage
org.openscience.jchempaint.JCPPropertyHandler ERROR: Could not find resource: Can't find resource for bundle java.util.PropertyResourceBundle, key symbolBrImage
org.openscience.jchempaint.JCPPropertyHandler ERROR: ResourceString is null for: symbolBrImage
org.openscience.jchempaint.JCPPropertyHandler ERROR: Could not find resource: Can't find resource for bundle java.util.PropertyResourceBundle, key symbolIImage
org.openscience.jchempaint.JCPPropertyHandler ERROR: ResourceString is null for: symbolIImage
org.openscience.jchempaint.JCPPropertyHandler ERROR: Could not find resource: Can't find resource for bundle java.util.PropertyResourceBundle, key symbolHeImage
org.openscience.jchempaint.JCPPropertyHandler ERROR: ResourceString is null for: symbolHeImage
org.openscience.jchempaint.JCPPropertyHandler ERROR: Could not find resource: Can't find resource for bundle java.util.PropertyResourceBundle, key symbolNeImage
org.openscience.jchempaint.JCPPropertyHandler ERROR: ResourceString is null for: symbolNeImage
org.openscience.jchempaint.JCPPropertyHandler ERROR: Could not find resource: Can't find resource for bundle java.util.PropertyResourceBundle, key symbolArImage
org.openscience.jchempaint.JCPPropertyHandler ERROR: ResourceString is null for: symbolArImage
org.openscience.jchempaint.JCPPropertyHandler ERROR: Could not find resource: Can't find resource for bundle java.util.PropertyResourceBundle, key bondDisabledImage
org.openscience.jchempaint.JCPPropertyHandler ERROR: ResourceString is null for: bondDisabledImage
org.openscience.jchempaint.JCPPropertyHandler ERROR: Could not find resource: Can't find resource for bundle java.util.PropertyResourceBundle, key double_bondDisabledImage
org.openscience.jchempaint.JCPPropertyHandler ERROR: ResourceString is null for: double_bondDisabledImage
org.openscience.jchempaint.JCPPropertyHandler ERROR: Could not find resource: Can't find resource for bundle java.util.PropertyResourceBundle, key triple_bondDisabledImage
org.openscience.jchempaint.JCPPropertyHandler ERROR: ResourceString is null for: triple_bondDisabledImage
org.openscience.jchempaint.JCPPropertyHandler ERROR: Could not find resource: Can't find resource for bundle java.util.PropertyResourceBundle, key quad_bondDisabledImage
org.openscience.jchempaint.JCPPropertyHandler ERROR: ResourceString is null for: quad_bondDisabledImage
org.openscience.jchempaint.JCPPropertyHandler ERROR: Could not find resource: Can't find resource for bundle java.util.PropertyResourceBundle, key up_bondDisabledImage
org.openscience.jchempaint.JCPPropertyHandler ERROR: ResourceString is null for: up_bondDisabledImage
org.openscience.jchempaint.JCPPropertyHandler ERROR: Could not find resource: Can't find resource for bundle java.util.PropertyResourceBundle, key down_bondDisabledImage
org.openscience.jchempaint.JCPPropertyHandler ERROR: ResourceString is null for: down_bondDisabledImage
org.openscience.jchempaint.JCPPropertyHandler ERROR: Could not find resource: Can't find resource for bundle java.util.PropertyResourceBundle, key undefined_bondDisabledImage
org.openscience.jchempaint.JCPPropertyHandler ERROR: ResourceString is null for: undefined_bondDisabledImage
org.openscience.jchempaint.JCPPropertyHandler ERROR: Could not find resource: Can't find resource for bundle java.util.PropertyResourceBundle, key undefined_stereo_bondDisabledImage
org.openscience.jchempaint.JCPPropertyHandler ERROR: ResourceString is null for: undefined_stereo_bondDisabledImage
org.openscience.jchempaint.JCPPropertyHandler ERROR: Could not find resource: Can't find resource for bundle java.util.PropertyResourceBundle, key cleanupDisabledImage
org.openscience.jchempaint.JCPPropertyHandler ERROR: ResourceString is null for: cleanupDisabledImage
org.openscience.jchempaint.JCPPropertyHandler ERROR: Could not find resource: Can't find resource for bundle java.util.PropertyResourceBundle, key createSMILESImage
org.openscience.jchempaint.JCPPropertyHandler ERROR: ResourceString is null for: createSMILESImage
org.openscience.jchempaint.JCPPropertyHandler ERROR: Could not find resource: Can't find resource for bundle java.util.PropertyResourceBundle, key createInChIImage
org.openscience.jchempaint.JCPPropertyHandler ERROR: ResourceString is null for: createInChIImage
org.openscience.jchempaint.JCPPropertyHandler ERROR: Could not find resource: Can't find resource for bundle java.util.PropertyResourceBundle, key setRootImage
org.openscience.jchempaint.JCPPropertyHandler ERROR: ResourceString is null for: setRootImage
org.openscience.jchempaint.JCPPropertyHandler ERROR: Could not find resource: Can't find resource for bundle java.util.PropertyResourceBundle, key setSubstituteImage
org.openscience.jchempaint.JCPPropertyHandler ERROR: ResourceString is null for: setSubstituteImage
org.openscience.jchempaint.JCPPropertyHandler ERROR: Could not find resource: Can't find resource for bundle java.util.PropertyResourceBundle, key rgpAdvancedImage
org.openscience.jchempaint.JCPPropertyHandler ERROR: ResourceString is null for: rgpAdvancedImage
org.openscience.jchempaint.JCPPropertyHandler ERROR: Could not find resource: Can't find resource for bundle java.util.PropertyResourceBundle, key rgpGenerateImage
org.openscience.jchempaint.JCPPropertyHandler ERROR: ResourceString is null for: rgpGenerateImage
org.openscience.jchempaint.JCPPropertyHandler ERROR: Could not find resource: Can't find resource for bundle java.util.PropertyResourceBundle, key clearRgroupImage
org.openscience.jchempaint.JCPPropertyHandler ERROR: ResourceString is null for: clearRgroupImage
org.openscience.jchempaint.JCPPropertyHandler ERROR: Could not find resource: Can't find resource for bundle java.util.PropertyResourceBundle, key pasteTemplateDisabledImage
org.openscience.jchempaint.JCPPropertyHandler ERROR: ResourceString is null for: pasteTemplateDisabledImage
org.openscience.jchempaint.JCPPropertyHandler ERROR: Could not find resource: Can't find resource for bundle java.util.PropertyResourceBundle, key alkaloidsImage
org.openscience.jchempaint.JCPPropertyHandler ERROR: ResourceString is null for: alkaloidsImage
org.openscience.jchempaint.JCPPropertyHandler ERROR: Could not find resource: Can't find resource for bundle java.util.PropertyResourceBundle, key amino_acidsImage
org.openscience.jchempaint.JCPPropertyHandler ERROR: ResourceString is null for: amino_acidsImage
org.openscience.jchempaint.JCPPropertyHandler ERROR: Could not find resource: Can't find resource for bundle java.util.PropertyResourceBundle, key beta_lactamsImage
org.openscience.jchempaint.JCPPropertyHandler ERROR: ResourceString is null for: beta_lactamsImage
org.openscience.jchempaint.JCPPropertyHandler ERROR: Could not find resource: Can't find resource for bundle java.util.PropertyResourceBundle, key carbohydratesImage
org.openscience.jchempaint.JCPPropertyHandler ERROR: ResourceString is null for: carbohydratesImage
org.openscience.jchempaint.JCPPropertyHandler ERROR: Could not find resource: Can't find resource for bundle java.util.PropertyResourceBundle, key inositolsImage
org.openscience.jchempaint.JCPPropertyHandler ERROR: ResourceString is null for: inositolsImage
org.openscience.jchempaint.JCPPropertyHandler ERROR: Could not find resource: Can't find resource for bundle java.util.PropertyResourceBundle, key lipidsImage
org.openscience.jchempaint.JCPPropertyHandler ERROR: ResourceString is null for: lipidsImage
org.openscience.jchempaint.JCPPropertyHandler ERROR: Could not find resource: Can't find resource for bundle java.util.PropertyResourceBundle, key nucleosidesImage
org.openscience.jchempaint.JCPPropertyHandler ERROR: ResourceString is null for: nucleosidesImage
org.openscience.jchempaint.JCPPropertyHandler ERROR: Could not find resource: Can't find resource for bundle java.util.PropertyResourceBundle, key porphyrinsImage
org.openscience.jchempaint.JCPPropertyHandler ERROR: ResourceString is null for: porphyrinsImage
org.openscience.jchempaint.JCPPropertyHandler ERROR: Could not find resource: Can't find resource for bundle java.util.PropertyResourceBundle, key protecting_groupsImage
org.openscience.jchempaint.JCPPropertyHandler ERROR: ResourceString is null for: protecting_groupsImage
org.openscience.jchempaint.JCPPropertyHandler ERROR: Could not find resource: Can't find resource for bundle java.util.PropertyResourceBundle, key steroidsImage
org.openscience.jchempaint.JCPPropertyHandler ERROR: ResourceString is null for: steroidsImage
org.openscience.jchempaint.JCPPropertyHandler ERROR: Could not find resource: Can't find resource for bundle java.util.PropertyResourceBundle, key pahsImage
org.openscience.jchempaint.JCPPropertyHandler ERROR: ResourceString is null for: pahsImage
org.openscience.jchempaint.JCPPropertyHandler ERROR: Could not find resource: Can't find resource for bundle java.util.PropertyResourceBundle, key miscellaneousImage
org.openscience.jchempaint.JCPPropertyHandler ERROR: ResourceString is null for: miscellaneousImage
org.openscience.jchempaint.JCPPropertyHandler ERROR: Could not find resource: Can't find resource for bundle java.util.PropertyResourceBundle, key helpImage
org.openscience.jchempaint.JCPPropertyHandler ERROR: ResourceString is null for: helpImage
org.openscience.jchempaint.JCPPropertyHandler ERROR: Could not find resource: Can't find resource for bundle java.util.PropertyResourceBundle, key tutorialImage
org.openscience.jchempaint.JCPPropertyHandler ERROR: ResourceString is null for: tutorialImage
org.openscience.jchempaint.JCPPropertyHandler ERROR: Could not find resource: Can't find resource for bundle java.util.PropertyResourceBundle, key rgpTutorialImage
org.openscience.jchempaint.JCPPropertyHandler ERROR: ResourceString is null for: rgpTutorialImage
org.openscience.jchempaint.JCPPropertyHandler ERROR: Could not find resource: Can't find resource for bundle java.util.PropertyResourceBundle, key feedbackImage
org.openscience.jchempaint.JCPPropertyHandler ERROR: ResourceString is null for: feedbackImage
org.openscience.jchempaint.JCPPropertyHandler ERROR: Could not find resource: Can't find resource for bundle java.util.PropertyResourceBundle, key aboutImage
org.openscience.jchempaint.JCPPropertyHandler ERROR: ResourceString is null for: aboutImage
org.openscience.jchempaint.JCPPropertyHandler ERROR: Could not find resource: Can't find resource for bundle java.util.PropertyResourceBundle, key licenseImage
org.openscience.jchempaint.JCPPropertyHandler ERROR: ResourceString is null for: licenseImage
org.openscience.jchempaint.JCPPropertyHandler ERROR: Could not find resource: Can't find resource for bundle java.util.PropertyResourceBundle, key selectDisabledImage
org.openscience.jchempaint.JCPPropertyHandler ERROR: ResourceString is null for: selectDisabledImage
org.openscience.jchempaint.JCPPropertyHandler ERROR: Could not find resource: Can't find resource for bundle java.util.PropertyResourceBundle, key lassoDisabledImage
org.openscience.jchempaint.JCPPropertyHandler ERROR: ResourceString is null for: lassoDisabledImage
org.openscience.jchempaint.JCPPropertyHandler ERROR: Could not find resource: Can't find resource for bundle java.util.PropertyResourceBundle, key eraserDisabledImage
org.openscience.jchempaint.JCPPropertyHandler ERROR: ResourceString is null for: eraserDisabledImage
org.openscience.jchempaint.JCPPropertyHandler ERROR: Could not find resource: Can't find resource for bundle java.util.PropertyResourceBundle, key zoominDisabledImage
org.openscience.jchempaint.JCPPropertyHandler ERROR: ResourceString is null for: zoominDisabledImage
org.openscience.jchempaint.JCPPropertyHandler ERROR: Could not find resource: Can't find resource for bundle java.util.PropertyResourceBundle, key zoomoutDisabledImage
org.openscience.jchempaint.JCPPropertyHandler ERROR: ResourceString is null for: zoomoutDisabledImage
org.openscience.jchempaint.JCPPropertyHandler ERROR: Could not find resource: Can't find resource for bundle java.util.PropertyResourceBundle, key cutDisabledImage
org.openscience.jchempaint.JCPPropertyHandler ERROR: ResourceString is null for: cutDisabledImage
org.openscience.jchempaint.JCPPropertyHandler ERROR: Could not find resource: Can't find resource for bundle java.util.PropertyResourceBundle, key copyDisabledImage
org.openscience.jchempaint.JCPPropertyHandler ERROR: ResourceString is null for: copyDisabledImage
org.openscience.jchempaint.JCPPropertyHandler ERROR: Could not find resource: Can't find resource for bundle java.util.PropertyResourceBundle, key pasteDisabledImage
org.openscience.jchempaint.JCPPropertyHandler ERROR: ResourceString is null for: pasteDisabledImage
org.openscience.jchempaint.JCPPropertyHandler ERROR: Could not find resource: Can't find resource for bundle java.util.PropertyResourceBundle, key flipHorizontalDisabledImage
org.openscience.jchempaint.JCPPropertyHandler ERROR: ResourceString is null for: flipHorizontalDisabledImage
org.openscience.jchempaint.JCPPropertyHandler ERROR: Could not find resource: Can't find resource for bundle java.util.PropertyResourceBundle, key flipVerticalDisabledImage
org.openscience.jchempaint.JCPPropertyHandler ERROR: ResourceString is null for: flipVerticalDisabledImage
org.openscience.jchempaint.JCPPropertyHandler ERROR: Could not find resource: Can't find resource for bundle java.util.PropertyResourceBundle, key rotateDisabledImage
org.openscience.jchempaint.JCPPropertyHandler ERROR: ResourceString is null for: rotateDisabledImage
org.openscience.jchempaint.JCPPropertyHandler ERROR: Could not find resource: Can't find resource for bundle java.util.PropertyResourceBundle, key rotate3dDisabledImage
org.openscience.jchempaint.JCPPropertyHandler ERROR: ResourceString is null for: rotate3dDisabledImage
org.openscience.jchempaint.JCPPropertyHandler ERROR: Could not find resource: Can't find resource for bundle java.util.PropertyResourceBundle, key bondToolDisabledImage
org.openscience.jchempaint.JCPPropertyHandler ERROR: ResourceString is null for: bondToolDisabledImage
org.openscience.jchempaint.JCPPropertyHandler ERROR: Could not find resource: Can't find resource for bundle java.util.PropertyResourceBundle, key double_bondToolDisabledImage
org.openscience.jchempaint.JCPPropertyHandler ERROR: ResourceString is null for: double_bondToolDisabledImage
org.openscience.jchempaint.JCPPropertyHandler ERROR: Could not find resource: Can't find resource for bundle java.util.PropertyResourceBundle, key triple_bondToolDisabledImage
org.openscience.jchempaint.JCPPropertyHandler ERROR: ResourceString is null for: triple_bondToolDisabledImage
org.openscience.jchempaint.JCPPropertyHandler ERROR: Could not find resource: Can't find resource for bundle java.util.PropertyResourceBundle, key chainDisabledImage
org.openscience.jchempaint.JCPPropertyHandler ERROR: ResourceString is null for: chainDisabledImage
org.openscience.jchempaint.JCPPropertyHandler ERROR: Could not find resource: Can't find resource for bundle java.util.PropertyResourceBundle, key up_bondDisabledImage
org.openscience.jchempaint.JCPPropertyHandler ERROR: ResourceString is null for: up_bondDisabledImage
org.openscience.jchempaint.JCPPropertyHandler ERROR: Could not find resource: Can't find resource for bundle java.util.PropertyResourceBundle, key down_bondDisabledImage
org.openscience.jchempaint.JCPPropertyHandler ERROR: ResourceString is null for: down_bondDisabledImage
org.openscience.jchempaint.JCPPropertyHandler ERROR: Could not find resource: Can't find resource for bundle java.util.PropertyResourceBundle, key undefined_bondDisabledImage
org.openscience.jchempaint.JCPPropertyHandler ERROR: ResourceString is null for: undefined_bondDisabledImage
org.openscience.jchempaint.JCPPropertyHandler ERROR: Could not find resource: Can't find resource for bundle java.util.PropertyResourceBundle, key undefined_stereo_bondDisabledImage
org.openscience.jchempaint.JCPPropertyHandler ERROR: ResourceString is null for: undefined_stereo_bondDisabledImage
org.openscience.jchempaint.JCPPropertyHandler ERROR: Could not find resource: Can't find resource for bundle java.util.PropertyResourceBundle, key reactionArrowDisabledImage
org.openscience.jchempaint.JCPPropertyHandler ERROR: ResourceString is null for: reactionArrowDisabledImage
org.openscience.jchempaint.JCPPropertyHandler ERROR: Could not find resource: Can't find resource for bundle java.util.PropertyResourceBundle, key triangleDisabledImage
org.openscience.jchempaint.JCPPropertyHandler ERROR: ResourceString is null for: triangleDisabledImage
org.openscience.jchempaint.JCPPropertyHandler ERROR: Could not find resource: Can't find resource for bundle java.util.PropertyResourceBundle, key squareDisabledImage
org.openscience.jchempaint.JCPPropertyHandler ERROR: ResourceString is null for: squareDisabledImage
org.openscience.jchempaint.JCPPropertyHandler ERROR: Could not find resource: Can't find resource for bundle java.util.PropertyResourceBundle, key pentagonDisabledImage
org.openscience.jchempaint.JCPPropertyHandler ERROR: ResourceString is null for: pentagonDisabledImage
org.openscience.jchempaint.JCPPropertyHandler ERROR: Could not find resource: Can't find resource for bundle java.util.PropertyResourceBundle, key hexagonDisabledImage
org.openscience.jchempaint.JCPPropertyHandler ERROR: ResourceString is null for: hexagonDisabledImage
org.openscience.jchempaint.JCPPropertyHandler ERROR: Could not find resource: Can't find resource for bundle java.util.PropertyResourceBundle, key benzeneDisabledImage
org.openscience.jchempaint.JCPPropertyHandler ERROR: ResourceString is null for: benzeneDisabledImage
org.openscience.jchempaint.JCPPropertyHandler ERROR: Could not find resource: Can't find resource for bundle java.util.PropertyResourceBundle, key octagonDisabledImage
org.openscience.jchempaint.JCPPropertyHandler ERROR: ResourceString is null for: octagonDisabledImage
org.openscience.jchempaint.JCPPropertyHandler ERROR: Could not find resource: Can't find resource for bundle java.util.PropertyResourceBundle, key pasteTemplateDisabledImage
org.openscience.jchempaint.JCPPropertyHandler ERROR: ResourceString is null for: pasteTemplateDisabledImage
org.openscience.jchempaint.JCPPropertyHandler ERROR: Could not find resource: Can't find resource for bundle java.util.PropertyResourceBundle, key CDisabledImage
org.openscience.jchempaint.JCPPropertyHandler ERROR: ResourceString is null for: CDisabledImage
org.openscience.jchempaint.JCPPropertyHandler ERROR: Could not find resource: Can't find resource for bundle java.util.PropertyResourceBundle, key HDisabledImage
org.openscience.jchempaint.JCPPropertyHandler ERROR: ResourceString is null for: HDisabledImage
org.openscience.jchempaint.JCPPropertyHandler ERROR: Could not find resource: Can't find resource for bundle java.util.PropertyResourceBundle, key ODisabledImage
org.openscience.jchempaint.JCPPropertyHandler ERROR: ResourceString is null for: ODisabledImage
org.openscience.jchempaint.JCPPropertyHandler ERROR: Could not find resource: Can't find resource for bundle java.util.PropertyResourceBundle, key NDisabledImage
org.openscience.jchempaint.JCPPropertyHandler ERROR: ResourceString is null for: NDisabledImage
org.openscience.jchempaint.JCPPropertyHandler ERROR: Could not find resource: Can't find resource for bundle java.util.PropertyResourceBundle, key PDisabledImage
org.openscience.jchempaint.JCPPropertyHandler ERROR: ResourceString is null for: PDisabledImage
org.openscience.jchempaint.JCPPropertyHandler ERROR: Could not find resource: Can't find resource for bundle java.util.PropertyResourceBundle, key SDisabledImage
org.openscience.jchempaint.JCPPropertyHandler ERROR: ResourceString is null for: SDisabledImage
org.openscience.jchempaint.JCPPropertyHandler ERROR: Could not find resource: Can't find resource for bundle java.util.PropertyResourceBundle, key FDisabledImage
org.openscience.jchempaint.JCPPropertyHandler ERROR: ResourceString is null for: FDisabledImage
org.openscience.jchempaint.JCPPropertyHandler ERROR: Could not find resource: Can't find resource for bundle java.util.PropertyResourceBundle, key ClDisabledImage
org.openscience.jchempaint.JCPPropertyHandler ERROR: ResourceString is null for: ClDisabledImage
org.openscience.jchempaint.JCPPropertyHandler ERROR: Could not find resource: Can't find resource for bundle java.util.PropertyResourceBundle, key BrDisabledImage
org.openscience.jchempaint.JCPPropertyHandler ERROR: ResourceString is null for: BrDisabledImage
org.openscience.jchempaint.JCPPropertyHandler ERROR: Could not find resource: Can't find resource for bundle java.util.PropertyResourceBundle, key IDisabledImage
org.openscience.jchempaint.JCPPropertyHandler ERROR: ResourceString is null for: IDisabledImage
org.openscience.jchempaint.JCPPropertyHandler ERROR: Could not find resource: Can't find resource for bundle java.util.PropertyResourceBundle, key enterelementDisabledImage
org.openscience.jchempaint.JCPPropertyHandler ERROR: ResourceString is null for: enterelementDisabledImage
org.openscience.jchempaint.JCPPropertyHandler ERROR: Could not find resource: Can't find resource for bundle java.util.PropertyResourceBundle, key periodictableDisabledImage
org.openscience.jchempaint.JCPPropertyHandler ERROR: ResourceString is null for: periodictableDisabledImage
org.openscience.jchempaint.JCPPropertyHandler ERROR: Could not find resource: Can't find resource for bundle java.util.PropertyResourceBundle, key makeNormalImage
org.openscience.jchempaint.JCPPropertyHandler ERROR: ResourceString is null for: makeNormalImage
org.openscience.jchempaint.JCPPropertyHandler ERROR: Could not find resource: Can't find resource for bundle java.util.PropertyResourceBundle, key cutDisabledImage
org.openscience.jchempaint.JCPPropertyHandler ERROR: ResourceString is null for: cutDisabledImage
org.openscience.jchempaint.JCPPropertyHandler ERROR: Could not find resource: Can't find resource for bundle java.util.PropertyResourceBundle, key copyDisabledImage
org.openscience.jchempaint.JCPPropertyHandler ERROR: ResourceString is null for: copyDisabledImage
org.openscience.jchempaint.JCPPropertyHandler ERROR: Could not find resource: Can't find resource for bundle java.util.PropertyResourceBundle, key eraserDisabledImage
org.openscience.jchempaint.JCPPropertyHandler ERROR: ResourceString is null for: eraserDisabledImage
org.openscience.jchempaint.JCPPropertyHandler ERROR: Could not find resource: Can't find resource for bundle java.util.PropertyResourceBundle, key selectFromChemObjectImage
org.openscience.jchempaint.JCPPropertyHandler ERROR: ResourceString is null for: selectFromChemObjectImage
org.openscience.jchempaint.JCPPropertyHandler ERROR: Could not find resource: Can't find resource for bundle java.util.PropertyResourceBundle, key selectAllImage
org.openscience.jchempaint.JCPPropertyHandler ERROR: ResourceString is null for: selectAllImage
org.openscience.jchempaint.JCPPropertyHandler ERROR: Could not find resource: Can't find resource for bundle java.util.PropertyResourceBundle, key addReactantToNewReactionImage
org.openscience.jchempaint.JCPPropertyHandler ERROR: ResourceString is null for: addReactantToNewReactionImage
org.openscience.jchempaint.JCPPropertyHandler ERROR: Could not find resource: Can't find resource for bundle java.util.PropertyResourceBundle, key addReactantToExistingReactionImage
org.openscience.jchempaint.JCPPropertyHandler ERROR: ResourceString is null for: addReactantToExistingReactionImage
org.openscience.jchempaint.JCPPropertyHandler ERROR: Could not find resource: Can't find resource for bundle java.util.PropertyResourceBundle, key addProductToNewReactionImage
org.openscience.jchempaint.JCPPropertyHandler ERROR: ResourceString is null for: addProductToNewReactionImage
org.openscience.jchempaint.JCPPropertyHandler ERROR: Could not find resource: Can't find resource for bundle java.util.PropertyResourceBundle, key addProductToExistingReactionImage
org.openscience.jchempaint.JCPPropertyHandler ERROR: ResourceString is null for: addProductToExistingReactionImage
org.openscience.jchempaint.JCPPropertyHandler ERROR: Could not find resource: Can't find resource for bundle java.util.PropertyResourceBundle, key showChemObjectPropertiesImage
org.openscience.jchempaint.JCPPropertyHandler ERROR: ResourceString is null for: showChemObjectPropertiesImage
org.openscience.jchempaint.JCPPropertyHandler ERROR: Could not find resource: Can't find resource for bundle java.util.PropertyResourceBundle, key showACPropertiesImage
org.openscience.jchempaint.JCPPropertyHandler ERROR: ResourceString is null for: showACPropertiesImage
org.openscience.jchempaint.JCPPropertyHandler ERROR: Could not find resource: Can't find resource for bundle java.util.PropertyResourceBundle, key plusDisabledImage
org.openscience.jchempaint.JCPPropertyHandler ERROR: ResourceString is null for: plusDisabledImage
org.openscience.jchempaint.JCPPropertyHandler ERROR: Could not find resource: Can't find resource for bundle java.util.PropertyResourceBundle, key minusDisabledImage
org.openscience.jchempaint.JCPPropertyHandler ERROR: ResourceString is null for: minusDisabledImage
org.openscience.jchempaint.JCPPropertyHandler ERROR: Could not find resource: Can't find resource for bundle java.util.PropertyResourceBundle, key hydroonImage
org.openscience.jchempaint.JCPPropertyHandler ERROR: ResourceString is null for: hydroonImage
org.openscience.jchempaint.JCPPropertyHandler ERROR: Could not find resource: Can't find resource for bundle java.util.PropertyResourceBundle, key hydrooffImage
org.openscience.jchempaint.JCPPropertyHandler ERROR: ResourceString is null for: hydrooffImage
org.openscience.jchempaint.JCPPropertyHandler ERROR: Could not find resource: Can't find resource for bundle java.util.PropertyResourceBundle, key majorPlusThreeImage
org.openscience.jchempaint.JCPPropertyHandler ERROR: ResourceString is null for: majorPlusThreeImage
org.openscience.jchempaint.JCPPropertyHandler ERROR: Could not find resource: Can't find resource for bundle java.util.PropertyResourceBundle, key majorPlusTwoImage
org.openscience.jchempaint.JCPPropertyHandler ERROR: ResourceString is null for: majorPlusTwoImage
org.openscience.jchempaint.JCPPropertyHandler ERROR: Could not find resource: Can't find resource for bundle java.util.PropertyResourceBundle, key majorPlusOneImage
org.openscience.jchempaint.JCPPropertyHandler ERROR: ResourceString is null for: majorPlusOneImage
org.openscience.jchempaint.JCPPropertyHandler ERROR: Could not find resource: Can't find resource for bundle java.util.PropertyResourceBundle, key majorImage
org.openscience.jchempaint.JCPPropertyHandler ERROR: ResourceString is null for: majorImage
org.openscience.jchempaint.JCPPropertyHandler ERROR: Could not find resource: Can't find resource for bundle java.util.PropertyResourceBundle, key majorMinusOneImage
org.openscience.jchempaint.JCPPropertyHandler ERROR: ResourceString is null for: majorMinusOneImage
org.openscience.jchempaint.JCPPropertyHandler ERROR: Could not find resource: Can't find resource for bundle java.util.PropertyResourceBundle, key majorMinusTwoImage
org.openscience.jchempaint.JCPPropertyHandler ERROR: ResourceString is null for: majorMinusTwoImage
org.openscience.jchempaint.JCPPropertyHandler ERROR: Could not find resource: Can't find resource for bundle java.util.PropertyResourceBundle, key majorMinusThreeImage
org.openscience.jchempaint.JCPPropertyHandler ERROR: ResourceString is null for: majorMinusThreeImage
org.openscience.jchempaint.JCPPropertyHandler ERROR: Could not find resource: Can't find resource for bundle java.util.PropertyResourceBundle, key convertToRadicalImage
org.openscience.jchempaint.JCPPropertyHandler ERROR: ResourceString is null for: convertToRadicalImage
org.openscience.jchempaint.JCPPropertyHandler ERROR: Could not find resource: Can't find resource for bundle java.util.PropertyResourceBundle, key convertFromRadicalImage
org.openscience.jchempaint.JCPPropertyHandler ERROR: ResourceString is null for: convertFromRadicalImage
org.openscience.jchempaint.JCPPropertyHandler ERROR: Could not find resource: Can't find resource for bundle java.util.PropertyResourceBundle, key pseudoRImage
org.openscience.jchempaint.JCPPropertyHandler ERROR: ResourceString is null for: pseudoRImage
org.openscience.jchempaint.JCPPropertyHandler ERROR: Could not find resource: Can't find resource for bundle java.util.PropertyResourceBundle, key pseudoR1Image
org.openscience.jchempaint.JCPPropertyHandler ERROR: ResourceString is null for: pseudoR1Image
org.openscience.jchempaint.JCPPropertyHandler ERROR: Could not find resource: Can't find resource for bundle java.util.PropertyResourceBundle, key pseudoR2Image
org.openscience.jchempaint.JCPPropertyHandler ERROR: ResourceString is null for: pseudoR2Image
org.openscience.jchempaint.JCPPropertyHandler ERROR: Could not find resource: Can't find resource for bundle java.util.PropertyResourceBundle, key pseudoR3Image
org.openscience.jchempaint.JCPPropertyHandler ERROR: ResourceString is null for: pseudoR3Image
org.openscience.jchempaint.JCPPropertyHandler ERROR: Could not find resource: Can't find resource for bundle java.util.PropertyResourceBundle, key pseudoR4Image
org.openscience.jchempaint.JCPPropertyHandler ERROR: ResourceString is null for: pseudoR4Image
org.openscience.jchempaint.JCPPropertyHandler ERROR: Could not find resource: Can't find resource for bundle java.util.PropertyResourceBundle, key pseudoRXImage
org.openscience.jchempaint.JCPPropertyHandler ERROR: ResourceString is null for: pseudoRXImage
org.openscience.jchempaint.JCPPropertyHandler ERROR: Could not find resource: Can't find resource for bundle java.util.PropertyResourceBundle, key setAtomApoAction1Image
org.openscience.jchempaint.JCPPropertyHandler ERROR: ResourceString is null for: setAtomApoAction1Image
org.openscience.jchempaint.JCPPropertyHandler ERROR: Could not find resource: Can't find resource for bundle java.util.PropertyResourceBundle, key setAtomApoAction2Image
org.openscience.jchempaint.JCPPropertyHandler ERROR: ResourceString is null for: setAtomApoAction2Image
org.openscience.jchempaint.JCPPropertyHandler ERROR: Could not find resource: Can't find resource for bundle java.util.PropertyResourceBundle, key pseudoStarImage
org.openscience.jchempaint.JCPPropertyHandler ERROR: ResourceString is null for: pseudoStarImage
org.openscience.jchempaint.JCPPropertyHandler ERROR: Could not find resource: Can't find resource for bundle java.util.PropertyResourceBundle, key valenceOffImage
org.openscience.jchempaint.JCPPropertyHandler ERROR: ResourceString is null for: valenceOffImage
org.openscience.jchempaint.JCPPropertyHandler ERROR: Could not find resource: Can't find resource for bundle java.util.PropertyResourceBundle, key valence1Image
org.openscience.jchempaint.JCPPropertyHandler ERROR: ResourceString is null for: valence1Image
org.openscience.jchempaint.JCPPropertyHandler ERROR: Could not find resource: Can't find resource for bundle java.util.PropertyResourceBundle, key valence2Image
org.openscience.jchempaint.JCPPropertyHandler ERROR: ResourceString is null for: valence2Image
org.openscience.jchempaint.JCPPropertyHandler ERROR: Could not find resource: Can't find resource for bundle java.util.PropertyResourceBundle, key valence3Image
org.openscience.jchempaint.JCPPropertyHandler ERROR: ResourceString is null for: valence3Image
org.openscience.jchempaint.JCPPropertyHandler ERROR: Could not find resource: Can't find resource for bundle java.util.PropertyResourceBundle, key valence4Image
org.openscience.jchempaint.JCPPropertyHandler ERROR: ResourceString is null for: valence4Image
org.openscience.jchempaint.JCPPropertyHandler ERROR: Could not find resource: Can't find resource for bundle java.util.PropertyResourceBundle, key valence5Image
org.openscience.jchempaint.JCPPropertyHandler ERROR: ResourceString is null for: valence5Image
org.openscience.jchempaint.JCPPropertyHandler ERROR: Could not find resource: Can't find resource for bundle java.util.PropertyResourceBundle, key valence6Image
org.openscience.jchempaint.JCPPropertyHandler ERROR: ResourceString is null for: valence6Image
org.openscience.jchempaint.JCPPropertyHandler ERROR: Could not find resource: Can't find resource for bundle java.util.PropertyResourceBundle, key valence7Image
org.openscience.jchempaint.JCPPropertyHandler ERROR: ResourceString is null for: valence7Image
org.openscience.jchempaint.JCPPropertyHandler ERROR: Could not find resource: Can't find resource for bundle java.util.PropertyResourceBundle, key valence8Image
org.openscience.jchempaint.JCPPropertyHandler ERROR: ResourceString is null for: valence8Image
org.openscience.jchempaint.JCPPropertyHandler ERROR: Could not find resource: Can't find resource for bundle java.util.PropertyResourceBundle, key periodictableDisabledImage
org.openscience.jchempaint.JCPPropertyHandler ERROR: ResourceString is null for: periodictableDisabledImage
org.openscience.jchempaint.JCPPropertyHandler ERROR: Could not find resource: Can't find resource for bundle java.util.PropertyResourceBundle, key enterelementDisabledImage
org.openscience.jchempaint.JCPPropertyHandler ERROR: ResourceString is null for: enterelementDisabledImage
org.openscience.jchempaint.JCPPropertyHandler ERROR: Could not find resource: Can't find resource for bundle java.util.PropertyResourceBundle, key symbolHImage
org.openscience.jchempaint.JCPPropertyHandler ERROR: ResourceString is null for: symbolHImage
org.openscience.jchempaint.JCPPropertyHandler ERROR: Could not find resource: Can't find resource for bundle java.util.PropertyResourceBundle, key symbolCImage
org.openscience.jchempaint.JCPPropertyHandler ERROR: ResourceString is null for: symbolCImage
org.openscience.jchempaint.JCPPropertyHandler ERROR: Could not find resource: Can't find resource for bundle java.util.PropertyResourceBundle, key symbolNImage
org.openscience.jchempaint.JCPPropertyHandler ERROR: ResourceString is null for: symbolNImage
org.openscience.jchempaint.JCPPropertyHandler ERROR: Could not find resource: Can't find resource for bundle java.util.PropertyResourceBundle, key symbolOImage
org.openscience.jchempaint.JCPPropertyHandler ERROR: ResourceString is null for: symbolOImage
org.openscience.jchempaint.JCPPropertyHandler ERROR: Could not find resource: Can't find resource for bundle java.util.PropertyResourceBundle, key symbolSImage
org.openscience.jchempaint.JCPPropertyHandler ERROR: ResourceString is null for: symbolSImage
org.openscience.jchempaint.JCPPropertyHandler ERROR: Could not find resource: Can't find resource for bundle java.util.PropertyResourceBundle, key symbolFImage
org.openscience.jchempaint.JCPPropertyHandler ERROR: ResourceString is null for: symbolFImage
org.openscience.jchempaint.JCPPropertyHandler ERROR: Could not find resource: Can't find resource for bundle java.util.PropertyResourceBundle, key symbolPImage
org.openscience.jchempaint.JCPPropertyHandler ERROR: ResourceString is null for: symbolPImage
org.openscience.jchempaint.JCPPropertyHandler ERROR: Could not find resource: Can't find resource for bundle java.util.PropertyResourceBundle, key symbolClImage
org.openscience.jchempaint.JCPPropertyHandler ERROR: ResourceString is null for: symbolClImage
org.openscience.jchempaint.JCPPropertyHandler ERROR: Could not find resource: Can't find resource for bundle java.util.PropertyResourceBundle, key symbolBrImage
org.openscience.jchempaint.JCPPropertyHandler ERROR: ResourceString is null for: symbolBrImage
org.openscience.jchempaint.JCPPropertyHandler ERROR: Could not find resource: Can't find resource for bundle java.util.PropertyResourceBundle, key symbolIImage
org.openscience.jchempaint.JCPPropertyHandler ERROR: ResourceString is null for: symbolIImage
org.openscience.jchempaint.JCPPropertyHandler ERROR: Could not find resource: Can't find resource for bundle java.util.PropertyResourceBundle, key symbolLiImage
org.openscience.jchempaint.JCPPropertyHandler ERROR: ResourceString is null for: symbolLiImage
org.openscience.jchempaint.JCPPropertyHandler ERROR: Could not find resource: Can't find resource for bundle java.util.PropertyResourceBundle, key symbolNaImage
org.openscience.jchempaint.JCPPropertyHandler ERROR: ResourceString is null for: symbolNaImage
org.openscience.jchempaint.JCPPropertyHandler ERROR: Could not find resource: Can't find resource for bundle java.util.PropertyResourceBundle, key symbolKImage
org.openscience.jchempaint.JCPPropertyHandler ERROR: ResourceString is null for: symbolKImage
org.openscience.jchempaint.JCPPropertyHandler ERROR: Could not find resource: Can't find resource for bundle java.util.PropertyResourceBundle, key symbolRbImage
org.openscience.jchempaint.JCPPropertyHandler ERROR: ResourceString is null for: symbolRbImage
org.openscience.jchempaint.JCPPropertyHandler ERROR: Could not find resource: Can't find resource for bundle java.util.PropertyResourceBundle, key symbolCsImage
org.openscience.jchempaint.JCPPropertyHandler ERROR: ResourceString is null for: symbolCsImage
org.openscience.jchempaint.JCPPropertyHandler ERROR: Could not find resource: Can't find resource for bundle java.util.PropertyResourceBundle, key symbolFrImage
org.openscience.jchempaint.JCPPropertyHandler ERROR: ResourceString is null for: symbolFrImage
org.openscience.jchempaint.JCPPropertyHandler ERROR: Could not find resource: Can't find resource for bundle java.util.PropertyResourceBundle, key symbolBeImage
org.openscience.jchempaint.JCPPropertyHandler ERROR: ResourceString is null for: symbolBeImage
org.openscience.jchempaint.JCPPropertyHandler ERROR: Could not find resource: Can't find resource for bundle java.util.PropertyResourceBundle, key symbolMgImage
org.openscience.jchempaint.JCPPropertyHandler ERROR: ResourceString is null for: symbolMgImage
org.openscience.jchempaint.JCPPropertyHandler ERROR: Could not find resource: Can't find resource for bundle java.util.PropertyResourceBundle, key symbolCaImage
org.openscience.jchempaint.JCPPropertyHandler ERROR: ResourceString is null for: symbolCaImage
org.openscience.jchempaint.JCPPropertyHandler ERROR: Could not find resource: Can't find resource for bundle java.util.PropertyResourceBundle, key symbolSrImage
org.openscience.jchempaint.JCPPropertyHandler ERROR: ResourceString is null for: symbolSrImage
org.openscience.jchempaint.JCPPropertyHandler ERROR: Could not find resource: Can't find resource for bundle java.util.PropertyResourceBundle, key symbolBaImage
org.openscience.jchempaint.JCPPropertyHandler ERROR: ResourceString is null for: symbolBaImage
org.openscience.jchempaint.JCPPropertyHandler ERROR: Could not find resource: Can't find resource for bundle java.util.PropertyResourceBundle, key symbolRaImage
org.openscience.jchempaint.JCPPropertyHandler ERROR: ResourceString is null for: symbolRaImage
org.openscience.jchempaint.JCPPropertyHandler ERROR: Could not find resource: Can't find resource for bundle java.util.PropertyResourceBundle, key symbolScImage
org.openscience.jchempaint.JCPPropertyHandler ERROR: ResourceString is null for: symbolScImage
org.openscience.jchempaint.JCPPropertyHandler ERROR: Could not find resource: Can't find resource for bundle java.util.PropertyResourceBundle, key symbolTiImage
org.openscience.jchempaint.JCPPropertyHandler ERROR: ResourceString is null for: symbolTiImage
org.openscience.jchempaint.JCPPropertyHandler ERROR: Could not find resource: Can't find resource for bundle java.util.PropertyResourceBundle, key symbolVImage
org.openscience.jchempaint.JCPPropertyHandler ERROR: ResourceString is null for: symbolVImage
org.openscience.jchempaint.JCPPropertyHandler ERROR: Could not find resource: Can't find resource for bundle java.util.PropertyResourceBundle, key symbolCrImage
org.openscience.jchempaint.JCPPropertyHandler ERROR: ResourceString is null for: symbolCrImage
org.openscience.jchempaint.JCPPropertyHandler ERROR: Could not find resource: Can't find resource for bundle java.util.PropertyResourceBundle, key symbolMnImage
org.openscience.jchempaint.JCPPropertyHandler ERROR: ResourceString is null for: symbolMnImage
org.openscience.jchempaint.JCPPropertyHandler ERROR: Could not find resource: Can't find resource for bundle java.util.PropertyResourceBundle, key symbolFeImage
org.openscience.jchempaint.JCPPropertyHandler ERROR: ResourceString is null for: symbolFeImage
org.openscience.jchempaint.JCPPropertyHandler ERROR: Could not find resource: Can't find resource for bundle java.util.PropertyResourceBundle, key symbolCoImage
org.openscience.jchempaint.JCPPropertyHandler ERROR: ResourceString is null for: symbolCoImage
org.openscience.jchempaint.JCPPropertyHandler ERROR: Could not find resource: Can't find resource for bundle java.util.PropertyResourceBundle, key symbolNiImage
org.openscience.jchempaint.JCPPropertyHandler ERROR: ResourceString is null for: symbolNiImage
org.openscience.jchempaint.JCPPropertyHandler ERROR: Could not find resource: Can't find resource for bundle java.util.PropertyResourceBundle, key symbolCuImage
org.openscience.jchempaint.JCPPropertyHandler ERROR: ResourceString is null for: symbolCuImage
org.openscience.jchempaint.JCPPropertyHandler ERROR: Could not find resource: Can't find resource for bundle java.util.PropertyResourceBundle, key symbolZnImage
org.openscience.jchempaint.JCPPropertyHandler ERROR: ResourceString is null for: symbolZnImage
org.openscience.jchempaint.JCPPropertyHandler ERROR: Could not find resource: Can't find resource for bundle java.util.PropertyResourceBundle, key symbolYImage
org.openscience.jchempaint.JCPPropertyHandler ERROR: ResourceString is null for: symbolYImage
org.openscience.jchempaint.JCPPropertyHandler ERROR: Could not find resource: Can't find resource for bundle java.util.PropertyResourceBundle, key symbolZrImage
org.openscience.jchempaint.JCPPropertyHandler ERROR: ResourceString is null for: symbolZrImage
org.openscience.jchempaint.JCPPropertyHandler ERROR: Could not find resource: Can't find resource for bundle java.util.PropertyResourceBundle, key symbolNbImage
org.openscience.jchempaint.JCPPropertyHandler ERROR: ResourceString is null for: symbolNbImage
org.openscience.jchempaint.JCPPropertyHandler ERROR: Could not find resource: Can't find resource for bundle java.util.PropertyResourceBundle, key symbolMoImage
org.openscience.jchempaint.JCPPropertyHandler ERROR: ResourceString is null for: symbolMoImage
org.openscience.jchempaint.JCPPropertyHandler ERROR: Could not find resource: Can't find resource for bundle java.util.PropertyResourceBundle, key symbolTcImage
org.openscience.jchempaint.JCPPropertyHandler ERROR: ResourceString is null for: symbolTcImage
org.openscience.jchempaint.JCPPropertyHandler ERROR: Could not find resource: Can't find resource for bundle java.util.PropertyResourceBundle, key symbolRuImage
org.openscience.jchempaint.JCPPropertyHandler ERROR: ResourceString is null for: symbolRuImage
org.openscience.jchempaint.JCPPropertyHandler ERROR: Could not find resource: Can't find resource for bundle java.util.PropertyResourceBundle, key symbolRhImage
org.openscience.jchempaint.JCPPropertyHandler ERROR: ResourceString is null for: symbolRhImage
org.openscience.jchempaint.JCPPropertyHandler ERROR: Could not find resource: Can't find resource for bundle java.util.PropertyResourceBundle, key symbolPdImage
org.openscience.jchempaint.JCPPropertyHandler ERROR: ResourceString is null for: symbolPdImage
org.openscience.jchempaint.JCPPropertyHandler ERROR: Could not find resource: Can't find resource for bundle java.util.PropertyResourceBundle, key symbolAgImage
org.openscience.jchempaint.JCPPropertyHandler ERROR: ResourceString is null for: symbolAgImage
org.openscience.jchempaint.JCPPropertyHandler ERROR: Could not find resource: Can't find resource for bundle java.util.PropertyResourceBundle, key symbolCdImage
org.openscience.jchempaint.JCPPropertyHandler ERROR: ResourceString is null for: symbolCdImage
org.openscience.jchempaint.JCPPropertyHandler ERROR: Could not find resource: Can't find resource for bundle java.util.PropertyResourceBundle, key symbolHfImage
org.openscience.jchempaint.JCPPropertyHandler ERROR: ResourceString is null for: symbolHfImage
org.openscience.jchempaint.JCPPropertyHandler ERROR: Could not find resource: Can't find resource for bundle java.util.PropertyResourceBundle, key symbolTaImage
org.openscience.jchempaint.JCPPropertyHandler ERROR: ResourceString is null for: symbolTaImage
org.openscience.jchempaint.JCPPropertyHandler ERROR: Could not find resource: Can't find resource for bundle java.util.PropertyResourceBundle, key symbolWImage
org.openscience.jchempaint.JCPPropertyHandler ERROR: ResourceString is null for: symbolWImage
org.openscience.jchempaint.JCPPropertyHandler ERROR: Could not find resource: Can't find resource for bundle java.util.PropertyResourceBundle, key symbolReImage
org.openscience.jchempaint.JCPPropertyHandler ERROR: ResourceString is null for: symbolReImage
org.openscience.jchempaint.JCPPropertyHandler ERROR: Could not find resource: Can't find resource for bundle java.util.PropertyResourceBundle, key symbolOsImage
org.openscience.jchempaint.JCPPropertyHandler ERROR: ResourceString is null for: symbolOsImage
org.openscience.jchempaint.JCPPropertyHandler ERROR: Could not find resource: Can't find resource for bundle java.util.PropertyResourceBundle, key symbolIrImage
org.openscience.jchempaint.JCPPropertyHandler ERROR: ResourceString is null for: symbolIrImage
org.openscience.jchempaint.JCPPropertyHandler ERROR: Could not find resource: Can't find resource for bundle java.util.PropertyResourceBundle, key symbolPtImage
org.openscience.jchempaint.JCPPropertyHandler ERROR: ResourceString is null for: symbolPtImage
org.openscience.jchempaint.JCPPropertyHandler ERROR: Could not find resource: Can't find resource for bundle java.util.PropertyResourceBundle, key symbolAuImage
org.openscience.jchempaint.JCPPropertyHandler ERROR: ResourceString is null for: symbolAuImage
org.openscience.jchempaint.JCPPropertyHandler ERROR: Could not find resource: Can't find resource for bundle java.util.PropertyResourceBundle, key symbolHgImage
org.openscience.jchempaint.JCPPropertyHandler ERROR: ResourceString is null for: symbolHgImage
org.openscience.jchempaint.JCPPropertyHandler ERROR: Could not find resource: Can't find resource for bundle java.util.PropertyResourceBundle, key symbolRfImage
org.openscience.jchempaint.JCPPropertyHandler ERROR: ResourceString is null for: symbolRfImage
org.openscience.jchempaint.JCPPropertyHandler ERROR: Could not find resource: Can't find resource for bundle java.util.PropertyResourceBundle, key symbolDbImage
org.openscience.jchempaint.JCPPropertyHandler ERROR: ResourceString is null for: symbolDbImage
org.openscience.jchempaint.JCPPropertyHandler ERROR: Could not find resource: Can't find resource for bundle java.util.PropertyResourceBundle, key symbolSgImage
org.openscience.jchempaint.JCPPropertyHandler ERROR: ResourceString is null for: symbolSgImage
org.openscience.jchempaint.JCPPropertyHandler ERROR: Could not find resource: Can't find resource for bundle java.util.PropertyResourceBundle, key symbolBhImage
org.openscience.jchempaint.JCPPropertyHandler ERROR: ResourceString is null for: symbolBhImage
org.openscience.jchempaint.JCPPropertyHandler ERROR: Could not find resource: Can't find resource for bundle java.util.PropertyResourceBundle, key symbolHsImage
org.openscience.jchempaint.JCPPropertyHandler ERROR: ResourceString is null for: symbolHsImage
org.openscience.jchempaint.JCPPropertyHandler ERROR: Could not find resource: Can't find resource for bundle java.util.PropertyResourceBundle, key symbolMtImage
org.openscience.jchempaint.JCPPropertyHandler ERROR: ResourceString is null for: symbolMtImage
org.openscience.jchempaint.JCPPropertyHandler ERROR: Could not find resource: Can't find resource for bundle java.util.PropertyResourceBundle, key symbolDsImage
org.openscience.jchempaint.JCPPropertyHandler ERROR: ResourceString is null for: symbolDsImage
org.openscience.jchempaint.JCPPropertyHandler ERROR: Could not find resource: Can't find resource for bundle java.util.PropertyResourceBundle, key symbolRgImage
org.openscience.jchempaint.JCPPropertyHandler ERROR: ResourceString is null for: symbolRgImage
org.openscience.jchempaint.JCPPropertyHandler ERROR: Could not find resource: Can't find resource for bundle java.util.PropertyResourceBundle, key symbolAlImage
org.openscience.jchempaint.JCPPropertyHandler ERROR: ResourceString is null for: symbolAlImage
org.openscience.jchempaint.JCPPropertyHandler ERROR: Could not find resource: Can't find resource for bundle java.util.PropertyResourceBundle, key symbolGaImage
org.openscience.jchempaint.JCPPropertyHandler ERROR: ResourceString is null for: symbolGaImage
org.openscience.jchempaint.JCPPropertyHandler ERROR: Could not find resource: Can't find resource for bundle java.util.PropertyResourceBundle, key symbolInImage
org.openscience.jchempaint.JCPPropertyHandler ERROR: ResourceString is null for: symbolInImage
org.openscience.jchempaint.JCPPropertyHandler ERROR: Could not find resource: Can't find resource for bundle java.util.PropertyResourceBundle, key symbolSnImage
org.openscience.jchempaint.JCPPropertyHandler ERROR: ResourceString is null for: symbolSnImage
org.openscience.jchempaint.JCPPropertyHandler ERROR: Could not find resource: Can't find resource for bundle java.util.PropertyResourceBundle, key symbolTlImage
org.openscience.jchempaint.JCPPropertyHandler ERROR: ResourceString is null for: symbolTlImage
org.openscience.jchempaint.JCPPropertyHandler ERROR: Could not find resource: Can't find resource for bundle java.util.PropertyResourceBundle, key symbolPbImage
org.openscience.jchempaint.JCPPropertyHandler ERROR: ResourceString is null for: symbolPbImage
org.openscience.jchempaint.JCPPropertyHandler ERROR: Could not find resource: Can't find resource for bundle java.util.PropertyResourceBundle, key symbolBiImage
org.openscience.jchempaint.JCPPropertyHandler ERROR: ResourceString is null for: symbolBiImage
org.openscience.jchempaint.JCPPropertyHandler ERROR: Could not find resource: Can't find resource for bundle java.util.PropertyResourceBundle, key symbolBImage
org.openscience.jchempaint.JCPPropertyHandler ERROR: ResourceString is null for: symbolBImage
org.openscience.jchempaint.JCPPropertyHandler ERROR: Could not find resource: Can't find resource for bundle java.util.PropertyResourceBundle, key symbolSiImage
org.openscience.jchempaint.JCPPropertyHandler ERROR: ResourceString is null for: symbolSiImage
org.openscience.jchempaint.JCPPropertyHandler ERROR: Could not find resource: Can't find resource for bundle java.util.PropertyResourceBundle, key symbolGeImage
org.openscience.jchempaint.JCPPropertyHandler ERROR: ResourceString is null for: symbolGeImage
org.openscience.jchempaint.JCPPropertyHandler ERROR: Could not find resource: Can't find resource for bundle java.util.PropertyResourceBundle, key symbolAsImage
org.openscience.jchempaint.JCPPropertyHandler ERROR: ResourceString is null for: symbolAsImage
org.openscience.jchempaint.JCPPropertyHandler ERROR: Could not find resource: Can't find resource for bundle java.util.PropertyResourceBundle, key symbolSbImage
org.openscience.jchempaint.JCPPropertyHandler ERROR: ResourceString is null for: symbolSbImage
org.openscience.jchempaint.JCPPropertyHandler ERROR: Could not find resource: Can't find resource for bundle java.util.PropertyResourceBundle, key symbolTeImage
org.openscience.jchempaint.JCPPropertyHandler ERROR: ResourceString is null for: symbolTeImage
org.openscience.jchempaint.JCPPropertyHandler ERROR: Could not find resource: Can't find resource for bundle java.util.PropertyResourceBundle, key symbolPoImage
org.openscience.jchempaint.JCPPropertyHandler ERROR: ResourceString is null for: symbolPoImage
org.openscience.jchempaint.JCPPropertyHandler ERROR: Could not find resource: Can't find resource for bundle java.util.PropertyResourceBundle, key symbolFImage
org.openscience.jchempaint.JCPPropertyHandler ERROR: ResourceString is null for: symbolFImage
org.openscience.jchempaint.JCPPropertyHandler ERROR: Could not find resource: Can't find resource for bundle java.util.PropertyResourceBundle, key symbolClImage
org.openscience.jchempaint.JCPPropertyHandler ERROR: ResourceString is null for: symbolClImage
org.openscience.jchempaint.JCPPropertyHandler ERROR: Could not find resource: Can't find resource for bundle java.util.PropertyResourceBundle, key symbolBrImage
org.openscience.jchempaint.JCPPropertyHandler ERROR: ResourceString is null for: symbolBrImage
org.openscience.jchempaint.JCPPropertyHandler ERROR: Could not find resource: Can't find resource for bundle java.util.PropertyResourceBundle, key symbolIImage
org.openscience.jchempaint.JCPPropertyHandler ERROR: ResourceString is null for: symbolIImage
org.openscience.jchempaint.JCPPropertyHandler ERROR: Could not find resource: Can't find resource for bundle java.util.PropertyResourceBundle, key symbolHeImage
org.openscience.jchempaint.JCPPropertyHandler ERROR: ResourceString is null for: symbolHeImage
org.openscience.jchempaint.JCPPropertyHandler ERROR: Could not find resource: Can't find resource for bundle java.util.PropertyResourceBundle, key symbolNeImage
org.openscience.jchempaint.JCPPropertyHandler ERROR: ResourceString is null for: symbolNeImage
org.openscience.jchempaint.JCPPropertyHandler ERROR: Could not find resource: Can't find resource for bundle java.util.PropertyResourceBundle, key symbolArImage
org.openscience.jchempaint.JCPPropertyHandler ERROR: ResourceString is null for: symbolArImage
org.openscience.jchempaint.JCPPropertyHandler ERROR: Could not find resource: Can't find resource for bundle java.util.PropertyResourceBundle, key cutDisabledImage
org.openscience.jchempaint.JCPPropertyHandler ERROR: ResourceString is null for: cutDisabledImage
org.openscience.jchempaint.JCPPropertyHandler ERROR: Could not find resource: Can't find resource for bundle java.util.PropertyResourceBundle, key copyDisabledImage
org.openscience.jchempaint.JCPPropertyHandler ERROR: ResourceString is null for: copyDisabledImage
org.openscience.jchempaint.JCPPropertyHandler ERROR: Could not find resource: Can't find resource for bundle java.util.PropertyResourceBundle, key eraserDisabledImage
org.openscience.jchempaint.JCPPropertyHandler ERROR: ResourceString is null for: eraserDisabledImage
org.openscience.jchempaint.JCPPropertyHandler ERROR: Could not find resource: Can't find resource for bundle java.util.PropertyResourceBundle, key selectFromChemObjectImage
org.openscience.jchempaint.JCPPropertyHandler ERROR: ResourceString is null for: selectFromChemObjectImage
org.openscience.jchempaint.JCPPropertyHandler ERROR: Could not find resource: Can't find resource for bundle java.util.PropertyResourceBundle, key selectAllImage
org.openscience.jchempaint.JCPPropertyHandler ERROR: ResourceString is null for: selectAllImage
org.openscience.jchempaint.JCPPropertyHandler ERROR: Could not find resource: Can't find resource for bundle java.util.PropertyResourceBundle, key addReactantToNewReactionImage
org.openscience.jchempaint.JCPPropertyHandler ERROR: ResourceString is null for: addReactantToNewReactionImage
org.openscience.jchempaint.JCPPropertyHandler ERROR: Could not find resource: Can't find resource for bundle java.util.PropertyResourceBundle, key addReactantToExistingReactionImage
org.openscience.jchempaint.JCPPropertyHandler ERROR: ResourceString is null for: addReactantToExistingReactionImage
org.openscience.jchempaint.JCPPropertyHandler ERROR: Could not find resource: Can't find resource for bundle java.util.PropertyResourceBundle, key addProductToNewReactionImage
org.openscience.jchempaint.JCPPropertyHandler ERROR: ResourceString is null for: addProductToNewReactionImage
org.openscience.jchempaint.JCPPropertyHandler ERROR: Could not find resource: Can't find resource for bundle java.util.PropertyResourceBundle, key addProductToExistingReactionImage
org.openscience.jchempaint.JCPPropertyHandler ERROR: ResourceString is null for: addProductToExistingReactionImage
org.openscience.jchempaint.JCPPropertyHandler ERROR: Could not find resource: Can't find resource for bundle java.util.PropertyResourceBundle, key showChemObjectPropertiesImage
org.openscience.jchempaint.JCPPropertyHandler ERROR: ResourceString is null for: showChemObjectPropertiesImage
org.openscience.jchempaint.JCPPropertyHandler ERROR: Could not find resource: Can't find resource for bundle java.util.PropertyResourceBundle, key showACPropertiesImage
org.openscience.jchempaint.JCPPropertyHandler ERROR: ResourceString is null for: showACPropertiesImage
org.openscience.jchempaint.JCPPropertyHandler ERROR: Could not find resource: Can't find resource for bundle java.util.PropertyResourceBundle, key bondDisabledImage
org.openscience.jchempaint.JCPPropertyHandler ERROR: ResourceString is null for: bondDisabledImage
org.openscience.jchempaint.JCPPropertyHandler ERROR: Could not find resource: Can't find resource for bundle java.util.PropertyResourceBundle, key double_bondDisabledImage
org.openscience.jchempaint.JCPPropertyHandler ERROR: ResourceString is null for: double_bondDisabledImage
org.openscience.jchempaint.JCPPropertyHandler ERROR: Could not find resource: Can't find resource for bundle java.util.PropertyResourceBundle, key triple_bondDisabledImage
org.openscience.jchempaint.JCPPropertyHandler ERROR: ResourceString is null for: triple_bondDisabledImage
org.openscience.jchempaint.JCPPropertyHandler ERROR: Could not find resource: Can't find resource for bundle java.util.PropertyResourceBundle, key quad_bondDisabledImage
org.openscience.jchempaint.JCPPropertyHandler ERROR: ResourceString is null for: quad_bondDisabledImage
org.openscience.jchempaint.JCPPropertyHandler ERROR: Could not find resource: Can't find resource for bundle java.util.PropertyResourceBundle, key up_bondDisabledImage
org.openscience.jchempaint.JCPPropertyHandler ERROR: ResourceString is null for: up_bondDisabledImage
org.openscience.jchempaint.JCPPropertyHandler ERROR: Could not find resource: Can't find resource for bundle java.util.PropertyResourceBundle, key down_bondDisabledImage
org.openscience.jchempaint.JCPPropertyHandler ERROR: ResourceString is null for: down_bondDisabledImage
org.openscience.jchempaint.JCPPropertyHandler ERROR: Could not find resource: Can't find resource for bundle java.util.PropertyResourceBundle, key undefined_bondDisabledImage
org.openscience.jchempaint.JCPPropertyHandler ERROR: ResourceString is null for: undefined_bondDisabledImage
org.openscience.jchempaint.JCPPropertyHandler ERROR: Could not find resource: Can't find resource for bundle java.util.PropertyResourceBundle, key undefined_stereo_bondDisabledImage
org.openscience.jchempaint.JCPPropertyHandler ERROR: ResourceString is null for: undefined_stereo_bondDisabledImage
org.openscience.jchempaint.JCPPropertyHandler ERROR: Could not find resource: Can't find resource for bundle java.util.PropertyResourceBundle, key setBondApoAction1Image
org.openscience.jchempaint.JCPPropertyHandler ERROR: ResourceString is null for: setBondApoAction1Image
org.openscience.jchempaint.JCPPropertyHandler ERROR: Could not find resource: Can't find resource for bundle java.util.PropertyResourceBundle, key setBondApoAction2Image
org.openscience.jchempaint.JCPPropertyHandler ERROR: ResourceString is null for: setBondApoAction2Image
org.openscience.jchempaint.JCPPropertyHandler ERROR: Could not find resource: Can't find resource for bundle java.util.PropertyResourceBundle, key cutDisabledImage
org.openscience.jchempaint.JCPPropertyHandler ERROR: ResourceString is null for: cutDisabledImage
org.openscience.jchempaint.JCPPropertyHandler ERROR: Could not find resource: Can't find resource for bundle java.util.PropertyResourceBundle, key copyDisabledImage
org.openscience.jchempaint.JCPPropertyHandler ERROR: ResourceString is null for: copyDisabledImage
org.openscience.jchempaint.JCPPropertyHandler ERROR: Could not find resource: Can't find resource for bundle java.util.PropertyResourceBundle, key eraserDisabledImage
org.openscience.jchempaint.JCPPropertyHandler ERROR: ResourceString is null for: eraserDisabledImage
org.openscience.jchempaint.JCPPropertyHandler ERROR: Could not find resource: Can't find resource for bundle java.util.PropertyResourceBundle, key selectFromChemObjectImage
org.openscience.jchempaint.JCPPropertyHandler ERROR: ResourceString is null for: selectFromChemObjectImage
org.openscience.jchempaint.JCPPropertyHandler ERROR: Could not find resource: Can't find resource for bundle java.util.PropertyResourceBundle, key selectAllImage
org.openscience.jchempaint.JCPPropertyHandler ERROR: ResourceString is null for: selectAllImage
org.openscience.jchempaint.JCPPropertyHandler ERROR: Could not find resource: Can't find resource for bundle java.util.PropertyResourceBundle, key addReactantToNewReactionImage
org.openscience.jchempaint.JCPPropertyHandler ERROR: ResourceString is null for: addReactantToNewReactionImage
org.openscience.jchempaint.JCPPropertyHandler ERROR: Could not find resource: Can't find resource for bundle java.util.PropertyResourceBundle, key addReactantToExistingReactionImage
org.openscience.jchempaint.JCPPropertyHandler ERROR: ResourceString is null for: addReactantToExistingReactionImage
org.openscience.jchempaint.JCPPropertyHandler ERROR: Could not find resource: Can't find resource for bundle java.util.PropertyResourceBundle, key addProductToNewReactionImage
org.openscience.jchempaint.JCPPropertyHandler ERROR: ResourceString is null for: addProductToNewReactionImage
org.openscience.jchempaint.JCPPropertyHandler ERROR: Could not find resource: Can't find resource for bundle java.util.PropertyResourceBundle, key addProductToExistingReactionImage
org.openscience.jchempaint.JCPPropertyHandler ERROR: ResourceString is null for: addProductToExistingReactionImage
org.openscience.jchempaint.JCPPropertyHandler ERROR: Could not find resource: Can't find resource for bundle java.util.PropertyResourceBundle, key showChemObjectPropertiesImage
org.openscience.jchempaint.JCPPropertyHandler ERROR: ResourceString is null for: showChemObjectPropertiesImage
org.openscience.jchempaint.JCPPropertyHandler ERROR: Could not find resource: Can't find resource for bundle java.util.PropertyResourceBundle, key showACPropertiesImage
org.openscience.jchempaint.JCPPropertyHandler ERROR: ResourceString is null for: showACPropertiesImage
org.openscience.jchempaint.JCPPropertyHandler ERROR: Could not find resource: Can't find resource for bundle java.util.PropertyResourceBundle, key hydroonImage
org.openscience.jchempaint.JCPPropertyHandler ERROR: ResourceString is null for: hydroonImage
org.openscience.jchempaint.JCPPropertyHandler ERROR: Could not find resource: Can't find resource for bundle java.util.PropertyResourceBundle, key hydrooffImage
org.openscience.jchempaint.JCPPropertyHandler ERROR: ResourceString is null for: hydrooffImage
org.openscience.jchempaint.JCPPropertyHandler ERROR: Could not find resource: Can't find resource for bundle java.util.PropertyResourceBundle, key cleanupDisabledImage
org.openscience.jchempaint.JCPPropertyHandler ERROR: ResourceString is null for: cleanupDisabledImage
org.openscience.jchempaint.JCPPropertyHandler ERROR: Could not find resource: Can't find resource for bundle java.util.PropertyResourceBundle, key setRootImage
org.openscience.jchempaint.JCPPropertyHandler ERROR: ResourceString is null for: setRootImage
org.openscience.jchempaint.JCPPropertyHandler ERROR: Could not find resource: Can't find resource for bundle java.util.PropertyResourceBundle, key setSubstituteImage
org.openscience.jchempaint.JCPPropertyHandler ERROR: ResourceString is null for: setSubstituteImage
org.openscience.jchempaint.JCPPropertyHandler ERROR: Could not find resource: Can't find resource for bundle java.util.PropertyResourceBundle, key rgpAdvancedImage
org.openscience.jchempaint.JCPPropertyHandler ERROR: ResourceString is null for: rgpAdvancedImage
org.openscience.jchempaint.JCPPropertyHandler ERROR: Could not find resource: Can't find resource for bundle java.util.PropertyResourceBundle, key rgpGenerateImage
org.openscience.jchempaint.JCPPropertyHandler ERROR: ResourceString is null for: rgpGenerateImage
org.openscience.jchempaint.JCPPropertyHandler ERROR: Could not find resource: Can't find resource for bundle java.util.PropertyResourceBundle, key clearRgroupImage
org.openscience.jchempaint.JCPPropertyHandler ERROR: ResourceString is null for: clearRgroupImage
org.openscience.jchempaint.JCPPropertyHandler ERROR: Could not find resource: Can't find resource for bundle java.util.PropertyResourceBundle, key cutDisabledImage
org.openscience.jchempaint.JCPPropertyHandler ERROR: ResourceString is null for: cutDisabledImage
org.openscience.jchempaint.JCPPropertyHandler ERROR: Could not find resource: Can't find resource for bundle java.util.PropertyResourceBundle, key copyDisabledImage
org.openscience.jchempaint.JCPPropertyHandler ERROR: ResourceString is null for: copyDisabledImage
org.openscience.jchempaint.JCPPropertyHandler ERROR: Could not find resource: Can't find resource for bundle java.util.PropertyResourceBundle, key eraserDisabledImage
org.openscience.jchempaint.JCPPropertyHandler ERROR: ResourceString is null for: eraserDisabledImage
org.openscience.jchempaint.JCPPropertyHandler ERROR: Could not find resource: Can't find resource for bundle java.util.PropertyResourceBundle, key selectFromChemObjectImage
org.openscience.jchempaint.JCPPropertyHandler ERROR: ResourceString is null for: selectFromChemObjectImage
org.openscience.jchempaint.JCPPropertyHandler ERROR: Could not find resource: Can't find resource for bundle java.util.PropertyResourceBundle, key selectAllImage
org.openscience.jchempaint.JCPPropertyHandler ERROR: ResourceString is null for: selectAllImage
dec 13, 2024 9:33:50 A.M. org.fest.swing.monitor.ProtectingTimerTask handleException
WARNING: Exception thrown by a TimerTask
java.lang.reflect.InaccessibleObjectException: Unable to make field int java.util.TimerTask.state accessible: module java.base does not "opens java.util" to unnamed module @32e6e9c3
	at java.base/java.lang.reflect.AccessibleObject.throwInaccessibleObjectException(AccessibleObject.java:388)
	at java.base/java.lang.reflect.AccessibleObject.checkCanSetAccessible(AccessibleObject.java:364)
	at java.base/java.lang.reflect.AccessibleObject.checkCanSetAccessible(AccessibleObject.java:312)
	at java.base/java.lang.reflect.Field.checkCanSetAccessible(Field.java:183)
	at java.base/java.lang.reflect.Field.setAccessible(Field.java:177)
	at org.fest.reflect.util.Accessibles$SetAccessibleAction.run(Accessibles.java:71)
	at org.fest.reflect.util.Accessibles$SetAccessibleAction.run(Accessibles.java:61)
	at java.base/java.security.AccessController.doPrivileged(AccessController.java:319)
	at org.fest.reflect.util.Accessibles.setAccessible(Accessibles.java:58)
	at org.fest.reflect.util.Accessibles.makeAccessible(Accessibles.java:47)
	at org.fest.reflect.field.Invoker.verifyCorrectType(Invoker.java:89)
	at org.fest.reflect.field.Invoker.createInvoker(Invoker.java:65)
	at org.fest.reflect.field.Invoker.newInvoker(Invoker.java:59)
	at org.fest.reflect.field.FieldType.in(FieldType.java:61)
	at org.fest.swing.monitor.ProtectingTimerTask.isCanceled(ProtectingTimerTask.java:58)
	at org.fest.swing.monitor.ProtectingTimerTask.run(ProtectingTimerTask.java:44)
	at java.base/java.util.TimerThread.mainLoop(Timer.java:572)
	at java.base/java.util.TimerThread.run(Timer.java:522)

dec 13, 2024 9:33:54 A.M. org.fest.swing.monitor.ProtectingTimerTask handleException
WARNING: Exception thrown by a TimerTask
java.lang.reflect.InaccessibleObjectException: Unable to make field int java.util.TimerTask.state accessible: module java.base does not "opens java.util" to unnamed module @32e6e9c3
	at java.base/java.lang.reflect.AccessibleObject.throwInaccessibleObjectException(AccessibleObject.java:388)
	at java.base/java.lang.reflect.AccessibleObject.checkCanSetAccessible(AccessibleObject.java:364)
	at java.base/java.lang.reflect.AccessibleObject.checkCanSetAccessible(AccessibleObject.java:312)
	at java.base/java.lang.reflect.Field.checkCanSetAccessible(Field.java:183)
	at java.base/java.lang.reflect.Field.setAccessible(Field.java:177)
	at org.fest.reflect.util.Accessibles$SetAccessibleAction.run(Accessibles.java:71)
	at org.fest.reflect.util.Accessibles$SetAccessibleAction.run(Accessibles.java:61)
	at java.base/java.security.AccessController.doPrivileged(AccessController.java:319)
	at org.fest.reflect.util.Accessibles.setAccessible(Accessibles.java:58)
	at org.fest.reflect.util.Accessibles.makeAccessible(Accessibles.java:47)
	at org.fest.reflect.field.Invoker.verifyCorrectType(Invoker.java:89)
	at org.fest.reflect.field.Invoker.createInvoker(Invoker.java:65)
	at org.fest.reflect.field.Invoker.newInvoker(Invoker.java:59)
	at org.fest.reflect.field.FieldType.in(FieldType.java:61)
	at org.fest.swing.monitor.ProtectingTimerTask.isCanceled(ProtectingTimerTask.java:58)
	at org.fest.swing.monitor.ProtectingTimerTask.run(ProtectingTimerTask.java:44)
	at java.base/java.util.TimerThread.mainLoop(Timer.java:572)
	at java.base/java.util.TimerThread.run(Timer.java:522)

Exception in thread "AWT-EventQueue-0" org.openscience.cdk.exception.NoSuchAtomException: Atom is not a member of this AtomContainer
	at org.openscience.cdk.AtomContainer2.getAtomRef(AtomContainer2.java:180)
	at org.openscience.cdk.AtomContainer2.newBondRef(AtomContainer2.java:232)
	at org.openscience.cdk.AtomContainer2.addBond(AtomContainer2.java:995)
	at org.openscience.cdk.AtomContainer2.addElectronContainer(AtomContainer2.java:1031)
	at org.openscience.jchempaint.controller.AddBondDragModule.mouseClickedUp(AddBondDragModule.java:223)
	at org.openscience.jchempaint.controller.ControllerModuleAdapter.mouseClickedUp(ControllerModuleAdapter.java:81)
	at org.openscience.jchempaint.controller.ControllerHub.mouseClickedUp(ControllerHub.java:308)
	at org.openscience.jchempaint.controller.SwingMouseEventRelay.mouseReleased(SwingMouseEventRelay.java:107)
	at java.desktop/java.awt.AWTEventMulticaster.mouseReleased(AWTEventMulticaster.java:297)
	at java.desktop/java.awt.Component.processMouseEvent(Component.java:6621)
	at java.desktop/javax.swing.JComponent.processMouseEvent(JComponent.java:3404)
	at java.desktop/java.awt.Component.processEvent(Component.java:6386)
	at java.desktop/java.awt.Container.processEvent(Container.java:2266)
	at java.desktop/java.awt.Component.dispatchEventImpl(Component.java:4996)
	at java.desktop/java.awt.Container.dispatchEventImpl(Container.java:2324)
	at java.desktop/java.awt.Component.dispatchEvent(Component.java:4828)
	at java.desktop/java.awt.LightweightDispatcher.retargetMouseEvent(Container.java:4948)
	at java.desktop/java.awt.LightweightDispatcher.processMouseEvent(Container.java:4575)
	at java.desktop/java.awt.LightweightDispatcher.dispatchEvent(Container.java:4516)
	at java.desktop/java.awt.Container.dispatchEventImpl(Container.java:2310)
	at java.desktop/java.awt.Component.dispatchEvent(Component.java:4828)
	at java.desktop/java.awt.EventQueue.dispatchEventImpl(EventQueue.java:775)
	at java.desktop/java.awt.EventQueue$4.run(EventQueue.java:720)
	at java.desktop/java.awt.EventQueue$4.run(EventQueue.java:714)
	at java.base/java.security.AccessController.doPrivileged(AccessController.java:400)
	at java.base/java.security.ProtectionDomain$JavaSecurityAccessImpl.doIntersectionPrivilege(ProtectionDomain.java:87)
	at java.base/java.security.ProtectionDomain$JavaSecurityAccessImpl.doIntersectionPrivilege(ProtectionDomain.java:98)
	at java.desktop/java.awt.EventQueue$5.run(EventQueue.java:747)
	at java.desktop/java.awt.EventQueue$5.run(EventQueue.java:745)
	at java.base/java.security.AccessController.doPrivileged(AccessController.java:400)
	at java.base/java.security.ProtectionDomain$JavaSecurityAccessImpl.doIntersectionPrivilege(ProtectionDomain.java:87)
	at java.desktop/java.awt.EventQueue.dispatchEvent(EventQueue.java:744)
	at java.desktop/java.awt.EventDispatchThread.pumpOneEventForFilters(EventDispatchThread.java:203)
	at java.desktop/java.awt.EventDispatchThread.pumpEventsForFilter(EventDispatchThread.java:124)
	at java.desktop/java.awt.EventDispatchThread.pumpEventsForHierarchy(EventDispatchThread.java:113)
	at java.desktop/java.awt.EventDispatchThread.pumpEvents(EventDispatchThread.java:109)
	at java.desktop/java.awt.EventDispatchThread.pumpEvents(EventDispatchThread.java:101)
	at java.desktop/java.awt.EventDispatchThread.run(EventDispatchThread.java:90)
dec 13, 2024 9:34:01 A.M. org.fest.swing.monitor.ProtectingTimerTask handleException
WARNING: Exception thrown by a TimerTask
java.lang.reflect.InaccessibleObjectException: Unable to make field int java.util.TimerTask.state accessible: module java.base does not "opens java.util" to unnamed module @32e6e9c3
	at java.base/java.lang.reflect.AccessibleObject.throwInaccessibleObjectException(AccessibleObject.java:388)
	at java.base/java.lang.reflect.AccessibleObject.checkCanSetAccessible(AccessibleObject.java:364)
	at java.base/java.lang.reflect.AccessibleObject.checkCanSetAccessible(AccessibleObject.java:312)
	at java.base/java.lang.reflect.Field.checkCanSetAccessible(Field.java:183)
	at java.base/java.lang.reflect.Field.setAccessible(Field.java:177)
	at org.fest.reflect.util.Accessibles$SetAccessibleAction.run(Accessibles.java:71)
	at org.fest.reflect.util.Accessibles$SetAccessibleAction.run(Accessibles.java:61)
	at java.base/java.security.AccessController.doPrivileged(AccessController.java:319)
	at org.fest.reflect.util.Accessibles.setAccessible(Accessibles.java:58)
	at org.fest.reflect.util.Accessibles.makeAccessible(Accessibles.java:47)
	at org.fest.reflect.field.Invoker.verifyCorrectType(Invoker.java:89)
	at org.fest.reflect.field.Invoker.createInvoker(Invoker.java:65)
	at org.fest.reflect.field.Invoker.newInvoker(Invoker.java:59)
	at org.fest.reflect.field.FieldType.in(FieldType.java:61)
	at org.fest.swing.monitor.ProtectingTimerTask.isCanceled(ProtectingTimerTask.java:58)
	at org.fest.swing.monitor.ProtectingTimerTask.run(ProtectingTimerTask.java:44)
	at java.base/java.util.TimerThread.mainLoop(Timer.java:572)
	at java.base/java.util.TimerThread.run(Timer.java:522)

dec 13, 2024 9:34:01 A.M. org.fest.swing.monitor.ProtectingTimerTask handleException
WARNING: Exception thrown by a TimerTask
java.lang.reflect.InaccessibleObjectException: Unable to make field int java.util.TimerTask.state accessible: module java.base does not "opens java.util" to unnamed module @32e6e9c3
	at java.base/java.lang.reflect.AccessibleObject.throwInaccessibleObjectException(AccessibleObject.java:388)
	at java.base/java.lang.reflect.AccessibleObject.checkCanSetAccessible(AccessibleObject.java:364)
	at java.base/java.lang.reflect.AccessibleObject.checkCanSetAccessible(AccessibleObject.java:312)
	at java.base/java.lang.reflect.Field.checkCanSetAccessible(Field.java:183)
	at java.base/java.lang.reflect.Field.setAccessible(Field.java:177)
	at org.fest.reflect.util.Accessibles$SetAccessibleAction.run(Accessibles.java:71)
	at org.fest.reflect.util.Accessibles$SetAccessibleAction.run(Accessibles.java:61)
	at java.base/java.security.AccessController.doPrivileged(AccessController.java:319)
	at org.fest.reflect.util.Accessibles.setAccessible(Accessibles.java:58)
	at org.fest.reflect.util.Accessibles.makeAccessible(Accessibles.java:47)
	at org.fest.reflect.field.Invoker.verifyCorrectType(Invoker.java:89)
	at org.fest.reflect.field.Invoker.createInvoker(Invoker.java:65)
	at org.fest.reflect.field.Invoker.newInvoker(Invoker.java:59)
	at org.fest.reflect.field.FieldType.in(FieldType.java:61)
	at org.fest.swing.monitor.ProtectingTimerTask.isCanceled(ProtectingTimerTask.java:58)
	at org.fest.swing.monitor.ProtectingTimerTask.run(ProtectingTimerTask.java:44)
	at java.base/java.util.TimerThread.mainLoop(Timer.java:572)
	at java.base/java.util.TimerThread.run(Timer.java:522)

dec 13, 2024 9:34:01 A.M. org.fest.swing.monitor.ProtectingTimerTask handleException
WARNING: Exception thrown by a TimerTask
java.lang.reflect.InaccessibleObjectException: Unable to make field int java.util.TimerTask.state accessible: module java.base does not "opens java.util" to unnamed module @32e6e9c3
	at java.base/java.lang.reflect.AccessibleObject.throwInaccessibleObjectException(AccessibleObject.java:388)
	at java.base/java.lang.reflect.AccessibleObject.checkCanSetAccessible(AccessibleObject.java:364)
	at java.base/java.lang.reflect.AccessibleObject.checkCanSetAccessible(AccessibleObject.java:312)
	at java.base/java.lang.reflect.Field.checkCanSetAccessible(Field.java:183)
	at java.base/java.lang.reflect.Field.setAccessible(Field.java:177)
	at org.fest.reflect.util.Accessibles$SetAccessibleAction.run(Accessibles.java:71)
	at org.fest.reflect.util.Accessibles$SetAccessibleAction.run(Accessibles.java:61)
	at java.base/java.security.AccessController.doPrivileged(AccessController.java:319)
	at org.fest.reflect.util.Accessibles.setAccessible(Accessibles.java:58)
	at org.fest.reflect.util.Accessibles.makeAccessible(Accessibles.java:47)
	at org.fest.reflect.field.Invoker.verifyCorrectType(Invoker.java:89)
	at org.fest.reflect.field.Invoker.createInvoker(Invoker.java:65)
	at org.fest.reflect.field.Invoker.newInvoker(Invoker.java:59)
	at org.fest.reflect.field.FieldType.in(FieldType.java:61)
	at org.fest.swing.monitor.ProtectingTimerTask.isCanceled(ProtectingTimerTask.java:58)
	at org.fest.swing.monitor.ProtectingTimerTask.run(ProtectingTimerTask.java:44)
	at java.base/java.util.TimerThread.mainLoop(Timer.java:572)
	at java.base/java.util.TimerThread.run(Timer.java:522)

dec 13, 2024 9:34:06 A.M. org.fest.swing.monitor.ProtectingTimerTask handleException
WARNING: Exception thrown by a TimerTask
java.lang.reflect.InaccessibleObjectException: Unable to make field int java.util.TimerTask.state accessible: module java.base does not "opens java.util" to unnamed module @32e6e9c3
	at java.base/java.lang.reflect.AccessibleObject.throwInaccessibleObjectException(AccessibleObject.java:388)
	at java.base/java.lang.reflect.AccessibleObject.checkCanSetAccessible(AccessibleObject.java:364)
	at java.base/java.lang.reflect.AccessibleObject.checkCanSetAccessible(AccessibleObject.java:312)
	at java.base/java.lang.reflect.Field.checkCanSetAccessible(Field.java:183)
	at java.base/java.lang.reflect.Field.setAccessible(Field.java:177)
	at org.fest.reflect.util.Accessibles$SetAccessibleAction.run(Accessibles.java:71)
	at org.fest.reflect.util.Accessibles$SetAccessibleAction.run(Accessibles.java:61)
	at java.base/java.security.AccessController.doPrivileged(AccessController.java:319)
	at org.fest.reflect.util.Accessibles.setAccessible(Accessibles.java:58)
	at org.fest.reflect.util.Accessibles.makeAccessible(Accessibles.java:47)
	at org.fest.reflect.field.Invoker.verifyCorrectType(Invoker.java:89)
	at org.fest.reflect.field.Invoker.createInvoker(Invoker.java:65)
	at org.fest.reflect.field.Invoker.newInvoker(Invoker.java:59)
	at org.fest.reflect.field.FieldType.in(FieldType.java:61)
	at org.fest.swing.monitor.ProtectingTimerTask.isCanceled(ProtectingTimerTask.java:58)
	at org.fest.swing.monitor.ProtectingTimerTask.run(ProtectingTimerTask.java:44)
	at java.base/java.util.TimerThread.mainLoop(Timer.java:572)
	at java.base/java.util.TimerThread.run(Timer.java:522)

dec 13, 2024 9:34:06 A.M. org.fest.swing.monitor.ProtectingTimerTask handleException
WARNING: Exception thrown by a TimerTask
java.lang.reflect.InaccessibleObjectException: Unable to make field int java.util.TimerTask.state accessible: module java.base does not "opens java.util" to unnamed module @32e6e9c3
	at java.base/java.lang.reflect.AccessibleObject.throwInaccessibleObjectException(AccessibleObject.java:388)
	at java.base/java.lang.reflect.AccessibleObject.checkCanSetAccessible(AccessibleObject.java:364)
	at java.base/java.lang.reflect.AccessibleObject.checkCanSetAccessible(AccessibleObject.java:312)
	at java.base/java.lang.reflect.Field.checkCanSetAccessible(Field.java:183)
	at java.base/java.lang.reflect.Field.setAccessible(Field.java:177)
	at org.fest.reflect.util.Accessibles$SetAccessibleAction.run(Accessibles.java:71)
	at org.fest.reflect.util.Accessibles$SetAccessibleAction.run(Accessibles.java:61)
	at java.base/java.security.AccessController.doPrivileged(AccessController.java:319)
	at org.fest.reflect.util.Accessibles.setAccessible(Accessibles.java:58)
	at org.fest.reflect.util.Accessibles.makeAccessible(Accessibles.java:47)
	at org.fest.reflect.field.Invoker.verifyCorrectType(Invoker.java:89)
	at org.fest.reflect.field.Invoker.createInvoker(Invoker.java:65)
	at org.fest.reflect.field.Invoker.newInvoker(Invoker.java:59)
	at org.fest.reflect.field.FieldType.in(FieldType.java:61)
	at org.fest.swing.monitor.ProtectingTimerTask.isCanceled(ProtectingTimerTask.java:58)
	at org.fest.swing.monitor.ProtectingTimerTask.run(ProtectingTimerTask.java:44)
	at java.base/java.util.TimerThread.mainLoop(Timer.java:572)
	at java.base/java.util.TimerThread.run(Timer.java:522)

dec 13, 2024 9:34:06 A.M. org.fest.swing.monitor.ProtectingTimerTask handleException
WARNING: Exception thrown by a TimerTask
java.lang.reflect.InaccessibleObjectException: Unable to make field int java.util.TimerTask.state accessible: module java.base does not "opens java.util" to unnamed module @32e6e9c3
	at java.base/java.lang.reflect.AccessibleObject.throwInaccessibleObjectException(AccessibleObject.java:388)
	at java.base/java.lang.reflect.AccessibleObject.checkCanSetAccessible(AccessibleObject.java:364)
	at java.base/java.lang.reflect.AccessibleObject.checkCanSetAccessible(AccessibleObject.java:312)
	at java.base/java.lang.reflect.Field.checkCanSetAccessible(Field.java:183)
	at java.base/java.lang.reflect.Field.setAccessible(Field.java:177)
	at org.fest.reflect.util.Accessibles$SetAccessibleAction.run(Accessibles.java:71)
	at org.fest.reflect.util.Accessibles$SetAccessibleAction.run(Accessibles.java:61)
	at java.base/java.security.AccessController.doPrivileged(AccessController.java:319)
	at org.fest.reflect.util.Accessibles.setAccessible(Accessibles.java:58)
	at org.fest.reflect.util.Accessibles.makeAccessible(Accessibles.java:47)
	at org.fest.reflect.field.Invoker.verifyCorrectType(Invoker.java:89)
	at org.fest.reflect.field.Invoker.createInvoker(Invoker.java:65)
	at org.fest.reflect.field.Invoker.newInvoker(Invoker.java:59)
	at org.fest.reflect.field.FieldType.in(FieldType.java:61)
	at org.fest.swing.monitor.ProtectingTimerTask.isCanceled(ProtectingTimerTask.java:58)
	at org.fest.swing.monitor.ProtectingTimerTask.run(ProtectingTimerTask.java:44)
	at java.base/java.util.TimerThread.mainLoop(Timer.java:572)
	at java.base/java.util.TimerThread.run(Timer.java:522)

dec 13, 2024 9:34:06 A.M. org.fest.swing.monitor.ProtectingTimerTask handleException
WARNING: Exception thrown by a TimerTask
java.lang.reflect.InaccessibleObjectException: Unable to make field int java.util.TimerTask.state accessible: module java.base does not "opens java.util" to unnamed module @32e6e9c3
	at java.base/java.lang.reflect.AccessibleObject.throwInaccessibleObjectException(AccessibleObject.java:388)
	at java.base/java.lang.reflect.AccessibleObject.checkCanSetAccessible(AccessibleObject.java:364)
	at java.base/java.lang.reflect.AccessibleObject.checkCanSetAccessible(AccessibleObject.java:312)
	at java.base/java.lang.reflect.Field.checkCanSetAccessible(Field.java:183)
	at java.base/java.lang.reflect.Field.setAccessible(Field.java:177)
	at org.fest.reflect.util.Accessibles$SetAccessibleAction.run(Accessibles.java:71)
	at org.fest.reflect.util.Accessibles$SetAccessibleAction.run(Accessibles.java:61)
	at java.base/java.security.AccessController.doPrivileged(AccessController.java:319)
	at org.fest.reflect.util.Accessibles.setAccessible(Accessibles.java:58)
	at org.fest.reflect.util.Accessibles.makeAccessible(Accessibles.java:47)
	at org.fest.reflect.field.Invoker.verifyCorrectType(Invoker.java:89)
	at org.fest.reflect.field.Invoker.createInvoker(Invoker.java:65)
	at org.fest.reflect.field.Invoker.newInvoker(Invoker.java:59)
	at org.fest.reflect.field.FieldType.in(FieldType.java:61)
	at org.fest.swing.monitor.ProtectingTimerTask.isCanceled(ProtectingTimerTask.java:58)
	at org.fest.swing.monitor.ProtectingTimerTask.run(ProtectingTimerTask.java:44)
	at java.base/java.util.TimerThread.mainLoop(Timer.java:572)
	at java.base/java.util.TimerThread.run(Timer.java:522)

org.openscience.jchempaint.action.JCPAction WARN:  Source is MenuBar. MenuBar items don't know about the source
]]></system-err>
  </testcase>
  <testcase name="testMenuIsotopeMajorPlusTwo" classname="org.openscience.jchempaint.MenuIsotopeTest" time="30.881">
    <error message="Clicking on menu item &lt;javax.swing.JMenu[name=&apos;atomMenu&apos;, text=&apos;Atom&apos;, selected=false, enabled=true, visible=true, showing=true]&gt; never showed a pop-up menu" type="org.fest.swing.exception.ActionFailedException"><![CDATA[org.fest.swing.exception.ActionFailedException: Clicking on menu item <javax.swing.JMenu[name='atomMenu', text='Atom', selected=false, enabled=true, visible=true, showing=true]> never showed a pop-up menu
	at org.fest.swing.exception.ActionFailedException.actionFailure(ActionFailedException.java:33)
	at org.fest.swing.driver.JMenuItemDriver.ensurePopupIsShowing(JMenuItemDriver.java:137)
	at org.fest.swing.driver.JMenuItemDriver.click(JMenuItemDriver.java:73)
	at org.fest.swing.driver.JMenuItemDriver.activateParentIfIsAMenu(JMenuItemDriver.java:97)
	at org.fest.swing.driver.JMenuItemDriver.show(JMenuItemDriver.java:79)
	at org.fest.swing.driver.JMenuItemDriver.click(JMenuItemDriver.java:71)
	at org.fest.swing.fixture.JMenuItemFixture.click(JMenuItemFixture.java:84)
	at org.openscience.jchempaint.MenuIsotopeTest.genericIsotopeTest(MenuIsotopeTest.java:42)
	at org.openscience.jchempaint.MenuIsotopeTest.testMenuIsotopeMajorPlusTwo(MenuIsotopeTest.java:20)
	at java.base/jdk.internal.reflect.DirectMethodHandleAccessor.invoke(DirectMethodHandleAccessor.java:103)
	at java.base/java.lang.reflect.Method.invoke(Method.java:580)
	at org.junit.runners.model.FrameworkMethod$1.runReflectiveCall(FrameworkMethod.java:59)
	at org.junit.internal.runners.model.ReflectiveCallable.run(ReflectiveCallable.java:12)
	at org.junit.runners.model.FrameworkMethod.invokeExplosively(FrameworkMethod.java:56)
	at org.junit.internal.runners.statements.InvokeMethod.evaluate(InvokeMethod.java:17)
	at org.junit.runners.ParentRunner$3.evaluate(ParentRunner.java:306)
	at org.junit.runners.BlockJUnit4ClassRunner$1.evaluate(BlockJUnit4ClassRunner.java:100)
	at org.junit.runners.ParentRunner.runLeaf(ParentRunner.java:366)
	at org.junit.runners.BlockJUnit4ClassRunner.runChild(BlockJUnit4ClassRunner.java:103)
	at org.junit.runners.BlockJUnit4ClassRunner.runChild(BlockJUnit4ClassRunner.java:63)
	at org.junit.runners.ParentRunner$4.run(ParentRunner.java:331)
	at org.junit.runners.ParentRunner$1.schedule(ParentRunner.java:79)
	at org.junit.runners.ParentRunner.runChildren(ParentRunner.java:329)
	at org.junit.runners.ParentRunner.access$100(ParentRunner.java:66)
	at org.junit.runners.ParentRunner$2.evaluate(ParentRunner.java:293)
	at org.junit.internal.runners.statements.RunBefores.evaluate(RunBefores.java:26)
	at org.junit.internal.runners.statements.RunAfters.evaluate(RunAfters.java:27)
	at org.junit.runners.ParentRunner$3.evaluate(ParentRunner.java:306)
	at org.junit.runners.ParentRunner.run(ParentRunner.java:413)
	at org.apache.maven.surefire.junit4.JUnit4Provider.execute(JUnit4Provider.java:316)
	at org.apache.maven.surefire.junit4.JUnit4Provider.executeWithRerun(JUnit4Provider.java:240)
	at org.apache.maven.surefire.junit4.JUnit4Provider.executeTestSet(JUnit4Provider.java:214)
	at org.apache.maven.surefire.junit4.JUnit4Provider.invoke(JUnit4Provider.java:155)
	at org.apache.maven.surefire.booter.ForkedBooter.runSuitesInProcess(ForkedBooter.java:385)
	at org.apache.maven.surefire.booter.ForkedBooter.execute(ForkedBooter.java:162)
	at org.apache.maven.surefire.booter.ForkedBooter.run(ForkedBooter.java:507)
	at org.apache.maven.surefire.booter.ForkedBooter.main(ForkedBooter.java:495)
]]></error>
    <system-out><![CDATA[action iz setRoot
action iz setRoot
action iz setRoot
]]></system-out>
    <system-err><![CDATA[dec 13, 2024 9:34:19 A.M. org.fest.swing.monitor.ProtectingTimerTask handleException
WARNING: Exception thrown by a TimerTask
java.lang.reflect.InaccessibleObjectException: Unable to make field int java.util.TimerTask.state accessible: module java.base does not "opens java.util" to unnamed module @32e6e9c3
	at java.base/java.lang.reflect.AccessibleObject.throwInaccessibleObjectException(AccessibleObject.java:388)
	at java.base/java.lang.reflect.AccessibleObject.checkCanSetAccessible(AccessibleObject.java:364)
	at java.base/java.lang.reflect.AccessibleObject.checkCanSetAccessible(AccessibleObject.java:312)
	at java.base/java.lang.reflect.Field.checkCanSetAccessible(Field.java:183)
	at java.base/java.lang.reflect.Field.setAccessible(Field.java:177)
	at org.fest.reflect.util.Accessibles$SetAccessibleAction.run(Accessibles.java:71)
	at org.fest.reflect.util.Accessibles$SetAccessibleAction.run(Accessibles.java:61)
	at java.base/java.security.AccessController.doPrivileged(AccessController.java:319)
	at org.fest.reflect.util.Accessibles.setAccessible(Accessibles.java:58)
	at org.fest.reflect.util.Accessibles.makeAccessible(Accessibles.java:47)
	at org.fest.reflect.field.Invoker.verifyCorrectType(Invoker.java:89)
	at org.fest.reflect.field.Invoker.createInvoker(Invoker.java:65)
	at org.fest.reflect.field.Invoker.newInvoker(Invoker.java:59)
	at org.fest.reflect.field.FieldType.in(FieldType.java:61)
	at org.fest.swing.monitor.ProtectingTimerTask.isCanceled(ProtectingTimerTask.java:58)
	at org.fest.swing.monitor.ProtectingTimerTask.run(ProtectingTimerTask.java:44)
	at java.base/java.util.TimerThread.mainLoop(Timer.java:572)
	at java.base/java.util.TimerThread.run(Timer.java:522)

dec 13, 2024 9:34:19 A.M. org.fest.swing.monitor.ProtectingTimerTask handleException
WARNING: Exception thrown by a TimerTask
java.lang.reflect.InaccessibleObjectException: Unable to make field int java.util.TimerTask.state accessible: module java.base does not "opens java.util" to unnamed module @32e6e9c3
	at java.base/java.lang.reflect.AccessibleObject.throwInaccessibleObjectException(AccessibleObject.java:388)
	at java.base/java.lang.reflect.AccessibleObject.checkCanSetAccessible(AccessibleObject.java:364)
	at java.base/java.lang.reflect.AccessibleObject.checkCanSetAccessible(AccessibleObject.java:312)
	at java.base/java.lang.reflect.Field.checkCanSetAccessible(Field.java:183)
	at java.base/java.lang.reflect.Field.setAccessible(Field.java:177)
	at org.fest.reflect.util.Accessibles$SetAccessibleAction.run(Accessibles.java:71)
	at org.fest.reflect.util.Accessibles$SetAccessibleAction.run(Accessibles.java:61)
	at java.base/java.security.AccessController.doPrivileged(AccessController.java:319)
	at org.fest.reflect.util.Accessibles.setAccessible(Accessibles.java:58)
	at org.fest.reflect.util.Accessibles.makeAccessible(Accessibles.java:47)
	at org.fest.reflect.field.Invoker.verifyCorrectType(Invoker.java:89)
	at org.fest.reflect.field.Invoker.createInvoker(Invoker.java:65)
	at org.fest.reflect.field.Invoker.newInvoker(Invoker.java:59)
	at org.fest.reflect.field.FieldType.in(FieldType.java:61)
	at org.fest.swing.monitor.ProtectingTimerTask.isCanceled(ProtectingTimerTask.java:58)
	at org.fest.swing.monitor.ProtectingTimerTask.run(ProtectingTimerTask.java:44)
	at java.base/java.util.TimerThread.mainLoop(Timer.java:572)
	at java.base/java.util.TimerThread.run(Timer.java:522)

dec 13, 2024 9:34:19 A.M. org.fest.swing.monitor.ProtectingTimerTask handleException
WARNING: Exception thrown by a TimerTask
java.lang.reflect.InaccessibleObjectException: Unable to make field int java.util.TimerTask.state accessible: module java.base does not "opens java.util" to unnamed module @32e6e9c3
	at java.base/java.lang.reflect.AccessibleObject.throwInaccessibleObjectException(AccessibleObject.java:388)
	at java.base/java.lang.reflect.AccessibleObject.checkCanSetAccessible(AccessibleObject.java:364)
	at java.base/java.lang.reflect.AccessibleObject.checkCanSetAccessible(AccessibleObject.java:312)
	at java.base/java.lang.reflect.Field.checkCanSetAccessible(Field.java:183)
	at java.base/java.lang.reflect.Field.setAccessible(Field.java:177)
	at org.fest.reflect.util.Accessibles$SetAccessibleAction.run(Accessibles.java:71)
	at org.fest.reflect.util.Accessibles$SetAccessibleAction.run(Accessibles.java:61)
	at java.base/java.security.AccessController.doPrivileged(AccessController.java:319)
	at org.fest.reflect.util.Accessibles.setAccessible(Accessibles.java:58)
	at org.fest.reflect.util.Accessibles.makeAccessible(Accessibles.java:47)
	at org.fest.reflect.field.Invoker.verifyCorrectType(Invoker.java:89)
	at org.fest.reflect.field.Invoker.createInvoker(Invoker.java:65)
	at org.fest.reflect.field.Invoker.newInvoker(Invoker.java:59)
	at org.fest.reflect.field.FieldType.in(FieldType.java:61)
	at org.fest.swing.monitor.ProtectingTimerTask.isCanceled(ProtectingTimerTask.java:58)
	at org.fest.swing.monitor.ProtectingTimerTask.run(ProtectingTimerTask.java:44)
	at java.base/java.util.TimerThread.mainLoop(Timer.java:572)
	at java.base/java.util.TimerThread.run(Timer.java:522)

dec 13, 2024 9:34:19 A.M. org.fest.swing.monitor.ProtectingTimerTask handleException
WARNING: Exception thrown by a TimerTask
java.lang.reflect.InaccessibleObjectException: Unable to make field int java.util.TimerTask.state accessible: module java.base does not "opens java.util" to unnamed module @32e6e9c3
	at java.base/java.lang.reflect.AccessibleObject.throwInaccessibleObjectException(AccessibleObject.java:388)
	at java.base/java.lang.reflect.AccessibleObject.checkCanSetAccessible(AccessibleObject.java:364)
	at java.base/java.lang.reflect.AccessibleObject.checkCanSetAccessible(AccessibleObject.java:312)
	at java.base/java.lang.reflect.Field.checkCanSetAccessible(Field.java:183)
	at java.base/java.lang.reflect.Field.setAccessible(Field.java:177)
	at org.fest.reflect.util.Accessibles$SetAccessibleAction.run(Accessibles.java:71)
	at org.fest.reflect.util.Accessibles$SetAccessibleAction.run(Accessibles.java:61)
	at java.base/java.security.AccessController.doPrivileged(AccessController.java:319)
	at org.fest.reflect.util.Accessibles.setAccessible(Accessibles.java:58)
	at org.fest.reflect.util.Accessibles.makeAccessible(Accessibles.java:47)
	at org.fest.reflect.field.Invoker.verifyCorrectType(Invoker.java:89)
	at org.fest.reflect.field.Invoker.createInvoker(Invoker.java:65)
	at org.fest.reflect.field.Invoker.newInvoker(Invoker.java:59)
	at org.fest.reflect.field.FieldType.in(FieldType.java:61)
	at org.fest.swing.monitor.ProtectingTimerTask.isCanceled(ProtectingTimerTask.java:58)
	at org.fest.swing.monitor.ProtectingTimerTask.run(ProtectingTimerTask.java:44)
	at java.base/java.util.TimerThread.mainLoop(Timer.java:572)
	at java.base/java.util.TimerThread.run(Timer.java:522)

dec 13, 2024 9:34:19 A.M. org.fest.swing.monitor.ProtectingTimerTask handleException
WARNING: Exception thrown by a TimerTask
java.lang.reflect.InaccessibleObjectException: Unable to make field int java.util.TimerTask.state accessible: module java.base does not "opens java.util" to unnamed module @32e6e9c3
	at java.base/java.lang.reflect.AccessibleObject.throwInaccessibleObjectException(AccessibleObject.java:388)
	at java.base/java.lang.reflect.AccessibleObject.checkCanSetAccessible(AccessibleObject.java:364)
	at java.base/java.lang.reflect.AccessibleObject.checkCanSetAccessible(AccessibleObject.java:312)
	at java.base/java.lang.reflect.Field.checkCanSetAccessible(Field.java:183)
	at java.base/java.lang.reflect.Field.setAccessible(Field.java:177)
	at org.fest.reflect.util.Accessibles$SetAccessibleAction.run(Accessibles.java:71)
	at org.fest.reflect.util.Accessibles$SetAccessibleAction.run(Accessibles.java:61)
	at java.base/java.security.AccessController.doPrivileged(AccessController.java:319)
	at org.fest.reflect.util.Accessibles.setAccessible(Accessibles.java:58)
	at org.fest.reflect.util.Accessibles.makeAccessible(Accessibles.java:47)
	at org.fest.reflect.field.Invoker.verifyCorrectType(Invoker.java:89)
	at org.fest.reflect.field.Invoker.createInvoker(Invoker.java:65)
	at org.fest.reflect.field.Invoker.newInvoker(Invoker.java:59)
	at org.fest.reflect.field.FieldType.in(FieldType.java:61)
	at org.fest.swing.monitor.ProtectingTimerTask.isCanceled(ProtectingTimerTask.java:58)
	at org.fest.swing.monitor.ProtectingTimerTask.run(ProtectingTimerTask.java:44)
	at java.base/java.util.TimerThread.mainLoop(Timer.java:572)
	at java.base/java.util.TimerThread.run(Timer.java:522)

dec 13, 2024 9:34:21 A.M. org.fest.swing.monitor.ProtectingTimerTask handleException
WARNING: Exception thrown by a TimerTask
java.lang.reflect.InaccessibleObjectException: Unable to make field int java.util.TimerTask.state accessible: module java.base does not "opens java.util" to unnamed module @32e6e9c3
	at java.base/java.lang.reflect.AccessibleObject.throwInaccessibleObjectException(AccessibleObject.java:388)
	at java.base/java.lang.reflect.AccessibleObject.checkCanSetAccessible(AccessibleObject.java:364)
	at java.base/java.lang.reflect.AccessibleObject.checkCanSetAccessible(AccessibleObject.java:312)
	at java.base/java.lang.reflect.Field.checkCanSetAccessible(Field.java:183)
	at java.base/java.lang.reflect.Field.setAccessible(Field.java:177)
	at org.fest.reflect.util.Accessibles$SetAccessibleAction.run(Accessibles.java:71)
	at org.fest.reflect.util.Accessibles$SetAccessibleAction.run(Accessibles.java:61)
	at java.base/java.security.AccessController.doPrivileged(AccessController.java:319)
	at org.fest.reflect.util.Accessibles.setAccessible(Accessibles.java:58)
	at org.fest.reflect.util.Accessibles.makeAccessible(Accessibles.java:47)
	at org.fest.reflect.field.Invoker.verifyCorrectType(Invoker.java:89)
	at org.fest.reflect.field.Invoker.createInvoker(Invoker.java:65)
	at org.fest.reflect.field.Invoker.newInvoker(Invoker.java:59)
	at org.fest.reflect.field.FieldType.in(FieldType.java:61)
	at org.fest.swing.monitor.ProtectingTimerTask.isCanceled(ProtectingTimerTask.java:58)
	at org.fest.swing.monitor.ProtectingTimerTask.run(ProtectingTimerTask.java:44)
	at java.base/java.util.TimerThread.mainLoop(Timer.java:572)
	at java.base/java.util.TimerThread.run(Timer.java:522)

dec 13, 2024 9:34:21 A.M. org.fest.swing.monitor.ProtectingTimerTask handleException
WARNING: Exception thrown by a TimerTask
java.lang.reflect.InaccessibleObjectException: Unable to make field int java.util.TimerTask.state accessible: module java.base does not "opens java.util" to unnamed module @32e6e9c3
	at java.base/java.lang.reflect.AccessibleObject.throwInaccessibleObjectException(AccessibleObject.java:388)
	at java.base/java.lang.reflect.AccessibleObject.checkCanSetAccessible(AccessibleObject.java:364)
	at java.base/java.lang.reflect.AccessibleObject.checkCanSetAccessible(AccessibleObject.java:312)
	at java.base/java.lang.reflect.Field.checkCanSetAccessible(Field.java:183)
	at java.base/java.lang.reflect.Field.setAccessible(Field.java:177)
	at org.fest.reflect.util.Accessibles$SetAccessibleAction.run(Accessibles.java:71)
	at org.fest.reflect.util.Accessibles$SetAccessibleAction.run(Accessibles.java:61)
	at java.base/java.security.AccessController.doPrivileged(AccessController.java:319)
	at org.fest.reflect.util.Accessibles.setAccessible(Accessibles.java:58)
	at org.fest.reflect.util.Accessibles.makeAccessible(Accessibles.java:47)
	at org.fest.reflect.field.Invoker.verifyCorrectType(Invoker.java:89)
	at org.fest.reflect.field.Invoker.createInvoker(Invoker.java:65)
	at org.fest.reflect.field.Invoker.newInvoker(Invoker.java:59)
	at org.fest.reflect.field.FieldType.in(FieldType.java:61)
	at org.fest.swing.monitor.ProtectingTimerTask.isCanceled(ProtectingTimerTask.java:58)
	at org.fest.swing.monitor.ProtectingTimerTask.run(ProtectingTimerTask.java:44)
	at java.base/java.util.TimerThread.mainLoop(Timer.java:572)
	at java.base/java.util.TimerThread.run(Timer.java:522)

dec 13, 2024 9:34:21 A.M. org.fest.swing.monitor.ProtectingTimerTask handleException
WARNING: Exception thrown by a TimerTask
java.lang.reflect.InaccessibleObjectException: Unable to make field int java.util.TimerTask.state accessible: module java.base does not "opens java.util" to unnamed module @32e6e9c3
	at java.base/java.lang.reflect.AccessibleObject.throwInaccessibleObjectException(AccessibleObject.java:388)
	at java.base/java.lang.reflect.AccessibleObject.checkCanSetAccessible(AccessibleObject.java:364)
	at java.base/java.lang.reflect.AccessibleObject.checkCanSetAccessible(AccessibleObject.java:312)
	at java.base/java.lang.reflect.Field.checkCanSetAccessible(Field.java:183)
	at java.base/java.lang.reflect.Field.setAccessible(Field.java:177)
	at org.fest.reflect.util.Accessibles$SetAccessibleAction.run(Accessibles.java:71)
	at org.fest.reflect.util.Accessibles$SetAccessibleAction.run(Accessibles.java:61)
	at java.base/java.security.AccessController.doPrivileged(AccessController.java:319)
	at org.fest.reflect.util.Accessibles.setAccessible(Accessibles.java:58)
	at org.fest.reflect.util.Accessibles.makeAccessible(Accessibles.java:47)
	at org.fest.reflect.field.Invoker.verifyCorrectType(Invoker.java:89)
	at org.fest.reflect.field.Invoker.createInvoker(Invoker.java:65)
	at org.fest.reflect.field.Invoker.newInvoker(Invoker.java:59)
	at org.fest.reflect.field.FieldType.in(FieldType.java:61)
	at org.fest.swing.monitor.ProtectingTimerTask.isCanceled(ProtectingTimerTask.java:58)
	at org.fest.swing.monitor.ProtectingTimerTask.run(ProtectingTimerTask.java:44)
	at java.base/java.util.TimerThread.mainLoop(Timer.java:572)
	at java.base/java.util.TimerThread.run(Timer.java:522)

dec 13, 2024 9:34:21 A.M. org.fest.swing.monitor.ProtectingTimerTask handleException
WARNING: Exception thrown by a TimerTask
java.lang.reflect.InaccessibleObjectException: Unable to make field int java.util.TimerTask.state accessible: module java.base does not "opens java.util" to unnamed module @32e6e9c3
	at java.base/java.lang.reflect.AccessibleObject.throwInaccessibleObjectException(AccessibleObject.java:388)
	at java.base/java.lang.reflect.AccessibleObject.checkCanSetAccessible(AccessibleObject.java:364)
	at java.base/java.lang.reflect.AccessibleObject.checkCanSetAccessible(AccessibleObject.java:312)
	at java.base/java.lang.reflect.Field.checkCanSetAccessible(Field.java:183)
	at java.base/java.lang.reflect.Field.setAccessible(Field.java:177)
	at org.fest.reflect.util.Accessibles$SetAccessibleAction.run(Accessibles.java:71)
	at org.fest.reflect.util.Accessibles$SetAccessibleAction.run(Accessibles.java:61)
	at java.base/java.security.AccessController.doPrivileged(AccessController.java:319)
	at org.fest.reflect.util.Accessibles.setAccessible(Accessibles.java:58)
	at org.fest.reflect.util.Accessibles.makeAccessible(Accessibles.java:47)
	at org.fest.reflect.field.Invoker.verifyCorrectType(Invoker.java:89)
	at org.fest.reflect.field.Invoker.createInvoker(Invoker.java:65)
	at org.fest.reflect.field.Invoker.newInvoker(Invoker.java:59)
	at org.fest.reflect.field.FieldType.in(FieldType.java:61)
	at org.fest.swing.monitor.ProtectingTimerTask.isCanceled(ProtectingTimerTask.java:58)
	at org.fest.swing.monitor.ProtectingTimerTask.run(ProtectingTimerTask.java:44)
	at java.base/java.util.TimerThread.mainLoop(Timer.java:572)
	at java.base/java.util.TimerThread.run(Timer.java:522)

dec 13, 2024 9:34:21 A.M. org.fest.swing.monitor.ProtectingTimerTask handleException
WARNING: Exception thrown by a TimerTask
java.lang.reflect.InaccessibleObjectException: Unable to make field int java.util.TimerTask.state accessible: module java.base does not "opens java.util" to unnamed module @32e6e9c3
	at java.base/java.lang.reflect.AccessibleObject.throwInaccessibleObjectException(AccessibleObject.java:388)
	at java.base/java.lang.reflect.AccessibleObject.checkCanSetAccessible(AccessibleObject.java:364)
	at java.base/java.lang.reflect.AccessibleObject.checkCanSetAccessible(AccessibleObject.java:312)
	at java.base/java.lang.reflect.Field.checkCanSetAccessible(Field.java:183)
	at java.base/java.lang.reflect.Field.setAccessible(Field.java:177)
	at org.fest.reflect.util.Accessibles$SetAccessibleAction.run(Accessibles.java:71)
	at org.fest.reflect.util.Accessibles$SetAccessibleAction.run(Accessibles.java:61)
	at java.base/java.security.AccessController.doPrivileged(AccessController.java:319)
	at org.fest.reflect.util.Accessibles.setAccessible(Accessibles.java:58)
	at org.fest.reflect.util.Accessibles.makeAccessible(Accessibles.java:47)
	at org.fest.reflect.field.Invoker.verifyCorrectType(Invoker.java:89)
	at org.fest.reflect.field.Invoker.createInvoker(Invoker.java:65)
	at org.fest.reflect.field.Invoker.newInvoker(Invoker.java:59)
	at org.fest.reflect.field.FieldType.in(FieldType.java:61)
	at org.fest.swing.monitor.ProtectingTimerTask.isCanceled(ProtectingTimerTask.java:58)
	at org.fest.swing.monitor.ProtectingTimerTask.run(ProtectingTimerTask.java:44)
	at java.base/java.util.TimerThread.mainLoop(Timer.java:572)
	at java.base/java.util.TimerThread.run(Timer.java:522)

dec 13, 2024 9:34:21 A.M. org.fest.swing.monitor.ProtectingTimerTask handleException
WARNING: Exception thrown by a TimerTask
java.lang.reflect.InaccessibleObjectException: Unable to make field int java.util.TimerTask.state accessible: module java.base does not "opens java.util" to unnamed module @32e6e9c3
	at java.base/java.lang.reflect.AccessibleObject.throwInaccessibleObjectException(AccessibleObject.java:388)
	at java.base/java.lang.reflect.AccessibleObject.checkCanSetAccessible(AccessibleObject.java:364)
	at java.base/java.lang.reflect.AccessibleObject.checkCanSetAccessible(AccessibleObject.java:312)
	at java.base/java.lang.reflect.Field.checkCanSetAccessible(Field.java:183)
	at java.base/java.lang.reflect.Field.setAccessible(Field.java:177)
	at org.fest.reflect.util.Accessibles$SetAccessibleAction.run(Accessibles.java:71)
	at org.fest.reflect.util.Accessibles$SetAccessibleAction.run(Accessibles.java:61)
	at java.base/java.security.AccessController.doPrivileged(AccessController.java:319)
	at org.fest.reflect.util.Accessibles.setAccessible(Accessibles.java:58)
	at org.fest.reflect.util.Accessibles.makeAccessible(Accessibles.java:47)
	at org.fest.reflect.field.Invoker.verifyCorrectType(Invoker.java:89)
	at org.fest.reflect.field.Invoker.createInvoker(Invoker.java:65)
	at org.fest.reflect.field.Invoker.newInvoker(Invoker.java:59)
	at org.fest.reflect.field.FieldType.in(FieldType.java:61)
	at org.fest.swing.monitor.ProtectingTimerTask.isCanceled(ProtectingTimerTask.java:58)
	at org.fest.swing.monitor.ProtectingTimerTask.run(ProtectingTimerTask.java:44)
	at java.base/java.util.TimerThread.mainLoop(Timer.java:572)
	at java.base/java.util.TimerThread.run(Timer.java:522)

dec 13, 2024 9:34:21 A.M. org.fest.swing.monitor.ProtectingTimerTask handleException
WARNING: Exception thrown by a TimerTask
java.lang.reflect.InaccessibleObjectException: Unable to make field int java.util.TimerTask.state accessible: module java.base does not "opens java.util" to unnamed module @32e6e9c3
	at java.base/java.lang.reflect.AccessibleObject.throwInaccessibleObjectException(AccessibleObject.java:388)
	at java.base/java.lang.reflect.AccessibleObject.checkCanSetAccessible(AccessibleObject.java:364)
	at java.base/java.lang.reflect.AccessibleObject.checkCanSetAccessible(AccessibleObject.java:312)
	at java.base/java.lang.reflect.Field.checkCanSetAccessible(Field.java:183)
	at java.base/java.lang.reflect.Field.setAccessible(Field.java:177)
	at org.fest.reflect.util.Accessibles$SetAccessibleAction.run(Accessibles.java:71)
	at org.fest.reflect.util.Accessibles$SetAccessibleAction.run(Accessibles.java:61)
	at java.base/java.security.AccessController.doPrivileged(AccessController.java:319)
	at org.fest.reflect.util.Accessibles.setAccessible(Accessibles.java:58)
	at org.fest.reflect.util.Accessibles.makeAccessible(Accessibles.java:47)
	at org.fest.reflect.field.Invoker.verifyCorrectType(Invoker.java:89)
	at org.fest.reflect.field.Invoker.createInvoker(Invoker.java:65)
	at org.fest.reflect.field.Invoker.newInvoker(Invoker.java:59)
	at org.fest.reflect.field.FieldType.in(FieldType.java:61)
	at org.fest.swing.monitor.ProtectingTimerTask.isCanceled(ProtectingTimerTask.java:58)
	at org.fest.swing.monitor.ProtectingTimerTask.run(ProtectingTimerTask.java:44)
	at java.base/java.util.TimerThread.mainLoop(Timer.java:572)
	at java.base/java.util.TimerThread.run(Timer.java:522)

dec 13, 2024 9:34:23 A.M. org.fest.swing.monitor.ProtectingTimerTask handleException
WARNING: Exception thrown by a TimerTask
java.lang.reflect.InaccessibleObjectException: Unable to make field int java.util.TimerTask.state accessible: module java.base does not "opens java.util" to unnamed module @32e6e9c3
	at java.base/java.lang.reflect.AccessibleObject.throwInaccessibleObjectException(AccessibleObject.java:388)
	at java.base/java.lang.reflect.AccessibleObject.checkCanSetAccessible(AccessibleObject.java:364)
	at java.base/java.lang.reflect.AccessibleObject.checkCanSetAccessible(AccessibleObject.java:312)
	at java.base/java.lang.reflect.Field.checkCanSetAccessible(Field.java:183)
	at java.base/java.lang.reflect.Field.setAccessible(Field.java:177)
	at org.fest.reflect.util.Accessibles$SetAccessibleAction.run(Accessibles.java:71)
	at org.fest.reflect.util.Accessibles$SetAccessibleAction.run(Accessibles.java:61)
	at java.base/java.security.AccessController.doPrivileged(AccessController.java:319)
	at org.fest.reflect.util.Accessibles.setAccessible(Accessibles.java:58)
	at org.fest.reflect.util.Accessibles.makeAccessible(Accessibles.java:47)
	at org.fest.reflect.field.Invoker.verifyCorrectType(Invoker.java:89)
	at org.fest.reflect.field.Invoker.createInvoker(Invoker.java:65)
	at org.fest.reflect.field.Invoker.newInvoker(Invoker.java:59)
	at org.fest.reflect.field.FieldType.in(FieldType.java:61)
	at org.fest.swing.monitor.ProtectingTimerTask.isCanceled(ProtectingTimerTask.java:58)
	at org.fest.swing.monitor.ProtectingTimerTask.run(ProtectingTimerTask.java:44)
	at java.base/java.util.TimerThread.mainLoop(Timer.java:572)
	at java.base/java.util.TimerThread.run(Timer.java:522)

dec 13, 2024 9:34:23 A.M. org.fest.swing.monitor.ProtectingTimerTask handleException
WARNING: Exception thrown by a TimerTask
java.lang.reflect.InaccessibleObjectException: Unable to make field int java.util.TimerTask.state accessible: module java.base does not "opens java.util" to unnamed module @32e6e9c3
	at java.base/java.lang.reflect.AccessibleObject.throwInaccessibleObjectException(AccessibleObject.java:388)
	at java.base/java.lang.reflect.AccessibleObject.checkCanSetAccessible(AccessibleObject.java:364)
	at java.base/java.lang.reflect.AccessibleObject.checkCanSetAccessible(AccessibleObject.java:312)
	at java.base/java.lang.reflect.Field.checkCanSetAccessible(Field.java:183)
	at java.base/java.lang.reflect.Field.setAccessible(Field.java:177)
	at org.fest.reflect.util.Accessibles$SetAccessibleAction.run(Accessibles.java:71)
	at org.fest.reflect.util.Accessibles$SetAccessibleAction.run(Accessibles.java:61)
	at java.base/java.security.AccessController.doPrivileged(AccessController.java:319)
	at org.fest.reflect.util.Accessibles.setAccessible(Accessibles.java:58)
	at org.fest.reflect.util.Accessibles.makeAccessible(Accessibles.java:47)
	at org.fest.reflect.field.Invoker.verifyCorrectType(Invoker.java:89)
	at org.fest.reflect.field.Invoker.createInvoker(Invoker.java:65)
	at org.fest.reflect.field.Invoker.newInvoker(Invoker.java:59)
	at org.fest.reflect.field.FieldType.in(FieldType.java:61)
	at org.fest.swing.monitor.ProtectingTimerTask.isCanceled(ProtectingTimerTask.java:58)
	at org.fest.swing.monitor.ProtectingTimerTask.run(ProtectingTimerTask.java:44)
	at java.base/java.util.TimerThread.mainLoop(Timer.java:572)
	at java.base/java.util.TimerThread.run(Timer.java:522)

org.openscience.jchempaint.action.JCPAction WARN:  Source is MenuBar. MenuBar items don't know about the source
dec 13, 2024 9:34:32 A.M. org.fest.swing.monitor.ProtectingTimerTask handleException
WARNING: Exception thrown by a TimerTask
java.lang.reflect.InaccessibleObjectException: Unable to make field int java.util.TimerTask.state accessible: module java.base does not "opens java.util" to unnamed module @32e6e9c3
	at java.base/java.lang.reflect.AccessibleObject.throwInaccessibleObjectException(AccessibleObject.java:388)
	at java.base/java.lang.reflect.AccessibleObject.checkCanSetAccessible(AccessibleObject.java:364)
	at java.base/java.lang.reflect.AccessibleObject.checkCanSetAccessible(AccessibleObject.java:312)
	at java.base/java.lang.reflect.Field.checkCanSetAccessible(Field.java:183)
	at java.base/java.lang.reflect.Field.setAccessible(Field.java:177)
	at org.fest.reflect.util.Accessibles$SetAccessibleAction.run(Accessibles.java:71)
	at org.fest.reflect.util.Accessibles$SetAccessibleAction.run(Accessibles.java:61)
	at java.base/java.security.AccessController.doPrivileged(AccessController.java:319)
	at org.fest.reflect.util.Accessibles.setAccessible(Accessibles.java:58)
	at org.fest.reflect.util.Accessibles.makeAccessible(Accessibles.java:47)
	at org.fest.reflect.field.Invoker.verifyCorrectType(Invoker.java:89)
	at org.fest.reflect.field.Invoker.createInvoker(Invoker.java:65)
	at org.fest.reflect.field.Invoker.newInvoker(Invoker.java:59)
	at org.fest.reflect.field.FieldType.in(FieldType.java:61)
	at org.fest.swing.monitor.ProtectingTimerTask.isCanceled(ProtectingTimerTask.java:58)
	at org.fest.swing.monitor.ProtectingTimerTask.run(ProtectingTimerTask.java:44)
	at java.base/java.util.TimerThread.mainLoop(Timer.java:572)
	at java.base/java.util.TimerThread.run(Timer.java:522)

dec 13, 2024 9:34:32 A.M. org.fest.swing.monitor.ProtectingTimerTask handleException
WARNING: Exception thrown by a TimerTask
java.lang.reflect.InaccessibleObjectException: Unable to make field int java.util.TimerTask.state accessible: module java.base does not "opens java.util" to unnamed module @32e6e9c3
	at java.base/java.lang.reflect.AccessibleObject.throwInaccessibleObjectException(AccessibleObject.java:388)
	at java.base/java.lang.reflect.AccessibleObject.checkCanSetAccessible(AccessibleObject.java:364)
	at java.base/java.lang.reflect.AccessibleObject.checkCanSetAccessible(AccessibleObject.java:312)
	at java.base/java.lang.reflect.Field.checkCanSetAccessible(Field.java:183)
	at java.base/java.lang.reflect.Field.setAccessible(Field.java:177)
	at org.fest.reflect.util.Accessibles$SetAccessibleAction.run(Accessibles.java:71)
	at org.fest.reflect.util.Accessibles$SetAccessibleAction.run(Accessibles.java:61)
	at java.base/java.security.AccessController.doPrivileged(AccessController.java:319)
	at org.fest.reflect.util.Accessibles.setAccessible(Accessibles.java:58)
	at org.fest.reflect.util.Accessibles.makeAccessible(Accessibles.java:47)
	at org.fest.reflect.field.Invoker.verifyCorrectType(Invoker.java:89)
	at org.fest.reflect.field.Invoker.createInvoker(Invoker.java:65)
	at org.fest.reflect.field.Invoker.newInvoker(Invoker.java:59)
	at org.fest.reflect.field.FieldType.in(FieldType.java:61)
	at org.fest.swing.monitor.ProtectingTimerTask.isCanceled(ProtectingTimerTask.java:58)
	at org.fest.swing.monitor.ProtectingTimerTask.run(ProtectingTimerTask.java:44)
	at java.base/java.util.TimerThread.mainLoop(Timer.java:572)
	at java.base/java.util.TimerThread.run(Timer.java:522)

dec 13, 2024 9:34:32 A.M. org.fest.swing.monitor.ProtectingTimerTask handleException
WARNING: Exception thrown by a TimerTask
java.lang.reflect.InaccessibleObjectException: Unable to make field int java.util.TimerTask.state accessible: module java.base does not "opens java.util" to unnamed module @32e6e9c3
	at java.base/java.lang.reflect.AccessibleObject.throwInaccessibleObjectException(AccessibleObject.java:388)
	at java.base/java.lang.reflect.AccessibleObject.checkCanSetAccessible(AccessibleObject.java:364)
	at java.base/java.lang.reflect.AccessibleObject.checkCanSetAccessible(AccessibleObject.java:312)
	at java.base/java.lang.reflect.Field.checkCanSetAccessible(Field.java:183)
	at java.base/java.lang.reflect.Field.setAccessible(Field.java:177)
	at org.fest.reflect.util.Accessibles$SetAccessibleAction.run(Accessibles.java:71)
	at org.fest.reflect.util.Accessibles$SetAccessibleAction.run(Accessibles.java:61)
	at java.base/java.security.AccessController.doPrivileged(AccessController.java:319)
	at org.fest.reflect.util.Accessibles.setAccessible(Accessibles.java:58)
	at org.fest.reflect.util.Accessibles.makeAccessible(Accessibles.java:47)
	at org.fest.reflect.field.Invoker.verifyCorrectType(Invoker.java:89)
	at org.fest.reflect.field.Invoker.createInvoker(Invoker.java:65)
	at org.fest.reflect.field.Invoker.newInvoker(Invoker.java:59)
	at org.fest.reflect.field.FieldType.in(FieldType.java:61)
	at org.fest.swing.monitor.ProtectingTimerTask.isCanceled(ProtectingTimerTask.java:58)
	at org.fest.swing.monitor.ProtectingTimerTask.run(ProtectingTimerTask.java:44)
	at java.base/java.util.TimerThread.mainLoop(Timer.java:572)
	at java.base/java.util.TimerThread.run(Timer.java:522)

dec 13, 2024 9:34:32 A.M. org.fest.swing.monitor.ProtectingTimerTask handleException
WARNING: Exception thrown by a TimerTask
java.lang.reflect.InaccessibleObjectException: Unable to make field int java.util.TimerTask.state accessible: module java.base does not "opens java.util" to unnamed module @32e6e9c3
	at java.base/java.lang.reflect.AccessibleObject.throwInaccessibleObjectException(AccessibleObject.java:388)
	at java.base/java.lang.reflect.AccessibleObject.checkCanSetAccessible(AccessibleObject.java:364)
	at java.base/java.lang.reflect.AccessibleObject.checkCanSetAccessible(AccessibleObject.java:312)
	at java.base/java.lang.reflect.Field.checkCanSetAccessible(Field.java:183)
	at java.base/java.lang.reflect.Field.setAccessible(Field.java:177)
	at org.fest.reflect.util.Accessibles$SetAccessibleAction.run(Accessibles.java:71)
	at org.fest.reflect.util.Accessibles$SetAccessibleAction.run(Accessibles.java:61)
	at java.base/java.security.AccessController.doPrivileged(AccessController.java:319)
	at org.fest.reflect.util.Accessibles.setAccessible(Accessibles.java:58)
	at org.fest.reflect.util.Accessibles.makeAccessible(Accessibles.java:47)
	at org.fest.reflect.field.Invoker.verifyCorrectType(Invoker.java:89)
	at org.fest.reflect.field.Invoker.createInvoker(Invoker.java:65)
	at org.fest.reflect.field.Invoker.newInvoker(Invoker.java:59)
	at org.fest.reflect.field.FieldType.in(FieldType.java:61)
	at org.fest.swing.monitor.ProtectingTimerTask.isCanceled(ProtectingTimerTask.java:58)
	at org.fest.swing.monitor.ProtectingTimerTask.run(ProtectingTimerTask.java:44)
	at java.base/java.util.TimerThread.mainLoop(Timer.java:572)
	at java.base/java.util.TimerThread.run(Timer.java:522)

dec 13, 2024 9:34:32 A.M. org.fest.swing.monitor.ProtectingTimerTask handleException
WARNING: Exception thrown by a TimerTask
java.lang.reflect.InaccessibleObjectException: Unable to make field int java.util.TimerTask.state accessible: module java.base does not "opens java.util" to unnamed module @32e6e9c3
	at java.base/java.lang.reflect.AccessibleObject.throwInaccessibleObjectException(AccessibleObject.java:388)
	at java.base/java.lang.reflect.AccessibleObject.checkCanSetAccessible(AccessibleObject.java:364)
	at java.base/java.lang.reflect.AccessibleObject.checkCanSetAccessible(AccessibleObject.java:312)
	at java.base/java.lang.reflect.Field.checkCanSetAccessible(Field.java:183)
	at java.base/java.lang.reflect.Field.setAccessible(Field.java:177)
	at org.fest.reflect.util.Accessibles$SetAccessibleAction.run(Accessibles.java:71)
	at org.fest.reflect.util.Accessibles$SetAccessibleAction.run(Accessibles.java:61)
	at java.base/java.security.AccessController.doPrivileged(AccessController.java:319)
	at org.fest.reflect.util.Accessibles.setAccessible(Accessibles.java:58)
	at org.fest.reflect.util.Accessibles.makeAccessible(Accessibles.java:47)
	at org.fest.reflect.field.Invoker.verifyCorrectType(Invoker.java:89)
	at org.fest.reflect.field.Invoker.createInvoker(Invoker.java:65)
	at org.fest.reflect.field.Invoker.newInvoker(Invoker.java:59)
	at org.fest.reflect.field.FieldType.in(FieldType.java:61)
	at org.fest.swing.monitor.ProtectingTimerTask.isCanceled(ProtectingTimerTask.java:58)
	at org.fest.swing.monitor.ProtectingTimerTask.run(ProtectingTimerTask.java:44)
	at java.base/java.util.TimerThread.mainLoop(Timer.java:572)
	at java.base/java.util.TimerThread.run(Timer.java:522)

dec 13, 2024 9:34:32 A.M. org.fest.swing.monitor.ProtectingTimerTask handleException
WARNING: Exception thrown by a TimerTask
java.lang.reflect.InaccessibleObjectException: Unable to make field int java.util.TimerTask.state accessible: module java.base does not "opens java.util" to unnamed module @32e6e9c3
	at java.base/java.lang.reflect.AccessibleObject.throwInaccessibleObjectException(AccessibleObject.java:388)
	at java.base/java.lang.reflect.AccessibleObject.checkCanSetAccessible(AccessibleObject.java:364)
	at java.base/java.lang.reflect.AccessibleObject.checkCanSetAccessible(AccessibleObject.java:312)
	at java.base/java.lang.reflect.Field.checkCanSetAccessible(Field.java:183)
	at java.base/java.lang.reflect.Field.setAccessible(Field.java:177)
	at org.fest.reflect.util.Accessibles$SetAccessibleAction.run(Accessibles.java:71)
	at org.fest.reflect.util.Accessibles$SetAccessibleAction.run(Accessibles.java:61)
	at java.base/java.security.AccessController.doPrivileged(AccessController.java:319)
	at org.fest.reflect.util.Accessibles.setAccessible(Accessibles.java:58)
	at org.fest.reflect.util.Accessibles.makeAccessible(Accessibles.java:47)
	at org.fest.reflect.field.Invoker.verifyCorrectType(Invoker.java:89)
	at org.fest.reflect.field.Invoker.createInvoker(Invoker.java:65)
	at org.fest.reflect.field.Invoker.newInvoker(Invoker.java:59)
	at org.fest.reflect.field.FieldType.in(FieldType.java:61)
	at org.fest.swing.monitor.ProtectingTimerTask.isCanceled(ProtectingTimerTask.java:58)
	at org.fest.swing.monitor.ProtectingTimerTask.run(ProtectingTimerTask.java:44)
	at java.base/java.util.TimerThread.mainLoop(Timer.java:572)
	at java.base/java.util.TimerThread.run(Timer.java:522)

org.openscience.jchempaint.action.JCPAction WARN:  Source is MenuBar. MenuBar items don't know about the source
dec 13, 2024 9:34:34 A.M. org.fest.swing.monitor.ProtectingTimerTask handleException
WARNING: Exception thrown by a TimerTask
java.lang.reflect.InaccessibleObjectException: Unable to make field int java.util.TimerTask.state accessible: module java.base does not "opens java.util" to unnamed module @32e6e9c3
	at java.base/java.lang.reflect.AccessibleObject.throwInaccessibleObjectException(AccessibleObject.java:388)
	at java.base/java.lang.reflect.AccessibleObject.checkCanSetAccessible(AccessibleObject.java:364)
	at java.base/java.lang.reflect.AccessibleObject.checkCanSetAccessible(AccessibleObject.java:312)
	at java.base/java.lang.reflect.Field.checkCanSetAccessible(Field.java:183)
	at java.base/java.lang.reflect.Field.setAccessible(Field.java:177)
	at org.fest.reflect.util.Accessibles$SetAccessibleAction.run(Accessibles.java:71)
	at org.fest.reflect.util.Accessibles$SetAccessibleAction.run(Accessibles.java:61)
	at java.base/java.security.AccessController.doPrivileged(AccessController.java:319)
	at org.fest.reflect.util.Accessibles.setAccessible(Accessibles.java:58)
	at org.fest.reflect.util.Accessibles.makeAccessible(Accessibles.java:47)
	at org.fest.reflect.field.Invoker.verifyCorrectType(Invoker.java:89)
	at org.fest.reflect.field.Invoker.createInvoker(Invoker.java:65)
	at org.fest.reflect.field.Invoker.newInvoker(Invoker.java:59)
	at org.fest.reflect.field.FieldType.in(FieldType.java:61)
	at org.fest.swing.monitor.ProtectingTimerTask.isCanceled(ProtectingTimerTask.java:58)
	at org.fest.swing.monitor.ProtectingTimerTask.run(ProtectingTimerTask.java:44)
	at java.base/java.util.TimerThread.mainLoop(Timer.java:572)
	at java.base/java.util.TimerThread.run(Timer.java:522)

dec 13, 2024 9:34:34 A.M. org.fest.swing.monitor.ProtectingTimerTask handleException
WARNING: Exception thrown by a TimerTask
java.lang.reflect.InaccessibleObjectException: Unable to make field int java.util.TimerTask.state accessible: module java.base does not "opens java.util" to unnamed module @32e6e9c3
	at java.base/java.lang.reflect.AccessibleObject.throwInaccessibleObjectException(AccessibleObject.java:388)
	at java.base/java.lang.reflect.AccessibleObject.checkCanSetAccessible(AccessibleObject.java:364)
	at java.base/java.lang.reflect.AccessibleObject.checkCanSetAccessible(AccessibleObject.java:312)
	at java.base/java.lang.reflect.Field.checkCanSetAccessible(Field.java:183)
	at java.base/java.lang.reflect.Field.setAccessible(Field.java:177)
	at org.fest.reflect.util.Accessibles$SetAccessibleAction.run(Accessibles.java:71)
	at org.fest.reflect.util.Accessibles$SetAccessibleAction.run(Accessibles.java:61)
	at java.base/java.security.AccessController.doPrivileged(AccessController.java:319)
	at org.fest.reflect.util.Accessibles.setAccessible(Accessibles.java:58)
	at org.fest.reflect.util.Accessibles.makeAccessible(Accessibles.java:47)
	at org.fest.reflect.field.Invoker.verifyCorrectType(Invoker.java:89)
	at org.fest.reflect.field.Invoker.createInvoker(Invoker.java:65)
	at org.fest.reflect.field.Invoker.newInvoker(Invoker.java:59)
	at org.fest.reflect.field.FieldType.in(FieldType.java:61)
	at org.fest.swing.monitor.ProtectingTimerTask.isCanceled(ProtectingTimerTask.java:58)
	at org.fest.swing.monitor.ProtectingTimerTask.run(ProtectingTimerTask.java:44)
	at java.base/java.util.TimerThread.mainLoop(Timer.java:572)
	at java.base/java.util.TimerThread.run(Timer.java:522)

dec 13, 2024 9:34:34 A.M. org.fest.swing.monitor.ProtectingTimerTask handleException
WARNING: Exception thrown by a TimerTask
java.lang.reflect.InaccessibleObjectException: Unable to make field int java.util.TimerTask.state accessible: module java.base does not "opens java.util" to unnamed module @32e6e9c3
	at java.base/java.lang.reflect.AccessibleObject.throwInaccessibleObjectException(AccessibleObject.java:388)
	at java.base/java.lang.reflect.AccessibleObject.checkCanSetAccessible(AccessibleObject.java:364)
	at java.base/java.lang.reflect.AccessibleObject.checkCanSetAccessible(AccessibleObject.java:312)
	at java.base/java.lang.reflect.Field.checkCanSetAccessible(Field.java:183)
	at java.base/java.lang.reflect.Field.setAccessible(Field.java:177)
	at org.fest.reflect.util.Accessibles$SetAccessibleAction.run(Accessibles.java:71)
	at org.fest.reflect.util.Accessibles$SetAccessibleAction.run(Accessibles.java:61)
	at java.base/java.security.AccessController.doPrivileged(AccessController.java:319)
	at org.fest.reflect.util.Accessibles.setAccessible(Accessibles.java:58)
	at org.fest.reflect.util.Accessibles.makeAccessible(Accessibles.java:47)
	at org.fest.reflect.field.Invoker.verifyCorrectType(Invoker.java:89)
	at org.fest.reflect.field.Invoker.createInvoker(Invoker.java:65)
	at org.fest.reflect.field.Invoker.newInvoker(Invoker.java:59)
	at org.fest.reflect.field.FieldType.in(FieldType.java:61)
	at org.fest.swing.monitor.ProtectingTimerTask.isCanceled(ProtectingTimerTask.java:58)
	at org.fest.swing.monitor.ProtectingTimerTask.run(ProtectingTimerTask.java:44)
	at java.base/java.util.TimerThread.mainLoop(Timer.java:572)
	at java.base/java.util.TimerThread.run(Timer.java:522)

dec 13, 2024 9:34:34 A.M. org.fest.swing.monitor.ProtectingTimerTask handleException
WARNING: Exception thrown by a TimerTask
java.lang.reflect.InaccessibleObjectException: Unable to make field int java.util.TimerTask.state accessible: module java.base does not "opens java.util" to unnamed module @32e6e9c3
	at java.base/java.lang.reflect.AccessibleObject.throwInaccessibleObjectException(AccessibleObject.java:388)
	at java.base/java.lang.reflect.AccessibleObject.checkCanSetAccessible(AccessibleObject.java:364)
	at java.base/java.lang.reflect.AccessibleObject.checkCanSetAccessible(AccessibleObject.java:312)
	at java.base/java.lang.reflect.Field.checkCanSetAccessible(Field.java:183)
	at java.base/java.lang.reflect.Field.setAccessible(Field.java:177)
	at org.fest.reflect.util.Accessibles$SetAccessibleAction.run(Accessibles.java:71)
	at org.fest.reflect.util.Accessibles$SetAccessibleAction.run(Accessibles.java:61)
	at java.base/java.security.AccessController.doPrivileged(AccessController.java:319)
	at org.fest.reflect.util.Accessibles.setAccessible(Accessibles.java:58)
	at org.fest.reflect.util.Accessibles.makeAccessible(Accessibles.java:47)
	at org.fest.reflect.field.Invoker.verifyCorrectType(Invoker.java:89)
	at org.fest.reflect.field.Invoker.createInvoker(Invoker.java:65)
	at org.fest.reflect.field.Invoker.newInvoker(Invoker.java:59)
	at org.fest.reflect.field.FieldType.in(FieldType.java:61)
	at org.fest.swing.monitor.ProtectingTimerTask.isCanceled(ProtectingTimerTask.java:58)
	at org.fest.swing.monitor.ProtectingTimerTask.run(ProtectingTimerTask.java:44)
	at java.base/java.util.TimerThread.mainLoop(Timer.java:572)
	at java.base/java.util.TimerThread.run(Timer.java:522)

dec 13, 2024 9:34:34 A.M. org.fest.swing.monitor.ProtectingTimerTask handleException
WARNING: Exception thrown by a TimerTask
java.lang.reflect.InaccessibleObjectException: Unable to make field int java.util.TimerTask.state accessible: module java.base does not "opens java.util" to unnamed module @32e6e9c3
	at java.base/java.lang.reflect.AccessibleObject.throwInaccessibleObjectException(AccessibleObject.java:388)
	at java.base/java.lang.reflect.AccessibleObject.checkCanSetAccessible(AccessibleObject.java:364)
	at java.base/java.lang.reflect.AccessibleObject.checkCanSetAccessible(AccessibleObject.java:312)
	at java.base/java.lang.reflect.Field.checkCanSetAccessible(Field.java:183)
	at java.base/java.lang.reflect.Field.setAccessible(Field.java:177)
	at org.fest.reflect.util.Accessibles$SetAccessibleAction.run(Accessibles.java:71)
	at org.fest.reflect.util.Accessibles$SetAccessibleAction.run(Accessibles.java:61)
	at java.base/java.security.AccessController.doPrivileged(AccessController.java:319)
	at org.fest.reflect.util.Accessibles.setAccessible(Accessibles.java:58)
	at org.fest.reflect.util.Accessibles.makeAccessible(Accessibles.java:47)
	at org.fest.reflect.field.Invoker.verifyCorrectType(Invoker.java:89)
	at org.fest.reflect.field.Invoker.createInvoker(Invoker.java:65)
	at org.fest.reflect.field.Invoker.newInvoker(Invoker.java:59)
	at org.fest.reflect.field.FieldType.in(FieldType.java:61)
	at org.fest.swing.monitor.ProtectingTimerTask.isCanceled(ProtectingTimerTask.java:58)
	at org.fest.swing.monitor.ProtectingTimerTask.run(ProtectingTimerTask.java:44)
	at java.base/java.util.TimerThread.mainLoop(Timer.java:572)
	at java.base/java.util.TimerThread.run(Timer.java:522)

dec 13, 2024 9:34:34 A.M. org.fest.swing.monitor.ProtectingTimerTask handleException
WARNING: Exception thrown by a TimerTask
java.lang.reflect.InaccessibleObjectException: Unable to make field int java.util.TimerTask.state accessible: module java.base does not "opens java.util" to unnamed module @32e6e9c3
	at java.base/java.lang.reflect.AccessibleObject.throwInaccessibleObjectException(AccessibleObject.java:388)
	at java.base/java.lang.reflect.AccessibleObject.checkCanSetAccessible(AccessibleObject.java:364)
	at java.base/java.lang.reflect.AccessibleObject.checkCanSetAccessible(AccessibleObject.java:312)
	at java.base/java.lang.reflect.Field.checkCanSetAccessible(Field.java:183)
	at java.base/java.lang.reflect.Field.setAccessible(Field.java:177)
	at org.fest.reflect.util.Accessibles$SetAccessibleAction.run(Accessibles.java:71)
	at org.fest.reflect.util.Accessibles$SetAccessibleAction.run(Accessibles.java:61)
	at java.base/java.security.AccessController.doPrivileged(AccessController.java:319)
	at org.fest.reflect.util.Accessibles.setAccessible(Accessibles.java:58)
	at org.fest.reflect.util.Accessibles.makeAccessible(Accessibles.java:47)
	at org.fest.reflect.field.Invoker.verifyCorrectType(Invoker.java:89)
	at org.fest.reflect.field.Invoker.createInvoker(Invoker.java:65)
	at org.fest.reflect.field.Invoker.newInvoker(Invoker.java:59)
	at org.fest.reflect.field.FieldType.in(FieldType.java:61)
	at org.fest.swing.monitor.ProtectingTimerTask.isCanceled(ProtectingTimerTask.java:58)
	at org.fest.swing.monitor.ProtectingTimerTask.run(ProtectingTimerTask.java:44)
	at java.base/java.util.TimerThread.mainLoop(Timer.java:572)
	at java.base/java.util.TimerThread.run(Timer.java:522)

dec 13, 2024 9:34:34 A.M. org.fest.swing.monitor.ProtectingTimerTask handleException
WARNING: Exception thrown by a TimerTask
java.lang.reflect.InaccessibleObjectException: Unable to make field int java.util.TimerTask.state accessible: module java.base does not "opens java.util" to unnamed module @32e6e9c3
	at java.base/java.lang.reflect.AccessibleObject.throwInaccessibleObjectException(AccessibleObject.java:388)
	at java.base/java.lang.reflect.AccessibleObject.checkCanSetAccessible(AccessibleObject.java:364)
	at java.base/java.lang.reflect.AccessibleObject.checkCanSetAccessible(AccessibleObject.java:312)
	at java.base/java.lang.reflect.Field.checkCanSetAccessible(Field.java:183)
	at java.base/java.lang.reflect.Field.setAccessible(Field.java:177)
	at org.fest.reflect.util.Accessibles$SetAccessibleAction.run(Accessibles.java:71)
	at org.fest.reflect.util.Accessibles$SetAccessibleAction.run(Accessibles.java:61)
	at java.base/java.security.AccessController.doPrivileged(AccessController.java:319)
	at org.fest.reflect.util.Accessibles.setAccessible(Accessibles.java:58)
	at org.fest.reflect.util.Accessibles.makeAccessible(Accessibles.java:47)
	at org.fest.reflect.field.Invoker.verifyCorrectType(Invoker.java:89)
	at org.fest.reflect.field.Invoker.createInvoker(Invoker.java:65)
	at org.fest.reflect.field.Invoker.newInvoker(Invoker.java:59)
	at org.fest.reflect.field.FieldType.in(FieldType.java:61)
	at org.fest.swing.monitor.ProtectingTimerTask.isCanceled(ProtectingTimerTask.java:58)
	at org.fest.swing.monitor.ProtectingTimerTask.run(ProtectingTimerTask.java:44)
	at java.base/java.util.TimerThread.mainLoop(Timer.java:572)
	at java.base/java.util.TimerThread.run(Timer.java:522)

dec 13, 2024 9:34:35 A.M. org.fest.swing.monitor.ProtectingTimerTask handleException
WARNING: Exception thrown by a TimerTask
java.lang.reflect.InaccessibleObjectException: Unable to make field int java.util.TimerTask.state accessible: module java.base does not "opens java.util" to unnamed module @32e6e9c3
	at java.base/java.lang.reflect.AccessibleObject.throwInaccessibleObjectException(AccessibleObject.java:388)
	at java.base/java.lang.reflect.AccessibleObject.checkCanSetAccessible(AccessibleObject.java:364)
	at java.base/java.lang.reflect.AccessibleObject.checkCanSetAccessible(AccessibleObject.java:312)
	at java.base/java.lang.reflect.Field.checkCanSetAccessible(Field.java:183)
	at java.base/java.lang.reflect.Field.setAccessible(Field.java:177)
	at org.fest.reflect.util.Accessibles$SetAccessibleAction.run(Accessibles.java:71)
	at org.fest.reflect.util.Accessibles$SetAccessibleAction.run(Accessibles.java:61)
	at java.base/java.security.AccessController.doPrivileged(AccessController.java:319)
	at org.fest.reflect.util.Accessibles.setAccessible(Accessibles.java:58)
	at org.fest.reflect.util.Accessibles.makeAccessible(Accessibles.java:47)
	at org.fest.reflect.field.Invoker.verifyCorrectType(Invoker.java:89)
	at org.fest.reflect.field.Invoker.createInvoker(Invoker.java:65)
	at org.fest.reflect.field.Invoker.newInvoker(Invoker.java:59)
	at org.fest.reflect.field.FieldType.in(FieldType.java:61)
	at org.fest.swing.monitor.ProtectingTimerTask.isCanceled(ProtectingTimerTask.java:58)
	at org.fest.swing.monitor.ProtectingTimerTask.run(ProtectingTimerTask.java:44)
	at java.base/java.util.TimerThread.mainLoop(Timer.java:572)
	at java.base/java.util.TimerThread.run(Timer.java:522)

dec 13, 2024 9:34:35 A.M. org.fest.swing.monitor.ProtectingTimerTask handleException
WARNING: Exception thrown by a TimerTask
java.lang.reflect.InaccessibleObjectException: Unable to make field int java.util.TimerTask.state accessible: module java.base does not "opens java.util" to unnamed module @32e6e9c3
	at java.base/java.lang.reflect.AccessibleObject.throwInaccessibleObjectException(AccessibleObject.java:388)
	at java.base/java.lang.reflect.AccessibleObject.checkCanSetAccessible(AccessibleObject.java:364)
	at java.base/java.lang.reflect.AccessibleObject.checkCanSetAccessible(AccessibleObject.java:312)
	at java.base/java.lang.reflect.Field.checkCanSetAccessible(Field.java:183)
	at java.base/java.lang.reflect.Field.setAccessible(Field.java:177)
	at org.fest.reflect.util.Accessibles$SetAccessibleAction.run(Accessibles.java:71)
	at org.fest.reflect.util.Accessibles$SetAccessibleAction.run(Accessibles.java:61)
	at java.base/java.security.AccessController.doPrivileged(AccessController.java:319)
	at org.fest.reflect.util.Accessibles.setAccessible(Accessibles.java:58)
	at org.fest.reflect.util.Accessibles.makeAccessible(Accessibles.java:47)
	at org.fest.reflect.field.Invoker.verifyCorrectType(Invoker.java:89)
	at org.fest.reflect.field.Invoker.createInvoker(Invoker.java:65)
	at org.fest.reflect.field.Invoker.newInvoker(Invoker.java:59)
	at org.fest.reflect.field.FieldType.in(FieldType.java:61)
	at org.fest.swing.monitor.ProtectingTimerTask.isCanceled(ProtectingTimerTask.java:58)
	at org.fest.swing.monitor.ProtectingTimerTask.run(ProtectingTimerTask.java:44)
	at java.base/java.util.TimerThread.mainLoop(Timer.java:572)
	at java.base/java.util.TimerThread.run(Timer.java:522)

dec 13, 2024 9:34:41 A.M. org.fest.swing.monitor.ProtectingTimerTask handleException
WARNING: Exception thrown by a TimerTask
java.lang.reflect.InaccessibleObjectException: Unable to make field int java.util.TimerTask.state accessible: module java.base does not "opens java.util" to unnamed module @32e6e9c3
	at java.base/java.lang.reflect.AccessibleObject.throwInaccessibleObjectException(AccessibleObject.java:388)
	at java.base/java.lang.reflect.AccessibleObject.checkCanSetAccessible(AccessibleObject.java:364)
	at java.base/java.lang.reflect.AccessibleObject.checkCanSetAccessible(AccessibleObject.java:312)
	at java.base/java.lang.reflect.Field.checkCanSetAccessible(Field.java:183)
	at java.base/java.lang.reflect.Field.setAccessible(Field.java:177)
	at org.fest.reflect.util.Accessibles$SetAccessibleAction.run(Accessibles.java:71)
	at org.fest.reflect.util.Accessibles$SetAccessibleAction.run(Accessibles.java:61)
	at java.base/java.security.AccessController.doPrivileged(AccessController.java:319)
	at org.fest.reflect.util.Accessibles.setAccessible(Accessibles.java:58)
	at org.fest.reflect.util.Accessibles.makeAccessible(Accessibles.java:47)
	at org.fest.reflect.field.Invoker.verifyCorrectType(Invoker.java:89)
	at org.fest.reflect.field.Invoker.createInvoker(Invoker.java:65)
	at org.fest.reflect.field.Invoker.newInvoker(Invoker.java:59)
	at org.fest.reflect.field.FieldType.in(FieldType.java:61)
	at org.fest.swing.monitor.ProtectingTimerTask.isCanceled(ProtectingTimerTask.java:58)
	at org.fest.swing.monitor.ProtectingTimerTask.run(ProtectingTimerTask.java:44)
	at java.base/java.util.TimerThread.mainLoop(Timer.java:572)
	at java.base/java.util.TimerThread.run(Timer.java:522)

dec 13, 2024 9:34:41 A.M. org.fest.swing.monitor.ProtectingTimerTask handleException
WARNING: Exception thrown by a TimerTask
java.lang.reflect.InaccessibleObjectException: Unable to make field int java.util.TimerTask.state accessible: module java.base does not "opens java.util" to unnamed module @32e6e9c3
	at java.base/java.lang.reflect.AccessibleObject.throwInaccessibleObjectException(AccessibleObject.java:388)
	at java.base/java.lang.reflect.AccessibleObject.checkCanSetAccessible(AccessibleObject.java:364)
	at java.base/java.lang.reflect.AccessibleObject.checkCanSetAccessible(AccessibleObject.java:312)
	at java.base/java.lang.reflect.Field.checkCanSetAccessible(Field.java:183)
	at java.base/java.lang.reflect.Field.setAccessible(Field.java:177)
	at org.fest.reflect.util.Accessibles$SetAccessibleAction.run(Accessibles.java:71)
	at org.fest.reflect.util.Accessibles$SetAccessibleAction.run(Accessibles.java:61)
	at java.base/java.security.AccessController.doPrivileged(AccessController.java:319)
	at org.fest.reflect.util.Accessibles.setAccessible(Accessibles.java:58)
	at org.fest.reflect.util.Accessibles.makeAccessible(Accessibles.java:47)
	at org.fest.reflect.field.Invoker.verifyCorrectType(Invoker.java:89)
	at org.fest.reflect.field.Invoker.createInvoker(Invoker.java:65)
	at org.fest.reflect.field.Invoker.newInvoker(Invoker.java:59)
	at org.fest.reflect.field.FieldType.in(FieldType.java:61)
	at org.fest.swing.monitor.ProtectingTimerTask.isCanceled(ProtectingTimerTask.java:58)
	at org.fest.swing.monitor.ProtectingTimerTask.run(ProtectingTimerTask.java:44)
	at java.base/java.util.TimerThread.mainLoop(Timer.java:572)
	at java.base/java.util.TimerThread.run(Timer.java:522)

dec 13, 2024 9:34:41 A.M. org.fest.swing.monitor.ProtectingTimerTask handleException
WARNING: Exception thrown by a TimerTask
java.lang.reflect.InaccessibleObjectException: Unable to make field int java.util.TimerTask.state accessible: module java.base does not "opens java.util" to unnamed module @32e6e9c3
	at java.base/java.lang.reflect.AccessibleObject.throwInaccessibleObjectException(AccessibleObject.java:388)
	at java.base/java.lang.reflect.AccessibleObject.checkCanSetAccessible(AccessibleObject.java:364)
	at java.base/java.lang.reflect.AccessibleObject.checkCanSetAccessible(AccessibleObject.java:312)
	at java.base/java.lang.reflect.Field.checkCanSetAccessible(Field.java:183)
	at java.base/java.lang.reflect.Field.setAccessible(Field.java:177)
	at org.fest.reflect.util.Accessibles$SetAccessibleAction.run(Accessibles.java:71)
	at org.fest.reflect.util.Accessibles$SetAccessibleAction.run(Accessibles.java:61)
	at java.base/java.security.AccessController.doPrivileged(AccessController.java:319)
	at org.fest.reflect.util.Accessibles.setAccessible(Accessibles.java:58)
	at org.fest.reflect.util.Accessibles.makeAccessible(Accessibles.java:47)
	at org.fest.reflect.field.Invoker.verifyCorrectType(Invoker.java:89)
	at org.fest.reflect.field.Invoker.createInvoker(Invoker.java:65)
	at org.fest.reflect.field.Invoker.newInvoker(Invoker.java:59)
	at org.fest.reflect.field.FieldType.in(FieldType.java:61)
	at org.fest.swing.monitor.ProtectingTimerTask.isCanceled(ProtectingTimerTask.java:58)
	at org.fest.swing.monitor.ProtectingTimerTask.run(ProtectingTimerTask.java:44)
	at java.base/java.util.TimerThread.mainLoop(Timer.java:572)
	at java.base/java.util.TimerThread.run(Timer.java:522)

dec 13, 2024 9:34:41 A.M. org.fest.swing.monitor.ProtectingTimerTask handleException
WARNING: Exception thrown by a TimerTask
java.lang.reflect.InaccessibleObjectException: Unable to make field int java.util.TimerTask.state accessible: module java.base does not "opens java.util" to unnamed module @32e6e9c3
	at java.base/java.lang.reflect.AccessibleObject.throwInaccessibleObjectException(AccessibleObject.java:388)
	at java.base/java.lang.reflect.AccessibleObject.checkCanSetAccessible(AccessibleObject.java:364)
	at java.base/java.lang.reflect.AccessibleObject.checkCanSetAccessible(AccessibleObject.java:312)
	at java.base/java.lang.reflect.Field.checkCanSetAccessible(Field.java:183)
	at java.base/java.lang.reflect.Field.setAccessible(Field.java:177)
	at org.fest.reflect.util.Accessibles$SetAccessibleAction.run(Accessibles.java:71)
	at org.fest.reflect.util.Accessibles$SetAccessibleAction.run(Accessibles.java:61)
	at java.base/java.security.AccessController.doPrivileged(AccessController.java:319)
	at org.fest.reflect.util.Accessibles.setAccessible(Accessibles.java:58)
	at org.fest.reflect.util.Accessibles.makeAccessible(Accessibles.java:47)
	at org.fest.reflect.field.Invoker.verifyCorrectType(Invoker.java:89)
	at org.fest.reflect.field.Invoker.createInvoker(Invoker.java:65)
	at org.fest.reflect.field.Invoker.newInvoker(Invoker.java:59)
	at org.fest.reflect.field.FieldType.in(FieldType.java:61)
	at org.fest.swing.monitor.ProtectingTimerTask.isCanceled(ProtectingTimerTask.java:58)
	at org.fest.swing.monitor.ProtectingTimerTask.run(ProtectingTimerTask.java:44)
	at java.base/java.util.TimerThread.mainLoop(Timer.java:572)
	at java.base/java.util.TimerThread.run(Timer.java:522)

dec 13, 2024 9:34:41 A.M. org.fest.swing.monitor.ProtectingTimerTask handleException
WARNING: Exception thrown by a TimerTask
java.lang.reflect.InaccessibleObjectException: Unable to make field int java.util.TimerTask.state accessible: module java.base does not "opens java.util" to unnamed module @32e6e9c3
	at java.base/java.lang.reflect.AccessibleObject.throwInaccessibleObjectException(AccessibleObject.java:388)
	at java.base/java.lang.reflect.AccessibleObject.checkCanSetAccessible(AccessibleObject.java:364)
	at java.base/java.lang.reflect.AccessibleObject.checkCanSetAccessible(AccessibleObject.java:312)
	at java.base/java.lang.reflect.Field.checkCanSetAccessible(Field.java:183)
	at java.base/java.lang.reflect.Field.setAccessible(Field.java:177)
	at org.fest.reflect.util.Accessibles$SetAccessibleAction.run(Accessibles.java:71)
	at org.fest.reflect.util.Accessibles$SetAccessibleAction.run(Accessibles.java:61)
	at java.base/java.security.AccessController.doPrivileged(AccessController.java:319)
	at org.fest.reflect.util.Accessibles.setAccessible(Accessibles.java:58)
	at org.fest.reflect.util.Accessibles.makeAccessible(Accessibles.java:47)
	at org.fest.reflect.field.Invoker.verifyCorrectType(Invoker.java:89)
	at org.fest.reflect.field.Invoker.createInvoker(Invoker.java:65)
	at org.fest.reflect.field.Invoker.newInvoker(Invoker.java:59)
	at org.fest.reflect.field.FieldType.in(FieldType.java:61)
	at org.fest.swing.monitor.ProtectingTimerTask.isCanceled(ProtectingTimerTask.java:58)
	at org.fest.swing.monitor.ProtectingTimerTask.run(ProtectingTimerTask.java:44)
	at java.base/java.util.TimerThread.mainLoop(Timer.java:572)
	at java.base/java.util.TimerThread.run(Timer.java:522)

dec 13, 2024 9:34:41 A.M. org.fest.swing.monitor.ProtectingTimerTask handleException
WARNING: Exception thrown by a TimerTask
java.lang.reflect.InaccessibleObjectException: Unable to make field int java.util.TimerTask.state accessible: module java.base does not "opens java.util" to unnamed module @32e6e9c3
	at java.base/java.lang.reflect.AccessibleObject.throwInaccessibleObjectException(AccessibleObject.java:388)
	at java.base/java.lang.reflect.AccessibleObject.checkCanSetAccessible(AccessibleObject.java:364)
	at java.base/java.lang.reflect.AccessibleObject.checkCanSetAccessible(AccessibleObject.java:312)
	at java.base/java.lang.reflect.Field.checkCanSetAccessible(Field.java:183)
	at java.base/java.lang.reflect.Field.setAccessible(Field.java:177)
	at org.fest.reflect.util.Accessibles$SetAccessibleAction.run(Accessibles.java:71)
	at org.fest.reflect.util.Accessibles$SetAccessibleAction.run(Accessibles.java:61)
	at java.base/java.security.AccessController.doPrivileged(AccessController.java:319)
	at org.fest.reflect.util.Accessibles.setAccessible(Accessibles.java:58)
	at org.fest.reflect.util.Accessibles.makeAccessible(Accessibles.java:47)
	at org.fest.reflect.field.Invoker.verifyCorrectType(Invoker.java:89)
	at org.fest.reflect.field.Invoker.createInvoker(Invoker.java:65)
	at org.fest.reflect.field.Invoker.newInvoker(Invoker.java:59)
	at org.fest.reflect.field.FieldType.in(FieldType.java:61)
	at org.fest.swing.monitor.ProtectingTimerTask.isCanceled(ProtectingTimerTask.java:58)
	at org.fest.swing.monitor.ProtectingTimerTask.run(ProtectingTimerTask.java:44)
	at java.base/java.util.TimerThread.mainLoop(Timer.java:572)
	at java.base/java.util.TimerThread.run(Timer.java:522)

dec 13, 2024 9:34:41 A.M. org.fest.swing.monitor.ProtectingTimerTask handleException
WARNING: Exception thrown by a TimerTask
java.lang.reflect.InaccessibleObjectException: Unable to make field int java.util.TimerTask.state accessible: module java.base does not "opens java.util" to unnamed module @32e6e9c3
	at java.base/java.lang.reflect.AccessibleObject.throwInaccessibleObjectException(AccessibleObject.java:388)
	at java.base/java.lang.reflect.AccessibleObject.checkCanSetAccessible(AccessibleObject.java:364)
	at java.base/java.lang.reflect.AccessibleObject.checkCanSetAccessible(AccessibleObject.java:312)
	at java.base/java.lang.reflect.Field.checkCanSetAccessible(Field.java:183)
	at java.base/java.lang.reflect.Field.setAccessible(Field.java:177)
	at org.fest.reflect.util.Accessibles$SetAccessibleAction.run(Accessibles.java:71)
	at org.fest.reflect.util.Accessibles$SetAccessibleAction.run(Accessibles.java:61)
	at java.base/java.security.AccessController.doPrivileged(AccessController.java:319)
	at org.fest.reflect.util.Accessibles.setAccessible(Accessibles.java:58)
	at org.fest.reflect.util.Accessibles.makeAccessible(Accessibles.java:47)
	at org.fest.reflect.field.Invoker.verifyCorrectType(Invoker.java:89)
	at org.fest.reflect.field.Invoker.createInvoker(Invoker.java:65)
	at org.fest.reflect.field.Invoker.newInvoker(Invoker.java:59)
	at org.fest.reflect.field.FieldType.in(FieldType.java:61)
	at org.fest.swing.monitor.ProtectingTimerTask.isCanceled(ProtectingTimerTask.java:58)
	at org.fest.swing.monitor.ProtectingTimerTask.run(ProtectingTimerTask.java:44)
	at java.base/java.util.TimerThread.mainLoop(Timer.java:572)
	at java.base/java.util.TimerThread.run(Timer.java:522)

dec 13, 2024 9:34:43 A.M. org.fest.swing.monitor.ProtectingTimerTask handleException
WARNING: Exception thrown by a TimerTask
java.lang.reflect.InaccessibleObjectException: Unable to make field int java.util.TimerTask.state accessible: module java.base does not "opens java.util" to unnamed module @32e6e9c3
	at java.base/java.lang.reflect.AccessibleObject.throwInaccessibleObjectException(AccessibleObject.java:388)
	at java.base/java.lang.reflect.AccessibleObject.checkCanSetAccessible(AccessibleObject.java:364)
	at java.base/java.lang.reflect.AccessibleObject.checkCanSetAccessible(AccessibleObject.java:312)
	at java.base/java.lang.reflect.Field.checkCanSetAccessible(Field.java:183)
	at java.base/java.lang.reflect.Field.setAccessible(Field.java:177)
	at org.fest.reflect.util.Accessibles$SetAccessibleAction.run(Accessibles.java:71)
	at org.fest.reflect.util.Accessibles$SetAccessibleAction.run(Accessibles.java:61)
	at java.base/java.security.AccessController.doPrivileged(AccessController.java:319)
	at org.fest.reflect.util.Accessibles.setAccessible(Accessibles.java:58)
	at org.fest.reflect.util.Accessibles.makeAccessible(Accessibles.java:47)
	at org.fest.reflect.field.Invoker.verifyCorrectType(Invoker.java:89)
	at org.fest.reflect.field.Invoker.createInvoker(Invoker.java:65)
	at org.fest.reflect.field.Invoker.newInvoker(Invoker.java:59)
	at org.fest.reflect.field.FieldType.in(FieldType.java:61)
	at org.fest.swing.monitor.ProtectingTimerTask.isCanceled(ProtectingTimerTask.java:58)
	at org.fest.swing.monitor.ProtectingTimerTask.run(ProtectingTimerTask.java:44)
	at java.base/java.util.TimerThread.mainLoop(Timer.java:572)
	at java.base/java.util.TimerThread.run(Timer.java:522)

dec 13, 2024 9:34:43 A.M. org.fest.swing.monitor.ProtectingTimerTask handleException
WARNING: Exception thrown by a TimerTask
java.lang.reflect.InaccessibleObjectException: Unable to make field int java.util.TimerTask.state accessible: module java.base does not "opens java.util" to unnamed module @32e6e9c3
	at java.base/java.lang.reflect.AccessibleObject.throwInaccessibleObjectException(AccessibleObject.java:388)
	at java.base/java.lang.reflect.AccessibleObject.checkCanSetAccessible(AccessibleObject.java:364)
	at java.base/java.lang.reflect.AccessibleObject.checkCanSetAccessible(AccessibleObject.java:312)
	at java.base/java.lang.reflect.Field.checkCanSetAccessible(Field.java:183)
	at java.base/java.lang.reflect.Field.setAccessible(Field.java:177)
	at org.fest.reflect.util.Accessibles$SetAccessibleAction.run(Accessibles.java:71)
	at org.fest.reflect.util.Accessibles$SetAccessibleAction.run(Accessibles.java:61)
	at java.base/java.security.AccessController.doPrivileged(AccessController.java:319)
	at org.fest.reflect.util.Accessibles.setAccessible(Accessibles.java:58)
	at org.fest.reflect.util.Accessibles.makeAccessible(Accessibles.java:47)
	at org.fest.reflect.field.Invoker.verifyCorrectType(Invoker.java:89)
	at org.fest.reflect.field.Invoker.createInvoker(Invoker.java:65)
	at org.fest.reflect.field.Invoker.newInvoker(Invoker.java:59)
	at org.fest.reflect.field.FieldType.in(FieldType.java:61)
	at org.fest.swing.monitor.ProtectingTimerTask.isCanceled(ProtectingTimerTask.java:58)
	at org.fest.swing.monitor.ProtectingTimerTask.run(ProtectingTimerTask.java:44)
	at java.base/java.util.TimerThread.mainLoop(Timer.java:572)
	at java.base/java.util.TimerThread.run(Timer.java:522)

dec 13, 2024 9:34:43 A.M. org.fest.swing.monitor.ProtectingTimerTask handleException
WARNING: Exception thrown by a TimerTask
java.lang.reflect.InaccessibleObjectException: Unable to make field int java.util.TimerTask.state accessible: module java.base does not "opens java.util" to unnamed module @32e6e9c3
	at java.base/java.lang.reflect.AccessibleObject.throwInaccessibleObjectException(AccessibleObject.java:388)
	at java.base/java.lang.reflect.AccessibleObject.checkCanSetAccessible(AccessibleObject.java:364)
	at java.base/java.lang.reflect.AccessibleObject.checkCanSetAccessible(AccessibleObject.java:312)
	at java.base/java.lang.reflect.Field.checkCanSetAccessible(Field.java:183)
	at java.base/java.lang.reflect.Field.setAccessible(Field.java:177)
	at org.fest.reflect.util.Accessibles$SetAccessibleAction.run(Accessibles.java:71)
	at org.fest.reflect.util.Accessibles$SetAccessibleAction.run(Accessibles.java:61)
	at java.base/java.security.AccessController.doPrivileged(AccessController.java:319)
	at org.fest.reflect.util.Accessibles.setAccessible(Accessibles.java:58)
	at org.fest.reflect.util.Accessibles.makeAccessible(Accessibles.java:47)
	at org.fest.reflect.field.Invoker.verifyCorrectType(Invoker.java:89)
	at org.fest.reflect.field.Invoker.createInvoker(Invoker.java:65)
	at org.fest.reflect.field.Invoker.newInvoker(Invoker.java:59)
	at org.fest.reflect.field.FieldType.in(FieldType.java:61)
	at org.fest.swing.monitor.ProtectingTimerTask.isCanceled(ProtectingTimerTask.java:58)
	at org.fest.swing.monitor.ProtectingTimerTask.run(ProtectingTimerTask.java:44)
	at java.base/java.util.TimerThread.mainLoop(Timer.java:572)
	at java.base/java.util.TimerThread.run(Timer.java:522)

dec 13, 2024 9:34:43 A.M. org.fest.swing.monitor.ProtectingTimerTask handleException
WARNING: Exception thrown by a TimerTask
java.lang.reflect.InaccessibleObjectException: Unable to make field int java.util.TimerTask.state accessible: module java.base does not "opens java.util" to unnamed module @32e6e9c3
	at java.base/java.lang.reflect.AccessibleObject.throwInaccessibleObjectException(AccessibleObject.java:388)
	at java.base/java.lang.reflect.AccessibleObject.checkCanSetAccessible(AccessibleObject.java:364)
	at java.base/java.lang.reflect.AccessibleObject.checkCanSetAccessible(AccessibleObject.java:312)
	at java.base/java.lang.reflect.Field.checkCanSetAccessible(Field.java:183)
	at java.base/java.lang.reflect.Field.setAccessible(Field.java:177)
	at org.fest.reflect.util.Accessibles$SetAccessibleAction.run(Accessibles.java:71)
	at org.fest.reflect.util.Accessibles$SetAccessibleAction.run(Accessibles.java:61)
	at java.base/java.security.AccessController.doPrivileged(AccessController.java:319)
	at org.fest.reflect.util.Accessibles.setAccessible(Accessibles.java:58)
	at org.fest.reflect.util.Accessibles.makeAccessible(Accessibles.java:47)
	at org.fest.reflect.field.Invoker.verifyCorrectType(Invoker.java:89)
	at org.fest.reflect.field.Invoker.createInvoker(Invoker.java:65)
	at org.fest.reflect.field.Invoker.newInvoker(Invoker.java:59)
	at org.fest.reflect.field.FieldType.in(FieldType.java:61)
	at org.fest.swing.monitor.ProtectingTimerTask.isCanceled(ProtectingTimerTask.java:58)
	at org.fest.swing.monitor.ProtectingTimerTask.run(ProtectingTimerTask.java:44)
	at java.base/java.util.TimerThread.mainLoop(Timer.java:572)
	at java.base/java.util.TimerThread.run(Timer.java:522)

dec 13, 2024 9:34:43 A.M. org.fest.swing.monitor.ProtectingTimerTask handleException
WARNING: Exception thrown by a TimerTask
java.lang.reflect.InaccessibleObjectException: Unable to make field int java.util.TimerTask.state accessible: module java.base does not "opens java.util" to unnamed module @32e6e9c3
	at java.base/java.lang.reflect.AccessibleObject.throwInaccessibleObjectException(AccessibleObject.java:388)
	at java.base/java.lang.reflect.AccessibleObject.checkCanSetAccessible(AccessibleObject.java:364)
	at java.base/java.lang.reflect.AccessibleObject.checkCanSetAccessible(AccessibleObject.java:312)
	at java.base/java.lang.reflect.Field.checkCanSetAccessible(Field.java:183)
	at java.base/java.lang.reflect.Field.setAccessible(Field.java:177)
	at org.fest.reflect.util.Accessibles$SetAccessibleAction.run(Accessibles.java:71)
	at org.fest.reflect.util.Accessibles$SetAccessibleAction.run(Accessibles.java:61)
	at java.base/java.security.AccessController.doPrivileged(AccessController.java:319)
	at org.fest.reflect.util.Accessibles.setAccessible(Accessibles.java:58)
	at org.fest.reflect.util.Accessibles.makeAccessible(Accessibles.java:47)
	at org.fest.reflect.field.Invoker.verifyCorrectType(Invoker.java:89)
	at org.fest.reflect.field.Invoker.createInvoker(Invoker.java:65)
	at org.fest.reflect.field.Invoker.newInvoker(Invoker.java:59)
	at org.fest.reflect.field.FieldType.in(FieldType.java:61)
	at org.fest.swing.monitor.ProtectingTimerTask.isCanceled(ProtectingTimerTask.java:58)
	at org.fest.swing.monitor.ProtectingTimerTask.run(ProtectingTimerTask.java:44)
	at java.base/java.util.TimerThread.mainLoop(Timer.java:572)
	at java.base/java.util.TimerThread.run(Timer.java:522)

dec 13, 2024 9:34:43 A.M. org.fest.swing.monitor.ProtectingTimerTask handleException
WARNING: Exception thrown by a TimerTask
java.lang.reflect.InaccessibleObjectException: Unable to make field int java.util.TimerTask.state accessible: module java.base does not "opens java.util" to unnamed module @32e6e9c3
	at java.base/java.lang.reflect.AccessibleObject.throwInaccessibleObjectException(AccessibleObject.java:388)
	at java.base/java.lang.reflect.AccessibleObject.checkCanSetAccessible(AccessibleObject.java:364)
	at java.base/java.lang.reflect.AccessibleObject.checkCanSetAccessible(AccessibleObject.java:312)
	at java.base/java.lang.reflect.Field.checkCanSetAccessible(Field.java:183)
	at java.base/java.lang.reflect.Field.setAccessible(Field.java:177)
	at org.fest.reflect.util.Accessibles$SetAccessibleAction.run(Accessibles.java:71)
	at org.fest.reflect.util.Accessibles$SetAccessibleAction.run(Accessibles.java:61)
	at java.base/java.security.AccessController.doPrivileged(AccessController.java:319)
	at org.fest.reflect.util.Accessibles.setAccessible(Accessibles.java:58)
	at org.fest.reflect.util.Accessibles.makeAccessible(Accessibles.java:47)
	at org.fest.reflect.field.Invoker.verifyCorrectType(Invoker.java:89)
	at org.fest.reflect.field.Invoker.createInvoker(Invoker.java:65)
	at org.fest.reflect.field.Invoker.newInvoker(Invoker.java:59)
	at org.fest.reflect.field.FieldType.in(FieldType.java:61)
	at org.fest.swing.monitor.ProtectingTimerTask.isCanceled(ProtectingTimerTask.java:58)
	at org.fest.swing.monitor.ProtectingTimerTask.run(ProtectingTimerTask.java:44)
	at java.base/java.util.TimerThread.mainLoop(Timer.java:572)
	at java.base/java.util.TimerThread.run(Timer.java:522)

dec 13, 2024 9:34:43 A.M. org.fest.swing.monitor.ProtectingTimerTask handleException
WARNING: Exception thrown by a TimerTask
java.lang.reflect.InaccessibleObjectException: Unable to make field int java.util.TimerTask.state accessible: module java.base does not "opens java.util" to unnamed module @32e6e9c3
	at java.base/java.lang.reflect.AccessibleObject.throwInaccessibleObjectException(AccessibleObject.java:388)
	at java.base/java.lang.reflect.AccessibleObject.checkCanSetAccessible(AccessibleObject.java:364)
	at java.base/java.lang.reflect.AccessibleObject.checkCanSetAccessible(AccessibleObject.java:312)
	at java.base/java.lang.reflect.Field.checkCanSetAccessible(Field.java:183)
	at java.base/java.lang.reflect.Field.setAccessible(Field.java:177)
	at org.fest.reflect.util.Accessibles$SetAccessibleAction.run(Accessibles.java:71)
	at org.fest.reflect.util.Accessibles$SetAccessibleAction.run(Accessibles.java:61)
	at java.base/java.security.AccessController.doPrivileged(AccessController.java:319)
	at org.fest.reflect.util.Accessibles.setAccessible(Accessibles.java:58)
	at org.fest.reflect.util.Accessibles.makeAccessible(Accessibles.java:47)
	at org.fest.reflect.field.Invoker.verifyCorrectType(Invoker.java:89)
	at org.fest.reflect.field.Invoker.createInvoker(Invoker.java:65)
	at org.fest.reflect.field.Invoker.newInvoker(Invoker.java:59)
	at org.fest.reflect.field.FieldType.in(FieldType.java:61)
	at org.fest.swing.monitor.ProtectingTimerTask.isCanceled(ProtectingTimerTask.java:58)
	at org.fest.swing.monitor.ProtectingTimerTask.run(ProtectingTimerTask.java:44)
	at java.base/java.util.TimerThread.mainLoop(Timer.java:572)
	at java.base/java.util.TimerThread.run(Timer.java:522)

org.openscience.jchempaint.action.JCPAction WARN:  Source is MenuBar. MenuBar items don't know about the source
Exception in thread "AWT-EventQueue-0" java.lang.NullPointerException: Cannot invoke "org.openscience.cdk.interfaces.IAtomContainer.removeBond(org.openscience.cdk.interfaces.IBond)" because "original" is null
	at org.openscience.jchempaint.action.RGroupAction.createMolecule(RGroupAction.java:540)
	at org.openscience.jchempaint.action.RGroupAction.actionPerformed(RGroupAction.java:262)
	at java.desktop/javax.swing.AbstractButton.fireActionPerformed(AbstractButton.java:1972)
	at java.desktop/javax.swing.AbstractButton$Handler.actionPerformed(AbstractButton.java:2314)
	at java.desktop/javax.swing.DefaultButtonModel.fireActionPerformed(DefaultButtonModel.java:407)
	at java.desktop/javax.swing.DefaultButtonModel.setPressed(DefaultButtonModel.java:262)
	at java.desktop/javax.swing.AbstractButton.doClick(AbstractButton.java:374)
	at java.desktop/javax.swing.plaf.basic.BasicMenuItemUI.doClick(BasicMenuItemUI.java:1029)
	at java.desktop/com.apple.laf.AquaMenuItemUI.doClick(AquaMenuItemUI.java:157)
	at java.desktop/javax.swing.plaf.basic.BasicMenuItemUI$Handler.mouseReleased(BasicMenuItemUI.java:1073)
	at java.desktop/java.awt.Component.processMouseEvent(Component.java:6621)
	at java.desktop/javax.swing.JComponent.processMouseEvent(JComponent.java:3404)
	at java.desktop/java.awt.Component.processEvent(Component.java:6386)
	at java.desktop/java.awt.Container.processEvent(Container.java:2266)
	at java.desktop/java.awt.Component.dispatchEventImpl(Component.java:4996)
	at java.desktop/java.awt.Container.dispatchEventImpl(Container.java:2324)
	at java.desktop/java.awt.Component.dispatchEvent(Component.java:4828)
	at java.desktop/java.awt.LightweightDispatcher.retargetMouseEvent(Container.java:4948)
	at java.desktop/java.awt.LightweightDispatcher.processMouseEvent(Container.java:4575)
	at java.desktop/java.awt.LightweightDispatcher.dispatchEvent(Container.java:4516)
	at java.desktop/java.awt.Container.dispatchEventImpl(Container.java:2310)
	at java.desktop/java.awt.Window.dispatchEventImpl(Window.java:2780)
	at java.desktop/java.awt.Component.dispatchEvent(Component.java:4828)
	at java.desktop/java.awt.EventQueue.dispatchEventImpl(EventQueue.java:775)
	at java.desktop/java.awt.EventQueue$4.run(EventQueue.java:720)
	at java.desktop/java.awt.EventQueue$4.run(EventQueue.java:714)
	at java.base/java.security.AccessController.doPrivileged(AccessController.java:400)
	at java.base/java.security.ProtectionDomain$JavaSecurityAccessImpl.doIntersectionPrivilege(ProtectionDomain.java:87)
	at java.base/java.security.ProtectionDomain$JavaSecurityAccessImpl.doIntersectionPrivilege(ProtectionDomain.java:98)
	at java.desktop/java.awt.EventQueue$5.run(EventQueue.java:747)
	at java.desktop/java.awt.EventQueue$5.run(EventQueue.java:745)
	at java.base/java.security.AccessController.doPrivileged(AccessController.java:400)
	at java.base/java.security.ProtectionDomain$JavaSecurityAccessImpl.doIntersectionPrivilege(ProtectionDomain.java:87)
	at java.desktop/java.awt.EventQueue.dispatchEvent(EventQueue.java:744)
	at java.desktop/java.awt.EventDispatchThread.pumpOneEventForFilters(EventDispatchThread.java:203)
	at java.desktop/java.awt.EventDispatchThread.pumpEventsForFilter(EventDispatchThread.java:124)
	at java.desktop/java.awt.EventDispatchThread.pumpEventsForHierarchy(EventDispatchThread.java:113)
	at java.desktop/java.awt.EventDispatchThread.pumpEvents(EventDispatchThread.java:109)
	at java.desktop/java.awt.EventDispatchThread.pumpEvents(EventDispatchThread.java:101)
	at java.desktop/java.awt.EventDispatchThread.run(EventDispatchThread.java:90)
]]></system-err>
  </testcase>
  <testcase name="testMenuIsotopeMajorMinusThree" classname="org.openscience.jchempaint.MenuIsotopeTest" time="33.916">
    <error message="Could not obtain position of component javax.swing.JMenu[name=&apos;atomMenu&apos;, text=&apos;Atom&apos;, selected=false, enabled=true, visible=true, showing=false]" type="org.fest.swing.exception.ActionFailedException"><![CDATA[org.fest.swing.exception.ActionFailedException: Could not obtain position of component javax.swing.JMenu[name='atomMenu', text='Atom', selected=false, enabled=true, visible=true, showing=false]
	at org.fest.swing.exception.ActionFailedException.actionFailure(ActionFailedException.java:33)
	at org.fest.swing.core.BasicRobot.moveMouse(BasicRobot.java:463)
	at org.fest.swing.core.BasicRobot.jitter(BasicRobot.java:537)
	at org.fest.swing.core.BasicRobot.jitter(BasicRobot.java:529)
	at org.fest.swing.driver.ComponentDriver.waitForShowing(ComponentDriver.java:448)
	at org.fest.swing.driver.JMenuItemDriver.ensurePopupIsShowing(JMenuItemDriver.java:136)
	at org.fest.swing.driver.JMenuItemDriver.click(JMenuItemDriver.java:73)
	at org.fest.swing.driver.JMenuItemDriver.activateParentIfIsAMenu(JMenuItemDriver.java:97)
	at org.fest.swing.driver.JMenuItemDriver.show(JMenuItemDriver.java:79)
	at org.fest.swing.driver.JMenuItemDriver.click(JMenuItemDriver.java:71)
	at org.fest.swing.fixture.JMenuItemFixture.click(JMenuItemFixture.java:84)
	at org.openscience.jchempaint.MenuIsotopeTest.genericIsotopeTest(MenuIsotopeTest.java:42)
	at org.openscience.jchempaint.MenuIsotopeTest.testMenuIsotopeMajorMinusThree(MenuIsotopeTest.java:61)
	at java.base/jdk.internal.reflect.DirectMethodHandleAccessor.invoke(DirectMethodHandleAccessor.java:103)
	at java.base/java.lang.reflect.Method.invoke(Method.java:580)
	at org.junit.runners.model.FrameworkMethod$1.runReflectiveCall(FrameworkMethod.java:59)
	at org.junit.internal.runners.model.ReflectiveCallable.run(ReflectiveCallable.java:12)
	at org.junit.runners.model.FrameworkMethod.invokeExplosively(FrameworkMethod.java:56)
	at org.junit.internal.runners.statements.InvokeMethod.evaluate(InvokeMethod.java:17)
	at org.junit.runners.ParentRunner$3.evaluate(ParentRunner.java:306)
	at org.junit.runners.BlockJUnit4ClassRunner$1.evaluate(BlockJUnit4ClassRunner.java:100)
	at org.junit.runners.ParentRunner.runLeaf(ParentRunner.java:366)
	at org.junit.runners.BlockJUnit4ClassRunner.runChild(BlockJUnit4ClassRunner.java:103)
	at org.junit.runners.BlockJUnit4ClassRunner.runChild(BlockJUnit4ClassRunner.java:63)
	at org.junit.runners.ParentRunner$4.run(ParentRunner.java:331)
	at org.junit.runners.ParentRunner$1.schedule(ParentRunner.java:79)
	at org.junit.runners.ParentRunner.runChildren(ParentRunner.java:329)
	at org.junit.runners.ParentRunner.access$100(ParentRunner.java:66)
	at org.junit.runners.ParentRunner$2.evaluate(ParentRunner.java:293)
	at org.junit.internal.runners.statements.RunBefores.evaluate(RunBefores.java:26)
	at org.junit.internal.runners.statements.RunAfters.evaluate(RunAfters.java:27)
	at org.junit.runners.ParentRunner$3.evaluate(ParentRunner.java:306)
	at org.junit.runners.ParentRunner.run(ParentRunner.java:413)
	at org.apache.maven.surefire.junit4.JUnit4Provider.execute(JUnit4Provider.java:316)
	at org.apache.maven.surefire.junit4.JUnit4Provider.executeWithRerun(JUnit4Provider.java:240)
	at org.apache.maven.surefire.junit4.JUnit4Provider.executeTestSet(JUnit4Provider.java:214)
	at org.apache.maven.surefire.junit4.JUnit4Provider.invoke(JUnit4Provider.java:155)
	at org.apache.maven.surefire.booter.ForkedBooter.runSuitesInProcess(ForkedBooter.java:385)
	at org.apache.maven.surefire.booter.ForkedBooter.execute(ForkedBooter.java:162)
	at org.apache.maven.surefire.booter.ForkedBooter.run(ForkedBooter.java:507)
	at org.apache.maven.surefire.booter.ForkedBooter.main(ForkedBooter.java:495)
]]></error>
    <system-err><![CDATA[dec 13, 2024 9:34:48 A.M. org.fest.swing.monitor.ProtectingTimerTask handleException
WARNING: Exception thrown by a TimerTask
java.lang.reflect.InaccessibleObjectException: Unable to make field int java.util.TimerTask.state accessible: module java.base does not "opens java.util" to unnamed module @32e6e9c3
	at java.base/java.lang.reflect.AccessibleObject.throwInaccessibleObjectException(AccessibleObject.java:388)
	at java.base/java.lang.reflect.AccessibleObject.checkCanSetAccessible(AccessibleObject.java:364)
	at java.base/java.lang.reflect.AccessibleObject.checkCanSetAccessible(AccessibleObject.java:312)
	at java.base/java.lang.reflect.Field.checkCanSetAccessible(Field.java:183)
	at java.base/java.lang.reflect.Field.setAccessible(Field.java:177)
	at org.fest.reflect.util.Accessibles$SetAccessibleAction.run(Accessibles.java:71)
	at org.fest.reflect.util.Accessibles$SetAccessibleAction.run(Accessibles.java:61)
	at java.base/java.security.AccessController.doPrivileged(AccessController.java:319)
	at org.fest.reflect.util.Accessibles.setAccessible(Accessibles.java:58)
	at org.fest.reflect.util.Accessibles.makeAccessible(Accessibles.java:47)
	at org.fest.reflect.field.Invoker.verifyCorrectType(Invoker.java:89)
	at org.fest.reflect.field.Invoker.createInvoker(Invoker.java:65)
	at org.fest.reflect.field.Invoker.newInvoker(Invoker.java:59)
	at org.fest.reflect.field.FieldType.in(FieldType.java:61)
	at org.fest.swing.monitor.ProtectingTimerTask.isCanceled(ProtectingTimerTask.java:58)
	at org.fest.swing.monitor.ProtectingTimerTask.run(ProtectingTimerTask.java:44)
	at java.base/java.util.TimerThread.mainLoop(Timer.java:572)
	at java.base/java.util.TimerThread.run(Timer.java:522)

dec 13, 2024 9:34:48 A.M. org.fest.swing.monitor.ProtectingTimerTask handleException
WARNING: Exception thrown by a TimerTask
java.lang.reflect.InaccessibleObjectException: Unable to make field int java.util.TimerTask.state accessible: module java.base does not "opens java.util" to unnamed module @32e6e9c3
	at java.base/java.lang.reflect.AccessibleObject.throwInaccessibleObjectException(AccessibleObject.java:388)
	at java.base/java.lang.reflect.AccessibleObject.checkCanSetAccessible(AccessibleObject.java:364)
	at java.base/java.lang.reflect.AccessibleObject.checkCanSetAccessible(AccessibleObject.java:312)
	at java.base/java.lang.reflect.Field.checkCanSetAccessible(Field.java:183)
	at java.base/java.lang.reflect.Field.setAccessible(Field.java:177)
	at org.fest.reflect.util.Accessibles$SetAccessibleAction.run(Accessibles.java:71)
	at org.fest.reflect.util.Accessibles$SetAccessibleAction.run(Accessibles.java:61)
	at java.base/java.security.AccessController.doPrivileged(AccessController.java:319)
	at org.fest.reflect.util.Accessibles.setAccessible(Accessibles.java:58)
	at org.fest.reflect.util.Accessibles.makeAccessible(Accessibles.java:47)
	at org.fest.reflect.field.Invoker.verifyCorrectType(Invoker.java:89)
	at org.fest.reflect.field.Invoker.createInvoker(Invoker.java:65)
	at org.fest.reflect.field.Invoker.newInvoker(Invoker.java:59)
	at org.fest.reflect.field.FieldType.in(FieldType.java:61)
	at org.fest.swing.monitor.ProtectingTimerTask.isCanceled(ProtectingTimerTask.java:58)
	at org.fest.swing.monitor.ProtectingTimerTask.run(ProtectingTimerTask.java:44)
	at java.base/java.util.TimerThread.mainLoop(Timer.java:572)
	at java.base/java.util.TimerThread.run(Timer.java:522)

dec 13, 2024 9:34:53 A.M. org.fest.swing.monitor.ProtectingTimerTask handleException
WARNING: Exception thrown by a TimerTask
java.lang.reflect.InaccessibleObjectException: Unable to make field int java.util.TimerTask.state accessible: module java.base does not "opens java.util" to unnamed module @32e6e9c3
	at java.base/java.lang.reflect.AccessibleObject.throwInaccessibleObjectException(AccessibleObject.java:388)
	at java.base/java.lang.reflect.AccessibleObject.checkCanSetAccessible(AccessibleObject.java:364)
	at java.base/java.lang.reflect.AccessibleObject.checkCanSetAccessible(AccessibleObject.java:312)
	at java.base/java.lang.reflect.Field.checkCanSetAccessible(Field.java:183)
	at java.base/java.lang.reflect.Field.setAccessible(Field.java:177)
	at org.fest.reflect.util.Accessibles$SetAccessibleAction.run(Accessibles.java:71)
	at org.fest.reflect.util.Accessibles$SetAccessibleAction.run(Accessibles.java:61)
	at java.base/java.security.AccessController.doPrivileged(AccessController.java:319)
	at org.fest.reflect.util.Accessibles.setAccessible(Accessibles.java:58)
	at org.fest.reflect.util.Accessibles.makeAccessible(Accessibles.java:47)
	at org.fest.reflect.field.Invoker.verifyCorrectType(Invoker.java:89)
	at org.fest.reflect.field.Invoker.createInvoker(Invoker.java:65)
	at org.fest.reflect.field.Invoker.newInvoker(Invoker.java:59)
	at org.fest.reflect.field.FieldType.in(FieldType.java:61)
	at org.fest.swing.monitor.ProtectingTimerTask.isCanceled(ProtectingTimerTask.java:58)
	at org.fest.swing.monitor.ProtectingTimerTask.run(ProtectingTimerTask.java:44)
	at java.base/java.util.TimerThread.mainLoop(Timer.java:572)
	at java.base/java.util.TimerThread.run(Timer.java:522)

dec 13, 2024 9:34:53 A.M. org.fest.swing.monitor.ProtectingTimerTask handleException
WARNING: Exception thrown by a TimerTask
java.lang.reflect.InaccessibleObjectException: Unable to make field int java.util.TimerTask.state accessible: module java.base does not "opens java.util" to unnamed module @32e6e9c3
	at java.base/java.lang.reflect.AccessibleObject.throwInaccessibleObjectException(AccessibleObject.java:388)
	at java.base/java.lang.reflect.AccessibleObject.checkCanSetAccessible(AccessibleObject.java:364)
	at java.base/java.lang.reflect.AccessibleObject.checkCanSetAccessible(AccessibleObject.java:312)
	at java.base/java.lang.reflect.Field.checkCanSetAccessible(Field.java:183)
	at java.base/java.lang.reflect.Field.setAccessible(Field.java:177)
	at org.fest.reflect.util.Accessibles$SetAccessibleAction.run(Accessibles.java:71)
	at org.fest.reflect.util.Accessibles$SetAccessibleAction.run(Accessibles.java:61)
	at java.base/java.security.AccessController.doPrivileged(AccessController.java:319)
	at org.fest.reflect.util.Accessibles.setAccessible(Accessibles.java:58)
	at org.fest.reflect.util.Accessibles.makeAccessible(Accessibles.java:47)
	at org.fest.reflect.field.Invoker.verifyCorrectType(Invoker.java:89)
	at org.fest.reflect.field.Invoker.createInvoker(Invoker.java:65)
	at org.fest.reflect.field.Invoker.newInvoker(Invoker.java:59)
	at org.fest.reflect.field.FieldType.in(FieldType.java:61)
	at org.fest.swing.monitor.ProtectingTimerTask.isCanceled(ProtectingTimerTask.java:58)
	at org.fest.swing.monitor.ProtectingTimerTask.run(ProtectingTimerTask.java:44)
	at java.base/java.util.TimerThread.mainLoop(Timer.java:572)
	at java.base/java.util.TimerThread.run(Timer.java:522)

dec 13, 2024 9:34:53 A.M. org.fest.swing.monitor.ProtectingTimerTask handleException
WARNING: Exception thrown by a TimerTask
java.lang.reflect.InaccessibleObjectException: Unable to make field int java.util.TimerTask.state accessible: module java.base does not "opens java.util" to unnamed module @32e6e9c3
	at java.base/java.lang.reflect.AccessibleObject.throwInaccessibleObjectException(AccessibleObject.java:388)
	at java.base/java.lang.reflect.AccessibleObject.checkCanSetAccessible(AccessibleObject.java:364)
	at java.base/java.lang.reflect.AccessibleObject.checkCanSetAccessible(AccessibleObject.java:312)
	at java.base/java.lang.reflect.Field.checkCanSetAccessible(Field.java:183)
	at java.base/java.lang.reflect.Field.setAccessible(Field.java:177)
	at org.fest.reflect.util.Accessibles$SetAccessibleAction.run(Accessibles.java:71)
	at org.fest.reflect.util.Accessibles$SetAccessibleAction.run(Accessibles.java:61)
	at java.base/java.security.AccessController.doPrivileged(AccessController.java:319)
	at org.fest.reflect.util.Accessibles.setAccessible(Accessibles.java:58)
	at org.fest.reflect.util.Accessibles.makeAccessible(Accessibles.java:47)
	at org.fest.reflect.field.Invoker.verifyCorrectType(Invoker.java:89)
	at org.fest.reflect.field.Invoker.createInvoker(Invoker.java:65)
	at org.fest.reflect.field.Invoker.newInvoker(Invoker.java:59)
	at org.fest.reflect.field.FieldType.in(FieldType.java:61)
	at org.fest.swing.monitor.ProtectingTimerTask.isCanceled(ProtectingTimerTask.java:58)
	at org.fest.swing.monitor.ProtectingTimerTask.run(ProtectingTimerTask.java:44)
	at java.base/java.util.TimerThread.mainLoop(Timer.java:572)
	at java.base/java.util.TimerThread.run(Timer.java:522)

dec 13, 2024 9:34:53 A.M. org.fest.swing.monitor.ProtectingTimerTask handleException
WARNING: Exception thrown by a TimerTask
java.lang.reflect.InaccessibleObjectException: Unable to make field int java.util.TimerTask.state accessible: module java.base does not "opens java.util" to unnamed module @32e6e9c3
	at java.base/java.lang.reflect.AccessibleObject.throwInaccessibleObjectException(AccessibleObject.java:388)
	at java.base/java.lang.reflect.AccessibleObject.checkCanSetAccessible(AccessibleObject.java:364)
	at java.base/java.lang.reflect.AccessibleObject.checkCanSetAccessible(AccessibleObject.java:312)
	at java.base/java.lang.reflect.Field.checkCanSetAccessible(Field.java:183)
	at java.base/java.lang.reflect.Field.setAccessible(Field.java:177)
	at org.fest.reflect.util.Accessibles$SetAccessibleAction.run(Accessibles.java:71)
	at org.fest.reflect.util.Accessibles$SetAccessibleAction.run(Accessibles.java:61)
	at java.base/java.security.AccessController.doPrivileged(AccessController.java:319)
	at org.fest.reflect.util.Accessibles.setAccessible(Accessibles.java:58)
	at org.fest.reflect.util.Accessibles.makeAccessible(Accessibles.java:47)
	at org.fest.reflect.field.Invoker.verifyCorrectType(Invoker.java:89)
	at org.fest.reflect.field.Invoker.createInvoker(Invoker.java:65)
	at org.fest.reflect.field.Invoker.newInvoker(Invoker.java:59)
	at org.fest.reflect.field.FieldType.in(FieldType.java:61)
	at org.fest.swing.monitor.ProtectingTimerTask.isCanceled(ProtectingTimerTask.java:58)
	at org.fest.swing.monitor.ProtectingTimerTask.run(ProtectingTimerTask.java:44)
	at java.base/java.util.TimerThread.mainLoop(Timer.java:572)
	at java.base/java.util.TimerThread.run(Timer.java:522)

dec 13, 2024 9:34:53 A.M. org.fest.swing.monitor.ProtectingTimerTask handleException
WARNING: Exception thrown by a TimerTask
java.lang.reflect.InaccessibleObjectException: Unable to make field int java.util.TimerTask.state accessible: module java.base does not "opens java.util" to unnamed module @32e6e9c3
	at java.base/java.lang.reflect.AccessibleObject.throwInaccessibleObjectException(AccessibleObject.java:388)
	at java.base/java.lang.reflect.AccessibleObject.checkCanSetAccessible(AccessibleObject.java:364)
	at java.base/java.lang.reflect.AccessibleObject.checkCanSetAccessible(AccessibleObject.java:312)
	at java.base/java.lang.reflect.Field.checkCanSetAccessible(Field.java:183)
	at java.base/java.lang.reflect.Field.setAccessible(Field.java:177)
	at org.fest.reflect.util.Accessibles$SetAccessibleAction.run(Accessibles.java:71)
	at org.fest.reflect.util.Accessibles$SetAccessibleAction.run(Accessibles.java:61)
	at java.base/java.security.AccessController.doPrivileged(AccessController.java:319)
	at org.fest.reflect.util.Accessibles.setAccessible(Accessibles.java:58)
	at org.fest.reflect.util.Accessibles.makeAccessible(Accessibles.java:47)
	at org.fest.reflect.field.Invoker.verifyCorrectType(Invoker.java:89)
	at org.fest.reflect.field.Invoker.createInvoker(Invoker.java:65)
	at org.fest.reflect.field.Invoker.newInvoker(Invoker.java:59)
	at org.fest.reflect.field.FieldType.in(FieldType.java:61)
	at org.fest.swing.monitor.ProtectingTimerTask.isCanceled(ProtectingTimerTask.java:58)
	at org.fest.swing.monitor.ProtectingTimerTask.run(ProtectingTimerTask.java:44)
	at java.base/java.util.TimerThread.mainLoop(Timer.java:572)
	at java.base/java.util.TimerThread.run(Timer.java:522)

dec 13, 2024 9:34:53 A.M. org.fest.swing.monitor.ProtectingTimerTask handleException
WARNING: Exception thrown by a TimerTask
java.lang.reflect.InaccessibleObjectException: Unable to make field int java.util.TimerTask.state accessible: module java.base does not "opens java.util" to unnamed module @32e6e9c3
	at java.base/java.lang.reflect.AccessibleObject.throwInaccessibleObjectException(AccessibleObject.java:388)
	at java.base/java.lang.reflect.AccessibleObject.checkCanSetAccessible(AccessibleObject.java:364)
	at java.base/java.lang.reflect.AccessibleObject.checkCanSetAccessible(AccessibleObject.java:312)
	at java.base/java.lang.reflect.Field.checkCanSetAccessible(Field.java:183)
	at java.base/java.lang.reflect.Field.setAccessible(Field.java:177)
	at org.fest.reflect.util.Accessibles$SetAccessibleAction.run(Accessibles.java:71)
	at org.fest.reflect.util.Accessibles$SetAccessibleAction.run(Accessibles.java:61)
	at java.base/java.security.AccessController.doPrivileged(AccessController.java:319)
	at org.fest.reflect.util.Accessibles.setAccessible(Accessibles.java:58)
	at org.fest.reflect.util.Accessibles.makeAccessible(Accessibles.java:47)
	at org.fest.reflect.field.Invoker.verifyCorrectType(Invoker.java:89)
	at org.fest.reflect.field.Invoker.createInvoker(Invoker.java:65)
	at org.fest.reflect.field.Invoker.newInvoker(Invoker.java:59)
	at org.fest.reflect.field.FieldType.in(FieldType.java:61)
	at org.fest.swing.monitor.ProtectingTimerTask.isCanceled(ProtectingTimerTask.java:58)
	at org.fest.swing.monitor.ProtectingTimerTask.run(ProtectingTimerTask.java:44)
	at java.base/java.util.TimerThread.mainLoop(Timer.java:572)
	at java.base/java.util.TimerThread.run(Timer.java:522)

dec 13, 2024 9:34:53 A.M. org.fest.swing.monitor.ProtectingTimerTask handleException
WARNING: Exception thrown by a TimerTask
java.lang.reflect.InaccessibleObjectException: Unable to make field int java.util.TimerTask.state accessible: module java.base does not "opens java.util" to unnamed module @32e6e9c3
	at java.base/java.lang.reflect.AccessibleObject.throwInaccessibleObjectException(AccessibleObject.java:388)
	at java.base/java.lang.reflect.AccessibleObject.checkCanSetAccessible(AccessibleObject.java:364)
	at java.base/java.lang.reflect.AccessibleObject.checkCanSetAccessible(AccessibleObject.java:312)
	at java.base/java.lang.reflect.Field.checkCanSetAccessible(Field.java:183)
	at java.base/java.lang.reflect.Field.setAccessible(Field.java:177)
	at org.fest.reflect.util.Accessibles$SetAccessibleAction.run(Accessibles.java:71)
	at org.fest.reflect.util.Accessibles$SetAccessibleAction.run(Accessibles.java:61)
	at java.base/java.security.AccessController.doPrivileged(AccessController.java:319)
	at org.fest.reflect.util.Accessibles.setAccessible(Accessibles.java:58)
	at org.fest.reflect.util.Accessibles.makeAccessible(Accessibles.java:47)
	at org.fest.reflect.field.Invoker.verifyCorrectType(Invoker.java:89)
	at org.fest.reflect.field.Invoker.createInvoker(Invoker.java:65)
	at org.fest.reflect.field.Invoker.newInvoker(Invoker.java:59)
	at org.fest.reflect.field.FieldType.in(FieldType.java:61)
	at org.fest.swing.monitor.ProtectingTimerTask.isCanceled(ProtectingTimerTask.java:58)
	at org.fest.swing.monitor.ProtectingTimerTask.run(ProtectingTimerTask.java:44)
	at java.base/java.util.TimerThread.mainLoop(Timer.java:572)
	at java.base/java.util.TimerThread.run(Timer.java:522)

dec 13, 2024 9:34:53 A.M. org.fest.swing.monitor.ProtectingTimerTask handleException
WARNING: Exception thrown by a TimerTask
java.lang.reflect.InaccessibleObjectException: Unable to make field int java.util.TimerTask.state accessible: module java.base does not "opens java.util" to unnamed module @32e6e9c3
	at java.base/java.lang.reflect.AccessibleObject.throwInaccessibleObjectException(AccessibleObject.java:388)
	at java.base/java.lang.reflect.AccessibleObject.checkCanSetAccessible(AccessibleObject.java:364)
	at java.base/java.lang.reflect.AccessibleObject.checkCanSetAccessible(AccessibleObject.java:312)
	at java.base/java.lang.reflect.Field.checkCanSetAccessible(Field.java:183)
	at java.base/java.lang.reflect.Field.setAccessible(Field.java:177)
	at org.fest.reflect.util.Accessibles$SetAccessibleAction.run(Accessibles.java:71)
	at org.fest.reflect.util.Accessibles$SetAccessibleAction.run(Accessibles.java:61)
	at java.base/java.security.AccessController.doPrivileged(AccessController.java:319)
	at org.fest.reflect.util.Accessibles.setAccessible(Accessibles.java:58)
	at org.fest.reflect.util.Accessibles.makeAccessible(Accessibles.java:47)
	at org.fest.reflect.field.Invoker.verifyCorrectType(Invoker.java:89)
	at org.fest.reflect.field.Invoker.createInvoker(Invoker.java:65)
	at org.fest.reflect.field.Invoker.newInvoker(Invoker.java:59)
	at org.fest.reflect.field.FieldType.in(FieldType.java:61)
	at org.fest.swing.monitor.ProtectingTimerTask.isCanceled(ProtectingTimerTask.java:58)
	at org.fest.swing.monitor.ProtectingTimerTask.run(ProtectingTimerTask.java:44)
	at java.base/java.util.TimerThread.mainLoop(Timer.java:572)
	at java.base/java.util.TimerThread.run(Timer.java:522)

]]></system-err>
  </testcase>
  <testcase name="testMenuIsotopeMajorPlusThree" classname="org.openscience.jchempaint.MenuIsotopeTest" time="0.009">
    <error message="Unable to find component using matcher org.fest.swing.core.NameMatcher[name=&apos;appletframe&apos;, type=javax.swing.JPanel, requireShowing=true].&#10;&#10;Component hierarchy:&#10;org.fest.swing.applet.AppletViewer[name=&apos;frame10&apos;, title=&apos;Applet Viewer: org.openscience.jchempaint.applet.JChemPaintEditorApplet&apos;, enabled=true, visible=false, showing=false]&#10;  javax.swing.JRootPane[]&#10;    javax.swing.JPanel[name=&apos;null.glassPane&apos;]&#10;    javax.swing.JLayeredPane[]&#10;      javax.swing.JPanel[name=&apos;null.contentPane&apos;]&#10;        org.openscience.jchempaint.applet.JChemPaintEditorApplet[name=&apos;panel9&apos;]&#10;          javax.swing.JRootPane[]&#10;            javax.swing.JPanel[name=&apos;null.glassPane&apos;]&#10;            javax.swing.JLayeredPane[]&#10;              javax.swing.JPanel[name=&apos;null.contentPane&apos;]&#10;                org.openscience.jchempaint.JChemPaintPanel[name=&apos;appletframe&apos;]&#10;                  javax.swing.JPanel[name=null]&#10;                    org.openscience.jchempaint.JChemPaintMenuBar[]&#10;                      javax.swing.JMenu[name=&apos;file&apos;, text=&apos;File&apos;, selected=false, enabled=true, visible=true, showing=false]&#10;                        javax.swing.JPopupMenu[name=null, label=null, enabled=true, visible=false, showing=false]&#10;                          javax.swing.JMenuItem[name=&apos;new&apos;, text=&apos;New&apos;, selected=false, enabled=true, visible=true, showing=false]&#10;                          javax.swing.JMenuItem[name=&apos;open&apos;, text=&apos;Open&apos;, selected=false, enabled=true, visible=true, showing=false]&#10;                          javax.swing.JMenuItem[name=&apos;save&apos;, text=&apos;Save&apos;, selected=false, enabled=true, visible=true, showing=false]&#10;                          javax.swing.JMenuItem[name=&apos;saveAs&apos;, text=&apos;Save As...&apos;, selected=false, enabled=true, visible=true, showing=false]&#10;                          javax.swing.JPopupMenu$Separator[,0,80,180x12,invalid,alignmentX=0.0,alignmentY=0.0,border=,flags=0,maximumSize=,minimumSize=,preferredSize=,orientation=HORIZONTAL]&#10;                          javax.swing.JMenuItem[name=&apos;export&apos;, text=&apos;Save As Image...&apos;, selected=false, enabled=true, visible=true, showing=false]&#10;                          javax.swing.JMenuItem[name=&apos;print&apos;, text=&apos;Print...&apos;, selected=false, enabled=true, visible=true, showing=false]&#10;                      javax.swing.JMenu[name=&apos;edit&apos;, text=&apos;Edit&apos;, selected=false, enabled=true, visible=true, showing=false]&#10;                        javax.swing.JPopupMenu[name=null, label=null, enabled=true, visible=false, showing=false]&#10;                          javax.swing.JMenuItem[name=&apos;undo&apos;, text=&apos;Undo&apos;, selected=false, enabled=true, visible=true, showing=false]&#10;                          javax.swing.JMenuItem[name=&apos;redo&apos;, text=&apos;Redo&apos;, selected=false, enabled=false, visible=true, showing=false]&#10;                          javax.swing.JPopupMenu$Separator[,0,0,0x0,invalid,alignmentX=0.0,alignmentY=0.0,border=,flags=0,maximumSize=,minimumSize=,preferredSize=,orientation=HORIZONTAL]&#10;                          javax.swing.JMenuItem[name=&apos;cut&apos;, text=&apos;Cut&apos;, selected=false, enabled=true, visible=true, showing=false]&#10;                          javax.swing.JMenuItem[name=&apos;copy&apos;, text=&apos;Copy&apos;, selected=false, enabled=true, visible=true, showing=false]&#10;                          javax.swing.JMenuItem[name=&apos;copyAsSmiles&apos;, text=&apos;Copy As SMILES&apos;, selected=false, enabled=true, visible=true, showing=false]&#10;                          javax.swing.JMenuItem[name=&apos;paste&apos;, text=&apos;Paste&apos;, selected=false, enabled=true, visible=true, showing=false]&#10;                          javax.swing.JPopupMenu$Separator[,0,0,0x0,invalid,alignmentX=0.0,alignmentY=0.0,border=,flags=0,maximumSize=,minimumSize=,preferredSize=,orientation=HORIZONTAL]&#10;                          javax.swing.JMenuItem[name=&apos;eraser&apos;, text=&apos;Delete&apos;, selected=false, enabled=true, visible=true, showing=false]&#10;                          javax.swing.JMenuItem[name=&apos;selectAll&apos;, text=&apos;Select All&apos;, selected=false, enabled=true, visible=true, showing=false]&#10;                          javax.swing.JPopupMenu$Separator[,0,0,0x0,invalid,alignmentX=0.0,alignmentY=0.0,border=,flags=0,maximumSize=,minimumSize=,preferredSize=,orientation=HORIZONTAL]&#10;                          javax.swing.JMenuItem[name=&apos;options&apos;, text=&apos;Preferences...&apos;, selected=false, enabled=true, visible=true, showing=false]&#10;                      javax.swing.JMenu[name=&apos;view&apos;, text=&apos;View&apos;, selected=false, enabled=true, visible=true, showing=false]&#10;                        javax.swing.JPopupMenu[name=null, label=null, enabled=true, visible=false, showing=false]&#10;                          javax.swing.JMenuItem[name=&apos;zoomin&apos;, text=&apos;Zoom In&apos;, selected=false, enabled=true, visible=true, showing=false]&#10;                          javax.swing.JMenuItem[name=&apos;zoomout&apos;, text=&apos;Zoom Out&apos;, selected=false, enabled=true, visible=true, showing=false]&#10;                          javax.swing.JMenuItem[name=&apos;zoomoriginal&apos;, text=&apos;Zoom 100%&apos;, selected=false, enabled=true, visible=true, showing=false]&#10;                          javax.swing.JPopupMenu$Separator[,0,61,180x12,invalid,alignmentX=0.0,alignmentY=0.0,border=,flags=0,maximumSize=,minimumSize=,preferredSize=,orientation=HORIZONTAL]&#10;                          javax.swing.JMenuItem[name=&apos;cleanup&apos;, text=&apos;Clean Structure&apos;, selected=false, enabled=true, visible=true, showing=false]&#10;                          javax.swing.JMenu[name=&apos;flip&apos;, text=&apos;Flip&apos;, selected=false, enabled=true, visible=true, showing=false]&#10;                            javax.swing.JPopupMenu[name=null, label=null, enabled=true, visible=false, showing=false]&#10;                              javax.swing.JMenuItem[name=&apos;flipHorizontal&apos;, text=&apos;Horizontal&apos;, selected=false, enabled=true, visible=true, showing=false]&#10;                              javax.swing.JMenuItem[name=&apos;flipVertical&apos;, text=&apos;Vertical&apos;, selected=false, enabled=true, visible=true, showing=false]&#10;                          javax.swing.JMenu[name=&apos;hydrogen&apos;, text=&apos;Implicit Hydrogens&apos;, selected=false, enabled=true, visible=true, showing=false]&#10;                            javax.swing.JPopupMenu[name=null, label=null, enabled=true, visible=false, showing=false]&#10;                              javax.swing.JMenuItem[name=&apos;hydroon&apos;, text=&apos;On All&apos;, selected=false, enabled=true, visible=true, showing=false]&#10;                              javax.swing.JMenuItem[name=&apos;hydrooff&apos;, text=&apos;Off&apos;, selected=false, enabled=true, visible=true, showing=false]&#10;                      javax.swing.JMenu[name=&apos;atomMenu&apos;, text=&apos;Atom&apos;, selected=false, enabled=true, visible=true, showing=false]&#10;                        javax.swing.JPopupMenu[name=null, label=null, enabled=true, visible=false, showing=false]&#10;                          javax.swing.JMenu[name=&apos;formalCharge&apos;, text=&apos;Charge&apos;, selected=false, enabled=true, visible=true, showing=false]&#10;                            javax.swing.JPopupMenu[name=null, label=null, enabled=true, visible=false, showing=false]&#10;                              javax.swing.JMenuItem[name=&apos;plus&apos;, text=&apos;Plus&apos;, selected=false, enabled=true, visible=true, showing=false]&#10;                              javax.swing.JMenuItem[name=&apos;minus&apos;, text=&apos;Minus&apos;, selected=false, enabled=true, visible=true, showing=false]&#10;                          javax.swing.JMenu[name=&apos;hydrogen&apos;, text=&apos;Implicit Hydrogens&apos;, selected=false, enabled=true, visible=true, showing=false]&#10;                            javax.swing.JPopupMenu[name=null, label=null, enabled=true, visible=false, showing=false]&#10;                              javax.swing.JMenuItem[name=&apos;hydroon2&apos;, text=&apos;On All&apos;, selected=false, enabled=true, visible=true, showing=false]&#10;                              javax.swing.JMenuItem[name=&apos;hydrooff2&apos;, text=&apos;Off&apos;, selected=false, enabled=true, visible=true, showing=false]&#10;                          javax.swing.JMenu[name=&apos;isotopeChange&apos;, text=&apos;Isotopes&apos;, selected=false, enabled=true, visible=true, showing=false]&#10;                            javax.swing.JPopupMenu[name=null, label=null, enabled=true, visible=false, showing=false]&#10;                              javax.swing.JMenuItem[name=&apos;majorPlusThree&apos;, text=&apos;Major Plus 3&apos;, selected=false, enabled=true, visible=true, showing=false]&#10;                              javax.swing.JMenuItem[name=&apos;majorPlusTwo&apos;, text=&apos;Major Plus 2&apos;, selected=false, enabled=true, visible=true, showing=false]&#10;                              javax.swing.JMenuItem[name=&apos;majorPlusOne&apos;, text=&apos;Major Plus 1&apos;, selected=false, enabled=true, visible=true, showing=false]&#10;                              javax.swing.JMenuItem[name=&apos;major&apos;, text=&apos;Major Isotope&apos;, selected=false, enabled=true, visible=true, showing=false]&#10;                              javax.swing.JMenuItem[name=&apos;majorMinusOne&apos;, text=&apos;Major Minus 1&apos;, selected=false, enabled=true, visible=true, showing=false]&#10;                              javax.swing.JMenuItem[name=&apos;majorMinusTwo&apos;, text=&apos;Major Minus 2&apos;, selected=false, enabled=true, visible=true, showing=false]&#10;                              javax.swing.JMenuItem[name=&apos;majorMinusThree&apos;, text=&apos;Major Minus 3&apos;, selected=false, enabled=true, visible=true, showing=false]&#10;                          javax.swing.JMenu[name=&apos;radical&apos;, text=&apos;Radical&apos;, selected=false, enabled=true, visible=true, showing=false]&#10;                            javax.swing.JPopupMenu[name=null, label=null, enabled=true, visible=false, showing=false]&#10;                              javax.swing.JMenuItem[name=&apos;convertToRadical&apos;, text=&apos;Add Single Electron&apos;, selected=false, enabled=true, visible=true, showing=false]&#10;                              javax.swing.JMenuItem[name=&apos;convertFromRadical&apos;, text=&apos;Remove Single Electron&apos;, selected=false, enabled=true, visible=true, showing=false]&#10;                          javax.swing.JMenu[name=&apos;pseudoSymbols&apos;, text=&apos;Pseudo Atoms&apos;, selected=false, enabled=true, visible=true, showing=false]&#10;                            javax.swing.JPopupMenu[name=null, label=null, enabled=true, visible=false, showing=false]&#10;                              javax.swing.JMenuItem[name=&apos;pseudoR&apos;, text=&apos;R&apos;, selected=false, enabled=true, visible=true, showing=false]&#10;                              javax.swing.JMenuItem[name=&apos;pseudoR1&apos;, text=&apos;R1&apos;, selected=false, enabled=true, visible=true, showing=false]&#10;                              javax.swing.JMenuItem[name=&apos;pseudoR2&apos;, text=&apos;R2&apos;, selected=false, enabled=true, visible=true, showing=false]&#10;                              javax.swing.JMenuItem[name=&apos;pseudoR3&apos;, text=&apos;R3&apos;, selected=false, enabled=true, visible=true, showing=false]&#10;                              javax.swing.JMenuItem[name=&apos;pseudoR4&apos;, text=&apos;R4&apos;, selected=false, enabled=true, visible=true, showing=false]&#10;                              javax.swing.JMenuItem[name=&apos;pseudoRX&apos;, text=&apos;Other...&apos;, selected=false, enabled=true, visible=true, showing=false]&#10;                          javax.swing.JMenuItem[name=&apos;pseudoStar&apos;, text=&apos;Variable Attachment Point *&apos;, selected=false, enabled=true, visible=true, showing=false]&#10;                          javax.swing.JMenu[name=&apos;valence&apos;, text=&apos;Valence&apos;, selected=false, enabled=true, visible=true, showing=false]&#10;                            javax.swing.JPopupMenu[name=null, label=null, enabled=true, visible=false, showing=false]&#10;                              javax.swing.JMenuItem[name=&apos;valenceOff&apos;, text=&apos;Valence Off&apos;, selected=false, enabled=true, visible=true, showing=false]&#10;                              javax.swing.JMenuItem[name=&apos;valence1&apos;, text=&apos;Valence 1&apos;, selected=false, enabled=true, visible=true, showing=false]&#10;                              javax.swing.JMenuItem[name=&apos;valence2&apos;, text=&apos;Valence 2&apos;, selected=false, enabled=true, visible=true, showing=false]&#10;                              javax.swing.JMenuItem[name=&apos;valence3&apos;, text=&apos;Valence 3&apos;, selected=false, enabled=true, visible=true, showing=false]&#10;                              javax.swing.JMenuItem[name=&apos;valence4&apos;, text=&apos;Valence 4&apos;, selected=false, enabled=true, visible=true, showing=false]&#10;                              javax.swing.JMenuItem[name=&apos;valence5&apos;, text=&apos;Valence 5&apos;, selected=false, enabled=true, visible=true, showing=false]&#10;                              javax.swing.JMenuItem[name=&apos;valence6&apos;, text=&apos;Valence 6&apos;, selected=false, enabled=true, visible=true, showing=false]&#10;                              javax.swing.JMenuItem[name=&apos;valence7&apos;, text=&apos;Valence 7&apos;, selected=false, enabled=true, visible=true, showing=false]&#10;                              javax.swing.JMenuItem[name=&apos;valence8&apos;, text=&apos;Valence 8&apos;, selected=false, enabled=true, visible=true, showing=false]&#10;                          javax.swing.JMenu[name=&apos;symbolChange&apos;, text=&apos;Change Element&apos;, selected=false, enabled=true, visible=true, showing=false]&#10;                            javax.swing.JPopupMenu[name=null, label=null, enabled=true, visible=false, showing=false]&#10;                              javax.swing.JMenuItem[name=&apos;periodictable&apos;, text=&apos;Periodic Table&apos;, selected=false, enabled=true, visible=true, showing=false]&#10;                              javax.swing.JMenuItem[name=&apos;enterelement&apos;, text=&apos;Custom&apos;, selected=false, enabled=true, visible=true, showing=false]&#10;                              javax.swing.JPopupMenu$Separator[,0,0,0x0,invalid,alignmentX=0.0,alignmentY=0.0,border=,flags=0,maximumSize=,minimumSize=,preferredSize=,orientation=HORIZONTAL]&#10;                              javax.swing.JMenu[name=&apos;commonSymbols&apos;, text=&apos;Common Elements&apos;, selected=false, enabled=true, visible=true, showing=false]&#10;                                javax.swing.JPopupMenu[name=null, label=null, enabled=true, visible=false, showing=false]&#10;                                  javax.swing.JMenuItem[name=&apos;symbolH&apos;, text=&apos;H&apos;, selected=false, enabled=true, visible=true, showing=false]&#10;                                  javax.swing.JMenuItem[name=&apos;symbolC&apos;, text=&apos;C&apos;, selected=false, enabled=true, visible=true, showing=false]&#10;                                  javax.swing.JMenuItem[name=&apos;symbolN&apos;, text=&apos;N&apos;, selected=false, enabled=true, visible=true, showing=false]&#10;                                  javax.swing.JMenuItem[name=&apos;symbolO&apos;, text=&apos;O&apos;, selected=false, enabled=true, visible=true, showing=false]&#10;                                  javax.swing.JMenuItem[name=&apos;symbolS&apos;, text=&apos;S&apos;, selected=false, enabled=true, visible=true, showing=false]&#10;                                  javax.swing.JMenuItem[name=&apos;symbolF&apos;, text=&apos;F&apos;, selected=false, enabled=true, visible=true, showing=false]&#10;                                  javax.swing.JMenuItem[name=&apos;symbolP&apos;, text=&apos;P&apos;, selected=false, enabled=true, visible=true, showing=false]&#10;                                  javax.swing.JMenuItem[name=&apos;symbolCl&apos;, text=&apos;Cl&apos;, selected=false, enabled=true, visible=true, showing=false]&#10;                                  javax.swing.JMenuItem[name=&apos;symbolBr&apos;, text=&apos;Br&apos;, selected=false, enabled=true, visible=true, showing=false]&#10;                                  javax.swing.JMenuItem[name=&apos;symbolI&apos;, text=&apos;I&apos;, selected=false, enabled=true, visible=true, showing=false]&#10;                              javax.swing.JMenu[name=&apos;alkaliMetals&apos;, text=&apos;Alkali Metals&apos;, selected=false, enabled=true, visible=true, showing=false]&#10;                                javax.swing.JPopupMenu[name=null, label=null, enabled=true, visible=false, showing=false]&#10;                                  javax.swing.JMenuItem[name=&apos;symbolLi&apos;, text=&apos;Li&apos;, selected=false, enabled=true, visible=true, showing=false]&#10;                                  javax.swing.JMenuItem[name=&apos;symbolNa&apos;, text=&apos;Na&apos;, selected=false, enabled=true, visible=true, showing=false]&#10;                                  javax.swing.JMenuItem[name=&apos;symbolK&apos;, text=&apos;K&apos;, selected=false, enabled=true, visible=true, showing=false]&#10;                                  javax.swing.JMenuItem[name=&apos;symbolRb&apos;, text=&apos;Rb&apos;, selected=false, enabled=true, visible=true, showing=false]&#10;                                  javax.swing.JMenuItem[name=&apos;symbolCs&apos;, text=&apos;Cs&apos;, selected=false, enabled=true, visible=true, showing=false]&#10;                                  javax.swing.JMenuItem[name=&apos;symbolFr&apos;, text=&apos;Fr&apos;, selected=false, enabled=true, visible=true, showing=false]&#10;                              javax.swing.JMenu[name=&apos;alkaliEarthMetals&apos;, text=&apos;Alkali Earth Metals&apos;, selected=false, enabled=true, visible=true, showing=false]&#10;                                javax.swing.JPopupMenu[name=null, label=null, enabled=true, visible=false, showing=false]&#10;                                  javax.swing.JMenuItem[name=&apos;symbolBe&apos;, text=&apos;Be&apos;, selected=false, enabled=true, visible=true, showing=false]&#10;                                  javax.swing.JMenuItem[name=&apos;symbolMg&apos;, text=&apos;Mg&apos;, selected=false, enabled=true, visible=true, showing=false]&#10;                                  javax.swing.JMenuItem[name=&apos;symbolCa&apos;, text=&apos;Ca&apos;, selected=false, enabled=true, visible=true, showing=false]&#10;                                  javax.swing.JMenuItem[name=&apos;symbolSr&apos;, text=&apos;Sr&apos;, selected=false, enabled=true, visible=true, showing=false]&#10;                                  javax.swing.JMenuItem[name=&apos;symbolBa&apos;, text=&apos;Ba&apos;, selected=false, enabled=true, visible=true, showing=false]&#10;                                  javax.swing.JMenuItem[name=&apos;symbolRa&apos;, text=&apos;Ra&apos;, selected=false, enabled=true, visible=true, showing=false]&#10;                              javax.swing.JMenu[name=&apos;transitionMetals&apos;, text=&apos;Transition Metals&apos;, selected=false, enabled=true, visible=true, showing=false]&#10;                                javax.swing.JPopupMenu[name=null, label=null, enabled=true, visible=false, showing=false]&#10;                                  javax.swing.JMenuItem[name=&apos;symbolSc&apos;, text=&apos;Sc&apos;, selected=false, enabled=true, visible=true, showing=false]&#10;                                  javax.swing.JMenuItem[name=&apos;symbolTi&apos;, text=&apos;Ti&apos;, selected=false, enabled=true, visible=true, showing=false]&#10;                                  javax.swing.JMenuItem[name=&apos;symbolV&apos;, text=&apos;V&apos;, selected=false, enabled=true, visible=true, showing=false]&#10;                                  javax.swing.JMenuItem[name=&apos;symbolCr&apos;, text=&apos;Cr&apos;, selected=false, enabled=true, visible=true, showing=false]&#10;                                  javax.swing.JMenuItem[name=&apos;symbolMn&apos;, text=&apos;Mn&apos;, selected=false, enabled=true, visible=true, showing=false]&#10;                                  javax.swing.JMenuItem[name=&apos;symbolFe&apos;, text=&apos;Fe&apos;, selected=false, enabled=true, visible=true, showing=false]&#10;                                  javax.swing.JMenuItem[name=&apos;symbolCo&apos;, text=&apos;Co&apos;, selected=false, enabled=true, visible=true, showing=false]&#10;                                  javax.swing.JMenuItem[name=&apos;symbolNi&apos;, text=&apos;Ni&apos;, selected=false, enabled=true, visible=true, showing=false]&#10;                                  javax.swing.JMenuItem[name=&apos;symbolCu&apos;, text=&apos;Cu&apos;, selected=false, enabled=true, visible=true, showing=false]&#10;                                  javax.swing.JMenuItem[name=&apos;symbolZn&apos;, text=&apos;Zn&apos;, selected=false, enabled=true, visible=true, showing=false]&#10;                                  javax.swing.JMenuItem[name=&apos;symbolY&apos;, text=&apos;Y&apos;, selected=false, enabled=true, visible=true, showing=false]&#10;                                  javax.swing.JMenuItem[name=&apos;symbolZr&apos;, text=&apos;Zr&apos;, selected=false, enabled=true, visible=true, showing=false]&#10;                                  javax.swing.JMenuItem[name=&apos;symbolNb&apos;, text=&apos;Nb&apos;, selected=false, enabled=true, visible=true, showing=false]&#10;                                  javax.swing.JMenuItem[name=&apos;symbolMo&apos;, text=&apos;Mo&apos;, selected=false, enabled=true, visible=true, showing=false]&#10;                                  javax.swing.JMenuItem[name=&apos;symbolTc&apos;, text=&apos;Tc&apos;, selected=false, enabled=true, visible=true, showing=false]&#10;                                  javax.swing.JMenuItem[name=&apos;symbolRu&apos;, text=&apos;Ru&apos;, selected=false, enabled=true, visible=true, showing=false]&#10;                                  javax.swing.JMenuItem[name=&apos;symbolRh&apos;, text=&apos;Rh&apos;, selected=false, enabled=true, visible=true, showing=false]&#10;                                  javax.swing.JMenuItem[name=&apos;symbolPd&apos;, text=&apos;Pd&apos;, selected=false, enabled=true, visible=true, showing=false]&#10;                                  javax.swing.JMenuItem[name=&apos;symbolAg&apos;, text=&apos;Ag&apos;, selected=false, enabled=true, visible=true, showing=false]&#10;                                  javax.swing.JMenuItem[name=&apos;symbolCd&apos;, text=&apos;Cd&apos;, selected=false, enabled=true, visible=true, showing=false]&#10;                                  javax.swing.JMenuItem[name=&apos;symbolHf&apos;, text=&apos;Hf&apos;, selected=false, enabled=true, visible=true, showing=false]&#10;                                  javax.swing.JMenuItem[name=&apos;symbolTa&apos;, text=&apos;Ta&apos;, selected=false, enabled=true, visible=true, showing=false]&#10;                                  javax.swing.JMenuItem[name=&apos;symbolW&apos;, text=&apos;W&apos;, selected=false, enabled=true, visible=true, showing=false]&#10;                                  javax.swing.JMenuItem[name=&apos;symbolRe&apos;, text=&apos;Re&apos;, selected=false, enabled=true, visible=true, showing=false]&#10;                                  javax.swing.JMenuItem[name=&apos;symbolOs&apos;, text=&apos;Os&apos;, selected=false, enabled=true, visible=true, showing=false]&#10;                                  javax.swing.JMenuItem[name=&apos;symbolIr&apos;, text=&apos;Ir&apos;, selected=false, enabled=true, visible=true, showing=false]&#10;                                  javax.swing.JMenuItem[name=&apos;symbolPt&apos;, text=&apos;Pt&apos;, selected=false, enabled=true, visible=true, showing=false]&#10;                                  javax.swing.JMenuItem[name=&apos;symbolAu&apos;, text=&apos;Au&apos;, selected=false, enabled=true, visible=true, showing=false]&#10;                                  javax.swing.JMenuItem[name=&apos;symbolHg&apos;, text=&apos;Hg&apos;, selected=false, enabled=true, visible=true, showing=false]&#10;                                  javax.swing.JMenuItem[name=&apos;symbolRf&apos;, text=&apos;Rf&apos;, selected=false, enabled=true, visible=true, showing=false]&#10;                                  javax.swing.JMenuItem[name=&apos;symbolDb&apos;, text=&apos;Db&apos;, selected=false, enabled=true, visible=true, showing=false]&#10;                                  javax.swing.JMenuItem[name=&apos;symbolSg&apos;, text=&apos;Sg&apos;, selected=false, enabled=true, visible=true, showing=false]&#10;                                  javax.swing.JMenuItem[name=&apos;symbolBh&apos;, text=&apos;Bh&apos;, selected=false, enabled=true, visible=true, showing=false]&#10;                                  javax.swing.JMenuItem[name=&apos;symbolHs&apos;, text=&apos;Hs&apos;, selected=false, enabled=true, visible=true, showing=false]&#10;                                  javax.swing.JMenuItem[name=&apos;symbolMt&apos;, text=&apos;Mt&apos;, selected=false, enabled=true, visible=true, showing=false]&#10;                                  javax.swing.JMenuItem[name=&apos;symbolDs&apos;, text=&apos;Ds&apos;, selected=false, enabled=true, visible=true, showing=false]&#10;                                  javax.swing.JMenuItem[name=&apos;symbolRg&apos;, text=&apos;Rg&apos;, selected=false, enabled=true, visible=true, showing=false]&#10;                              javax.swing.JMenu[name=&apos;metals&apos;, text=&apos;Metals&apos;, selected=false, enabled=true, visible=true, showing=false]&#10;                                javax.swing.JPopupMenu[name=null, label=null, enabled=true, visible=false, showing=false]&#10;                                  javax.swing.JMenuItem[name=&apos;symbolAl&apos;, text=&apos;Al&apos;, selected=false, enabled=true, visible=true, showing=false]&#10;                                  javax.swing.JMenuItem[name=&apos;symbolGa&apos;, text=&apos;Ga&apos;, selected=false, enabled=true, visible=true, showing=false]&#10;                                  javax.swing.JMenuItem[name=&apos;symbolIn&apos;, text=&apos;In&apos;, selected=false, enabled=true, visible=true, showing=false]&#10;                                  javax.swing.JMenuItem[name=&apos;symbolSn&apos;, text=&apos;Sn&apos;, selected=false, enabled=true, visible=true, showing=false]&#10;                                  javax.swing.JMenuItem[name=&apos;symbolTl&apos;, text=&apos;Tl&apos;, selected=false, enabled=true, visible=true, showing=false]&#10;                                  javax.swing.JMenuItem[name=&apos;symbolPb&apos;, text=&apos;Pb&apos;, selected=false, enabled=true, visible=true, showing=false]&#10;                                  javax.swing.JMenuItem[name=&apos;symbolBi&apos;, text=&apos;Bi&apos;, selected=false, enabled=true, visible=true, showing=false]&#10;                              javax.swing.JMenu[name=&apos;metalloids&apos;, text=&apos;Metalloids&apos;, selected=false, enabled=true, visible=true, showing=false]&#10;                                javax.swing.JPopupMenu[name=null, label=null, enabled=true, visible=false, showing=false]&#10;                                  javax.swing.JMenuItem[name=&apos;symbolB&apos;, text=&apos;B&apos;, selected=false, enabled=true, visible=true, showing=false]&#10;                                  javax.swing.JMenuItem[name=&apos;symbolSi&apos;, text=&apos;Si&apos;, selected=false, enabled=true, visible=true, showing=false]&#10;                                  javax.swing.JMenuItem[name=&apos;symbolGe&apos;, text=&apos;Ge&apos;, selected=false, enabled=true, visible=true, showing=false]&#10;                                  javax.swing.JMenuItem[name=&apos;symbolAs&apos;, text=&apos;As&apos;, selected=false, enabled=true, visible=true, showing=false]&#10;                                  javax.swing.JMenuItem[name=&apos;symbolSb&apos;, text=&apos;Sb&apos;, selected=false, enabled=true, visible=true, showing=false]&#10;                                  javax.swing.JMenuItem[name=&apos;symbolTe&apos;, text=&apos;Te&apos;, selected=false, enabled=true, visible=true, showing=false]&#10;                                  javax.swing.JMenuItem[name=&apos;symbolPo&apos;, text=&apos;Po&apos;, selected=false, enabled=true, visible=true, showing=false]&#10;                              javax.swing.JMenu[name=&apos;halogenSymbols&apos;, text=&apos;Halogens&apos;, selected=false, enabled=true, visible=true, showing=false]&#10;                                javax.swing.JPopupMenu[name=null, label=null, enabled=true, visible=false, showing=false]&#10;                                  javax.swing.JMenuItem[name=&apos;symbolF2&apos;, text=&apos;F&apos;, selected=false, enabled=true, visible=true, showing=false]&#10;                                  javax.swing.JMenuItem[name=&apos;symbolCl2&apos;, text=&apos;Cl&apos;, selected=false, enabled=true, visible=true, showing=false]&#10;                                  javax.swing.JMenuItem[name=&apos;symbolBr2&apos;, text=&apos;Br&apos;, selected=false, enabled=true, visible=true, showing=false]&#10;                                  javax.swing.JMenuItem[name=&apos;symbolI2&apos;, text=&apos;I&apos;, selected=false, enabled=true, visible=true, showing=false]&#10;                              javax.swing.JMenu[name=&apos;nobelSymbols&apos;, text=&apos;Nobel Gases&apos;, selected=false, enabled=true, visible=true, showing=false]&#10;                                javax.swing.JPopupMenu[name=null, label=null, enabled=true, visible=false, showing=false]&#10;                                  javax.swing.JMenuItem[name=&apos;symbolHe&apos;, text=&apos;He&apos;, selected=false, enabled=true, visible=true, showing=false]&#10;                                  javax.swing.JMenuItem[name=&apos;symbolNe&apos;, text=&apos;Ne&apos;, selected=false, enabled=true, visible=true, showing=false]&#10;                                  javax.swing.JMenuItem[name=&apos;symbolAr&apos;, text=&apos;Ar&apos;, selected=false, enabled=true, visible=true, showing=false]&#10;                      javax.swing.JMenu[name=&apos;bondMenu&apos;, text=&apos;Bond&apos;, selected=false, enabled=true, visible=true, showing=false]&#10;                        javax.swing.JPopupMenu[name=null, label=null, enabled=true, visible=false, showing=false]&#10;                          javax.swing.JMenuItem[name=&apos;bond&apos;, text=&apos;Single&apos;, selected=false, enabled=false, visible=true, showing=false]&#10;                          javax.swing.JMenuItem[name=&apos;double_bond&apos;, text=&apos;Double&apos;, selected=false, enabled=false, visible=true, showing=false]&#10;                          javax.swing.JMenuItem[name=&apos;triple_bond&apos;, text=&apos;Triple&apos;, selected=false, enabled=false, visible=true, showing=false]&#10;                          javax.swing.JMenuItem[name=&apos;quad_bond&apos;, text=&apos;Quadruple&apos;, selected=false, enabled=false, visible=true, showing=false]&#10;                          javax.swing.JMenuItem[name=&apos;up_bond&apos;, text=&apos;Stereo Up&apos;, selected=false, enabled=false, visible=true, showing=false]&#10;                          javax.swing.JMenuItem[name=&apos;down_bond&apos;, text=&apos;Stereo Down&apos;, selected=false, enabled=false, visible=true, showing=false]&#10;                          javax.swing.JMenuItem[name=&apos;undefined_bond&apos;, text=&apos;Undefined Stereo&apos;, selected=false, enabled=false, visible=true, showing=false]&#10;                          javax.swing.JMenuItem[name=&apos;undefined_stereo_bond&apos;, text=&apos;Undefined E/Z&apos;, selected=false, enabled=false, visible=true, showing=false]&#10;                      javax.swing.JMenu[name=&apos;tools&apos;, text=&apos;Tools&apos;, selected=false, enabled=true, visible=true, showing=false]&#10;                        javax.swing.JPopupMenu[name=null, label=null, enabled=true, visible=false, showing=false]&#10;                          javax.swing.JMenuItem[name=&apos;cleanup2&apos;, text=&apos;Clean Structure&apos;, selected=false, enabled=true, visible=true, showing=false]&#10;                          javax.swing.JPopupMenu$Separator[,0,0,0x0,invalid,alignmentX=0.0,alignmentY=0.0,border=,flags=0,maximumSize=,minimumSize=,preferredSize=,orientation=HORIZONTAL]&#10;                          javax.swing.JMenuItem[name=&apos;createSMILES&apos;, text=&apos;Create SMILES&apos;, selected=false, enabled=true, visible=true, showing=false]&#10;                          javax.swing.JMenuItem[name=&apos;createInChI&apos;, text=&apos;Create InChI&apos;, selected=false, enabled=true, visible=true, showing=false]&#10;                      javax.swing.JMenu[name=&apos;rgroupMenu&apos;, text=&apos;R-groups&apos;, selected=false, enabled=true, visible=true, showing=false]&#10;                        javax.swing.JPopupMenu[name=null, label=null, enabled=true, visible=false, showing=false]&#10;                          javax.swing.JMenuItem[name=&apos;setRoot&apos;, text=&apos;Define as Root Structure&apos;, selected=false, enabled=true, visible=true, showing=false]&#10;                          javax.swing.JMenuItem[name=&apos;setSubstitute&apos;, text=&apos;Define as Substituent&apos;, selected=false, enabled=true, visible=true, showing=false]&#10;                          javax.swing.JMenuItem[name=&apos;rgpAdvanced&apos;, text=&apos;Advanced R-group logic&apos;, selected=false, enabled=true, visible=true, showing=false]&#10;                          javax.swing.JMenuItem[name=&apos;rgpGenerate&apos;, text=&apos;Generate possible configurations (sdf) &apos;, selected=false, enabled=true, visible=true, showing=false]&#10;                          javax.swing.JMenuItem[name=&apos;clearRgroup&apos;, text=&apos;Remove R-group aspects&apos;, selected=false, enabled=true, visible=true, showing=false]&#10;                      javax.swing.JMenu[name=&apos;templates&apos;, text=&apos;Templates&apos;, selected=false, enabled=true, visible=true, showing=false]&#10;                        javax.swing.JPopupMenu[name=null, label=null, enabled=true, visible=false, showing=false]&#10;                          javax.swing.JMenuItem[name=&apos;pasteTemplate&apos;, text=&apos;All Templates&apos;, selected=false, enabled=true, visible=true, showing=false]&#10;                          javax.swing.JPopupMenu$Separator[,0,0,0x0,invalid,alignmentX=0.0,alignmentY=0.0,border=,flags=0,maximumSize=,minimumSize=,preferredSize=,orientation=HORIZONTAL]&#10;                          javax.swing.JMenuItem[name=&apos;alkaloids&apos;, text=&apos;Alkaloids&apos;, selected=false, enabled=true, visible=true, showing=false]&#10;                          javax.swing.JMenuItem[name=&apos;amino_acids&apos;, text=&apos;Amino Acids&apos;, selected=false, enabled=true, visible=true, showing=false]&#10;                          javax.swing.JMenuItem[name=&apos;beta_lactams&apos;, text=&apos;Beta Lactams&apos;, selected=false, enabled=true, visible=true, showing=false]&#10;                          javax.swing.JMenuItem[name=&apos;carbohydrates&apos;, text=&apos;Carbohydrates&apos;, selected=false, enabled=true, visible=true, showing=false]&#10;                          javax.swing.JMenuItem[name=&apos;inositols&apos;, text=&apos;Inositols&apos;, selected=false, enabled=true, visible=true, showing=false]&#10;                          javax.swing.JMenuItem[name=&apos;lipids&apos;, text=&apos;Lipids&apos;, selected=false, enabled=true, visible=true, showing=false]&#10;                          javax.swing.JMenuItem[name=&apos;nucleosides&apos;, text=&apos;Nucleosides&apos;, selected=false, enabled=true, visible=true, showing=false]&#10;                          javax.swing.JMenuItem[name=&apos;porphyrins&apos;, text=&apos;Porphyrins&apos;, selected=false, enabled=true, visible=true, showing=false]&#10;                          javax.swing.JMenuItem[name=&apos;protecting_groups&apos;, text=&apos;Protecting Groups&apos;, selected=false, enabled=true, visible=true, showing=false]&#10;                          javax.swing.JMenuItem[name=&apos;steroids&apos;, text=&apos;Steroids&apos;, selected=false, enabled=true, visible=true, showing=false]&#10;                          javax.swing.JMenuItem[name=&apos;pahs&apos;, text=&apos;PAHs&apos;, selected=false, enabled=true, visible=true, showing=false]&#10;                          javax.swing.JMenuItem[name=&apos;miscellaneous&apos;, text=&apos;Miscellaneous&apos;, selected=false, enabled=true, visible=true, showing=false]&#10;                      javax.swing.Box$Filler[,473,10,178x0,alignmentX=0.0,alignmentY=0.0,border=,flags=0,maximumSize=java.awt.Dimension[width=32767,height=0],minimumSize=java.awt.Dimension[width=0,height=0],preferredSize=java.awt.Dimension[width=0,height=0]]&#10;                      javax.swing.JMenu[name=&apos;help&apos;, text=&apos;Help&apos;, selected=false, enabled=true, visible=true, showing=false]&#10;                        javax.swing.JPopupMenu[name=null, label=null, enabled=true, visible=false, showing=false]&#10;                          javax.swing.JMenuItem[name=&apos;help&apos;, text=&apos;Help&apos;, selected=false, enabled=true, visible=true, showing=false]&#10;                          javax.swing.JMenuItem[name=&apos;tutorial&apos;, text=&apos;Basic Tutorial&apos;, selected=false, enabled=true, visible=true, showing=false]&#10;                          javax.swing.JMenuItem[name=&apos;rgpTutorial&apos;, text=&apos;R-group Tutorial&apos;, selected=false, enabled=true, visible=true, showing=false]&#10;                          javax.swing.JPopupMenu$Separator[,0,0,0x0,invalid,alignmentX=0.0,alignmentY=0.0,border=,flags=0,maximumSize=,minimumSize=,preferredSize=,orientation=HORIZONTAL]&#10;                          javax.swing.JMenuItem[name=&apos;feedback&apos;, text=&apos;Report Feedback&apos;, selected=false, enabled=true, visible=true, showing=false]&#10;                          javax.swing.JMenuItem[name=&apos;about&apos;, text=&apos;About&apos;, selected=false, enabled=true, visible=true, showing=false]&#10;                          javax.swing.JMenuItem[name=&apos;license&apos;, text=&apos;License&apos;, selected=false, enabled=true, visible=true, showing=false]&#10;                    javax.swing.JToolBar[name=null]&#10;                      javax.swing.Box[,12,2,32x31,layout=javax.swing.BoxLayout,alignmentX=0.0,alignmentY=0.0,border=,flags=0,maximumSize=,minimumSize=,preferredSize=]&#10;                        org.openscience.jchempaint.JCPToolBar$1[name=&apos;select&apos;, text=&apos;&apos;, enabled=true, visible=true, showing=false]&#10;                      javax.swing.Box[,44,2,32x31,layout=javax.swing.BoxLayout,alignmentX=0.0,alignmentY=0.0,border=,flags=0,maximumSize=,minimumSize=,preferredSize=]&#10;                        org.openscience.jchempaint.JCPToolBar$1[name=&apos;lasso&apos;, text=&apos;&apos;, enabled=true, visible=true, showing=false]&#10;                      javax.swing.Box[,76,2,32x31,layout=javax.swing.BoxLayout,alignmentX=0.0,alignmentY=0.0,border=,flags=0,maximumSize=,minimumSize=,preferredSize=]&#10;                        org.openscience.jchempaint.JCPToolBar$1[name=&apos;eraser&apos;, text=&apos;&apos;, enabled=true, visible=true, showing=false]&#10;                      javax.swing.JToolBar$Separator[,108,2,11x31,alignmentX=0.0,alignmentY=0.0,border=,flags=0,maximumSize=,minimumSize=,preferredSize=,orientation=VERTICAL]&#10;                      javax.swing.Box[,119,2,32x31,layout=javax.swing.BoxLayout,alignmentX=0.0,alignmentY=0.0,border=,flags=0,maximumSize=,minimumSize=,preferredSize=]&#10;                        org.openscience.jchempaint.JCPToolBar$1[name=&apos;zoomin&apos;, text=&apos;&apos;, enabled=true, visible=true, showing=false]&#10;                      javax.swing.Box[,151,2,32x31,layout=javax.swing.BoxLayout,alignmentX=0.0,alignmentY=0.0,border=,flags=0,maximumSize=,minimumSize=,preferredSize=]&#10;                        org.openscience.jchempaint.JCPToolBar$1[name=&apos;zoomout&apos;, text=&apos;&apos;, enabled=true, visible=true, showing=false]&#10;                      javax.swing.JToolBar$Separator[,183,2,11x31,alignmentX=0.0,alignmentY=0.0,border=,flags=0,maximumSize=,minimumSize=,preferredSize=,orientation=VERTICAL]&#10;                      javax.swing.Box[,194,2,32x31,layout=javax.swing.BoxLayout,alignmentX=0.0,alignmentY=0.0,border=,flags=0,maximumSize=,minimumSize=,preferredSize=]&#10;                        org.openscience.jchempaint.JCPToolBar$1[name=&apos;undo&apos;, text=&apos;&apos;, enabled=true, visible=true, showing=false]&#10;                      javax.swing.Box[,226,2,32x31,layout=javax.swing.BoxLayout,alignmentX=0.0,alignmentY=0.0,border=,flags=0,maximumSize=,minimumSize=,preferredSize=]&#10;                        org.openscience.jchempaint.JCPToolBar$1[name=&apos;redo&apos;, text=&apos;&apos;, enabled=false, visible=true, showing=false]&#10;                      javax.swing.JToolBar$Separator[,258,2,11x31,alignmentX=0.0,alignmentY=0.0,border=,flags=0,maximumSize=,minimumSize=,preferredSize=,orientation=VERTICAL]&#10;                      javax.swing.Box[,269,2,32x31,layout=javax.swing.BoxLayout,alignmentX=0.0,alignmentY=0.0,border=,flags=0,maximumSize=,minimumSize=,preferredSize=]&#10;                        org.openscience.jchempaint.JCPToolBar$1[name=&apos;cut&apos;, text=&apos;&apos;, enabled=true, visible=true, showing=false]&#10;                      javax.swing.Box[,301,2,32x31,layout=javax.swing.BoxLayout,alignmentX=0.0,alignmentY=0.0,border=,flags=0,maximumSize=,minimumSize=,preferredSize=]&#10;                        org.openscience.jchempaint.JCPToolBar$1[name=&apos;copy&apos;, text=&apos;&apos;, enabled=true, visible=true, showing=false]&#10;                      javax.swing.Box[,333,2,32x31,layout=javax.swing.BoxLayout,alignmentX=0.0,alignmentY=0.0,border=,flags=0,maximumSize=,minimumSize=,preferredSize=]&#10;                        org.openscience.jchempaint.JCPToolBar$1[name=&apos;paste&apos;, text=&apos;&apos;, enabled=true, visible=true, showing=false]&#10;                      javax.swing.JToolBar$Separator[,365,2,11x31,alignmentX=0.0,alignmentY=0.0,border=,flags=0,maximumSize=,minimumSize=,preferredSize=,orientation=VERTICAL]&#10;                      javax.swing.Box[,376,2,32x31,layout=javax.swing.BoxLayout,alignmentX=0.0,alignmentY=0.0,border=,flags=0,maximumSize=,minimumSize=,preferredSize=]&#10;                        org.openscience.jchempaint.JCPToolBar$1[name=&apos;flipHorizontal&apos;, text=&apos;&apos;, enabled=true, visible=true, showing=false]&#10;                      javax.swing.Box[,408,2,32x31,layout=javax.swing.BoxLayout,alignmentX=0.0,alignmentY=0.0,border=,flags=0,maximumSize=,minimumSize=,preferredSize=]&#10;                        org.openscience.jchempaint.JCPToolBar$1[name=&apos;flipVertical&apos;, text=&apos;&apos;, enabled=true, visible=true, showing=false]&#10;                      javax.swing.Box[,440,2,32x31,layout=javax.swing.BoxLayout,alignmentX=0.0,alignmentY=0.0,border=,flags=0,maximumSize=,minimumSize=,preferredSize=]&#10;                        org.openscience.jchempaint.JCPToolBar$1[name=&apos;rotate&apos;, text=&apos;&apos;, enabled=true, visible=true, showing=false]&#10;                      javax.swing.Box[,472,2,32x31,layout=javax.swing.BoxLayout,alignmentX=0.0,alignmentY=0.0,border=,flags=0,maximumSize=,minimumSize=,preferredSize=]&#10;                        org.openscience.jchempaint.JCPToolBar$1[name=&apos;rotate3d&apos;, text=&apos;&apos;, enabled=true, visible=true, showing=false]&#10;                      javax.swing.Box$Filler[,504,17,192x0,alignmentX=0.0,alignmentY=0.0,border=,flags=0,maximumSize=java.awt.Dimension[width=32767,height=0],minimumSize=java.awt.Dimension[width=0,height=0],preferredSize=java.awt.Dimension[width=0,height=0]]&#10;                  javax.swing.JPanel[name=null]&#10;                    javax.swing.JScrollPane[name=null, enabled=true, visible=true, showing=false]&#10;                      javax.swing.JViewport[,2,2,616x519,layout=javax.swing.ViewportLayout,alignmentX=0.0,alignmentY=0.0,border=,flags=8388616,maximumSize=,minimumSize=,preferredSize=,isViewSizeSet=true,lastPaintPosition=java.awt.Point[x=0,y=0],scrollUnderway=false]&#10;                        org.openscience.jchempaint.RenderPanel[name=&apos;renderpanel&apos;]&#10;                      javax.swing.JScrollPane$ScrollBar[name=null, value=0, blockIncrement=10, minimum=0, maximum=519, enabled=true, visible=false, showing=false]&#10;                      javax.swing.JScrollPane$ScrollBar[name=null, value=0, blockIncrement=10, minimum=0, maximum=616, enabled=true, visible=false, showing=false]&#10;                    javax.swing.JToolBar[name=null]&#10;                      javax.swing.Box[,4,12,32x31,layout=javax.swing.BoxLayout,alignmentX=0.0,alignmentY=0.0,border=,flags=0,maximumSize=,minimumSize=,preferredSize=]&#10;                        org.openscience.jchempaint.JCPToolBar$1[name=&apos;bondTool&apos;, text=&apos;&apos;, enabled=true, visible=true, showing=false]&#10;                      javax.swing.Box[,4,43,32x31,layout=javax.swing.BoxLayout,alignmentX=0.0,alignmentY=0.0,border=,flags=0,maximumSize=,minimumSize=,preferredSize=]&#10;                        org.openscience.jchempaint.JCPToolBar$1[name=&apos;double_bondTool&apos;, text=&apos;&apos;, enabled=true, visible=true, showing=false]&#10;                      javax.swing.Box[,4,74,32x31,layout=javax.swing.BoxLayout,alignmentX=0.0,alignmentY=0.0,border=,flags=0,maximumSize=,minimumSize=,preferredSize=]&#10;                        org.openscience.jchempaint.JCPToolBar$1[name=&apos;triple_bondTool&apos;, text=&apos;&apos;, enabled=true, visible=true, showing=false]&#10;                      javax.swing.Box[,4,105,32x31,layout=javax.swing.BoxLayout,alignmentX=0.0,alignmentY=0.0,border=,flags=0,maximumSize=,minimumSize=,preferredSize=]&#10;                        org.openscience.jchempaint.JCPToolBar$1[name=&apos;chain&apos;, text=&apos;&apos;, enabled=true, visible=true, showing=false]&#10;                      javax.swing.JToolBar$Separator[,4,136,32x11,alignmentX=0.0,alignmentY=0.0,border=,flags=0,maximumSize=,minimumSize=,preferredSize=,orientation=HORIZONTAL]&#10;                      javax.swing.Box[,4,147,32x31,layout=javax.swing.BoxLayout,alignmentX=0.0,alignmentY=0.0,border=,flags=0,maximumSize=,minimumSize=,preferredSize=]&#10;                        org.openscience.jchempaint.JCPToolBar$1[name=&apos;up_bond&apos;, text=&apos;&apos;, enabled=true, visible=true, showing=false]&#10;                      javax.swing.Box[,4,178,32x31,layout=javax.swing.BoxLayout,alignmentX=0.0,alignmentY=0.0,border=,flags=0,maximumSize=,minimumSize=,preferredSize=]&#10;                        org.openscience.jchempaint.JCPToolBar$1[name=&apos;down_bond&apos;, text=&apos;&apos;, enabled=true, visible=true, showing=false]&#10;                      javax.swing.Box[,4,209,32x31,layout=javax.swing.BoxLayout,alignmentX=0.0,alignmentY=0.0,border=,flags=0,maximumSize=,minimumSize=,preferredSize=]&#10;                        org.openscience.jchempaint.JCPToolBar$1[name=&apos;undefined_bond&apos;, text=&apos;&apos;, enabled=true, visible=true, showing=false]&#10;                      javax.swing.Box[,4,240,32x31,layout=javax.swing.BoxLayout,alignmentX=0.0,alignmentY=0.0,border=,flags=0,maximumSize=,minimumSize=,preferredSize=]&#10;                        org.openscience.jchempaint.JCPToolBar$1[name=&apos;undefined_stereo_bond&apos;, text=&apos;&apos;, enabled=true, visible=true, showing=false]&#10;                      javax.swing.JToolBar$Separator[,4,271,32x11,alignmentX=0.0,alignmentY=0.0,border=,flags=0,maximumSize=,minimumSize=,preferredSize=,orientation=HORIZONTAL]&#10;                      javax.swing.Box[,4,282,32x31,layout=javax.swing.BoxLayout,alignmentX=0.0,alignmentY=0.0,border=,flags=0,maximumSize=,minimumSize=,preferredSize=]&#10;                        org.openscience.jchempaint.JCPToolBar$1[name=&apos;reactionArrow&apos;, text=&apos;&apos;, enabled=true, visible=true, showing=false]&#10;                    javax.swing.JToolBar[name=null]&#10;                      javax.swing.Box[,4,12,32x31,layout=javax.swing.BoxLayout,alignmentX=0.0,alignmentY=0.0,border=,flags=0,maximumSize=,minimumSize=,preferredSize=]&#10;                        org.openscience.jchempaint.JCPToolBar$1[name=&apos;triangle&apos;, text=&apos;&apos;, enabled=true, visible=true, showing=false]&#10;                      javax.swing.Box[,4,43,32x31,layout=javax.swing.BoxLayout,alignmentX=0.0,alignmentY=0.0,border=,flags=0,maximumSize=,minimumSize=,preferredSize=]&#10;                        org.openscience.jchempaint.JCPToolBar$1[name=&apos;square&apos;, text=&apos;&apos;, enabled=true, visible=true, showing=false]&#10;                      javax.swing.Box[,4,74,32x31,layout=javax.swing.BoxLayout,alignmentX=0.0,alignmentY=0.0,border=,flags=0,maximumSize=,minimumSize=,preferredSize=]&#10;                        org.openscience.jchempaint.JCPToolBar$1[name=&apos;pentagon&apos;, text=&apos;&apos;, enabled=true, visible=true, showing=false]&#10;                      javax.swing.Box[,4,105,32x31,layout=javax.swing.BoxLayout,alignmentX=0.0,alignmentY=0.0,border=,flags=0,maximumSize=,minimumSize=,preferredSize=]&#10;                        org.openscience.jchempaint.JCPToolBar$1[name=&apos;hexagon&apos;, text=&apos;&apos;, enabled=true, visible=true, showing=false]&#10;                      javax.swing.Box[,4,136,32x31,layout=javax.swing.BoxLayout,alignmentX=0.0,alignmentY=0.0,border=,flags=0,maximumSize=,minimumSize=,preferredSize=]&#10;                        org.openscience.jchempaint.JCPToolBar$1[name=&apos;benzene&apos;, text=&apos;&apos;, enabled=true, visible=true, showing=false]&#10;                      javax.swing.Box[,4,167,32x31,layout=javax.swing.BoxLayout,alignmentX=0.0,alignmentY=0.0,border=,flags=0,maximumSize=,minimumSize=,preferredSize=]&#10;                        org.openscience.jchempaint.JCPToolBar$1[name=&apos;octagon&apos;, text=&apos;&apos;, enabled=true, visible=true, showing=false]&#10;                      javax.swing.JToolBar$Separator[,4,198,32x11,alignmentX=0.0,alignmentY=0.0,border=,flags=0,maximumSize=,minimumSize=,preferredSize=,orientation=HORIZONTAL]&#10;                      javax.swing.Box[,4,209,32x31,layout=javax.swing.BoxLayout,alignmentX=0.0,alignmentY=0.0,border=,flags=0,maximumSize=,minimumSize=,preferredSize=]&#10;                        org.openscience.jchempaint.JCPToolBar$1[name=&apos;pasteTemplate&apos;, text=&apos;&apos;, enabled=true, visible=true, showing=false]&#10;                    javax.swing.JToolBar[name=null]&#10;                      javax.swing.Box[,12,2,32x31,layout=javax.swing.BoxLayout,alignmentX=0.0,alignmentY=0.0,border=,flags=0,maximumSize=,minimumSize=,preferredSize=]&#10;                        org.openscience.jchempaint.JCPToolBar$1[name=&apos;C&apos;, text=&apos;&apos;, enabled=true, visible=true, showing=false]&#10;                      javax.swing.Box[,44,2,32x31,layout=javax.swing.BoxLayout,alignmentX=0.0,alignmentY=0.0,border=,flags=0,maximumSize=,minimumSize=,preferredSize=]&#10;                        org.openscience.jchempaint.JCPToolBar$1[name=&apos;H&apos;, text=&apos;&apos;, enabled=true, visible=true, showing=false]&#10;                      javax.swing.Box[,76,2,32x31,layout=javax.swing.BoxLayout,alignmentX=0.0,alignmentY=0.0,border=,flags=0,maximumSize=,minimumSize=,preferredSize=]&#10;                        org.openscience.jchempaint.JCPToolBar$1[name=&apos;O&apos;, text=&apos;&apos;, enabled=true, visible=true, showing=false]&#10;                      javax.swing.Box[,108,2,32x31,layout=javax.swing.BoxLayout,alignmentX=0.0,alignmentY=0.0,border=,flags=0,maximumSize=,minimumSize=,preferredSize=]&#10;                        org.openscience.jchempaint.JCPToolBar$1[name=&apos;N&apos;, text=&apos;&apos;, enabled=true, visible=true, showing=false]&#10;                      javax.swing.Box[,140,2,32x31,layout=javax.swing.BoxLayout,alignmentX=0.0,alignmentY=0.0,border=,flags=0,maximumSize=,minimumSize=,preferredSize=]&#10;                        org.openscience.jchempaint.JCPToolBar$1[name=&apos;P&apos;, text=&apos;&apos;, enabled=true, visible=true, showing=false]&#10;                      javax.swing.Box[,172,2,32x31,layout=javax.swing.BoxLayout,alignmentX=0.0,alignmentY=0.0,border=,flags=0,maximumSize=,minimumSize=,preferredSize=]&#10;                        org.openscience.jchempaint.JCPToolBar$1[name=&apos;S&apos;, text=&apos;&apos;, enabled=true, visible=true, showing=false]&#10;                      javax.swing.Box[,204,2,32x31,layout=javax.swing.BoxLayout,alignmentX=0.0,alignmentY=0.0,border=,flags=0,maximumSize=,minimumSize=,preferredSize=]&#10;                        org.openscience.jchempaint.JCPToolBar$1[name=&apos;F&apos;, text=&apos;&apos;, enabled=true, visible=true, showing=false]&#10;                      javax.swing.Box[,236,2,32x31,layout=javax.swing.BoxLayout,alignmentX=0.0,alignmentY=0.0,border=,flags=0,maximumSize=,minimumSize=,preferredSize=]&#10;                        org.openscience.jchempaint.JCPToolBar$1[name=&apos;Cl&apos;, text=&apos;&apos;, enabled=true, visible=true, showing=false]&#10;                      javax.swing.Box[,268,2,32x31,layout=javax.swing.BoxLayout,alignmentX=0.0,alignmentY=0.0,border=,flags=0,maximumSize=,minimumSize=,preferredSize=]&#10;                        org.openscience.jchempaint.JCPToolBar$1[name=&apos;Br&apos;, text=&apos;&apos;, enabled=true, visible=true, showing=false]&#10;                      javax.swing.Box[,300,2,32x31,layout=javax.swing.BoxLayout,alignmentX=0.0,alignmentY=0.0,border=,flags=0,maximumSize=,minimumSize=,preferredSize=]&#10;                        org.openscience.jchempaint.JCPToolBar$1[name=&apos;I&apos;, text=&apos;&apos;, enabled=true, visible=true, showing=false]&#10;                      javax.swing.Box[,332,2,32x31,layout=javax.swing.BoxLayout,alignmentX=0.0,alignmentY=0.0,border=,flags=0,maximumSize=,minimumSize=,preferredSize=]&#10;                        org.openscience.jchempaint.JCPToolBar$1[name=&apos;enterelement&apos;, text=&apos;&apos;, enabled=true, visible=true, showing=false]&#10;                      javax.swing.Box[,364,2,32x31,layout=javax.swing.BoxLayout,alignmentX=0.0,alignmentY=0.0,border=,flags=0,maximumSize=,minimumSize=,preferredSize=]&#10;                        org.openscience.jchempaint.JCPToolBar$1[name=&apos;periodictable&apos;, text=&apos;&apos;, enabled=true, visible=true, showing=false]&#10;                      javax.swing.Box$Filler[,396,17,300x0,alignmentX=0.0,alignmentY=0.0,border=,flags=0,maximumSize=java.awt.Dimension[width=32767,height=0],minimumSize=java.awt.Dimension[width=0,height=0],preferredSize=java.awt.Dimension[width=0,height=0]]&#10;                    org.openscience.jchempaint.InsertTextPanel[name=null]&#10;                      javax.swing.JComboBox[name=null, selectedItem=&apos;&apos;, contents=[&apos;&apos;], editable=true, enabled=true, visible=true, showing=false]&#10;                        com.apple.laf.AquaComboBoxButton[name=null, text=&apos;&apos;, enabled=true, visible=true, showing=false]&#10;                        javax.swing.CellRendererPane[,0,0,0x0,hidden]&#10;                        com.apple.laf.AquaComboBoxUI$AquaCustomComboTextField[name=null, text=&apos;&apos;, enabled=true, visible=true, showing=false]&#10;                      javax.swing.JButton[name=null, text=&apos;Insert&apos;, enabled=true, visible=true, showing=false]&#10;        javax.swing.JLabel[name=&apos;status&apos;, text=&apos;Applet loaded&apos;, enabled=true, visible=true, showing=false]&#10;  javax.swing.Popup$HeavyWeightWindow[name=&apos;win0&apos;]&#10;    javax.swing.JRootPane[]&#10;      javax.swing.JPanel[name=&apos;null.glassPane&apos;]&#10;      javax.swing.JLayeredPane[]&#10;        javax.swing.JPanel[name=&apos;null.contentPane&apos;]&#10;  javax.swing.JDialog[name=&apos;dialog0&apos;, title=&apos;Message&apos;, enabled=true, modal=true, visible=false, showing=false]&#10;    javax.swing.JRootPane[]&#10;      javax.swing.JPanel[name=&apos;null.glassPane&apos;]&#10;      javax.swing.JLayeredPane[]&#10;        javax.swing.JPanel[name=&apos;null.contentPane&apos;]&#10;  javax.swing.JDialog[name=&apos;dialog1&apos;, title=&apos;Message&apos;, enabled=true, modal=true, visible=false, showing=false]&#10;    javax.swing.JRootPane[]&#10;      javax.swing.JPanel[name=&apos;null.glassPane&apos;]&#10;      javax.swing.JLayeredPane[]&#10;        javax.swing.JPanel[name=&apos;null.contentPane&apos;]&#10;  javax.swing.JDialog[name=&apos;dialog2&apos;, title=&apos;Message&apos;, enabled=true, modal=true, visible=false, showing=false]&#10;    javax.swing.JRootPane[]&#10;      javax.swing.JPanel[name=&apos;null.glassPane&apos;]&#10;      javax.swing.JLayeredPane[]&#10;        javax.swing.JPanel[name=&apos;null.contentPane&apos;]&#10;" type="org.fest.swing.exception.ComponentLookupException"><![CDATA[org.fest.swing.exception.ComponentLookupException: 
Unable to find component using matcher org.fest.swing.core.NameMatcher[name='appletframe', type=javax.swing.JPanel, requireShowing=true].

Component hierarchy:
org.fest.swing.applet.AppletViewer[name='frame10', title='Applet Viewer: org.openscience.jchempaint.applet.JChemPaintEditorApplet', enabled=true, visible=false, showing=false]
  javax.swing.JRootPane[]
    javax.swing.JPanel[name='null.glassPane']
    javax.swing.JLayeredPane[]
      javax.swing.JPanel[name='null.contentPane']
        org.openscience.jchempaint.applet.JChemPaintEditorApplet[name='panel9']
          javax.swing.JRootPane[]
            javax.swing.JPanel[name='null.glassPane']
            javax.swing.JLayeredPane[]
              javax.swing.JPanel[name='null.contentPane']
                org.openscience.jchempaint.JChemPaintPanel[name='appletframe']
                  javax.swing.JPanel[name=null]
                    org.openscience.jchempaint.JChemPaintMenuBar[]
                      javax.swing.JMenu[name='file', text='File', selected=false, enabled=true, visible=true, showing=false]
                        javax.swing.JPopupMenu[name=null, label=null, enabled=true, visible=false, showing=false]
                          javax.swing.JMenuItem[name='new', text='New', selected=false, enabled=true, visible=true, showing=false]
                          javax.swing.JMenuItem[name='open', text='Open', selected=false, enabled=true, visible=true, showing=false]
                          javax.swing.JMenuItem[name='save', text='Save', selected=false, enabled=true, visible=true, showing=false]
                          javax.swing.JMenuItem[name='saveAs', text='Save As...', selected=false, enabled=true, visible=true, showing=false]
                          javax.swing.JPopupMenu$Separator[,0,80,180x12,invalid,alignmentX=0.0,alignmentY=0.0,border=,flags=0,maximumSize=,minimumSize=,preferredSize=,orientation=HORIZONTAL]
                          javax.swing.JMenuItem[name='export', text='Save As Image...', selected=false, enabled=true, visible=true, showing=false]
                          javax.swing.JMenuItem[name='print', text='Print...', selected=false, enabled=true, visible=true, showing=false]
                      javax.swing.JMenu[name='edit', text='Edit', selected=false, enabled=true, visible=true, showing=false]
                        javax.swing.JPopupMenu[name=null, label=null, enabled=true, visible=false, showing=false]
                          javax.swing.JMenuItem[name='undo', text='Undo', selected=false, enabled=true, visible=true, showing=false]
                          javax.swing.JMenuItem[name='redo', text='Redo', selected=false, enabled=false, visible=true, showing=false]
                          javax.swing.JPopupMenu$Separator[,0,0,0x0,invalid,alignmentX=0.0,alignmentY=0.0,border=,flags=0,maximumSize=,minimumSize=,preferredSize=,orientation=HORIZONTAL]
                          javax.swing.JMenuItem[name='cut', text='Cut', selected=false, enabled=true, visible=true, showing=false]
                          javax.swing.JMenuItem[name='copy', text='Copy', selected=false, enabled=true, visible=true, showing=false]
                          javax.swing.JMenuItem[name='copyAsSmiles', text='Copy As SMILES', selected=false, enabled=true, visible=true, showing=false]
                          javax.swing.JMenuItem[name='paste', text='Paste', selected=false, enabled=true, visible=true, showing=false]
                          javax.swing.JPopupMenu$Separator[,0,0,0x0,invalid,alignmentX=0.0,alignmentY=0.0,border=,flags=0,maximumSize=,minimumSize=,preferredSize=,orientation=HORIZONTAL]
                          javax.swing.JMenuItem[name='eraser', text='Delete', selected=false, enabled=true, visible=true, showing=false]
                          javax.swing.JMenuItem[name='selectAll', text='Select All', selected=false, enabled=true, visible=true, showing=false]
                          javax.swing.JPopupMenu$Separator[,0,0,0x0,invalid,alignmentX=0.0,alignmentY=0.0,border=,flags=0,maximumSize=,minimumSize=,preferredSize=,orientation=HORIZONTAL]
                          javax.swing.JMenuItem[name='options', text='Preferences...', selected=false, enabled=true, visible=true, showing=false]
                      javax.swing.JMenu[name='view', text='View', selected=false, enabled=true, visible=true, showing=false]
                        javax.swing.JPopupMenu[name=null, label=null, enabled=true, visible=false, showing=false]
                          javax.swing.JMenuItem[name='zoomin', text='Zoom In', selected=false, enabled=true, visible=true, showing=false]
                          javax.swing.JMenuItem[name='zoomout', text='Zoom Out', selected=false, enabled=true, visible=true, showing=false]
                          javax.swing.JMenuItem[name='zoomoriginal', text='Zoom 100%', selected=false, enabled=true, visible=true, showing=false]
                          javax.swing.JPopupMenu$Separator[,0,61,180x12,invalid,alignmentX=0.0,alignmentY=0.0,border=,flags=0,maximumSize=,minimumSize=,preferredSize=,orientation=HORIZONTAL]
                          javax.swing.JMenuItem[name='cleanup', text='Clean Structure', selected=false, enabled=true, visible=true, showing=false]
                          javax.swing.JMenu[name='flip', text='Flip', selected=false, enabled=true, visible=true, showing=false]
                            javax.swing.JPopupMenu[name=null, label=null, enabled=true, visible=false, showing=false]
                              javax.swing.JMenuItem[name='flipHorizontal', text='Horizontal', selected=false, enabled=true, visible=true, showing=false]
                              javax.swing.JMenuItem[name='flipVertical', text='Vertical', selected=false, enabled=true, visible=true, showing=false]
                          javax.swing.JMenu[name='hydrogen', text='Implicit Hydrogens', selected=false, enabled=true, visible=true, showing=false]
                            javax.swing.JPopupMenu[name=null, label=null, enabled=true, visible=false, showing=false]
                              javax.swing.JMenuItem[name='hydroon', text='On All', selected=false, enabled=true, visible=true, showing=false]
                              javax.swing.JMenuItem[name='hydrooff', text='Off', selected=false, enabled=true, visible=true, showing=false]
                      javax.swing.JMenu[name='atomMenu', text='Atom', selected=false, enabled=true, visible=true, showing=false]
                        javax.swing.JPopupMenu[name=null, label=null, enabled=true, visible=false, showing=false]
                          javax.swing.JMenu[name='formalCharge', text='Charge', selected=false, enabled=true, visible=true, showing=false]
                            javax.swing.JPopupMenu[name=null, label=null, enabled=true, visible=false, showing=false]
                              javax.swing.JMenuItem[name='plus', text='Plus', selected=false, enabled=true, visible=true, showing=false]
                              javax.swing.JMenuItem[name='minus', text='Minus', selected=false, enabled=true, visible=true, showing=false]
                          javax.swing.JMenu[name='hydrogen', text='Implicit Hydrogens', selected=false, enabled=true, visible=true, showing=false]
                            javax.swing.JPopupMenu[name=null, label=null, enabled=true, visible=false, showing=false]
                              javax.swing.JMenuItem[name='hydroon2', text='On All', selected=false, enabled=true, visible=true, showing=false]
                              javax.swing.JMenuItem[name='hydrooff2', text='Off', selected=false, enabled=true, visible=true, showing=false]
                          javax.swing.JMenu[name='isotopeChange', text='Isotopes', selected=false, enabled=true, visible=true, showing=false]
                            javax.swing.JPopupMenu[name=null, label=null, enabled=true, visible=false, showing=false]
                              javax.swing.JMenuItem[name='majorPlusThree', text='Major Plus 3', selected=false, enabled=true, visible=true, showing=false]
                              javax.swing.JMenuItem[name='majorPlusTwo', text='Major Plus 2', selected=false, enabled=true, visible=true, showing=false]
                              javax.swing.JMenuItem[name='majorPlusOne', text='Major Plus 1', selected=false, enabled=true, visible=true, showing=false]
                              javax.swing.JMenuItem[name='major', text='Major Isotope', selected=false, enabled=true, visible=true, showing=false]
                              javax.swing.JMenuItem[name='majorMinusOne', text='Major Minus 1', selected=false, enabled=true, visible=true, showing=false]
                              javax.swing.JMenuItem[name='majorMinusTwo', text='Major Minus 2', selected=false, enabled=true, visible=true, showing=false]
                              javax.swing.JMenuItem[name='majorMinusThree', text='Major Minus 3', selected=false, enabled=true, visible=true, showing=false]
                          javax.swing.JMenu[name='radical', text='Radical', selected=false, enabled=true, visible=true, showing=false]
                            javax.swing.JPopupMenu[name=null, label=null, enabled=true, visible=false, showing=false]
                              javax.swing.JMenuItem[name='convertToRadical', text='Add Single Electron', selected=false, enabled=true, visible=true, showing=false]
                              javax.swing.JMenuItem[name='convertFromRadical', text='Remove Single Electron', selected=false, enabled=true, visible=true, showing=false]
                          javax.swing.JMenu[name='pseudoSymbols', text='Pseudo Atoms', selected=false, enabled=true, visible=true, showing=false]
                            javax.swing.JPopupMenu[name=null, label=null, enabled=true, visible=false, showing=false]
                              javax.swing.JMenuItem[name='pseudoR', text='R', selected=false, enabled=true, visible=true, showing=false]
                              javax.swing.JMenuItem[name='pseudoR1', text='R1', selected=false, enabled=true, visible=true, showing=false]
                              javax.swing.JMenuItem[name='pseudoR2', text='R2', selected=false, enabled=true, visible=true, showing=false]
                              javax.swing.JMenuItem[name='pseudoR3', text='R3', selected=false, enabled=true, visible=true, showing=false]
                              javax.swing.JMenuItem[name='pseudoR4', text='R4', selected=false, enabled=true, visible=true, showing=false]
                              javax.swing.JMenuItem[name='pseudoRX', text='Other...', selected=false, enabled=true, visible=true, showing=false]
                          javax.swing.JMenuItem[name='pseudoStar', text='Variable Attachment Point *', selected=false, enabled=true, visible=true, showing=false]
                          javax.swing.JMenu[name='valence', text='Valence', selected=false, enabled=true, visible=true, showing=false]
                            javax.swing.JPopupMenu[name=null, label=null, enabled=true, visible=false, showing=false]
                              javax.swing.JMenuItem[name='valenceOff', text='Valence Off', selected=false, enabled=true, visible=true, showing=false]
                              javax.swing.JMenuItem[name='valence1', text='Valence 1', selected=false, enabled=true, visible=true, showing=false]
                              javax.swing.JMenuItem[name='valence2', text='Valence 2', selected=false, enabled=true, visible=true, showing=false]
                              javax.swing.JMenuItem[name='valence3', text='Valence 3', selected=false, enabled=true, visible=true, showing=false]
                              javax.swing.JMenuItem[name='valence4', text='Valence 4', selected=false, enabled=true, visible=true, showing=false]
                              javax.swing.JMenuItem[name='valence5', text='Valence 5', selected=false, enabled=true, visible=true, showing=false]
                              javax.swing.JMenuItem[name='valence6', text='Valence 6', selected=false, enabled=true, visible=true, showing=false]
                              javax.swing.JMenuItem[name='valence7', text='Valence 7', selected=false, enabled=true, visible=true, showing=false]
                              javax.swing.JMenuItem[name='valence8', text='Valence 8', selected=false, enabled=true, visible=true, showing=false]
                          javax.swing.JMenu[name='symbolChange', text='Change Element', selected=false, enabled=true, visible=true, showing=false]
                            javax.swing.JPopupMenu[name=null, label=null, enabled=true, visible=false, showing=false]
                              javax.swing.JMenuItem[name='periodictable', text='Periodic Table', selected=false, enabled=true, visible=true, showing=false]
                              javax.swing.JMenuItem[name='enterelement', text='Custom', selected=false, enabled=true, visible=true, showing=false]
                              javax.swing.JPopupMenu$Separator[,0,0,0x0,invalid,alignmentX=0.0,alignmentY=0.0,border=,flags=0,maximumSize=,minimumSize=,preferredSize=,orientation=HORIZONTAL]
                              javax.swing.JMenu[name='commonSymbols', text='Common Elements', selected=false, enabled=true, visible=true, showing=false]
                                javax.swing.JPopupMenu[name=null, label=null, enabled=true, visible=false, showing=false]
                                  javax.swing.JMenuItem[name='symbolH', text='H', selected=false, enabled=true, visible=true, showing=false]
                                  javax.swing.JMenuItem[name='symbolC', text='C', selected=false, enabled=true, visible=true, showing=false]
                                  javax.swing.JMenuItem[name='symbolN', text='N', selected=false, enabled=true, visible=true, showing=false]
                                  javax.swing.JMenuItem[name='symbolO', text='O', selected=false, enabled=true, visible=true, showing=false]
                                  javax.swing.JMenuItem[name='symbolS', text='S', selected=false, enabled=true, visible=true, showing=false]
                                  javax.swing.JMenuItem[name='symbolF', text='F', selected=false, enabled=true, visible=true, showing=false]
                                  javax.swing.JMenuItem[name='symbolP', text='P', selected=false, enabled=true, visible=true, showing=false]
                                  javax.swing.JMenuItem[name='symbolCl', text='Cl', selected=false, enabled=true, visible=true, showing=false]
                                  javax.swing.JMenuItem[name='symbolBr', text='Br', selected=false, enabled=true, visible=true, showing=false]
                                  javax.swing.JMenuItem[name='symbolI', text='I', selected=false, enabled=true, visible=true, showing=false]
                              javax.swing.JMenu[name='alkaliMetals', text='Alkali Metals', selected=false, enabled=true, visible=true, showing=false]
                                javax.swing.JPopupMenu[name=null, label=null, enabled=true, visible=false, showing=false]
                                  javax.swing.JMenuItem[name='symbolLi', text='Li', selected=false, enabled=true, visible=true, showing=false]
                                  javax.swing.JMenuItem[name='symbolNa', text='Na', selected=false, enabled=true, visible=true, showing=false]
                                  javax.swing.JMenuItem[name='symbolK', text='K', selected=false, enabled=true, visible=true, showing=false]
                                  javax.swing.JMenuItem[name='symbolRb', text='Rb', selected=false, enabled=true, visible=true, showing=false]
                                  javax.swing.JMenuItem[name='symbolCs', text='Cs', selected=false, enabled=true, visible=true, showing=false]
                                  javax.swing.JMenuItem[name='symbolFr', text='Fr', selected=false, enabled=true, visible=true, showing=false]
                              javax.swing.JMenu[name='alkaliEarthMetals', text='Alkali Earth Metals', selected=false, enabled=true, visible=true, showing=false]
                                javax.swing.JPopupMenu[name=null, label=null, enabled=true, visible=false, showing=false]
                                  javax.swing.JMenuItem[name='symbolBe', text='Be', selected=false, enabled=true, visible=true, showing=false]
                                  javax.swing.JMenuItem[name='symbolMg', text='Mg', selected=false, enabled=true, visible=true, showing=false]
                                  javax.swing.JMenuItem[name='symbolCa', text='Ca', selected=false, enabled=true, visible=true, showing=false]
                                  javax.swing.JMenuItem[name='symbolSr', text='Sr', selected=false, enabled=true, visible=true, showing=false]
                                  javax.swing.JMenuItem[name='symbolBa', text='Ba', selected=false, enabled=true, visible=true, showing=false]
                                  javax.swing.JMenuItem[name='symbolRa', text='Ra', selected=false, enabled=true, visible=true, showing=false]
                              javax.swing.JMenu[name='transitionMetals', text='Transition Metals', selected=false, enabled=true, visible=true, showing=false]
                                javax.swing.JPopupMenu[name=null, label=null, enabled=true, visible=false, showing=false]
                                  javax.swing.JMenuItem[name='symbolSc', text='Sc', selected=false, enabled=true, visible=true, showing=false]
                                  javax.swing.JMenuItem[name='symbolTi', text='Ti', selected=false, enabled=true, visible=true, showing=false]
                                  javax.swing.JMenuItem[name='symbolV', text='V', selected=false, enabled=true, visible=true, showing=false]
                                  javax.swing.JMenuItem[name='symbolCr', text='Cr', selected=false, enabled=true, visible=true, showing=false]
                                  javax.swing.JMenuItem[name='symbolMn', text='Mn', selected=false, enabled=true, visible=true, showing=false]
                                  javax.swing.JMenuItem[name='symbolFe', text='Fe', selected=false, enabled=true, visible=true, showing=false]
                                  javax.swing.JMenuItem[name='symbolCo', text='Co', selected=false, enabled=true, visible=true, showing=false]
                                  javax.swing.JMenuItem[name='symbolNi', text='Ni', selected=false, enabled=true, visible=true, showing=false]
                                  javax.swing.JMenuItem[name='symbolCu', text='Cu', selected=false, enabled=true, visible=true, showing=false]
                                  javax.swing.JMenuItem[name='symbolZn', text='Zn', selected=false, enabled=true, visible=true, showing=false]
                                  javax.swing.JMenuItem[name='symbolY', text='Y', selected=false, enabled=true, visible=true, showing=false]
                                  javax.swing.JMenuItem[name='symbolZr', text='Zr', selected=false, enabled=true, visible=true, showing=false]
                                  javax.swing.JMenuItem[name='symbolNb', text='Nb', selected=false, enabled=true, visible=true, showing=false]
                                  javax.swing.JMenuItem[name='symbolMo', text='Mo', selected=false, enabled=true, visible=true, showing=false]
                                  javax.swing.JMenuItem[name='symbolTc', text='Tc', selected=false, enabled=true, visible=true, showing=false]
                                  javax.swing.JMenuItem[name='symbolRu', text='Ru', selected=false, enabled=true, visible=true, showing=false]
                                  javax.swing.JMenuItem[name='symbolRh', text='Rh', selected=false, enabled=true, visible=true, showing=false]
                                  javax.swing.JMenuItem[name='symbolPd', text='Pd', selected=false, enabled=true, visible=true, showing=false]
                                  javax.swing.JMenuItem[name='symbolAg', text='Ag', selected=false, enabled=true, visible=true, showing=false]
                                  javax.swing.JMenuItem[name='symbolCd', text='Cd', selected=false, enabled=true, visible=true, showing=false]
                                  javax.swing.JMenuItem[name='symbolHf', text='Hf', selected=false, enabled=true, visible=true, showing=false]
                                  javax.swing.JMenuItem[name='symbolTa', text='Ta', selected=false, enabled=true, visible=true, showing=false]
                                  javax.swing.JMenuItem[name='symbolW', text='W', selected=false, enabled=true, visible=true, showing=false]
                                  javax.swing.JMenuItem[name='symbolRe', text='Re', selected=false, enabled=true, visible=true, showing=false]
                                  javax.swing.JMenuItem[name='symbolOs', text='Os', selected=false, enabled=true, visible=true, showing=false]
                                  javax.swing.JMenuItem[name='symbolIr', text='Ir', selected=false, enabled=true, visible=true, showing=false]
                                  javax.swing.JMenuItem[name='symbolPt', text='Pt', selected=false, enabled=true, visible=true, showing=false]
                                  javax.swing.JMenuItem[name='symbolAu', text='Au', selected=false, enabled=true, visible=true, showing=false]
                                  javax.swing.JMenuItem[name='symbolHg', text='Hg', selected=false, enabled=true, visible=true, showing=false]
                                  javax.swing.JMenuItem[name='symbolRf', text='Rf', selected=false, enabled=true, visible=true, showing=false]
                                  javax.swing.JMenuItem[name='symbolDb', text='Db', selected=false, enabled=true, visible=true, showing=false]
                                  javax.swing.JMenuItem[name='symbolSg', text='Sg', selected=false, enabled=true, visible=true, showing=false]
                                  javax.swing.JMenuItem[name='symbolBh', text='Bh', selected=false, enabled=true, visible=true, showing=false]
                                  javax.swing.JMenuItem[name='symbolHs', text='Hs', selected=false, enabled=true, visible=true, showing=false]
                                  javax.swing.JMenuItem[name='symbolMt', text='Mt', selected=false, enabled=true, visible=true, showing=false]
                                  javax.swing.JMenuItem[name='symbolDs', text='Ds', selected=false, enabled=true, visible=true, showing=false]
                                  javax.swing.JMenuItem[name='symbolRg', text='Rg', selected=false, enabled=true, visible=true, showing=false]
                              javax.swing.JMenu[name='metals', text='Metals', selected=false, enabled=true, visible=true, showing=false]
                                javax.swing.JPopupMenu[name=null, label=null, enabled=true, visible=false, showing=false]
                                  javax.swing.JMenuItem[name='symbolAl', text='Al', selected=false, enabled=true, visible=true, showing=false]
                                  javax.swing.JMenuItem[name='symbolGa', text='Ga', selected=false, enabled=true, visible=true, showing=false]
                                  javax.swing.JMenuItem[name='symbolIn', text='In', selected=false, enabled=true, visible=true, showing=false]
                                  javax.swing.JMenuItem[name='symbolSn', text='Sn', selected=false, enabled=true, visible=true, showing=false]
                                  javax.swing.JMenuItem[name='symbolTl', text='Tl', selected=false, enabled=true, visible=true, showing=false]
                                  javax.swing.JMenuItem[name='symbolPb', text='Pb', selected=false, enabled=true, visible=true, showing=false]
                                  javax.swing.JMenuItem[name='symbolBi', text='Bi', selected=false, enabled=true, visible=true, showing=false]
                              javax.swing.JMenu[name='metalloids', text='Metalloids', selected=false, enabled=true, visible=true, showing=false]
                                javax.swing.JPopupMenu[name=null, label=null, enabled=true, visible=false, showing=false]
                                  javax.swing.JMenuItem[name='symbolB', text='B', selected=false, enabled=true, visible=true, showing=false]
                                  javax.swing.JMenuItem[name='symbolSi', text='Si', selected=false, enabled=true, visible=true, showing=false]
                                  javax.swing.JMenuItem[name='symbolGe', text='Ge', selected=false, enabled=true, visible=true, showing=false]
                                  javax.swing.JMenuItem[name='symbolAs', text='As', selected=false, enabled=true, visible=true, showing=false]
                                  javax.swing.JMenuItem[name='symbolSb', text='Sb', selected=false, enabled=true, visible=true, showing=false]
                                  javax.swing.JMenuItem[name='symbolTe', text='Te', selected=false, enabled=true, visible=true, showing=false]
                                  javax.swing.JMenuItem[name='symbolPo', text='Po', selected=false, enabled=true, visible=true, showing=false]
                              javax.swing.JMenu[name='halogenSymbols', text='Halogens', selected=false, enabled=true, visible=true, showing=false]
                                javax.swing.JPopupMenu[name=null, label=null, enabled=true, visible=false, showing=false]
                                  javax.swing.JMenuItem[name='symbolF2', text='F', selected=false, enabled=true, visible=true, showing=false]
                                  javax.swing.JMenuItem[name='symbolCl2', text='Cl', selected=false, enabled=true, visible=true, showing=false]
                                  javax.swing.JMenuItem[name='symbolBr2', text='Br', selected=false, enabled=true, visible=true, showing=false]
                                  javax.swing.JMenuItem[name='symbolI2', text='I', selected=false, enabled=true, visible=true, showing=false]
                              javax.swing.JMenu[name='nobelSymbols', text='Nobel Gases', selected=false, enabled=true, visible=true, showing=false]
                                javax.swing.JPopupMenu[name=null, label=null, enabled=true, visible=false, showing=false]
                                  javax.swing.JMenuItem[name='symbolHe', text='He', selected=false, enabled=true, visible=true, showing=false]
                                  javax.swing.JMenuItem[name='symbolNe', text='Ne', selected=false, enabled=true, visible=true, showing=false]
                                  javax.swing.JMenuItem[name='symbolAr', text='Ar', selected=false, enabled=true, visible=true, showing=false]
                      javax.swing.JMenu[name='bondMenu', text='Bond', selected=false, enabled=true, visible=true, showing=false]
                        javax.swing.JPopupMenu[name=null, label=null, enabled=true, visible=false, showing=false]
                          javax.swing.JMenuItem[name='bond', text='Single', selected=false, enabled=false, visible=true, showing=false]
                          javax.swing.JMenuItem[name='double_bond', text='Double', selected=false, enabled=false, visible=true, showing=false]
                          javax.swing.JMenuItem[name='triple_bond', text='Triple', selected=false, enabled=false, visible=true, showing=false]
                          javax.swing.JMenuItem[name='quad_bond', text='Quadruple', selected=false, enabled=false, visible=true, showing=false]
                          javax.swing.JMenuItem[name='up_bond', text='Stereo Up', selected=false, enabled=false, visible=true, showing=false]
                          javax.swing.JMenuItem[name='down_bond', text='Stereo Down', selected=false, enabled=false, visible=true, showing=false]
                          javax.swing.JMenuItem[name='undefined_bond', text='Undefined Stereo', selected=false, enabled=false, visible=true, showing=false]
                          javax.swing.JMenuItem[name='undefined_stereo_bond', text='Undefined E/Z', selected=false, enabled=false, visible=true, showing=false]
                      javax.swing.JMenu[name='tools', text='Tools', selected=false, enabled=true, visible=true, showing=false]
                        javax.swing.JPopupMenu[name=null, label=null, enabled=true, visible=false, showing=false]
                          javax.swing.JMenuItem[name='cleanup2', text='Clean Structure', selected=false, enabled=true, visible=true, showing=false]
                          javax.swing.JPopupMenu$Separator[,0,0,0x0,invalid,alignmentX=0.0,alignmentY=0.0,border=,flags=0,maximumSize=,minimumSize=,preferredSize=,orientation=HORIZONTAL]
                          javax.swing.JMenuItem[name='createSMILES', text='Create SMILES', selected=false, enabled=true, visible=true, showing=false]
                          javax.swing.JMenuItem[name='createInChI', text='Create InChI', selected=false, enabled=true, visible=true, showing=false]
                      javax.swing.JMenu[name='rgroupMenu', text='R-groups', selected=false, enabled=true, visible=true, showing=false]
                        javax.swing.JPopupMenu[name=null, label=null, enabled=true, visible=false, showing=false]
                          javax.swing.JMenuItem[name='setRoot', text='Define as Root Structure', selected=false, enabled=true, visible=true, showing=false]
                          javax.swing.JMenuItem[name='setSubstitute', text='Define as Substituent', selected=false, enabled=true, visible=true, showing=false]
                          javax.swing.JMenuItem[name='rgpAdvanced', text='Advanced R-group logic', selected=false, enabled=true, visible=true, showing=false]
                          javax.swing.JMenuItem[name='rgpGenerate', text='Generate possible configurations (sdf) ', selected=false, enabled=true, visible=true, showing=false]
                          javax.swing.JMenuItem[name='clearRgroup', text='Remove R-group aspects', selected=false, enabled=true, visible=true, showing=false]
                      javax.swing.JMenu[name='templates', text='Templates', selected=false, enabled=true, visible=true, showing=false]
                        javax.swing.JPopupMenu[name=null, label=null, enabled=true, visible=false, showing=false]
                          javax.swing.JMenuItem[name='pasteTemplate', text='All Templates', selected=false, enabled=true, visible=true, showing=false]
                          javax.swing.JPopupMenu$Separator[,0,0,0x0,invalid,alignmentX=0.0,alignmentY=0.0,border=,flags=0,maximumSize=,minimumSize=,preferredSize=,orientation=HORIZONTAL]
                          javax.swing.JMenuItem[name='alkaloids', text='Alkaloids', selected=false, enabled=true, visible=true, showing=false]
                          javax.swing.JMenuItem[name='amino_acids', text='Amino Acids', selected=false, enabled=true, visible=true, showing=false]
                          javax.swing.JMenuItem[name='beta_lactams', text='Beta Lactams', selected=false, enabled=true, visible=true, showing=false]
                          javax.swing.JMenuItem[name='carbohydrates', text='Carbohydrates', selected=false, enabled=true, visible=true, showing=false]
                          javax.swing.JMenuItem[name='inositols', text='Inositols', selected=false, enabled=true, visible=true, showing=false]
                          javax.swing.JMenuItem[name='lipids', text='Lipids', selected=false, enabled=true, visible=true, showing=false]
                          javax.swing.JMenuItem[name='nucleosides', text='Nucleosides', selected=false, enabled=true, visible=true, showing=false]
                          javax.swing.JMenuItem[name='porphyrins', text='Porphyrins', selected=false, enabled=true, visible=true, showing=false]
                          javax.swing.JMenuItem[name='protecting_groups', text='Protecting Groups', selected=false, enabled=true, visible=true, showing=false]
                          javax.swing.JMenuItem[name='steroids', text='Steroids', selected=false, enabled=true, visible=true, showing=false]
                          javax.swing.JMenuItem[name='pahs', text='PAHs', selected=false, enabled=true, visible=true, showing=false]
                          javax.swing.JMenuItem[name='miscellaneous', text='Miscellaneous', selected=false, enabled=true, visible=true, showing=false]
                      javax.swing.Box$Filler[,473,10,178x0,alignmentX=0.0,alignmentY=0.0,border=,flags=0,maximumSize=java.awt.Dimension[width=32767,height=0],minimumSize=java.awt.Dimension[width=0,height=0],preferredSize=java.awt.Dimension[width=0,height=0]]
                      javax.swing.JMenu[name='help', text='Help', selected=false, enabled=true, visible=true, showing=false]
                        javax.swing.JPopupMenu[name=null, label=null, enabled=true, visible=false, showing=false]
                          javax.swing.JMenuItem[name='help', text='Help', selected=false, enabled=true, visible=true, showing=false]
                          javax.swing.JMenuItem[name='tutorial', text='Basic Tutorial', selected=false, enabled=true, visible=true, showing=false]
                          javax.swing.JMenuItem[name='rgpTutorial', text='R-group Tutorial', selected=false, enabled=true, visible=true, showing=false]
                          javax.swing.JPopupMenu$Separator[,0,0,0x0,invalid,alignmentX=0.0,alignmentY=0.0,border=,flags=0,maximumSize=,minimumSize=,preferredSize=,orientation=HORIZONTAL]
                          javax.swing.JMenuItem[name='feedback', text='Report Feedback', selected=false, enabled=true, visible=true, showing=false]
                          javax.swing.JMenuItem[name='about', text='About', selected=false, enabled=true, visible=true, showing=false]
                          javax.swing.JMenuItem[name='license', text='License', selected=false, enabled=true, visible=true, showing=false]
                    javax.swing.JToolBar[name=null]
                      javax.swing.Box[,12,2,32x31,layout=javax.swing.BoxLayout,alignmentX=0.0,alignmentY=0.0,border=,flags=0,maximumSize=,minimumSize=,preferredSize=]
                        org.openscience.jchempaint.JCPToolBar$1[name='select', text='', enabled=true, visible=true, showing=false]
                      javax.swing.Box[,44,2,32x31,layout=javax.swing.BoxLayout,alignmentX=0.0,alignmentY=0.0,border=,flags=0,maximumSize=,minimumSize=,preferredSize=]
                        org.openscience.jchempaint.JCPToolBar$1[name='lasso', text='', enabled=true, visible=true, showing=false]
                      javax.swing.Box[,76,2,32x31,layout=javax.swing.BoxLayout,alignmentX=0.0,alignmentY=0.0,border=,flags=0,maximumSize=,minimumSize=,preferredSize=]
                        org.openscience.jchempaint.JCPToolBar$1[name='eraser', text='', enabled=true, visible=true, showing=false]
                      javax.swing.JToolBar$Separator[,108,2,11x31,alignmentX=0.0,alignmentY=0.0,border=,flags=0,maximumSize=,minimumSize=,preferredSize=,orientation=VERTICAL]
                      javax.swing.Box[,119,2,32x31,layout=javax.swing.BoxLayout,alignmentX=0.0,alignmentY=0.0,border=,flags=0,maximumSize=,minimumSize=,preferredSize=]
                        org.openscience.jchempaint.JCPToolBar$1[name='zoomin', text='', enabled=true, visible=true, showing=false]
                      javax.swing.Box[,151,2,32x31,layout=javax.swing.BoxLayout,alignmentX=0.0,alignmentY=0.0,border=,flags=0,maximumSize=,minimumSize=,preferredSize=]
                        org.openscience.jchempaint.JCPToolBar$1[name='zoomout', text='', enabled=true, visible=true, showing=false]
                      javax.swing.JToolBar$Separator[,183,2,11x31,alignmentX=0.0,alignmentY=0.0,border=,flags=0,maximumSize=,minimumSize=,preferredSize=,orientation=VERTICAL]
                      javax.swing.Box[,194,2,32x31,layout=javax.swing.BoxLayout,alignmentX=0.0,alignmentY=0.0,border=,flags=0,maximumSize=,minimumSize=,preferredSize=]
                        org.openscience.jchempaint.JCPToolBar$1[name='undo', text='', enabled=true, visible=true, showing=false]
                      javax.swing.Box[,226,2,32x31,layout=javax.swing.BoxLayout,alignmentX=0.0,alignmentY=0.0,border=,flags=0,maximumSize=,minimumSize=,preferredSize=]
                        org.openscience.jchempaint.JCPToolBar$1[name='redo', text='', enabled=false, visible=true, showing=false]
                      javax.swing.JToolBar$Separator[,258,2,11x31,alignmentX=0.0,alignmentY=0.0,border=,flags=0,maximumSize=,minimumSize=,preferredSize=,orientation=VERTICAL]
                      javax.swing.Box[,269,2,32x31,layout=javax.swing.BoxLayout,alignmentX=0.0,alignmentY=0.0,border=,flags=0,maximumSize=,minimumSize=,preferredSize=]
                        org.openscience.jchempaint.JCPToolBar$1[name='cut', text='', enabled=true, visible=true, showing=false]
                      javax.swing.Box[,301,2,32x31,layout=javax.swing.BoxLayout,alignmentX=0.0,alignmentY=0.0,border=,flags=0,maximumSize=,minimumSize=,preferredSize=]
                        org.openscience.jchempaint.JCPToolBar$1[name='copy', text='', enabled=true, visible=true, showing=false]
                      javax.swing.Box[,333,2,32x31,layout=javax.swing.BoxLayout,alignmentX=0.0,alignmentY=0.0,border=,flags=0,maximumSize=,minimumSize=,preferredSize=]
                        org.openscience.jchempaint.JCPToolBar$1[name='paste', text='', enabled=true, visible=true, showing=false]
                      javax.swing.JToolBar$Separator[,365,2,11x31,alignmentX=0.0,alignmentY=0.0,border=,flags=0,maximumSize=,minimumSize=,preferredSize=,orientation=VERTICAL]
                      javax.swing.Box[,376,2,32x31,layout=javax.swing.BoxLayout,alignmentX=0.0,alignmentY=0.0,border=,flags=0,maximumSize=,minimumSize=,preferredSize=]
                        org.openscience.jchempaint.JCPToolBar$1[name='flipHorizontal', text='', enabled=true, visible=true, showing=false]
                      javax.swing.Box[,408,2,32x31,layout=javax.swing.BoxLayout,alignmentX=0.0,alignmentY=0.0,border=,flags=0,maximumSize=,minimumSize=,preferredSize=]
                        org.openscience.jchempaint.JCPToolBar$1[name='flipVertical', text='', enabled=true, visible=true, showing=false]
                      javax.swing.Box[,440,2,32x31,layout=javax.swing.BoxLayout,alignmentX=0.0,alignmentY=0.0,border=,flags=0,maximumSize=,minimumSize=,preferredSize=]
                        org.openscience.jchempaint.JCPToolBar$1[name='rotate', text='', enabled=true, visible=true, showing=false]
                      javax.swing.Box[,472,2,32x31,layout=javax.swing.BoxLayout,alignmentX=0.0,alignmentY=0.0,border=,flags=0,maximumSize=,minimumSize=,preferredSize=]
                        org.openscience.jchempaint.JCPToolBar$1[name='rotate3d', text='', enabled=true, visible=true, showing=false]
                      javax.swing.Box$Filler[,504,17,192x0,alignmentX=0.0,alignmentY=0.0,border=,flags=0,maximumSize=java.awt.Dimension[width=32767,height=0],minimumSize=java.awt.Dimension[width=0,height=0],preferredSize=java.awt.Dimension[width=0,height=0]]
                  javax.swing.JPanel[name=null]
                    javax.swing.JScrollPane[name=null, enabled=true, visible=true, showing=false]
                      javax.swing.JViewport[,2,2,616x519,layout=javax.swing.ViewportLayout,alignmentX=0.0,alignmentY=0.0,border=,flags=8388616,maximumSize=,minimumSize=,preferredSize=,isViewSizeSet=true,lastPaintPosition=java.awt.Point[x=0,y=0],scrollUnderway=false]
                        org.openscience.jchempaint.RenderPanel[name='renderpanel']
                      javax.swing.JScrollPane$ScrollBar[name=null, value=0, blockIncrement=10, minimum=0, maximum=519, enabled=true, visible=false, showing=false]
                      javax.swing.JScrollPane$ScrollBar[name=null, value=0, blockIncrement=10, minimum=0, maximum=616, enabled=true, visible=false, showing=false]
                    javax.swing.JToolBar[name=null]
                      javax.swing.Box[,4,12,32x31,layout=javax.swing.BoxLayout,alignmentX=0.0,alignmentY=0.0,border=,flags=0,maximumSize=,minimumSize=,preferredSize=]
                        org.openscience.jchempaint.JCPToolBar$1[name='bondTool', text='', enabled=true, visible=true, showing=false]
                      javax.swing.Box[,4,43,32x31,layout=javax.swing.BoxLayout,alignmentX=0.0,alignmentY=0.0,border=,flags=0,maximumSize=,minimumSize=,preferredSize=]
                        org.openscience.jchempaint.JCPToolBar$1[name='double_bondTool', text='', enabled=true, visible=true, showing=false]
                      javax.swing.Box[,4,74,32x31,layout=javax.swing.BoxLayout,alignmentX=0.0,alignmentY=0.0,border=,flags=0,maximumSize=,minimumSize=,preferredSize=]
                        org.openscience.jchempaint.JCPToolBar$1[name='triple_bondTool', text='', enabled=true, visible=true, showing=false]
                      javax.swing.Box[,4,105,32x31,layout=javax.swing.BoxLayout,alignmentX=0.0,alignmentY=0.0,border=,flags=0,maximumSize=,minimumSize=,preferredSize=]
                        org.openscience.jchempaint.JCPToolBar$1[name='chain', text='', enabled=true, visible=true, showing=false]
                      javax.swing.JToolBar$Separator[,4,136,32x11,alignmentX=0.0,alignmentY=0.0,border=,flags=0,maximumSize=,minimumSize=,preferredSize=,orientation=HORIZONTAL]
                      javax.swing.Box[,4,147,32x31,layout=javax.swing.BoxLayout,alignmentX=0.0,alignmentY=0.0,border=,flags=0,maximumSize=,minimumSize=,preferredSize=]
                        org.openscience.jchempaint.JCPToolBar$1[name='up_bond', text='', enabled=true, visible=true, showing=false]
                      javax.swing.Box[,4,178,32x31,layout=javax.swing.BoxLayout,alignmentX=0.0,alignmentY=0.0,border=,flags=0,maximumSize=,minimumSize=,preferredSize=]
                        org.openscience.jchempaint.JCPToolBar$1[name='down_bond', text='', enabled=true, visible=true, showing=false]
                      javax.swing.Box[,4,209,32x31,layout=javax.swing.BoxLayout,alignmentX=0.0,alignmentY=0.0,border=,flags=0,maximumSize=,minimumSize=,preferredSize=]
                        org.openscience.jchempaint.JCPToolBar$1[name='undefined_bond', text='', enabled=true, visible=true, showing=false]
                      javax.swing.Box[,4,240,32x31,layout=javax.swing.BoxLayout,alignmentX=0.0,alignmentY=0.0,border=,flags=0,maximumSize=,minimumSize=,preferredSize=]
                        org.openscience.jchempaint.JCPToolBar$1[name='undefined_stereo_bond', text='', enabled=true, visible=true, showing=false]
                      javax.swing.JToolBar$Separator[,4,271,32x11,alignmentX=0.0,alignmentY=0.0,border=,flags=0,maximumSize=,minimumSize=,preferredSize=,orientation=HORIZONTAL]
                      javax.swing.Box[,4,282,32x31,layout=javax.swing.BoxLayout,alignmentX=0.0,alignmentY=0.0,border=,flags=0,maximumSize=,minimumSize=,preferredSize=]
                        org.openscience.jchempaint.JCPToolBar$1[name='reactionArrow', text='', enabled=true, visible=true, showing=false]
                    javax.swing.JToolBar[name=null]
                      javax.swing.Box[,4,12,32x31,layout=javax.swing.BoxLayout,alignmentX=0.0,alignmentY=0.0,border=,flags=0,maximumSize=,minimumSize=,preferredSize=]
                        org.openscience.jchempaint.JCPToolBar$1[name='triangle', text='', enabled=true, visible=true, showing=false]
                      javax.swing.Box[,4,43,32x31,layout=javax.swing.BoxLayout,alignmentX=0.0,alignmentY=0.0,border=,flags=0,maximumSize=,minimumSize=,preferredSize=]
                        org.openscience.jchempaint.JCPToolBar$1[name='square', text='', enabled=true, visible=true, showing=false]
                      javax.swing.Box[,4,74,32x31,layout=javax.swing.BoxLayout,alignmentX=0.0,alignmentY=0.0,border=,flags=0,maximumSize=,minimumSize=,preferredSize=]
                        org.openscience.jchempaint.JCPToolBar$1[name='pentagon', text='', enabled=true, visible=true, showing=false]
                      javax.swing.Box[,4,105,32x31,layout=javax.swing.BoxLayout,alignmentX=0.0,alignmentY=0.0,border=,flags=0,maximumSize=,minimumSize=,preferredSize=]
                        org.openscience.jchempaint.JCPToolBar$1[name='hexagon', text='', enabled=true, visible=true, showing=false]
                      javax.swing.Box[,4,136,32x31,layout=javax.swing.BoxLayout,alignmentX=0.0,alignmentY=0.0,border=,flags=0,maximumSize=,minimumSize=,preferredSize=]
                        org.openscience.jchempaint.JCPToolBar$1[name='benzene', text='', enabled=true, visible=true, showing=false]
                      javax.swing.Box[,4,167,32x31,layout=javax.swing.BoxLayout,alignmentX=0.0,alignmentY=0.0,border=,flags=0,maximumSize=,minimumSize=,preferredSize=]
                        org.openscience.jchempaint.JCPToolBar$1[name='octagon', text='', enabled=true, visible=true, showing=false]
                      javax.swing.JToolBar$Separator[,4,198,32x11,alignmentX=0.0,alignmentY=0.0,border=,flags=0,maximumSize=,minimumSize=,preferredSize=,orientation=HORIZONTAL]
                      javax.swing.Box[,4,209,32x31,layout=javax.swing.BoxLayout,alignmentX=0.0,alignmentY=0.0,border=,flags=0,maximumSize=,minimumSize=,preferredSize=]
                        org.openscience.jchempaint.JCPToolBar$1[name='pasteTemplate', text='', enabled=true, visible=true, showing=false]
                    javax.swing.JToolBar[name=null]
                      javax.swing.Box[,12,2,32x31,layout=javax.swing.BoxLayout,alignmentX=0.0,alignmentY=0.0,border=,flags=0,maximumSize=,minimumSize=,preferredSize=]
                        org.openscience.jchempaint.JCPToolBar$1[name='C', text='', enabled=true, visible=true, showing=false]
                      javax.swing.Box[,44,2,32x31,layout=javax.swing.BoxLayout,alignmentX=0.0,alignmentY=0.0,border=,flags=0,maximumSize=,minimumSize=,preferredSize=]
                        org.openscience.jchempaint.JCPToolBar$1[name='H', text='', enabled=true, visible=true, showing=false]
                      javax.swing.Box[,76,2,32x31,layout=javax.swing.BoxLayout,alignmentX=0.0,alignmentY=0.0,border=,flags=0,maximumSize=,minimumSize=,preferredSize=]
                        org.openscience.jchempaint.JCPToolBar$1[name='O', text='', enabled=true, visible=true, showing=false]
                      javax.swing.Box[,108,2,32x31,layout=javax.swing.BoxLayout,alignmentX=0.0,alignmentY=0.0,border=,flags=0,maximumSize=,minimumSize=,preferredSize=]
                        org.openscience.jchempaint.JCPToolBar$1[name='N', text='', enabled=true, visible=true, showing=false]
                      javax.swing.Box[,140,2,32x31,layout=javax.swing.BoxLayout,alignmentX=0.0,alignmentY=0.0,border=,flags=0,maximumSize=,minimumSize=,preferredSize=]
                        org.openscience.jchempaint.JCPToolBar$1[name='P', text='', enabled=true, visible=true, showing=false]
                      javax.swing.Box[,172,2,32x31,layout=javax.swing.BoxLayout,alignmentX=0.0,alignmentY=0.0,border=,flags=0,maximumSize=,minimumSize=,preferredSize=]
                        org.openscience.jchempaint.JCPToolBar$1[name='S', text='', enabled=true, visible=true, showing=false]
                      javax.swing.Box[,204,2,32x31,layout=javax.swing.BoxLayout,alignmentX=0.0,alignmentY=0.0,border=,flags=0,maximumSize=,minimumSize=,preferredSize=]
                        org.openscience.jchempaint.JCPToolBar$1[name='F', text='', enabled=true, visible=true, showing=false]
                      javax.swing.Box[,236,2,32x31,layout=javax.swing.BoxLayout,alignmentX=0.0,alignmentY=0.0,border=,flags=0,maximumSize=,minimumSize=,preferredSize=]
                        org.openscience.jchempaint.JCPToolBar$1[name='Cl', text='', enabled=true, visible=true, showing=false]
                      javax.swing.Box[,268,2,32x31,layout=javax.swing.BoxLayout,alignmentX=0.0,alignmentY=0.0,border=,flags=0,maximumSize=,minimumSize=,preferredSize=]
                        org.openscience.jchempaint.JCPToolBar$1[name='Br', text='', enabled=true, visible=true, showing=false]
                      javax.swing.Box[,300,2,32x31,layout=javax.swing.BoxLayout,alignmentX=0.0,alignmentY=0.0,border=,flags=0,maximumSize=,minimumSize=,preferredSize=]
                        org.openscience.jchempaint.JCPToolBar$1[name='I', text='', enabled=true, visible=true, showing=false]
                      javax.swing.Box[,332,2,32x31,layout=javax.swing.BoxLayout,alignmentX=0.0,alignmentY=0.0,border=,flags=0,maximumSize=,minimumSize=,preferredSize=]
                        org.openscience.jchempaint.JCPToolBar$1[name='enterelement', text='', enabled=true, visible=true, showing=false]
                      javax.swing.Box[,364,2,32x31,layout=javax.swing.BoxLayout,alignmentX=0.0,alignmentY=0.0,border=,flags=0,maximumSize=,minimumSize=,preferredSize=]
                        org.openscience.jchempaint.JCPToolBar$1[name='periodictable', text='', enabled=true, visible=true, showing=false]
                      javax.swing.Box$Filler[,396,17,300x0,alignmentX=0.0,alignmentY=0.0,border=,flags=0,maximumSize=java.awt.Dimension[width=32767,height=0],minimumSize=java.awt.Dimension[width=0,height=0],preferredSize=java.awt.Dimension[width=0,height=0]]
                    org.openscience.jchempaint.InsertTextPanel[name=null]
                      javax.swing.JComboBox[name=null, selectedItem='', contents=[''], editable=true, enabled=true, visible=true, showing=false]
                        com.apple.laf.AquaComboBoxButton[name=null, text='', enabled=true, visible=true, showing=false]
                        javax.swing.CellRendererPane[,0,0,0x0,hidden]
                        com.apple.laf.AquaComboBoxUI$AquaCustomComboTextField[name=null, text='', enabled=true, visible=true, showing=false]
                      javax.swing.JButton[name=null, text='Insert', enabled=true, visible=true, showing=false]
        javax.swing.JLabel[name='status', text='Applet loaded', enabled=true, visible=true, showing=false]
  javax.swing.Popup$HeavyWeightWindow[name='win0']
    javax.swing.JRootPane[]
      javax.swing.JPanel[name='null.glassPane']
      javax.swing.JLayeredPane[]
        javax.swing.JPanel[name='null.contentPane']
  javax.swing.JDialog[name='dialog0', title='Message', enabled=true, modal=true, visible=false, showing=false]
    javax.swing.JRootPane[]
      javax.swing.JPanel[name='null.glassPane']
      javax.swing.JLayeredPane[]
        javax.swing.JPanel[name='null.contentPane']
  javax.swing.JDialog[name='dialog1', title='Message', enabled=true, modal=true, visible=false, showing=false]
    javax.swing.JRootPane[]
      javax.swing.JPanel[name='null.glassPane']
      javax.swing.JLayeredPane[]
        javax.swing.JPanel[name='null.contentPane']
  javax.swing.JDialog[name='dialog2', title='Message', enabled=true, modal=true, visible=false, showing=false]
    javax.swing.JRootPane[]
      javax.swing.JPanel[name='null.glassPane']
      javax.swing.JLayeredPane[]
        javax.swing.JPanel[name='null.contentPane']

	at org.fest.swing.core.BasicComponentFinder.componentNotFound(BasicComponentFinder.java:271)
	at org.fest.swing.core.BasicComponentFinder.find(BasicComponentFinder.java:260)
	at org.fest.swing.core.BasicComponentFinder.find(BasicComponentFinder.java:254)
	at org.fest.swing.core.BasicComponentFinder.findByName(BasicComponentFinder.java:191)
	at org.fest.swing.fixture.ContainerFixture.findByName(ContainerFixture.java:527)
	at org.fest.swing.fixture.ContainerFixture.panel(ContainerFixture.java:307)
	at org.openscience.jchempaint.AbstractAppletTest.restoreModelWithBasicmol(AbstractAppletTest.java:82)
	at org.openscience.jchempaint.MenuIsotopeTest.genericIsotopeTest(MenuIsotopeTest.java:37)
	at org.openscience.jchempaint.MenuIsotopeTest.testMenuIsotopeMajorPlusThree(MenuIsotopeTest.java:16)
	at java.base/jdk.internal.reflect.DirectMethodHandleAccessor.invoke(DirectMethodHandleAccessor.java:103)
	at java.base/java.lang.reflect.Method.invoke(Method.java:580)
	at org.junit.runners.model.FrameworkMethod$1.runReflectiveCall(FrameworkMethod.java:59)
	at org.junit.internal.runners.model.ReflectiveCallable.run(ReflectiveCallable.java:12)
	at org.junit.runners.model.FrameworkMethod.invokeExplosively(FrameworkMethod.java:56)
	at org.junit.internal.runners.statements.InvokeMethod.evaluate(InvokeMethod.java:17)
	at org.junit.runners.ParentRunner$3.evaluate(ParentRunner.java:306)
	at org.junit.runners.BlockJUnit4ClassRunner$1.evaluate(BlockJUnit4ClassRunner.java:100)
	at org.junit.runners.ParentRunner.runLeaf(ParentRunner.java:366)
	at org.junit.runners.BlockJUnit4ClassRunner.runChild(BlockJUnit4ClassRunner.java:103)
	at org.junit.runners.BlockJUnit4ClassRunner.runChild(BlockJUnit4ClassRunner.java:63)
	at org.junit.runners.ParentRunner$4.run(ParentRunner.java:331)
	at org.junit.runners.ParentRunner$1.schedule(ParentRunner.java:79)
	at org.junit.runners.ParentRunner.runChildren(ParentRunner.java:329)
	at org.junit.runners.ParentRunner.access$100(ParentRunner.java:66)
	at org.junit.runners.ParentRunner$2.evaluate(ParentRunner.java:293)
	at org.junit.internal.runners.statements.RunBefores.evaluate(RunBefores.java:26)
	at org.junit.internal.runners.statements.RunAfters.evaluate(RunAfters.java:27)
	at org.junit.runners.ParentRunner$3.evaluate(ParentRunner.java:306)
	at org.junit.runners.ParentRunner.run(ParentRunner.java:413)
	at org.apache.maven.surefire.junit4.JUnit4Provider.execute(JUnit4Provider.java:316)
	at org.apache.maven.surefire.junit4.JUnit4Provider.executeWithRerun(JUnit4Provider.java:240)
	at org.apache.maven.surefire.junit4.JUnit4Provider.executeTestSet(JUnit4Provider.java:214)
	at org.apache.maven.surefire.junit4.JUnit4Provider.invoke(JUnit4Provider.java:155)
	at org.apache.maven.surefire.booter.ForkedBooter.runSuitesInProcess(ForkedBooter.java:385)
	at org.apache.maven.surefire.booter.ForkedBooter.execute(ForkedBooter.java:162)
	at org.apache.maven.surefire.booter.ForkedBooter.run(ForkedBooter.java:507)
	at org.apache.maven.surefire.booter.ForkedBooter.main(ForkedBooter.java:495)
]]></error>
  </testcase>
  <testcase name="testMenuIsotopeMajor" classname="org.openscience.jchempaint.MenuIsotopeTest" time="0.01">
    <error message="Unable to find component using matcher org.fest.swing.core.NameMatcher[name=&apos;appletframe&apos;, type=javax.swing.JPanel, requireShowing=true].&#10;&#10;Component hierarchy:&#10;org.fest.swing.applet.AppletViewer[name=&apos;frame10&apos;, title=&apos;Applet Viewer: org.openscience.jchempaint.applet.JChemPaintEditorApplet&apos;, enabled=true, visible=false, showing=false]&#10;  javax.swing.JRootPane[]&#10;    javax.swing.JPanel[name=&apos;null.glassPane&apos;]&#10;    javax.swing.JLayeredPane[]&#10;      javax.swing.JPanel[name=&apos;null.contentPane&apos;]&#10;        org.openscience.jchempaint.applet.JChemPaintEditorApplet[name=&apos;panel9&apos;]&#10;          javax.swing.JRootPane[]&#10;            javax.swing.JPanel[name=&apos;null.glassPane&apos;]&#10;            javax.swing.JLayeredPane[]&#10;              javax.swing.JPanel[name=&apos;null.contentPane&apos;]&#10;                org.openscience.jchempaint.JChemPaintPanel[name=&apos;appletframe&apos;]&#10;                  javax.swing.JPanel[name=null]&#10;                    org.openscience.jchempaint.JChemPaintMenuBar[]&#10;                      javax.swing.JMenu[name=&apos;file&apos;, text=&apos;File&apos;, selected=false, enabled=true, visible=true, showing=false]&#10;                        javax.swing.JPopupMenu[name=null, label=null, enabled=true, visible=false, showing=false]&#10;                          javax.swing.JMenuItem[name=&apos;new&apos;, text=&apos;New&apos;, selected=false, enabled=true, visible=true, showing=false]&#10;                          javax.swing.JMenuItem[name=&apos;open&apos;, text=&apos;Open&apos;, selected=false, enabled=true, visible=true, showing=false]&#10;                          javax.swing.JMenuItem[name=&apos;save&apos;, text=&apos;Save&apos;, selected=false, enabled=true, visible=true, showing=false]&#10;                          javax.swing.JMenuItem[name=&apos;saveAs&apos;, text=&apos;Save As...&apos;, selected=false, enabled=true, visible=true, showing=false]&#10;                          javax.swing.JPopupMenu$Separator[,0,80,180x12,invalid,alignmentX=0.0,alignmentY=0.0,border=,flags=0,maximumSize=,minimumSize=,preferredSize=,orientation=HORIZONTAL]&#10;                          javax.swing.JMenuItem[name=&apos;export&apos;, text=&apos;Save As Image...&apos;, selected=false, enabled=true, visible=true, showing=false]&#10;                          javax.swing.JMenuItem[name=&apos;print&apos;, text=&apos;Print...&apos;, selected=false, enabled=true, visible=true, showing=false]&#10;                      javax.swing.JMenu[name=&apos;edit&apos;, text=&apos;Edit&apos;, selected=false, enabled=true, visible=true, showing=false]&#10;                        javax.swing.JPopupMenu[name=null, label=null, enabled=true, visible=false, showing=false]&#10;                          javax.swing.JMenuItem[name=&apos;undo&apos;, text=&apos;Undo&apos;, selected=false, enabled=true, visible=true, showing=false]&#10;                          javax.swing.JMenuItem[name=&apos;redo&apos;, text=&apos;Redo&apos;, selected=false, enabled=false, visible=true, showing=false]&#10;                          javax.swing.JPopupMenu$Separator[,0,0,0x0,invalid,alignmentX=0.0,alignmentY=0.0,border=,flags=0,maximumSize=,minimumSize=,preferredSize=,orientation=HORIZONTAL]&#10;                          javax.swing.JMenuItem[name=&apos;cut&apos;, text=&apos;Cut&apos;, selected=false, enabled=true, visible=true, showing=false]&#10;                          javax.swing.JMenuItem[name=&apos;copy&apos;, text=&apos;Copy&apos;, selected=false, enabled=true, visible=true, showing=false]&#10;                          javax.swing.JMenuItem[name=&apos;copyAsSmiles&apos;, text=&apos;Copy As SMILES&apos;, selected=false, enabled=true, visible=true, showing=false]&#10;                          javax.swing.JMenuItem[name=&apos;paste&apos;, text=&apos;Paste&apos;, selected=false, enabled=true, visible=true, showing=false]&#10;                          javax.swing.JPopupMenu$Separator[,0,0,0x0,invalid,alignmentX=0.0,alignmentY=0.0,border=,flags=0,maximumSize=,minimumSize=,preferredSize=,orientation=HORIZONTAL]&#10;                          javax.swing.JMenuItem[name=&apos;eraser&apos;, text=&apos;Delete&apos;, selected=false, enabled=true, visible=true, showing=false]&#10;                          javax.swing.JMenuItem[name=&apos;selectAll&apos;, text=&apos;Select All&apos;, selected=false, enabled=true, visible=true, showing=false]&#10;                          javax.swing.JPopupMenu$Separator[,0,0,0x0,invalid,alignmentX=0.0,alignmentY=0.0,border=,flags=0,maximumSize=,minimumSize=,preferredSize=,orientation=HORIZONTAL]&#10;                          javax.swing.JMenuItem[name=&apos;options&apos;, text=&apos;Preferences...&apos;, selected=false, enabled=true, visible=true, showing=false]&#10;                      javax.swing.JMenu[name=&apos;view&apos;, text=&apos;View&apos;, selected=false, enabled=true, visible=true, showing=false]&#10;                        javax.swing.JPopupMenu[name=null, label=null, enabled=true, visible=false, showing=false]&#10;                          javax.swing.JMenuItem[name=&apos;zoomin&apos;, text=&apos;Zoom In&apos;, selected=false, enabled=true, visible=true, showing=false]&#10;                          javax.swing.JMenuItem[name=&apos;zoomout&apos;, text=&apos;Zoom Out&apos;, selected=false, enabled=true, visible=true, showing=false]&#10;                          javax.swing.JMenuItem[name=&apos;zoomoriginal&apos;, text=&apos;Zoom 100%&apos;, selected=false, enabled=true, visible=true, showing=false]&#10;                          javax.swing.JPopupMenu$Separator[,0,61,180x12,invalid,alignmentX=0.0,alignmentY=0.0,border=,flags=0,maximumSize=,minimumSize=,preferredSize=,orientation=HORIZONTAL]&#10;                          javax.swing.JMenuItem[name=&apos;cleanup&apos;, text=&apos;Clean Structure&apos;, selected=false, enabled=true, visible=true, showing=false]&#10;                          javax.swing.JMenu[name=&apos;flip&apos;, text=&apos;Flip&apos;, selected=false, enabled=true, visible=true, showing=false]&#10;                            javax.swing.JPopupMenu[name=null, label=null, enabled=true, visible=false, showing=false]&#10;                              javax.swing.JMenuItem[name=&apos;flipHorizontal&apos;, text=&apos;Horizontal&apos;, selected=false, enabled=true, visible=true, showing=false]&#10;                              javax.swing.JMenuItem[name=&apos;flipVertical&apos;, text=&apos;Vertical&apos;, selected=false, enabled=true, visible=true, showing=false]&#10;                          javax.swing.JMenu[name=&apos;hydrogen&apos;, text=&apos;Implicit Hydrogens&apos;, selected=false, enabled=true, visible=true, showing=false]&#10;                            javax.swing.JPopupMenu[name=null, label=null, enabled=true, visible=false, showing=false]&#10;                              javax.swing.JMenuItem[name=&apos;hydroon&apos;, text=&apos;On All&apos;, selected=false, enabled=true, visible=true, showing=false]&#10;                              javax.swing.JMenuItem[name=&apos;hydrooff&apos;, text=&apos;Off&apos;, selected=false, enabled=true, visible=true, showing=false]&#10;                      javax.swing.JMenu[name=&apos;atomMenu&apos;, text=&apos;Atom&apos;, selected=false, enabled=true, visible=true, showing=false]&#10;                        javax.swing.JPopupMenu[name=null, label=null, enabled=true, visible=false, showing=false]&#10;                          javax.swing.JMenu[name=&apos;formalCharge&apos;, text=&apos;Charge&apos;, selected=false, enabled=true, visible=true, showing=false]&#10;                            javax.swing.JPopupMenu[name=null, label=null, enabled=true, visible=false, showing=false]&#10;                              javax.swing.JMenuItem[name=&apos;plus&apos;, text=&apos;Plus&apos;, selected=false, enabled=true, visible=true, showing=false]&#10;                              javax.swing.JMenuItem[name=&apos;minus&apos;, text=&apos;Minus&apos;, selected=false, enabled=true, visible=true, showing=false]&#10;                          javax.swing.JMenu[name=&apos;hydrogen&apos;, text=&apos;Implicit Hydrogens&apos;, selected=false, enabled=true, visible=true, showing=false]&#10;                            javax.swing.JPopupMenu[name=null, label=null, enabled=true, visible=false, showing=false]&#10;                              javax.swing.JMenuItem[name=&apos;hydroon2&apos;, text=&apos;On All&apos;, selected=false, enabled=true, visible=true, showing=false]&#10;                              javax.swing.JMenuItem[name=&apos;hydrooff2&apos;, text=&apos;Off&apos;, selected=false, enabled=true, visible=true, showing=false]&#10;                          javax.swing.JMenu[name=&apos;isotopeChange&apos;, text=&apos;Isotopes&apos;, selected=false, enabled=true, visible=true, showing=false]&#10;                            javax.swing.JPopupMenu[name=null, label=null, enabled=true, visible=false, showing=false]&#10;                              javax.swing.JMenuItem[name=&apos;majorPlusThree&apos;, text=&apos;Major Plus 3&apos;, selected=false, enabled=true, visible=true, showing=false]&#10;                              javax.swing.JMenuItem[name=&apos;majorPlusTwo&apos;, text=&apos;Major Plus 2&apos;, selected=false, enabled=true, visible=true, showing=false]&#10;                              javax.swing.JMenuItem[name=&apos;majorPlusOne&apos;, text=&apos;Major Plus 1&apos;, selected=false, enabled=true, visible=true, showing=false]&#10;                              javax.swing.JMenuItem[name=&apos;major&apos;, text=&apos;Major Isotope&apos;, selected=false, enabled=true, visible=true, showing=false]&#10;                              javax.swing.JMenuItem[name=&apos;majorMinusOne&apos;, text=&apos;Major Minus 1&apos;, selected=false, enabled=true, visible=true, showing=false]&#10;                              javax.swing.JMenuItem[name=&apos;majorMinusTwo&apos;, text=&apos;Major Minus 2&apos;, selected=false, enabled=true, visible=true, showing=false]&#10;                              javax.swing.JMenuItem[name=&apos;majorMinusThree&apos;, text=&apos;Major Minus 3&apos;, selected=false, enabled=true, visible=true, showing=false]&#10;                          javax.swing.JMenu[name=&apos;radical&apos;, text=&apos;Radical&apos;, selected=false, enabled=true, visible=true, showing=false]&#10;                            javax.swing.JPopupMenu[name=null, label=null, enabled=true, visible=false, showing=false]&#10;                              javax.swing.JMenuItem[name=&apos;convertToRadical&apos;, text=&apos;Add Single Electron&apos;, selected=false, enabled=true, visible=true, showing=false]&#10;                              javax.swing.JMenuItem[name=&apos;convertFromRadical&apos;, text=&apos;Remove Single Electron&apos;, selected=false, enabled=true, visible=true, showing=false]&#10;                          javax.swing.JMenu[name=&apos;pseudoSymbols&apos;, text=&apos;Pseudo Atoms&apos;, selected=false, enabled=true, visible=true, showing=false]&#10;                            javax.swing.JPopupMenu[name=null, label=null, enabled=true, visible=false, showing=false]&#10;                              javax.swing.JMenuItem[name=&apos;pseudoR&apos;, text=&apos;R&apos;, selected=false, enabled=true, visible=true, showing=false]&#10;                              javax.swing.JMenuItem[name=&apos;pseudoR1&apos;, text=&apos;R1&apos;, selected=false, enabled=true, visible=true, showing=false]&#10;                              javax.swing.JMenuItem[name=&apos;pseudoR2&apos;, text=&apos;R2&apos;, selected=false, enabled=true, visible=true, showing=false]&#10;                              javax.swing.JMenuItem[name=&apos;pseudoR3&apos;, text=&apos;R3&apos;, selected=false, enabled=true, visible=true, showing=false]&#10;                              javax.swing.JMenuItem[name=&apos;pseudoR4&apos;, text=&apos;R4&apos;, selected=false, enabled=true, visible=true, showing=false]&#10;                              javax.swing.JMenuItem[name=&apos;pseudoRX&apos;, text=&apos;Other...&apos;, selected=false, enabled=true, visible=true, showing=false]&#10;                          javax.swing.JMenuItem[name=&apos;pseudoStar&apos;, text=&apos;Variable Attachment Point *&apos;, selected=false, enabled=true, visible=true, showing=false]&#10;                          javax.swing.JMenu[name=&apos;valence&apos;, text=&apos;Valence&apos;, selected=false, enabled=true, visible=true, showing=false]&#10;                            javax.swing.JPopupMenu[name=null, label=null, enabled=true, visible=false, showing=false]&#10;                              javax.swing.JMenuItem[name=&apos;valenceOff&apos;, text=&apos;Valence Off&apos;, selected=false, enabled=true, visible=true, showing=false]&#10;                              javax.swing.JMenuItem[name=&apos;valence1&apos;, text=&apos;Valence 1&apos;, selected=false, enabled=true, visible=true, showing=false]&#10;                              javax.swing.JMenuItem[name=&apos;valence2&apos;, text=&apos;Valence 2&apos;, selected=false, enabled=true, visible=true, showing=false]&#10;                              javax.swing.JMenuItem[name=&apos;valence3&apos;, text=&apos;Valence 3&apos;, selected=false, enabled=true, visible=true, showing=false]&#10;                              javax.swing.JMenuItem[name=&apos;valence4&apos;, text=&apos;Valence 4&apos;, selected=false, enabled=true, visible=true, showing=false]&#10;                              javax.swing.JMenuItem[name=&apos;valence5&apos;, text=&apos;Valence 5&apos;, selected=false, enabled=true, visible=true, showing=false]&#10;                              javax.swing.JMenuItem[name=&apos;valence6&apos;, text=&apos;Valence 6&apos;, selected=false, enabled=true, visible=true, showing=false]&#10;                              javax.swing.JMenuItem[name=&apos;valence7&apos;, text=&apos;Valence 7&apos;, selected=false, enabled=true, visible=true, showing=false]&#10;                              javax.swing.JMenuItem[name=&apos;valence8&apos;, text=&apos;Valence 8&apos;, selected=false, enabled=true, visible=true, showing=false]&#10;                          javax.swing.JMenu[name=&apos;symbolChange&apos;, text=&apos;Change Element&apos;, selected=false, enabled=true, visible=true, showing=false]&#10;                            javax.swing.JPopupMenu[name=null, label=null, enabled=true, visible=false, showing=false]&#10;                              javax.swing.JMenuItem[name=&apos;periodictable&apos;, text=&apos;Periodic Table&apos;, selected=false, enabled=true, visible=true, showing=false]&#10;                              javax.swing.JMenuItem[name=&apos;enterelement&apos;, text=&apos;Custom&apos;, selected=false, enabled=true, visible=true, showing=false]&#10;                              javax.swing.JPopupMenu$Separator[,0,0,0x0,invalid,alignmentX=0.0,alignmentY=0.0,border=,flags=0,maximumSize=,minimumSize=,preferredSize=,orientation=HORIZONTAL]&#10;                              javax.swing.JMenu[name=&apos;commonSymbols&apos;, text=&apos;Common Elements&apos;, selected=false, enabled=true, visible=true, showing=false]&#10;                                javax.swing.JPopupMenu[name=null, label=null, enabled=true, visible=false, showing=false]&#10;                                  javax.swing.JMenuItem[name=&apos;symbolH&apos;, text=&apos;H&apos;, selected=false, enabled=true, visible=true, showing=false]&#10;                                  javax.swing.JMenuItem[name=&apos;symbolC&apos;, text=&apos;C&apos;, selected=false, enabled=true, visible=true, showing=false]&#10;                                  javax.swing.JMenuItem[name=&apos;symbolN&apos;, text=&apos;N&apos;, selected=false, enabled=true, visible=true, showing=false]&#10;                                  javax.swing.JMenuItem[name=&apos;symbolO&apos;, text=&apos;O&apos;, selected=false, enabled=true, visible=true, showing=false]&#10;                                  javax.swing.JMenuItem[name=&apos;symbolS&apos;, text=&apos;S&apos;, selected=false, enabled=true, visible=true, showing=false]&#10;                                  javax.swing.JMenuItem[name=&apos;symbolF&apos;, text=&apos;F&apos;, selected=false, enabled=true, visible=true, showing=false]&#10;                                  javax.swing.JMenuItem[name=&apos;symbolP&apos;, text=&apos;P&apos;, selected=false, enabled=true, visible=true, showing=false]&#10;                                  javax.swing.JMenuItem[name=&apos;symbolCl&apos;, text=&apos;Cl&apos;, selected=false, enabled=true, visible=true, showing=false]&#10;                                  javax.swing.JMenuItem[name=&apos;symbolBr&apos;, text=&apos;Br&apos;, selected=false, enabled=true, visible=true, showing=false]&#10;                                  javax.swing.JMenuItem[name=&apos;symbolI&apos;, text=&apos;I&apos;, selected=false, enabled=true, visible=true, showing=false]&#10;                              javax.swing.JMenu[name=&apos;alkaliMetals&apos;, text=&apos;Alkali Metals&apos;, selected=false, enabled=true, visible=true, showing=false]&#10;                                javax.swing.JPopupMenu[name=null, label=null, enabled=true, visible=false, showing=false]&#10;                                  javax.swing.JMenuItem[name=&apos;symbolLi&apos;, text=&apos;Li&apos;, selected=false, enabled=true, visible=true, showing=false]&#10;                                  javax.swing.JMenuItem[name=&apos;symbolNa&apos;, text=&apos;Na&apos;, selected=false, enabled=true, visible=true, showing=false]&#10;                                  javax.swing.JMenuItem[name=&apos;symbolK&apos;, text=&apos;K&apos;, selected=false, enabled=true, visible=true, showing=false]&#10;                                  javax.swing.JMenuItem[name=&apos;symbolRb&apos;, text=&apos;Rb&apos;, selected=false, enabled=true, visible=true, showing=false]&#10;                                  javax.swing.JMenuItem[name=&apos;symbolCs&apos;, text=&apos;Cs&apos;, selected=false, enabled=true, visible=true, showing=false]&#10;                                  javax.swing.JMenuItem[name=&apos;symbolFr&apos;, text=&apos;Fr&apos;, selected=false, enabled=true, visible=true, showing=false]&#10;                              javax.swing.JMenu[name=&apos;alkaliEarthMetals&apos;, text=&apos;Alkali Earth Metals&apos;, selected=false, enabled=true, visible=true, showing=false]&#10;                                javax.swing.JPopupMenu[name=null, label=null, enabled=true, visible=false, showing=false]&#10;                                  javax.swing.JMenuItem[name=&apos;symbolBe&apos;, text=&apos;Be&apos;, selected=false, enabled=true, visible=true, showing=false]&#10;                                  javax.swing.JMenuItem[name=&apos;symbolMg&apos;, text=&apos;Mg&apos;, selected=false, enabled=true, visible=true, showing=false]&#10;                                  javax.swing.JMenuItem[name=&apos;symbolCa&apos;, text=&apos;Ca&apos;, selected=false, enabled=true, visible=true, showing=false]&#10;                                  javax.swing.JMenuItem[name=&apos;symbolSr&apos;, text=&apos;Sr&apos;, selected=false, enabled=true, visible=true, showing=false]&#10;                                  javax.swing.JMenuItem[name=&apos;symbolBa&apos;, text=&apos;Ba&apos;, selected=false, enabled=true, visible=true, showing=false]&#10;                                  javax.swing.JMenuItem[name=&apos;symbolRa&apos;, text=&apos;Ra&apos;, selected=false, enabled=true, visible=true, showing=false]&#10;                              javax.swing.JMenu[name=&apos;transitionMetals&apos;, text=&apos;Transition Metals&apos;, selected=false, enabled=true, visible=true, showing=false]&#10;                                javax.swing.JPopupMenu[name=null, label=null, enabled=true, visible=false, showing=false]&#10;                                  javax.swing.JMenuItem[name=&apos;symbolSc&apos;, text=&apos;Sc&apos;, selected=false, enabled=true, visible=true, showing=false]&#10;                                  javax.swing.JMenuItem[name=&apos;symbolTi&apos;, text=&apos;Ti&apos;, selected=false, enabled=true, visible=true, showing=false]&#10;                                  javax.swing.JMenuItem[name=&apos;symbolV&apos;, text=&apos;V&apos;, selected=false, enabled=true, visible=true, showing=false]&#10;                                  javax.swing.JMenuItem[name=&apos;symbolCr&apos;, text=&apos;Cr&apos;, selected=false, enabled=true, visible=true, showing=false]&#10;                                  javax.swing.JMenuItem[name=&apos;symbolMn&apos;, text=&apos;Mn&apos;, selected=false, enabled=true, visible=true, showing=false]&#10;                                  javax.swing.JMenuItem[name=&apos;symbolFe&apos;, text=&apos;Fe&apos;, selected=false, enabled=true, visible=true, showing=false]&#10;                                  javax.swing.JMenuItem[name=&apos;symbolCo&apos;, text=&apos;Co&apos;, selected=false, enabled=true, visible=true, showing=false]&#10;                                  javax.swing.JMenuItem[name=&apos;symbolNi&apos;, text=&apos;Ni&apos;, selected=false, enabled=true, visible=true, showing=false]&#10;                                  javax.swing.JMenuItem[name=&apos;symbolCu&apos;, text=&apos;Cu&apos;, selected=false, enabled=true, visible=true, showing=false]&#10;                                  javax.swing.JMenuItem[name=&apos;symbolZn&apos;, text=&apos;Zn&apos;, selected=false, enabled=true, visible=true, showing=false]&#10;                                  javax.swing.JMenuItem[name=&apos;symbolY&apos;, text=&apos;Y&apos;, selected=false, enabled=true, visible=true, showing=false]&#10;                                  javax.swing.JMenuItem[name=&apos;symbolZr&apos;, text=&apos;Zr&apos;, selected=false, enabled=true, visible=true, showing=false]&#10;                                  javax.swing.JMenuItem[name=&apos;symbolNb&apos;, text=&apos;Nb&apos;, selected=false, enabled=true, visible=true, showing=false]&#10;                                  javax.swing.JMenuItem[name=&apos;symbolMo&apos;, text=&apos;Mo&apos;, selected=false, enabled=true, visible=true, showing=false]&#10;                                  javax.swing.JMenuItem[name=&apos;symbolTc&apos;, text=&apos;Tc&apos;, selected=false, enabled=true, visible=true, showing=false]&#10;                                  javax.swing.JMenuItem[name=&apos;symbolRu&apos;, text=&apos;Ru&apos;, selected=false, enabled=true, visible=true, showing=false]&#10;                                  javax.swing.JMenuItem[name=&apos;symbolRh&apos;, text=&apos;Rh&apos;, selected=false, enabled=true, visible=true, showing=false]&#10;                                  javax.swing.JMenuItem[name=&apos;symbolPd&apos;, text=&apos;Pd&apos;, selected=false, enabled=true, visible=true, showing=false]&#10;                                  javax.swing.JMenuItem[name=&apos;symbolAg&apos;, text=&apos;Ag&apos;, selected=false, enabled=true, visible=true, showing=false]&#10;                                  javax.swing.JMenuItem[name=&apos;symbolCd&apos;, text=&apos;Cd&apos;, selected=false, enabled=true, visible=true, showing=false]&#10;                                  javax.swing.JMenuItem[name=&apos;symbolHf&apos;, text=&apos;Hf&apos;, selected=false, enabled=true, visible=true, showing=false]&#10;                                  javax.swing.JMenuItem[name=&apos;symbolTa&apos;, text=&apos;Ta&apos;, selected=false, enabled=true, visible=true, showing=false]&#10;                                  javax.swing.JMenuItem[name=&apos;symbolW&apos;, text=&apos;W&apos;, selected=false, enabled=true, visible=true, showing=false]&#10;                                  javax.swing.JMenuItem[name=&apos;symbolRe&apos;, text=&apos;Re&apos;, selected=false, enabled=true, visible=true, showing=false]&#10;                                  javax.swing.JMenuItem[name=&apos;symbolOs&apos;, text=&apos;Os&apos;, selected=false, enabled=true, visible=true, showing=false]&#10;                                  javax.swing.JMenuItem[name=&apos;symbolIr&apos;, text=&apos;Ir&apos;, selected=false, enabled=true, visible=true, showing=false]&#10;                                  javax.swing.JMenuItem[name=&apos;symbolPt&apos;, text=&apos;Pt&apos;, selected=false, enabled=true, visible=true, showing=false]&#10;                                  javax.swing.JMenuItem[name=&apos;symbolAu&apos;, text=&apos;Au&apos;, selected=false, enabled=true, visible=true, showing=false]&#10;                                  javax.swing.JMenuItem[name=&apos;symbolHg&apos;, text=&apos;Hg&apos;, selected=false, enabled=true, visible=true, showing=false]&#10;                                  javax.swing.JMenuItem[name=&apos;symbolRf&apos;, text=&apos;Rf&apos;, selected=false, enabled=true, visible=true, showing=false]&#10;                                  javax.swing.JMenuItem[name=&apos;symbolDb&apos;, text=&apos;Db&apos;, selected=false, enabled=true, visible=true, showing=false]&#10;                                  javax.swing.JMenuItem[name=&apos;symbolSg&apos;, text=&apos;Sg&apos;, selected=false, enabled=true, visible=true, showing=false]&#10;                                  javax.swing.JMenuItem[name=&apos;symbolBh&apos;, text=&apos;Bh&apos;, selected=false, enabled=true, visible=true, showing=false]&#10;                                  javax.swing.JMenuItem[name=&apos;symbolHs&apos;, text=&apos;Hs&apos;, selected=false, enabled=true, visible=true, showing=false]&#10;                                  javax.swing.JMenuItem[name=&apos;symbolMt&apos;, text=&apos;Mt&apos;, selected=false, enabled=true, visible=true, showing=false]&#10;                                  javax.swing.JMenuItem[name=&apos;symbolDs&apos;, text=&apos;Ds&apos;, selected=false, enabled=true, visible=true, showing=false]&#10;                                  javax.swing.JMenuItem[name=&apos;symbolRg&apos;, text=&apos;Rg&apos;, selected=false, enabled=true, visible=true, showing=false]&#10;                              javax.swing.JMenu[name=&apos;metals&apos;, text=&apos;Metals&apos;, selected=false, enabled=true, visible=true, showing=false]&#10;                                javax.swing.JPopupMenu[name=null, label=null, enabled=true, visible=false, showing=false]&#10;                                  javax.swing.JMenuItem[name=&apos;symbolAl&apos;, text=&apos;Al&apos;, selected=false, enabled=true, visible=true, showing=false]&#10;                                  javax.swing.JMenuItem[name=&apos;symbolGa&apos;, text=&apos;Ga&apos;, selected=false, enabled=true, visible=true, showing=false]&#10;                                  javax.swing.JMenuItem[name=&apos;symbolIn&apos;, text=&apos;In&apos;, selected=false, enabled=true, visible=true, showing=false]&#10;                                  javax.swing.JMenuItem[name=&apos;symbolSn&apos;, text=&apos;Sn&apos;, selected=false, enabled=true, visible=true, showing=false]&#10;                                  javax.swing.JMenuItem[name=&apos;symbolTl&apos;, text=&apos;Tl&apos;, selected=false, enabled=true, visible=true, showing=false]&#10;                                  javax.swing.JMenuItem[name=&apos;symbolPb&apos;, text=&apos;Pb&apos;, selected=false, enabled=true, visible=true, showing=false]&#10;                                  javax.swing.JMenuItem[name=&apos;symbolBi&apos;, text=&apos;Bi&apos;, selected=false, enabled=true, visible=true, showing=false]&#10;                              javax.swing.JMenu[name=&apos;metalloids&apos;, text=&apos;Metalloids&apos;, selected=false, enabled=true, visible=true, showing=false]&#10;                                javax.swing.JPopupMenu[name=null, label=null, enabled=true, visible=false, showing=false]&#10;                                  javax.swing.JMenuItem[name=&apos;symbolB&apos;, text=&apos;B&apos;, selected=false, enabled=true, visible=true, showing=false]&#10;                                  javax.swing.JMenuItem[name=&apos;symbolSi&apos;, text=&apos;Si&apos;, selected=false, enabled=true, visible=true, showing=false]&#10;                                  javax.swing.JMenuItem[name=&apos;symbolGe&apos;, text=&apos;Ge&apos;, selected=false, enabled=true, visible=true, showing=false]&#10;                                  javax.swing.JMenuItem[name=&apos;symbolAs&apos;, text=&apos;As&apos;, selected=false, enabled=true, visible=true, showing=false]&#10;                                  javax.swing.JMenuItem[name=&apos;symbolSb&apos;, text=&apos;Sb&apos;, selected=false, enabled=true, visible=true, showing=false]&#10;                                  javax.swing.JMenuItem[name=&apos;symbolTe&apos;, text=&apos;Te&apos;, selected=false, enabled=true, visible=true, showing=false]&#10;                                  javax.swing.JMenuItem[name=&apos;symbolPo&apos;, text=&apos;Po&apos;, selected=false, enabled=true, visible=true, showing=false]&#10;                              javax.swing.JMenu[name=&apos;halogenSymbols&apos;, text=&apos;Halogens&apos;, selected=false, enabled=true, visible=true, showing=false]&#10;                                javax.swing.JPopupMenu[name=null, label=null, enabled=true, visible=false, showing=false]&#10;                                  javax.swing.JMenuItem[name=&apos;symbolF2&apos;, text=&apos;F&apos;, selected=false, enabled=true, visible=true, showing=false]&#10;                                  javax.swing.JMenuItem[name=&apos;symbolCl2&apos;, text=&apos;Cl&apos;, selected=false, enabled=true, visible=true, showing=false]&#10;                                  javax.swing.JMenuItem[name=&apos;symbolBr2&apos;, text=&apos;Br&apos;, selected=false, enabled=true, visible=true, showing=false]&#10;                                  javax.swing.JMenuItem[name=&apos;symbolI2&apos;, text=&apos;I&apos;, selected=false, enabled=true, visible=true, showing=false]&#10;                              javax.swing.JMenu[name=&apos;nobelSymbols&apos;, text=&apos;Nobel Gases&apos;, selected=false, enabled=true, visible=true, showing=false]&#10;                                javax.swing.JPopupMenu[name=null, label=null, enabled=true, visible=false, showing=false]&#10;                                  javax.swing.JMenuItem[name=&apos;symbolHe&apos;, text=&apos;He&apos;, selected=false, enabled=true, visible=true, showing=false]&#10;                                  javax.swing.JMenuItem[name=&apos;symbolNe&apos;, text=&apos;Ne&apos;, selected=false, enabled=true, visible=true, showing=false]&#10;                                  javax.swing.JMenuItem[name=&apos;symbolAr&apos;, text=&apos;Ar&apos;, selected=false, enabled=true, visible=true, showing=false]&#10;                      javax.swing.JMenu[name=&apos;bondMenu&apos;, text=&apos;Bond&apos;, selected=false, enabled=true, visible=true, showing=false]&#10;                        javax.swing.JPopupMenu[name=null, label=null, enabled=true, visible=false, showing=false]&#10;                          javax.swing.JMenuItem[name=&apos;bond&apos;, text=&apos;Single&apos;, selected=false, enabled=false, visible=true, showing=false]&#10;                          javax.swing.JMenuItem[name=&apos;double_bond&apos;, text=&apos;Double&apos;, selected=false, enabled=false, visible=true, showing=false]&#10;                          javax.swing.JMenuItem[name=&apos;triple_bond&apos;, text=&apos;Triple&apos;, selected=false, enabled=false, visible=true, showing=false]&#10;                          javax.swing.JMenuItem[name=&apos;quad_bond&apos;, text=&apos;Quadruple&apos;, selected=false, enabled=false, visible=true, showing=false]&#10;                          javax.swing.JMenuItem[name=&apos;up_bond&apos;, text=&apos;Stereo Up&apos;, selected=false, enabled=false, visible=true, showing=false]&#10;                          javax.swing.JMenuItem[name=&apos;down_bond&apos;, text=&apos;Stereo Down&apos;, selected=false, enabled=false, visible=true, showing=false]&#10;                          javax.swing.JMenuItem[name=&apos;undefined_bond&apos;, text=&apos;Undefined Stereo&apos;, selected=false, enabled=false, visible=true, showing=false]&#10;                          javax.swing.JMenuItem[name=&apos;undefined_stereo_bond&apos;, text=&apos;Undefined E/Z&apos;, selected=false, enabled=false, visible=true, showing=false]&#10;                      javax.swing.JMenu[name=&apos;tools&apos;, text=&apos;Tools&apos;, selected=false, enabled=true, visible=true, showing=false]&#10;                        javax.swing.JPopupMenu[name=null, label=null, enabled=true, visible=false, showing=false]&#10;                          javax.swing.JMenuItem[name=&apos;cleanup2&apos;, text=&apos;Clean Structure&apos;, selected=false, enabled=true, visible=true, showing=false]&#10;                          javax.swing.JPopupMenu$Separator[,0,0,0x0,invalid,alignmentX=0.0,alignmentY=0.0,border=,flags=0,maximumSize=,minimumSize=,preferredSize=,orientation=HORIZONTAL]&#10;                          javax.swing.JMenuItem[name=&apos;createSMILES&apos;, text=&apos;Create SMILES&apos;, selected=false, enabled=true, visible=true, showing=false]&#10;                          javax.swing.JMenuItem[name=&apos;createInChI&apos;, text=&apos;Create InChI&apos;, selected=false, enabled=true, visible=true, showing=false]&#10;                      javax.swing.JMenu[name=&apos;rgroupMenu&apos;, text=&apos;R-groups&apos;, selected=false, enabled=true, visible=true, showing=false]&#10;                        javax.swing.JPopupMenu[name=null, label=null, enabled=true, visible=false, showing=false]&#10;                          javax.swing.JMenuItem[name=&apos;setRoot&apos;, text=&apos;Define as Root Structure&apos;, selected=false, enabled=true, visible=true, showing=false]&#10;                          javax.swing.JMenuItem[name=&apos;setSubstitute&apos;, text=&apos;Define as Substituent&apos;, selected=false, enabled=true, visible=true, showing=false]&#10;                          javax.swing.JMenuItem[name=&apos;rgpAdvanced&apos;, text=&apos;Advanced R-group logic&apos;, selected=false, enabled=true, visible=true, showing=false]&#10;                          javax.swing.JMenuItem[name=&apos;rgpGenerate&apos;, text=&apos;Generate possible configurations (sdf) &apos;, selected=false, enabled=true, visible=true, showing=false]&#10;                          javax.swing.JMenuItem[name=&apos;clearRgroup&apos;, text=&apos;Remove R-group aspects&apos;, selected=false, enabled=true, visible=true, showing=false]&#10;                      javax.swing.JMenu[name=&apos;templates&apos;, text=&apos;Templates&apos;, selected=false, enabled=true, visible=true, showing=false]&#10;                        javax.swing.JPopupMenu[name=null, label=null, enabled=true, visible=false, showing=false]&#10;                          javax.swing.JMenuItem[name=&apos;pasteTemplate&apos;, text=&apos;All Templates&apos;, selected=false, enabled=true, visible=true, showing=false]&#10;                          javax.swing.JPopupMenu$Separator[,0,0,0x0,invalid,alignmentX=0.0,alignmentY=0.0,border=,flags=0,maximumSize=,minimumSize=,preferredSize=,orientation=HORIZONTAL]&#10;                          javax.swing.JMenuItem[name=&apos;alkaloids&apos;, text=&apos;Alkaloids&apos;, selected=false, enabled=true, visible=true, showing=false]&#10;                          javax.swing.JMenuItem[name=&apos;amino_acids&apos;, text=&apos;Amino Acids&apos;, selected=false, enabled=true, visible=true, showing=false]&#10;                          javax.swing.JMenuItem[name=&apos;beta_lactams&apos;, text=&apos;Beta Lactams&apos;, selected=false, enabled=true, visible=true, showing=false]&#10;                          javax.swing.JMenuItem[name=&apos;carbohydrates&apos;, text=&apos;Carbohydrates&apos;, selected=false, enabled=true, visible=true, showing=false]&#10;                          javax.swing.JMenuItem[name=&apos;inositols&apos;, text=&apos;Inositols&apos;, selected=false, enabled=true, visible=true, showing=false]&#10;                          javax.swing.JMenuItem[name=&apos;lipids&apos;, text=&apos;Lipids&apos;, selected=false, enabled=true, visible=true, showing=false]&#10;                          javax.swing.JMenuItem[name=&apos;nucleosides&apos;, text=&apos;Nucleosides&apos;, selected=false, enabled=true, visible=true, showing=false]&#10;                          javax.swing.JMenuItem[name=&apos;porphyrins&apos;, text=&apos;Porphyrins&apos;, selected=false, enabled=true, visible=true, showing=false]&#10;                          javax.swing.JMenuItem[name=&apos;protecting_groups&apos;, text=&apos;Protecting Groups&apos;, selected=false, enabled=true, visible=true, showing=false]&#10;                          javax.swing.JMenuItem[name=&apos;steroids&apos;, text=&apos;Steroids&apos;, selected=false, enabled=true, visible=true, showing=false]&#10;                          javax.swing.JMenuItem[name=&apos;pahs&apos;, text=&apos;PAHs&apos;, selected=false, enabled=true, visible=true, showing=false]&#10;                          javax.swing.JMenuItem[name=&apos;miscellaneous&apos;, text=&apos;Miscellaneous&apos;, selected=false, enabled=true, visible=true, showing=false]&#10;                      javax.swing.Box$Filler[,473,10,178x0,alignmentX=0.0,alignmentY=0.0,border=,flags=0,maximumSize=java.awt.Dimension[width=32767,height=0],minimumSize=java.awt.Dimension[width=0,height=0],preferredSize=java.awt.Dimension[width=0,height=0]]&#10;                      javax.swing.JMenu[name=&apos;help&apos;, text=&apos;Help&apos;, selected=false, enabled=true, visible=true, showing=false]&#10;                        javax.swing.JPopupMenu[name=null, label=null, enabled=true, visible=false, showing=false]&#10;                          javax.swing.JMenuItem[name=&apos;help&apos;, text=&apos;Help&apos;, selected=false, enabled=true, visible=true, showing=false]&#10;                          javax.swing.JMenuItem[name=&apos;tutorial&apos;, text=&apos;Basic Tutorial&apos;, selected=false, enabled=true, visible=true, showing=false]&#10;                          javax.swing.JMenuItem[name=&apos;rgpTutorial&apos;, text=&apos;R-group Tutorial&apos;, selected=false, enabled=true, visible=true, showing=false]&#10;                          javax.swing.JPopupMenu$Separator[,0,0,0x0,invalid,alignmentX=0.0,alignmentY=0.0,border=,flags=0,maximumSize=,minimumSize=,preferredSize=,orientation=HORIZONTAL]&#10;                          javax.swing.JMenuItem[name=&apos;feedback&apos;, text=&apos;Report Feedback&apos;, selected=false, enabled=true, visible=true, showing=false]&#10;                          javax.swing.JMenuItem[name=&apos;about&apos;, text=&apos;About&apos;, selected=false, enabled=true, visible=true, showing=false]&#10;                          javax.swing.JMenuItem[name=&apos;license&apos;, text=&apos;License&apos;, selected=false, enabled=true, visible=true, showing=false]&#10;                    javax.swing.JToolBar[name=null]&#10;                      javax.swing.Box[,12,2,32x31,layout=javax.swing.BoxLayout,alignmentX=0.0,alignmentY=0.0,border=,flags=0,maximumSize=,minimumSize=,preferredSize=]&#10;                        org.openscience.jchempaint.JCPToolBar$1[name=&apos;select&apos;, text=&apos;&apos;, enabled=true, visible=true, showing=false]&#10;                      javax.swing.Box[,44,2,32x31,layout=javax.swing.BoxLayout,alignmentX=0.0,alignmentY=0.0,border=,flags=0,maximumSize=,minimumSize=,preferredSize=]&#10;                        org.openscience.jchempaint.JCPToolBar$1[name=&apos;lasso&apos;, text=&apos;&apos;, enabled=true, visible=true, showing=false]&#10;                      javax.swing.Box[,76,2,32x31,layout=javax.swing.BoxLayout,alignmentX=0.0,alignmentY=0.0,border=,flags=0,maximumSize=,minimumSize=,preferredSize=]&#10;                        org.openscience.jchempaint.JCPToolBar$1[name=&apos;eraser&apos;, text=&apos;&apos;, enabled=true, visible=true, showing=false]&#10;                      javax.swing.JToolBar$Separator[,108,2,11x31,alignmentX=0.0,alignmentY=0.0,border=,flags=0,maximumSize=,minimumSize=,preferredSize=,orientation=VERTICAL]&#10;                      javax.swing.Box[,119,2,32x31,layout=javax.swing.BoxLayout,alignmentX=0.0,alignmentY=0.0,border=,flags=0,maximumSize=,minimumSize=,preferredSize=]&#10;                        org.openscience.jchempaint.JCPToolBar$1[name=&apos;zoomin&apos;, text=&apos;&apos;, enabled=true, visible=true, showing=false]&#10;                      javax.swing.Box[,151,2,32x31,layout=javax.swing.BoxLayout,alignmentX=0.0,alignmentY=0.0,border=,flags=0,maximumSize=,minimumSize=,preferredSize=]&#10;                        org.openscience.jchempaint.JCPToolBar$1[name=&apos;zoomout&apos;, text=&apos;&apos;, enabled=true, visible=true, showing=false]&#10;                      javax.swing.JToolBar$Separator[,183,2,11x31,alignmentX=0.0,alignmentY=0.0,border=,flags=0,maximumSize=,minimumSize=,preferredSize=,orientation=VERTICAL]&#10;                      javax.swing.Box[,194,2,32x31,layout=javax.swing.BoxLayout,alignmentX=0.0,alignmentY=0.0,border=,flags=0,maximumSize=,minimumSize=,preferredSize=]&#10;                        org.openscience.jchempaint.JCPToolBar$1[name=&apos;undo&apos;, text=&apos;&apos;, enabled=true, visible=true, showing=false]&#10;                      javax.swing.Box[,226,2,32x31,layout=javax.swing.BoxLayout,alignmentX=0.0,alignmentY=0.0,border=,flags=0,maximumSize=,minimumSize=,preferredSize=]&#10;                        org.openscience.jchempaint.JCPToolBar$1[name=&apos;redo&apos;, text=&apos;&apos;, enabled=false, visible=true, showing=false]&#10;                      javax.swing.JToolBar$Separator[,258,2,11x31,alignmentX=0.0,alignmentY=0.0,border=,flags=0,maximumSize=,minimumSize=,preferredSize=,orientation=VERTICAL]&#10;                      javax.swing.Box[,269,2,32x31,layout=javax.swing.BoxLayout,alignmentX=0.0,alignmentY=0.0,border=,flags=0,maximumSize=,minimumSize=,preferredSize=]&#10;                        org.openscience.jchempaint.JCPToolBar$1[name=&apos;cut&apos;, text=&apos;&apos;, enabled=true, visible=true, showing=false]&#10;                      javax.swing.Box[,301,2,32x31,layout=javax.swing.BoxLayout,alignmentX=0.0,alignmentY=0.0,border=,flags=0,maximumSize=,minimumSize=,preferredSize=]&#10;                        org.openscience.jchempaint.JCPToolBar$1[name=&apos;copy&apos;, text=&apos;&apos;, enabled=true, visible=true, showing=false]&#10;                      javax.swing.Box[,333,2,32x31,layout=javax.swing.BoxLayout,alignmentX=0.0,alignmentY=0.0,border=,flags=0,maximumSize=,minimumSize=,preferredSize=]&#10;                        org.openscience.jchempaint.JCPToolBar$1[name=&apos;paste&apos;, text=&apos;&apos;, enabled=true, visible=true, showing=false]&#10;                      javax.swing.JToolBar$Separator[,365,2,11x31,alignmentX=0.0,alignmentY=0.0,border=,flags=0,maximumSize=,minimumSize=,preferredSize=,orientation=VERTICAL]&#10;                      javax.swing.Box[,376,2,32x31,layout=javax.swing.BoxLayout,alignmentX=0.0,alignmentY=0.0,border=,flags=0,maximumSize=,minimumSize=,preferredSize=]&#10;                        org.openscience.jchempaint.JCPToolBar$1[name=&apos;flipHorizontal&apos;, text=&apos;&apos;, enabled=true, visible=true, showing=false]&#10;                      javax.swing.Box[,408,2,32x31,layout=javax.swing.BoxLayout,alignmentX=0.0,alignmentY=0.0,border=,flags=0,maximumSize=,minimumSize=,preferredSize=]&#10;                        org.openscience.jchempaint.JCPToolBar$1[name=&apos;flipVertical&apos;, text=&apos;&apos;, enabled=true, visible=true, showing=false]&#10;                      javax.swing.Box[,440,2,32x31,layout=javax.swing.BoxLayout,alignmentX=0.0,alignmentY=0.0,border=,flags=0,maximumSize=,minimumSize=,preferredSize=]&#10;                        org.openscience.jchempaint.JCPToolBar$1[name=&apos;rotate&apos;, text=&apos;&apos;, enabled=true, visible=true, showing=false]&#10;                      javax.swing.Box[,472,2,32x31,layout=javax.swing.BoxLayout,alignmentX=0.0,alignmentY=0.0,border=,flags=0,maximumSize=,minimumSize=,preferredSize=]&#10;                        org.openscience.jchempaint.JCPToolBar$1[name=&apos;rotate3d&apos;, text=&apos;&apos;, enabled=true, visible=true, showing=false]&#10;                      javax.swing.Box$Filler[,504,17,192x0,alignmentX=0.0,alignmentY=0.0,border=,flags=0,maximumSize=java.awt.Dimension[width=32767,height=0],minimumSize=java.awt.Dimension[width=0,height=0],preferredSize=java.awt.Dimension[width=0,height=0]]&#10;                  javax.swing.JPanel[name=null]&#10;                    javax.swing.JScrollPane[name=null, enabled=true, visible=true, showing=false]&#10;                      javax.swing.JViewport[,2,2,616x519,layout=javax.swing.ViewportLayout,alignmentX=0.0,alignmentY=0.0,border=,flags=8388616,maximumSize=,minimumSize=,preferredSize=,isViewSizeSet=true,lastPaintPosition=java.awt.Point[x=0,y=0],scrollUnderway=false]&#10;                        org.openscience.jchempaint.RenderPanel[name=&apos;renderpanel&apos;]&#10;                      javax.swing.JScrollPane$ScrollBar[name=null, value=0, blockIncrement=10, minimum=0, maximum=519, enabled=true, visible=false, showing=false]&#10;                      javax.swing.JScrollPane$ScrollBar[name=null, value=0, blockIncrement=10, minimum=0, maximum=616, enabled=true, visible=false, showing=false]&#10;                    javax.swing.JToolBar[name=null]&#10;                      javax.swing.Box[,4,12,32x31,layout=javax.swing.BoxLayout,alignmentX=0.0,alignmentY=0.0,border=,flags=0,maximumSize=,minimumSize=,preferredSize=]&#10;                        org.openscience.jchempaint.JCPToolBar$1[name=&apos;bondTool&apos;, text=&apos;&apos;, enabled=true, visible=true, showing=false]&#10;                      javax.swing.Box[,4,43,32x31,layout=javax.swing.BoxLayout,alignmentX=0.0,alignmentY=0.0,border=,flags=0,maximumSize=,minimumSize=,preferredSize=]&#10;                        org.openscience.jchempaint.JCPToolBar$1[name=&apos;double_bondTool&apos;, text=&apos;&apos;, enabled=true, visible=true, showing=false]&#10;                      javax.swing.Box[,4,74,32x31,layout=javax.swing.BoxLayout,alignmentX=0.0,alignmentY=0.0,border=,flags=0,maximumSize=,minimumSize=,preferredSize=]&#10;                        org.openscience.jchempaint.JCPToolBar$1[name=&apos;triple_bondTool&apos;, text=&apos;&apos;, enabled=true, visible=true, showing=false]&#10;                      javax.swing.Box[,4,105,32x31,layout=javax.swing.BoxLayout,alignmentX=0.0,alignmentY=0.0,border=,flags=0,maximumSize=,minimumSize=,preferredSize=]&#10;                        org.openscience.jchempaint.JCPToolBar$1[name=&apos;chain&apos;, text=&apos;&apos;, enabled=true, visible=true, showing=false]&#10;                      javax.swing.JToolBar$Separator[,4,136,32x11,alignmentX=0.0,alignmentY=0.0,border=,flags=0,maximumSize=,minimumSize=,preferredSize=,orientation=HORIZONTAL]&#10;                      javax.swing.Box[,4,147,32x31,layout=javax.swing.BoxLayout,alignmentX=0.0,alignmentY=0.0,border=,flags=0,maximumSize=,minimumSize=,preferredSize=]&#10;                        org.openscience.jchempaint.JCPToolBar$1[name=&apos;up_bond&apos;, text=&apos;&apos;, enabled=true, visible=true, showing=false]&#10;                      javax.swing.Box[,4,178,32x31,layout=javax.swing.BoxLayout,alignmentX=0.0,alignmentY=0.0,border=,flags=0,maximumSize=,minimumSize=,preferredSize=]&#10;                        org.openscience.jchempaint.JCPToolBar$1[name=&apos;down_bond&apos;, text=&apos;&apos;, enabled=true, visible=true, showing=false]&#10;                      javax.swing.Box[,4,209,32x31,layout=javax.swing.BoxLayout,alignmentX=0.0,alignmentY=0.0,border=,flags=0,maximumSize=,minimumSize=,preferredSize=]&#10;                        org.openscience.jchempaint.JCPToolBar$1[name=&apos;undefined_bond&apos;, text=&apos;&apos;, enabled=true, visible=true, showing=false]&#10;                      javax.swing.Box[,4,240,32x31,layout=javax.swing.BoxLayout,alignmentX=0.0,alignmentY=0.0,border=,flags=0,maximumSize=,minimumSize=,preferredSize=]&#10;                        org.openscience.jchempaint.JCPToolBar$1[name=&apos;undefined_stereo_bond&apos;, text=&apos;&apos;, enabled=true, visible=true, showing=false]&#10;                      javax.swing.JToolBar$Separator[,4,271,32x11,alignmentX=0.0,alignmentY=0.0,border=,flags=0,maximumSize=,minimumSize=,preferredSize=,orientation=HORIZONTAL]&#10;                      javax.swing.Box[,4,282,32x31,layout=javax.swing.BoxLayout,alignmentX=0.0,alignmentY=0.0,border=,flags=0,maximumSize=,minimumSize=,preferredSize=]&#10;                        org.openscience.jchempaint.JCPToolBar$1[name=&apos;reactionArrow&apos;, text=&apos;&apos;, enabled=true, visible=true, showing=false]&#10;                    javax.swing.JToolBar[name=null]&#10;                      javax.swing.Box[,4,12,32x31,layout=javax.swing.BoxLayout,alignmentX=0.0,alignmentY=0.0,border=,flags=0,maximumSize=,minimumSize=,preferredSize=]&#10;                        org.openscience.jchempaint.JCPToolBar$1[name=&apos;triangle&apos;, text=&apos;&apos;, enabled=true, visible=true, showing=false]&#10;                      javax.swing.Box[,4,43,32x31,layout=javax.swing.BoxLayout,alignmentX=0.0,alignmentY=0.0,border=,flags=0,maximumSize=,minimumSize=,preferredSize=]&#10;                        org.openscience.jchempaint.JCPToolBar$1[name=&apos;square&apos;, text=&apos;&apos;, enabled=true, visible=true, showing=false]&#10;                      javax.swing.Box[,4,74,32x31,layout=javax.swing.BoxLayout,alignmentX=0.0,alignmentY=0.0,border=,flags=0,maximumSize=,minimumSize=,preferredSize=]&#10;                        org.openscience.jchempaint.JCPToolBar$1[name=&apos;pentagon&apos;, text=&apos;&apos;, enabled=true, visible=true, showing=false]&#10;                      javax.swing.Box[,4,105,32x31,layout=javax.swing.BoxLayout,alignmentX=0.0,alignmentY=0.0,border=,flags=0,maximumSize=,minimumSize=,preferredSize=]&#10;                        org.openscience.jchempaint.JCPToolBar$1[name=&apos;hexagon&apos;, text=&apos;&apos;, enabled=true, visible=true, showing=false]&#10;                      javax.swing.Box[,4,136,32x31,layout=javax.swing.BoxLayout,alignmentX=0.0,alignmentY=0.0,border=,flags=0,maximumSize=,minimumSize=,preferredSize=]&#10;                        org.openscience.jchempaint.JCPToolBar$1[name=&apos;benzene&apos;, text=&apos;&apos;, enabled=true, visible=true, showing=false]&#10;                      javax.swing.Box[,4,167,32x31,layout=javax.swing.BoxLayout,alignmentX=0.0,alignmentY=0.0,border=,flags=0,maximumSize=,minimumSize=,preferredSize=]&#10;                        org.openscience.jchempaint.JCPToolBar$1[name=&apos;octagon&apos;, text=&apos;&apos;, enabled=true, visible=true, showing=false]&#10;                      javax.swing.JToolBar$Separator[,4,198,32x11,alignmentX=0.0,alignmentY=0.0,border=,flags=0,maximumSize=,minimumSize=,preferredSize=,orientation=HORIZONTAL]&#10;                      javax.swing.Box[,4,209,32x31,layout=javax.swing.BoxLayout,alignmentX=0.0,alignmentY=0.0,border=,flags=0,maximumSize=,minimumSize=,preferredSize=]&#10;                        org.openscience.jchempaint.JCPToolBar$1[name=&apos;pasteTemplate&apos;, text=&apos;&apos;, enabled=true, visible=true, showing=false]&#10;                    javax.swing.JToolBar[name=null]&#10;                      javax.swing.Box[,12,2,32x31,layout=javax.swing.BoxLayout,alignmentX=0.0,alignmentY=0.0,border=,flags=0,maximumSize=,minimumSize=,preferredSize=]&#10;                        org.openscience.jchempaint.JCPToolBar$1[name=&apos;C&apos;, text=&apos;&apos;, enabled=true, visible=true, showing=false]&#10;                      javax.swing.Box[,44,2,32x31,layout=javax.swing.BoxLayout,alignmentX=0.0,alignmentY=0.0,border=,flags=0,maximumSize=,minimumSize=,preferredSize=]&#10;                        org.openscience.jchempaint.JCPToolBar$1[name=&apos;H&apos;, text=&apos;&apos;, enabled=true, visible=true, showing=false]&#10;                      javax.swing.Box[,76,2,32x31,layout=javax.swing.BoxLayout,alignmentX=0.0,alignmentY=0.0,border=,flags=0,maximumSize=,minimumSize=,preferredSize=]&#10;                        org.openscience.jchempaint.JCPToolBar$1[name=&apos;O&apos;, text=&apos;&apos;, enabled=true, visible=true, showing=false]&#10;                      javax.swing.Box[,108,2,32x31,layout=javax.swing.BoxLayout,alignmentX=0.0,alignmentY=0.0,border=,flags=0,maximumSize=,minimumSize=,preferredSize=]&#10;                        org.openscience.jchempaint.JCPToolBar$1[name=&apos;N&apos;, text=&apos;&apos;, enabled=true, visible=true, showing=false]&#10;                      javax.swing.Box[,140,2,32x31,layout=javax.swing.BoxLayout,alignmentX=0.0,alignmentY=0.0,border=,flags=0,maximumSize=,minimumSize=,preferredSize=]&#10;                        org.openscience.jchempaint.JCPToolBar$1[name=&apos;P&apos;, text=&apos;&apos;, enabled=true, visible=true, showing=false]&#10;                      javax.swing.Box[,172,2,32x31,layout=javax.swing.BoxLayout,alignmentX=0.0,alignmentY=0.0,border=,flags=0,maximumSize=,minimumSize=,preferredSize=]&#10;                        org.openscience.jchempaint.JCPToolBar$1[name=&apos;S&apos;, text=&apos;&apos;, enabled=true, visible=true, showing=false]&#10;                      javax.swing.Box[,204,2,32x31,layout=javax.swing.BoxLayout,alignmentX=0.0,alignmentY=0.0,border=,flags=0,maximumSize=,minimumSize=,preferredSize=]&#10;                        org.openscience.jchempaint.JCPToolBar$1[name=&apos;F&apos;, text=&apos;&apos;, enabled=true, visible=true, showing=false]&#10;                      javax.swing.Box[,236,2,32x31,layout=javax.swing.BoxLayout,alignmentX=0.0,alignmentY=0.0,border=,flags=0,maximumSize=,minimumSize=,preferredSize=]&#10;                        org.openscience.jchempaint.JCPToolBar$1[name=&apos;Cl&apos;, text=&apos;&apos;, enabled=true, visible=true, showing=false]&#10;                      javax.swing.Box[,268,2,32x31,layout=javax.swing.BoxLayout,alignmentX=0.0,alignmentY=0.0,border=,flags=0,maximumSize=,minimumSize=,preferredSize=]&#10;                        org.openscience.jchempaint.JCPToolBar$1[name=&apos;Br&apos;, text=&apos;&apos;, enabled=true, visible=true, showing=false]&#10;                      javax.swing.Box[,300,2,32x31,layout=javax.swing.BoxLayout,alignmentX=0.0,alignmentY=0.0,border=,flags=0,maximumSize=,minimumSize=,preferredSize=]&#10;                        org.openscience.jchempaint.JCPToolBar$1[name=&apos;I&apos;, text=&apos;&apos;, enabled=true, visible=true, showing=false]&#10;                      javax.swing.Box[,332,2,32x31,layout=javax.swing.BoxLayout,alignmentX=0.0,alignmentY=0.0,border=,flags=0,maximumSize=,minimumSize=,preferredSize=]&#10;                        org.openscience.jchempaint.JCPToolBar$1[name=&apos;enterelement&apos;, text=&apos;&apos;, enabled=true, visible=true, showing=false]&#10;                      javax.swing.Box[,364,2,32x31,layout=javax.swing.BoxLayout,alignmentX=0.0,alignmentY=0.0,border=,flags=0,maximumSize=,minimumSize=,preferredSize=]&#10;                        org.openscience.jchempaint.JCPToolBar$1[name=&apos;periodictable&apos;, text=&apos;&apos;, enabled=true, visible=true, showing=false]&#10;                      javax.swing.Box$Filler[,396,17,300x0,alignmentX=0.0,alignmentY=0.0,border=,flags=0,maximumSize=java.awt.Dimension[width=32767,height=0],minimumSize=java.awt.Dimension[width=0,height=0],preferredSize=java.awt.Dimension[width=0,height=0]]&#10;                    org.openscience.jchempaint.InsertTextPanel[name=null]&#10;                      javax.swing.JComboBox[name=null, selectedItem=&apos;&apos;, contents=[&apos;&apos;], editable=true, enabled=true, visible=true, showing=false]&#10;                        com.apple.laf.AquaComboBoxButton[name=null, text=&apos;&apos;, enabled=true, visible=true, showing=false]&#10;                        javax.swing.CellRendererPane[,0,0,0x0,hidden]&#10;                        com.apple.laf.AquaComboBoxUI$AquaCustomComboTextField[name=null, text=&apos;&apos;, enabled=true, visible=true, showing=false]&#10;                      javax.swing.JButton[name=null, text=&apos;Insert&apos;, enabled=true, visible=true, showing=false]&#10;        javax.swing.JLabel[name=&apos;status&apos;, text=&apos;Applet loaded&apos;, enabled=true, visible=true, showing=false]&#10;  javax.swing.Popup$HeavyWeightWindow[name=&apos;win0&apos;]&#10;    javax.swing.JRootPane[]&#10;      javax.swing.JPanel[name=&apos;null.glassPane&apos;]&#10;      javax.swing.JLayeredPane[]&#10;        javax.swing.JPanel[name=&apos;null.contentPane&apos;]&#10;  javax.swing.JDialog[name=&apos;dialog0&apos;, title=&apos;Message&apos;, enabled=true, modal=true, visible=false, showing=false]&#10;    javax.swing.JRootPane[]&#10;      javax.swing.JPanel[name=&apos;null.glassPane&apos;]&#10;      javax.swing.JLayeredPane[]&#10;        javax.swing.JPanel[name=&apos;null.contentPane&apos;]&#10;  javax.swing.JDialog[name=&apos;dialog1&apos;, title=&apos;Message&apos;, enabled=true, modal=true, visible=false, showing=false]&#10;    javax.swing.JRootPane[]&#10;      javax.swing.JPanel[name=&apos;null.glassPane&apos;]&#10;      javax.swing.JLayeredPane[]&#10;        javax.swing.JPanel[name=&apos;null.contentPane&apos;]&#10;  javax.swing.JDialog[name=&apos;dialog2&apos;, title=&apos;Message&apos;, enabled=true, modal=true, visible=false, showing=false]&#10;    javax.swing.JRootPane[]&#10;      javax.swing.JPanel[name=&apos;null.glassPane&apos;]&#10;      javax.swing.JLayeredPane[]&#10;        javax.swing.JPanel[name=&apos;null.contentPane&apos;]&#10;" type="org.fest.swing.exception.ComponentLookupException"><![CDATA[org.fest.swing.exception.ComponentLookupException: 
Unable to find component using matcher org.fest.swing.core.NameMatcher[name='appletframe', type=javax.swing.JPanel, requireShowing=true].

Component hierarchy:
org.fest.swing.applet.AppletViewer[name='frame10', title='Applet Viewer: org.openscience.jchempaint.applet.JChemPaintEditorApplet', enabled=true, visible=false, showing=false]
  javax.swing.JRootPane[]
    javax.swing.JPanel[name='null.glassPane']
    javax.swing.JLayeredPane[]
      javax.swing.JPanel[name='null.contentPane']
        org.openscience.jchempaint.applet.JChemPaintEditorApplet[name='panel9']
          javax.swing.JRootPane[]
            javax.swing.JPanel[name='null.glassPane']
            javax.swing.JLayeredPane[]
              javax.swing.JPanel[name='null.contentPane']
                org.openscience.jchempaint.JChemPaintPanel[name='appletframe']
                  javax.swing.JPanel[name=null]
                    org.openscience.jchempaint.JChemPaintMenuBar[]
                      javax.swing.JMenu[name='file', text='File', selected=false, enabled=true, visible=true, showing=false]
                        javax.swing.JPopupMenu[name=null, label=null, enabled=true, visible=false, showing=false]
                          javax.swing.JMenuItem[name='new', text='New', selected=false, enabled=true, visible=true, showing=false]
                          javax.swing.JMenuItem[name='open', text='Open', selected=false, enabled=true, visible=true, showing=false]
                          javax.swing.JMenuItem[name='save', text='Save', selected=false, enabled=true, visible=true, showing=false]
                          javax.swing.JMenuItem[name='saveAs', text='Save As...', selected=false, enabled=true, visible=true, showing=false]
                          javax.swing.JPopupMenu$Separator[,0,80,180x12,invalid,alignmentX=0.0,alignmentY=0.0,border=,flags=0,maximumSize=,minimumSize=,preferredSize=,orientation=HORIZONTAL]
                          javax.swing.JMenuItem[name='export', text='Save As Image...', selected=false, enabled=true, visible=true, showing=false]
                          javax.swing.JMenuItem[name='print', text='Print...', selected=false, enabled=true, visible=true, showing=false]
                      javax.swing.JMenu[name='edit', text='Edit', selected=false, enabled=true, visible=true, showing=false]
                        javax.swing.JPopupMenu[name=null, label=null, enabled=true, visible=false, showing=false]
                          javax.swing.JMenuItem[name='undo', text='Undo', selected=false, enabled=true, visible=true, showing=false]
                          javax.swing.JMenuItem[name='redo', text='Redo', selected=false, enabled=false, visible=true, showing=false]
                          javax.swing.JPopupMenu$Separator[,0,0,0x0,invalid,alignmentX=0.0,alignmentY=0.0,border=,flags=0,maximumSize=,minimumSize=,preferredSize=,orientation=HORIZONTAL]
                          javax.swing.JMenuItem[name='cut', text='Cut', selected=false, enabled=true, visible=true, showing=false]
                          javax.swing.JMenuItem[name='copy', text='Copy', selected=false, enabled=true, visible=true, showing=false]
                          javax.swing.JMenuItem[name='copyAsSmiles', text='Copy As SMILES', selected=false, enabled=true, visible=true, showing=false]
                          javax.swing.JMenuItem[name='paste', text='Paste', selected=false, enabled=true, visible=true, showing=false]
                          javax.swing.JPopupMenu$Separator[,0,0,0x0,invalid,alignmentX=0.0,alignmentY=0.0,border=,flags=0,maximumSize=,minimumSize=,preferredSize=,orientation=HORIZONTAL]
                          javax.swing.JMenuItem[name='eraser', text='Delete', selected=false, enabled=true, visible=true, showing=false]
                          javax.swing.JMenuItem[name='selectAll', text='Select All', selected=false, enabled=true, visible=true, showing=false]
                          javax.swing.JPopupMenu$Separator[,0,0,0x0,invalid,alignmentX=0.0,alignmentY=0.0,border=,flags=0,maximumSize=,minimumSize=,preferredSize=,orientation=HORIZONTAL]
                          javax.swing.JMenuItem[name='options', text='Preferences...', selected=false, enabled=true, visible=true, showing=false]
                      javax.swing.JMenu[name='view', text='View', selected=false, enabled=true, visible=true, showing=false]
                        javax.swing.JPopupMenu[name=null, label=null, enabled=true, visible=false, showing=false]
                          javax.swing.JMenuItem[name='zoomin', text='Zoom In', selected=false, enabled=true, visible=true, showing=false]
                          javax.swing.JMenuItem[name='zoomout', text='Zoom Out', selected=false, enabled=true, visible=true, showing=false]
                          javax.swing.JMenuItem[name='zoomoriginal', text='Zoom 100%', selected=false, enabled=true, visible=true, showing=false]
                          javax.swing.JPopupMenu$Separator[,0,61,180x12,invalid,alignmentX=0.0,alignmentY=0.0,border=,flags=0,maximumSize=,minimumSize=,preferredSize=,orientation=HORIZONTAL]
                          javax.swing.JMenuItem[name='cleanup', text='Clean Structure', selected=false, enabled=true, visible=true, showing=false]
                          javax.swing.JMenu[name='flip', text='Flip', selected=false, enabled=true, visible=true, showing=false]
                            javax.swing.JPopupMenu[name=null, label=null, enabled=true, visible=false, showing=false]
                              javax.swing.JMenuItem[name='flipHorizontal', text='Horizontal', selected=false, enabled=true, visible=true, showing=false]
                              javax.swing.JMenuItem[name='flipVertical', text='Vertical', selected=false, enabled=true, visible=true, showing=false]
                          javax.swing.JMenu[name='hydrogen', text='Implicit Hydrogens', selected=false, enabled=true, visible=true, showing=false]
                            javax.swing.JPopupMenu[name=null, label=null, enabled=true, visible=false, showing=false]
                              javax.swing.JMenuItem[name='hydroon', text='On All', selected=false, enabled=true, visible=true, showing=false]
                              javax.swing.JMenuItem[name='hydrooff', text='Off', selected=false, enabled=true, visible=true, showing=false]
                      javax.swing.JMenu[name='atomMenu', text='Atom', selected=false, enabled=true, visible=true, showing=false]
                        javax.swing.JPopupMenu[name=null, label=null, enabled=true, visible=false, showing=false]
                          javax.swing.JMenu[name='formalCharge', text='Charge', selected=false, enabled=true, visible=true, showing=false]
                            javax.swing.JPopupMenu[name=null, label=null, enabled=true, visible=false, showing=false]
                              javax.swing.JMenuItem[name='plus', text='Plus', selected=false, enabled=true, visible=true, showing=false]
                              javax.swing.JMenuItem[name='minus', text='Minus', selected=false, enabled=true, visible=true, showing=false]
                          javax.swing.JMenu[name='hydrogen', text='Implicit Hydrogens', selected=false, enabled=true, visible=true, showing=false]
                            javax.swing.JPopupMenu[name=null, label=null, enabled=true, visible=false, showing=false]
                              javax.swing.JMenuItem[name='hydroon2', text='On All', selected=false, enabled=true, visible=true, showing=false]
                              javax.swing.JMenuItem[name='hydrooff2', text='Off', selected=false, enabled=true, visible=true, showing=false]
                          javax.swing.JMenu[name='isotopeChange', text='Isotopes', selected=false, enabled=true, visible=true, showing=false]
                            javax.swing.JPopupMenu[name=null, label=null, enabled=true, visible=false, showing=false]
                              javax.swing.JMenuItem[name='majorPlusThree', text='Major Plus 3', selected=false, enabled=true, visible=true, showing=false]
                              javax.swing.JMenuItem[name='majorPlusTwo', text='Major Plus 2', selected=false, enabled=true, visible=true, showing=false]
                              javax.swing.JMenuItem[name='majorPlusOne', text='Major Plus 1', selected=false, enabled=true, visible=true, showing=false]
                              javax.swing.JMenuItem[name='major', text='Major Isotope', selected=false, enabled=true, visible=true, showing=false]
                              javax.swing.JMenuItem[name='majorMinusOne', text='Major Minus 1', selected=false, enabled=true, visible=true, showing=false]
                              javax.swing.JMenuItem[name='majorMinusTwo', text='Major Minus 2', selected=false, enabled=true, visible=true, showing=false]
                              javax.swing.JMenuItem[name='majorMinusThree', text='Major Minus 3', selected=false, enabled=true, visible=true, showing=false]
                          javax.swing.JMenu[name='radical', text='Radical', selected=false, enabled=true, visible=true, showing=false]
                            javax.swing.JPopupMenu[name=null, label=null, enabled=true, visible=false, showing=false]
                              javax.swing.JMenuItem[name='convertToRadical', text='Add Single Electron', selected=false, enabled=true, visible=true, showing=false]
                              javax.swing.JMenuItem[name='convertFromRadical', text='Remove Single Electron', selected=false, enabled=true, visible=true, showing=false]
                          javax.swing.JMenu[name='pseudoSymbols', text='Pseudo Atoms', selected=false, enabled=true, visible=true, showing=false]
                            javax.swing.JPopupMenu[name=null, label=null, enabled=true, visible=false, showing=false]
                              javax.swing.JMenuItem[name='pseudoR', text='R', selected=false, enabled=true, visible=true, showing=false]
                              javax.swing.JMenuItem[name='pseudoR1', text='R1', selected=false, enabled=true, visible=true, showing=false]
                              javax.swing.JMenuItem[name='pseudoR2', text='R2', selected=false, enabled=true, visible=true, showing=false]
                              javax.swing.JMenuItem[name='pseudoR3', text='R3', selected=false, enabled=true, visible=true, showing=false]
                              javax.swing.JMenuItem[name='pseudoR4', text='R4', selected=false, enabled=true, visible=true, showing=false]
                              javax.swing.JMenuItem[name='pseudoRX', text='Other...', selected=false, enabled=true, visible=true, showing=false]
                          javax.swing.JMenuItem[name='pseudoStar', text='Variable Attachment Point *', selected=false, enabled=true, visible=true, showing=false]
                          javax.swing.JMenu[name='valence', text='Valence', selected=false, enabled=true, visible=true, showing=false]
                            javax.swing.JPopupMenu[name=null, label=null, enabled=true, visible=false, showing=false]
                              javax.swing.JMenuItem[name='valenceOff', text='Valence Off', selected=false, enabled=true, visible=true, showing=false]
                              javax.swing.JMenuItem[name='valence1', text='Valence 1', selected=false, enabled=true, visible=true, showing=false]
                              javax.swing.JMenuItem[name='valence2', text='Valence 2', selected=false, enabled=true, visible=true, showing=false]
                              javax.swing.JMenuItem[name='valence3', text='Valence 3', selected=false, enabled=true, visible=true, showing=false]
                              javax.swing.JMenuItem[name='valence4', text='Valence 4', selected=false, enabled=true, visible=true, showing=false]
                              javax.swing.JMenuItem[name='valence5', text='Valence 5', selected=false, enabled=true, visible=true, showing=false]
                              javax.swing.JMenuItem[name='valence6', text='Valence 6', selected=false, enabled=true, visible=true, showing=false]
                              javax.swing.JMenuItem[name='valence7', text='Valence 7', selected=false, enabled=true, visible=true, showing=false]
                              javax.swing.JMenuItem[name='valence8', text='Valence 8', selected=false, enabled=true, visible=true, showing=false]
                          javax.swing.JMenu[name='symbolChange', text='Change Element', selected=false, enabled=true, visible=true, showing=false]
                            javax.swing.JPopupMenu[name=null, label=null, enabled=true, visible=false, showing=false]
                              javax.swing.JMenuItem[name='periodictable', text='Periodic Table', selected=false, enabled=true, visible=true, showing=false]
                              javax.swing.JMenuItem[name='enterelement', text='Custom', selected=false, enabled=true, visible=true, showing=false]
                              javax.swing.JPopupMenu$Separator[,0,0,0x0,invalid,alignmentX=0.0,alignmentY=0.0,border=,flags=0,maximumSize=,minimumSize=,preferredSize=,orientation=HORIZONTAL]
                              javax.swing.JMenu[name='commonSymbols', text='Common Elements', selected=false, enabled=true, visible=true, showing=false]
                                javax.swing.JPopupMenu[name=null, label=null, enabled=true, visible=false, showing=false]
                                  javax.swing.JMenuItem[name='symbolH', text='H', selected=false, enabled=true, visible=true, showing=false]
                                  javax.swing.JMenuItem[name='symbolC', text='C', selected=false, enabled=true, visible=true, showing=false]
                                  javax.swing.JMenuItem[name='symbolN', text='N', selected=false, enabled=true, visible=true, showing=false]
                                  javax.swing.JMenuItem[name='symbolO', text='O', selected=false, enabled=true, visible=true, showing=false]
                                  javax.swing.JMenuItem[name='symbolS', text='S', selected=false, enabled=true, visible=true, showing=false]
                                  javax.swing.JMenuItem[name='symbolF', text='F', selected=false, enabled=true, visible=true, showing=false]
                                  javax.swing.JMenuItem[name='symbolP', text='P', selected=false, enabled=true, visible=true, showing=false]
                                  javax.swing.JMenuItem[name='symbolCl', text='Cl', selected=false, enabled=true, visible=true, showing=false]
                                  javax.swing.JMenuItem[name='symbolBr', text='Br', selected=false, enabled=true, visible=true, showing=false]
                                  javax.swing.JMenuItem[name='symbolI', text='I', selected=false, enabled=true, visible=true, showing=false]
                              javax.swing.JMenu[name='alkaliMetals', text='Alkali Metals', selected=false, enabled=true, visible=true, showing=false]
                                javax.swing.JPopupMenu[name=null, label=null, enabled=true, visible=false, showing=false]
                                  javax.swing.JMenuItem[name='symbolLi', text='Li', selected=false, enabled=true, visible=true, showing=false]
                                  javax.swing.JMenuItem[name='symbolNa', text='Na', selected=false, enabled=true, visible=true, showing=false]
                                  javax.swing.JMenuItem[name='symbolK', text='K', selected=false, enabled=true, visible=true, showing=false]
                                  javax.swing.JMenuItem[name='symbolRb', text='Rb', selected=false, enabled=true, visible=true, showing=false]
                                  javax.swing.JMenuItem[name='symbolCs', text='Cs', selected=false, enabled=true, visible=true, showing=false]
                                  javax.swing.JMenuItem[name='symbolFr', text='Fr', selected=false, enabled=true, visible=true, showing=false]
                              javax.swing.JMenu[name='alkaliEarthMetals', text='Alkali Earth Metals', selected=false, enabled=true, visible=true, showing=false]
                                javax.swing.JPopupMenu[name=null, label=null, enabled=true, visible=false, showing=false]
                                  javax.swing.JMenuItem[name='symbolBe', text='Be', selected=false, enabled=true, visible=true, showing=false]
                                  javax.swing.JMenuItem[name='symbolMg', text='Mg', selected=false, enabled=true, visible=true, showing=false]
                                  javax.swing.JMenuItem[name='symbolCa', text='Ca', selected=false, enabled=true, visible=true, showing=false]
                                  javax.swing.JMenuItem[name='symbolSr', text='Sr', selected=false, enabled=true, visible=true, showing=false]
                                  javax.swing.JMenuItem[name='symbolBa', text='Ba', selected=false, enabled=true, visible=true, showing=false]
                                  javax.swing.JMenuItem[name='symbolRa', text='Ra', selected=false, enabled=true, visible=true, showing=false]
                              javax.swing.JMenu[name='transitionMetals', text='Transition Metals', selected=false, enabled=true, visible=true, showing=false]
                                javax.swing.JPopupMenu[name=null, label=null, enabled=true, visible=false, showing=false]
                                  javax.swing.JMenuItem[name='symbolSc', text='Sc', selected=false, enabled=true, visible=true, showing=false]
                                  javax.swing.JMenuItem[name='symbolTi', text='Ti', selected=false, enabled=true, visible=true, showing=false]
                                  javax.swing.JMenuItem[name='symbolV', text='V', selected=false, enabled=true, visible=true, showing=false]
                                  javax.swing.JMenuItem[name='symbolCr', text='Cr', selected=false, enabled=true, visible=true, showing=false]
                                  javax.swing.JMenuItem[name='symbolMn', text='Mn', selected=false, enabled=true, visible=true, showing=false]
                                  javax.swing.JMenuItem[name='symbolFe', text='Fe', selected=false, enabled=true, visible=true, showing=false]
                                  javax.swing.JMenuItem[name='symbolCo', text='Co', selected=false, enabled=true, visible=true, showing=false]
                                  javax.swing.JMenuItem[name='symbolNi', text='Ni', selected=false, enabled=true, visible=true, showing=false]
                                  javax.swing.JMenuItem[name='symbolCu', text='Cu', selected=false, enabled=true, visible=true, showing=false]
                                  javax.swing.JMenuItem[name='symbolZn', text='Zn', selected=false, enabled=true, visible=true, showing=false]
                                  javax.swing.JMenuItem[name='symbolY', text='Y', selected=false, enabled=true, visible=true, showing=false]
                                  javax.swing.JMenuItem[name='symbolZr', text='Zr', selected=false, enabled=true, visible=true, showing=false]
                                  javax.swing.JMenuItem[name='symbolNb', text='Nb', selected=false, enabled=true, visible=true, showing=false]
                                  javax.swing.JMenuItem[name='symbolMo', text='Mo', selected=false, enabled=true, visible=true, showing=false]
                                  javax.swing.JMenuItem[name='symbolTc', text='Tc', selected=false, enabled=true, visible=true, showing=false]
                                  javax.swing.JMenuItem[name='symbolRu', text='Ru', selected=false, enabled=true, visible=true, showing=false]
                                  javax.swing.JMenuItem[name='symbolRh', text='Rh', selected=false, enabled=true, visible=true, showing=false]
                                  javax.swing.JMenuItem[name='symbolPd', text='Pd', selected=false, enabled=true, visible=true, showing=false]
                                  javax.swing.JMenuItem[name='symbolAg', text='Ag', selected=false, enabled=true, visible=true, showing=false]
                                  javax.swing.JMenuItem[name='symbolCd', text='Cd', selected=false, enabled=true, visible=true, showing=false]
                                  javax.swing.JMenuItem[name='symbolHf', text='Hf', selected=false, enabled=true, visible=true, showing=false]
                                  javax.swing.JMenuItem[name='symbolTa', text='Ta', selected=false, enabled=true, visible=true, showing=false]
                                  javax.swing.JMenuItem[name='symbolW', text='W', selected=false, enabled=true, visible=true, showing=false]
                                  javax.swing.JMenuItem[name='symbolRe', text='Re', selected=false, enabled=true, visible=true, showing=false]
                                  javax.swing.JMenuItem[name='symbolOs', text='Os', selected=false, enabled=true, visible=true, showing=false]
                                  javax.swing.JMenuItem[name='symbolIr', text='Ir', selected=false, enabled=true, visible=true, showing=false]
                                  javax.swing.JMenuItem[name='symbolPt', text='Pt', selected=false, enabled=true, visible=true, showing=false]
                                  javax.swing.JMenuItem[name='symbolAu', text='Au', selected=false, enabled=true, visible=true, showing=false]
                                  javax.swing.JMenuItem[name='symbolHg', text='Hg', selected=false, enabled=true, visible=true, showing=false]
                                  javax.swing.JMenuItem[name='symbolRf', text='Rf', selected=false, enabled=true, visible=true, showing=false]
                                  javax.swing.JMenuItem[name='symbolDb', text='Db', selected=false, enabled=true, visible=true, showing=false]
                                  javax.swing.JMenuItem[name='symbolSg', text='Sg', selected=false, enabled=true, visible=true, showing=false]
                                  javax.swing.JMenuItem[name='symbolBh', text='Bh', selected=false, enabled=true, visible=true, showing=false]
                                  javax.swing.JMenuItem[name='symbolHs', text='Hs', selected=false, enabled=true, visible=true, showing=false]
                                  javax.swing.JMenuItem[name='symbolMt', text='Mt', selected=false, enabled=true, visible=true, showing=false]
                                  javax.swing.JMenuItem[name='symbolDs', text='Ds', selected=false, enabled=true, visible=true, showing=false]
                                  javax.swing.JMenuItem[name='symbolRg', text='Rg', selected=false, enabled=true, visible=true, showing=false]
                              javax.swing.JMenu[name='metals', text='Metals', selected=false, enabled=true, visible=true, showing=false]
                                javax.swing.JPopupMenu[name=null, label=null, enabled=true, visible=false, showing=false]
                                  javax.swing.JMenuItem[name='symbolAl', text='Al', selected=false, enabled=true, visible=true, showing=false]
                                  javax.swing.JMenuItem[name='symbolGa', text='Ga', selected=false, enabled=true, visible=true, showing=false]
                                  javax.swing.JMenuItem[name='symbolIn', text='In', selected=false, enabled=true, visible=true, showing=false]
                                  javax.swing.JMenuItem[name='symbolSn', text='Sn', selected=false, enabled=true, visible=true, showing=false]
                                  javax.swing.JMenuItem[name='symbolTl', text='Tl', selected=false, enabled=true, visible=true, showing=false]
                                  javax.swing.JMenuItem[name='symbolPb', text='Pb', selected=false, enabled=true, visible=true, showing=false]
                                  javax.swing.JMenuItem[name='symbolBi', text='Bi', selected=false, enabled=true, visible=true, showing=false]
                              javax.swing.JMenu[name='metalloids', text='Metalloids', selected=false, enabled=true, visible=true, showing=false]
                                javax.swing.JPopupMenu[name=null, label=null, enabled=true, visible=false, showing=false]
                                  javax.swing.JMenuItem[name='symbolB', text='B', selected=false, enabled=true, visible=true, showing=false]
                                  javax.swing.JMenuItem[name='symbolSi', text='Si', selected=false, enabled=true, visible=true, showing=false]
                                  javax.swing.JMenuItem[name='symbolGe', text='Ge', selected=false, enabled=true, visible=true, showing=false]
                                  javax.swing.JMenuItem[name='symbolAs', text='As', selected=false, enabled=true, visible=true, showing=false]
                                  javax.swing.JMenuItem[name='symbolSb', text='Sb', selected=false, enabled=true, visible=true, showing=false]
                                  javax.swing.JMenuItem[name='symbolTe', text='Te', selected=false, enabled=true, visible=true, showing=false]
                                  javax.swing.JMenuItem[name='symbolPo', text='Po', selected=false, enabled=true, visible=true, showing=false]
                              javax.swing.JMenu[name='halogenSymbols', text='Halogens', selected=false, enabled=true, visible=true, showing=false]
                                javax.swing.JPopupMenu[name=null, label=null, enabled=true, visible=false, showing=false]
                                  javax.swing.JMenuItem[name='symbolF2', text='F', selected=false, enabled=true, visible=true, showing=false]
                                  javax.swing.JMenuItem[name='symbolCl2', text='Cl', selected=false, enabled=true, visible=true, showing=false]
                                  javax.swing.JMenuItem[name='symbolBr2', text='Br', selected=false, enabled=true, visible=true, showing=false]
                                  javax.swing.JMenuItem[name='symbolI2', text='I', selected=false, enabled=true, visible=true, showing=false]
                              javax.swing.JMenu[name='nobelSymbols', text='Nobel Gases', selected=false, enabled=true, visible=true, showing=false]
                                javax.swing.JPopupMenu[name=null, label=null, enabled=true, visible=false, showing=false]
                                  javax.swing.JMenuItem[name='symbolHe', text='He', selected=false, enabled=true, visible=true, showing=false]
                                  javax.swing.JMenuItem[name='symbolNe', text='Ne', selected=false, enabled=true, visible=true, showing=false]
                                  javax.swing.JMenuItem[name='symbolAr', text='Ar', selected=false, enabled=true, visible=true, showing=false]
                      javax.swing.JMenu[name='bondMenu', text='Bond', selected=false, enabled=true, visible=true, showing=false]
                        javax.swing.JPopupMenu[name=null, label=null, enabled=true, visible=false, showing=false]
                          javax.swing.JMenuItem[name='bond', text='Single', selected=false, enabled=false, visible=true, showing=false]
                          javax.swing.JMenuItem[name='double_bond', text='Double', selected=false, enabled=false, visible=true, showing=false]
                          javax.swing.JMenuItem[name='triple_bond', text='Triple', selected=false, enabled=false, visible=true, showing=false]
                          javax.swing.JMenuItem[name='quad_bond', text='Quadruple', selected=false, enabled=false, visible=true, showing=false]
                          javax.swing.JMenuItem[name='up_bond', text='Stereo Up', selected=false, enabled=false, visible=true, showing=false]
                          javax.swing.JMenuItem[name='down_bond', text='Stereo Down', selected=false, enabled=false, visible=true, showing=false]
                          javax.swing.JMenuItem[name='undefined_bond', text='Undefined Stereo', selected=false, enabled=false, visible=true, showing=false]
                          javax.swing.JMenuItem[name='undefined_stereo_bond', text='Undefined E/Z', selected=false, enabled=false, visible=true, showing=false]
                      javax.swing.JMenu[name='tools', text='Tools', selected=false, enabled=true, visible=true, showing=false]
                        javax.swing.JPopupMenu[name=null, label=null, enabled=true, visible=false, showing=false]
                          javax.swing.JMenuItem[name='cleanup2', text='Clean Structure', selected=false, enabled=true, visible=true, showing=false]
                          javax.swing.JPopupMenu$Separator[,0,0,0x0,invalid,alignmentX=0.0,alignmentY=0.0,border=,flags=0,maximumSize=,minimumSize=,preferredSize=,orientation=HORIZONTAL]
                          javax.swing.JMenuItem[name='createSMILES', text='Create SMILES', selected=false, enabled=true, visible=true, showing=false]
                          javax.swing.JMenuItem[name='createInChI', text='Create InChI', selected=false, enabled=true, visible=true, showing=false]
                      javax.swing.JMenu[name='rgroupMenu', text='R-groups', selected=false, enabled=true, visible=true, showing=false]
                        javax.swing.JPopupMenu[name=null, label=null, enabled=true, visible=false, showing=false]
                          javax.swing.JMenuItem[name='setRoot', text='Define as Root Structure', selected=false, enabled=true, visible=true, showing=false]
                          javax.swing.JMenuItem[name='setSubstitute', text='Define as Substituent', selected=false, enabled=true, visible=true, showing=false]
                          javax.swing.JMenuItem[name='rgpAdvanced', text='Advanced R-group logic', selected=false, enabled=true, visible=true, showing=false]
                          javax.swing.JMenuItem[name='rgpGenerate', text='Generate possible configurations (sdf) ', selected=false, enabled=true, visible=true, showing=false]
                          javax.swing.JMenuItem[name='clearRgroup', text='Remove R-group aspects', selected=false, enabled=true, visible=true, showing=false]
                      javax.swing.JMenu[name='templates', text='Templates', selected=false, enabled=true, visible=true, showing=false]
                        javax.swing.JPopupMenu[name=null, label=null, enabled=true, visible=false, showing=false]
                          javax.swing.JMenuItem[name='pasteTemplate', text='All Templates', selected=false, enabled=true, visible=true, showing=false]
                          javax.swing.JPopupMenu$Separator[,0,0,0x0,invalid,alignmentX=0.0,alignmentY=0.0,border=,flags=0,maximumSize=,minimumSize=,preferredSize=,orientation=HORIZONTAL]
                          javax.swing.JMenuItem[name='alkaloids', text='Alkaloids', selected=false, enabled=true, visible=true, showing=false]
                          javax.swing.JMenuItem[name='amino_acids', text='Amino Acids', selected=false, enabled=true, visible=true, showing=false]
                          javax.swing.JMenuItem[name='beta_lactams', text='Beta Lactams', selected=false, enabled=true, visible=true, showing=false]
                          javax.swing.JMenuItem[name='carbohydrates', text='Carbohydrates', selected=false, enabled=true, visible=true, showing=false]
                          javax.swing.JMenuItem[name='inositols', text='Inositols', selected=false, enabled=true, visible=true, showing=false]
                          javax.swing.JMenuItem[name='lipids', text='Lipids', selected=false, enabled=true, visible=true, showing=false]
                          javax.swing.JMenuItem[name='nucleosides', text='Nucleosides', selected=false, enabled=true, visible=true, showing=false]
                          javax.swing.JMenuItem[name='porphyrins', text='Porphyrins', selected=false, enabled=true, visible=true, showing=false]
                          javax.swing.JMenuItem[name='protecting_groups', text='Protecting Groups', selected=false, enabled=true, visible=true, showing=false]
                          javax.swing.JMenuItem[name='steroids', text='Steroids', selected=false, enabled=true, visible=true, showing=false]
                          javax.swing.JMenuItem[name='pahs', text='PAHs', selected=false, enabled=true, visible=true, showing=false]
                          javax.swing.JMenuItem[name='miscellaneous', text='Miscellaneous', selected=false, enabled=true, visible=true, showing=false]
                      javax.swing.Box$Filler[,473,10,178x0,alignmentX=0.0,alignmentY=0.0,border=,flags=0,maximumSize=java.awt.Dimension[width=32767,height=0],minimumSize=java.awt.Dimension[width=0,height=0],preferredSize=java.awt.Dimension[width=0,height=0]]
                      javax.swing.JMenu[name='help', text='Help', selected=false, enabled=true, visible=true, showing=false]
                        javax.swing.JPopupMenu[name=null, label=null, enabled=true, visible=false, showing=false]
                          javax.swing.JMenuItem[name='help', text='Help', selected=false, enabled=true, visible=true, showing=false]
                          javax.swing.JMenuItem[name='tutorial', text='Basic Tutorial', selected=false, enabled=true, visible=true, showing=false]
                          javax.swing.JMenuItem[name='rgpTutorial', text='R-group Tutorial', selected=false, enabled=true, visible=true, showing=false]
                          javax.swing.JPopupMenu$Separator[,0,0,0x0,invalid,alignmentX=0.0,alignmentY=0.0,border=,flags=0,maximumSize=,minimumSize=,preferredSize=,orientation=HORIZONTAL]
                          javax.swing.JMenuItem[name='feedback', text='Report Feedback', selected=false, enabled=true, visible=true, showing=false]
                          javax.swing.JMenuItem[name='about', text='About', selected=false, enabled=true, visible=true, showing=false]
                          javax.swing.JMenuItem[name='license', text='License', selected=false, enabled=true, visible=true, showing=false]
                    javax.swing.JToolBar[name=null]
                      javax.swing.Box[,12,2,32x31,layout=javax.swing.BoxLayout,alignmentX=0.0,alignmentY=0.0,border=,flags=0,maximumSize=,minimumSize=,preferredSize=]
                        org.openscience.jchempaint.JCPToolBar$1[name='select', text='', enabled=true, visible=true, showing=false]
                      javax.swing.Box[,44,2,32x31,layout=javax.swing.BoxLayout,alignmentX=0.0,alignmentY=0.0,border=,flags=0,maximumSize=,minimumSize=,preferredSize=]
                        org.openscience.jchempaint.JCPToolBar$1[name='lasso', text='', enabled=true, visible=true, showing=false]
                      javax.swing.Box[,76,2,32x31,layout=javax.swing.BoxLayout,alignmentX=0.0,alignmentY=0.0,border=,flags=0,maximumSize=,minimumSize=,preferredSize=]
                        org.openscience.jchempaint.JCPToolBar$1[name='eraser', text='', enabled=true, visible=true, showing=false]
                      javax.swing.JToolBar$Separator[,108,2,11x31,alignmentX=0.0,alignmentY=0.0,border=,flags=0,maximumSize=,minimumSize=,preferredSize=,orientation=VERTICAL]
                      javax.swing.Box[,119,2,32x31,layout=javax.swing.BoxLayout,alignmentX=0.0,alignmentY=0.0,border=,flags=0,maximumSize=,minimumSize=,preferredSize=]
                        org.openscience.jchempaint.JCPToolBar$1[name='zoomin', text='', enabled=true, visible=true, showing=false]
                      javax.swing.Box[,151,2,32x31,layout=javax.swing.BoxLayout,alignmentX=0.0,alignmentY=0.0,border=,flags=0,maximumSize=,minimumSize=,preferredSize=]
                        org.openscience.jchempaint.JCPToolBar$1[name='zoomout', text='', enabled=true, visible=true, showing=false]
                      javax.swing.JToolBar$Separator[,183,2,11x31,alignmentX=0.0,alignmentY=0.0,border=,flags=0,maximumSize=,minimumSize=,preferredSize=,orientation=VERTICAL]
                      javax.swing.Box[,194,2,32x31,layout=javax.swing.BoxLayout,alignmentX=0.0,alignmentY=0.0,border=,flags=0,maximumSize=,minimumSize=,preferredSize=]
                        org.openscience.jchempaint.JCPToolBar$1[name='undo', text='', enabled=true, visible=true, showing=false]
                      javax.swing.Box[,226,2,32x31,layout=javax.swing.BoxLayout,alignmentX=0.0,alignmentY=0.0,border=,flags=0,maximumSize=,minimumSize=,preferredSize=]
                        org.openscience.jchempaint.JCPToolBar$1[name='redo', text='', enabled=false, visible=true, showing=false]
                      javax.swing.JToolBar$Separator[,258,2,11x31,alignmentX=0.0,alignmentY=0.0,border=,flags=0,maximumSize=,minimumSize=,preferredSize=,orientation=VERTICAL]
                      javax.swing.Box[,269,2,32x31,layout=javax.swing.BoxLayout,alignmentX=0.0,alignmentY=0.0,border=,flags=0,maximumSize=,minimumSize=,preferredSize=]
                        org.openscience.jchempaint.JCPToolBar$1[name='cut', text='', enabled=true, visible=true, showing=false]
                      javax.swing.Box[,301,2,32x31,layout=javax.swing.BoxLayout,alignmentX=0.0,alignmentY=0.0,border=,flags=0,maximumSize=,minimumSize=,preferredSize=]
                        org.openscience.jchempaint.JCPToolBar$1[name='copy', text='', enabled=true, visible=true, showing=false]
                      javax.swing.Box[,333,2,32x31,layout=javax.swing.BoxLayout,alignmentX=0.0,alignmentY=0.0,border=,flags=0,maximumSize=,minimumSize=,preferredSize=]
                        org.openscience.jchempaint.JCPToolBar$1[name='paste', text='', enabled=true, visible=true, showing=false]
                      javax.swing.JToolBar$Separator[,365,2,11x31,alignmentX=0.0,alignmentY=0.0,border=,flags=0,maximumSize=,minimumSize=,preferredSize=,orientation=VERTICAL]
                      javax.swing.Box[,376,2,32x31,layout=javax.swing.BoxLayout,alignmentX=0.0,alignmentY=0.0,border=,flags=0,maximumSize=,minimumSize=,preferredSize=]
                        org.openscience.jchempaint.JCPToolBar$1[name='flipHorizontal', text='', enabled=true, visible=true, showing=false]
                      javax.swing.Box[,408,2,32x31,layout=javax.swing.BoxLayout,alignmentX=0.0,alignmentY=0.0,border=,flags=0,maximumSize=,minimumSize=,preferredSize=]
                        org.openscience.jchempaint.JCPToolBar$1[name='flipVertical', text='', enabled=true, visible=true, showing=false]
                      javax.swing.Box[,440,2,32x31,layout=javax.swing.BoxLayout,alignmentX=0.0,alignmentY=0.0,border=,flags=0,maximumSize=,minimumSize=,preferredSize=]
                        org.openscience.jchempaint.JCPToolBar$1[name='rotate', text='', enabled=true, visible=true, showing=false]
                      javax.swing.Box[,472,2,32x31,layout=javax.swing.BoxLayout,alignmentX=0.0,alignmentY=0.0,border=,flags=0,maximumSize=,minimumSize=,preferredSize=]
                        org.openscience.jchempaint.JCPToolBar$1[name='rotate3d', text='', enabled=true, visible=true, showing=false]
                      javax.swing.Box$Filler[,504,17,192x0,alignmentX=0.0,alignmentY=0.0,border=,flags=0,maximumSize=java.awt.Dimension[width=32767,height=0],minimumSize=java.awt.Dimension[width=0,height=0],preferredSize=java.awt.Dimension[width=0,height=0]]
                  javax.swing.JPanel[name=null]
                    javax.swing.JScrollPane[name=null, enabled=true, visible=true, showing=false]
                      javax.swing.JViewport[,2,2,616x519,layout=javax.swing.ViewportLayout,alignmentX=0.0,alignmentY=0.0,border=,flags=8388616,maximumSize=,minimumSize=,preferredSize=,isViewSizeSet=true,lastPaintPosition=java.awt.Point[x=0,y=0],scrollUnderway=false]
                        org.openscience.jchempaint.RenderPanel[name='renderpanel']
                      javax.swing.JScrollPane$ScrollBar[name=null, value=0, blockIncrement=10, minimum=0, maximum=519, enabled=true, visible=false, showing=false]
                      javax.swing.JScrollPane$ScrollBar[name=null, value=0, blockIncrement=10, minimum=0, maximum=616, enabled=true, visible=false, showing=false]
                    javax.swing.JToolBar[name=null]
                      javax.swing.Box[,4,12,32x31,layout=javax.swing.BoxLayout,alignmentX=0.0,alignmentY=0.0,border=,flags=0,maximumSize=,minimumSize=,preferredSize=]
                        org.openscience.jchempaint.JCPToolBar$1[name='bondTool', text='', enabled=true, visible=true, showing=false]
                      javax.swing.Box[,4,43,32x31,layout=javax.swing.BoxLayout,alignmentX=0.0,alignmentY=0.0,border=,flags=0,maximumSize=,minimumSize=,preferredSize=]
                        org.openscience.jchempaint.JCPToolBar$1[name='double_bondTool', text='', enabled=true, visible=true, showing=false]
                      javax.swing.Box[,4,74,32x31,layout=javax.swing.BoxLayout,alignmentX=0.0,alignmentY=0.0,border=,flags=0,maximumSize=,minimumSize=,preferredSize=]
                        org.openscience.jchempaint.JCPToolBar$1[name='triple_bondTool', text='', enabled=true, visible=true, showing=false]
                      javax.swing.Box[,4,105,32x31,layout=javax.swing.BoxLayout,alignmentX=0.0,alignmentY=0.0,border=,flags=0,maximumSize=,minimumSize=,preferredSize=]
                        org.openscience.jchempaint.JCPToolBar$1[name='chain', text='', enabled=true, visible=true, showing=false]
                      javax.swing.JToolBar$Separator[,4,136,32x11,alignmentX=0.0,alignmentY=0.0,border=,flags=0,maximumSize=,minimumSize=,preferredSize=,orientation=HORIZONTAL]
                      javax.swing.Box[,4,147,32x31,layout=javax.swing.BoxLayout,alignmentX=0.0,alignmentY=0.0,border=,flags=0,maximumSize=,minimumSize=,preferredSize=]
                        org.openscience.jchempaint.JCPToolBar$1[name='up_bond', text='', enabled=true, visible=true, showing=false]
                      javax.swing.Box[,4,178,32x31,layout=javax.swing.BoxLayout,alignmentX=0.0,alignmentY=0.0,border=,flags=0,maximumSize=,minimumSize=,preferredSize=]
                        org.openscience.jchempaint.JCPToolBar$1[name='down_bond', text='', enabled=true, visible=true, showing=false]
                      javax.swing.Box[,4,209,32x31,layout=javax.swing.BoxLayout,alignmentX=0.0,alignmentY=0.0,border=,flags=0,maximumSize=,minimumSize=,preferredSize=]
                        org.openscience.jchempaint.JCPToolBar$1[name='undefined_bond', text='', enabled=true, visible=true, showing=false]
                      javax.swing.Box[,4,240,32x31,layout=javax.swing.BoxLayout,alignmentX=0.0,alignmentY=0.0,border=,flags=0,maximumSize=,minimumSize=,preferredSize=]
                        org.openscience.jchempaint.JCPToolBar$1[name='undefined_stereo_bond', text='', enabled=true, visible=true, showing=false]
                      javax.swing.JToolBar$Separator[,4,271,32x11,alignmentX=0.0,alignmentY=0.0,border=,flags=0,maximumSize=,minimumSize=,preferredSize=,orientation=HORIZONTAL]
                      javax.swing.Box[,4,282,32x31,layout=javax.swing.BoxLayout,alignmentX=0.0,alignmentY=0.0,border=,flags=0,maximumSize=,minimumSize=,preferredSize=]
                        org.openscience.jchempaint.JCPToolBar$1[name='reactionArrow', text='', enabled=true, visible=true, showing=false]
                    javax.swing.JToolBar[name=null]
                      javax.swing.Box[,4,12,32x31,layout=javax.swing.BoxLayout,alignmentX=0.0,alignmentY=0.0,border=,flags=0,maximumSize=,minimumSize=,preferredSize=]
                        org.openscience.jchempaint.JCPToolBar$1[name='triangle', text='', enabled=true, visible=true, showing=false]
                      javax.swing.Box[,4,43,32x31,layout=javax.swing.BoxLayout,alignmentX=0.0,alignmentY=0.0,border=,flags=0,maximumSize=,minimumSize=,preferredSize=]
                        org.openscience.jchempaint.JCPToolBar$1[name='square', text='', enabled=true, visible=true, showing=false]
                      javax.swing.Box[,4,74,32x31,layout=javax.swing.BoxLayout,alignmentX=0.0,alignmentY=0.0,border=,flags=0,maximumSize=,minimumSize=,preferredSize=]
                        org.openscience.jchempaint.JCPToolBar$1[name='pentagon', text='', enabled=true, visible=true, showing=false]
                      javax.swing.Box[,4,105,32x31,layout=javax.swing.BoxLayout,alignmentX=0.0,alignmentY=0.0,border=,flags=0,maximumSize=,minimumSize=,preferredSize=]
                        org.openscience.jchempaint.JCPToolBar$1[name='hexagon', text='', enabled=true, visible=true, showing=false]
                      javax.swing.Box[,4,136,32x31,layout=javax.swing.BoxLayout,alignmentX=0.0,alignmentY=0.0,border=,flags=0,maximumSize=,minimumSize=,preferredSize=]
                        org.openscience.jchempaint.JCPToolBar$1[name='benzene', text='', enabled=true, visible=true, showing=false]
                      javax.swing.Box[,4,167,32x31,layout=javax.swing.BoxLayout,alignmentX=0.0,alignmentY=0.0,border=,flags=0,maximumSize=,minimumSize=,preferredSize=]
                        org.openscience.jchempaint.JCPToolBar$1[name='octagon', text='', enabled=true, visible=true, showing=false]
                      javax.swing.JToolBar$Separator[,4,198,32x11,alignmentX=0.0,alignmentY=0.0,border=,flags=0,maximumSize=,minimumSize=,preferredSize=,orientation=HORIZONTAL]
                      javax.swing.Box[,4,209,32x31,layout=javax.swing.BoxLayout,alignmentX=0.0,alignmentY=0.0,border=,flags=0,maximumSize=,minimumSize=,preferredSize=]
                        org.openscience.jchempaint.JCPToolBar$1[name='pasteTemplate', text='', enabled=true, visible=true, showing=false]
                    javax.swing.JToolBar[name=null]
                      javax.swing.Box[,12,2,32x31,layout=javax.swing.BoxLayout,alignmentX=0.0,alignmentY=0.0,border=,flags=0,maximumSize=,minimumSize=,preferredSize=]
                        org.openscience.jchempaint.JCPToolBar$1[name='C', text='', enabled=true, visible=true, showing=false]
                      javax.swing.Box[,44,2,32x31,layout=javax.swing.BoxLayout,alignmentX=0.0,alignmentY=0.0,border=,flags=0,maximumSize=,minimumSize=,preferredSize=]
                        org.openscience.jchempaint.JCPToolBar$1[name='H', text='', enabled=true, visible=true, showing=false]
                      javax.swing.Box[,76,2,32x31,layout=javax.swing.BoxLayout,alignmentX=0.0,alignmentY=0.0,border=,flags=0,maximumSize=,minimumSize=,preferredSize=]
                        org.openscience.jchempaint.JCPToolBar$1[name='O', text='', enabled=true, visible=true, showing=false]
                      javax.swing.Box[,108,2,32x31,layout=javax.swing.BoxLayout,alignmentX=0.0,alignmentY=0.0,border=,flags=0,maximumSize=,minimumSize=,preferredSize=]
                        org.openscience.jchempaint.JCPToolBar$1[name='N', text='', enabled=true, visible=true, showing=false]
                      javax.swing.Box[,140,2,32x31,layout=javax.swing.BoxLayout,alignmentX=0.0,alignmentY=0.0,border=,flags=0,maximumSize=,minimumSize=,preferredSize=]
                        org.openscience.jchempaint.JCPToolBar$1[name='P', text='', enabled=true, visible=true, showing=false]
                      javax.swing.Box[,172,2,32x31,layout=javax.swing.BoxLayout,alignmentX=0.0,alignmentY=0.0,border=,flags=0,maximumSize=,minimumSize=,preferredSize=]
                        org.openscience.jchempaint.JCPToolBar$1[name='S', text='', enabled=true, visible=true, showing=false]
                      javax.swing.Box[,204,2,32x31,layout=javax.swing.BoxLayout,alignmentX=0.0,alignmentY=0.0,border=,flags=0,maximumSize=,minimumSize=,preferredSize=]
                        org.openscience.jchempaint.JCPToolBar$1[name='F', text='', enabled=true, visible=true, showing=false]
                      javax.swing.Box[,236,2,32x31,layout=javax.swing.BoxLayout,alignmentX=0.0,alignmentY=0.0,border=,flags=0,maximumSize=,minimumSize=,preferredSize=]
                        org.openscience.jchempaint.JCPToolBar$1[name='Cl', text='', enabled=true, visible=true, showing=false]
                      javax.swing.Box[,268,2,32x31,layout=javax.swing.BoxLayout,alignmentX=0.0,alignmentY=0.0,border=,flags=0,maximumSize=,minimumSize=,preferredSize=]
                        org.openscience.jchempaint.JCPToolBar$1[name='Br', text='', enabled=true, visible=true, showing=false]
                      javax.swing.Box[,300,2,32x31,layout=javax.swing.BoxLayout,alignmentX=0.0,alignmentY=0.0,border=,flags=0,maximumSize=,minimumSize=,preferredSize=]
                        org.openscience.jchempaint.JCPToolBar$1[name='I', text='', enabled=true, visible=true, showing=false]
                      javax.swing.Box[,332,2,32x31,layout=javax.swing.BoxLayout,alignmentX=0.0,alignmentY=0.0,border=,flags=0,maximumSize=,minimumSize=,preferredSize=]
                        org.openscience.jchempaint.JCPToolBar$1[name='enterelement', text='', enabled=true, visible=true, showing=false]
                      javax.swing.Box[,364,2,32x31,layout=javax.swing.BoxLayout,alignmentX=0.0,alignmentY=0.0,border=,flags=0,maximumSize=,minimumSize=,preferredSize=]
                        org.openscience.jchempaint.JCPToolBar$1[name='periodictable', text='', enabled=true, visible=true, showing=false]
                      javax.swing.Box$Filler[,396,17,300x0,alignmentX=0.0,alignmentY=0.0,border=,flags=0,maximumSize=java.awt.Dimension[width=32767,height=0],minimumSize=java.awt.Dimension[width=0,height=0],preferredSize=java.awt.Dimension[width=0,height=0]]
                    org.openscience.jchempaint.InsertTextPanel[name=null]
                      javax.swing.JComboBox[name=null, selectedItem='', contents=[''], editable=true, enabled=true, visible=true, showing=false]
                        com.apple.laf.AquaComboBoxButton[name=null, text='', enabled=true, visible=true, showing=false]
                        javax.swing.CellRendererPane[,0,0,0x0,hidden]
                        com.apple.laf.AquaComboBoxUI$AquaCustomComboTextField[name=null, text='', enabled=true, visible=true, showing=false]
                      javax.swing.JButton[name=null, text='Insert', enabled=true, visible=true, showing=false]
        javax.swing.JLabel[name='status', text='Applet loaded', enabled=true, visible=true, showing=false]
  javax.swing.Popup$HeavyWeightWindow[name='win0']
    javax.swing.JRootPane[]
      javax.swing.JPanel[name='null.glassPane']
      javax.swing.JLayeredPane[]
        javax.swing.JPanel[name='null.contentPane']
  javax.swing.JDialog[name='dialog0', title='Message', enabled=true, modal=true, visible=false, showing=false]
    javax.swing.JRootPane[]
      javax.swing.JPanel[name='null.glassPane']
      javax.swing.JLayeredPane[]
        javax.swing.JPanel[name='null.contentPane']
  javax.swing.JDialog[name='dialog1', title='Message', enabled=true, modal=true, visible=false, showing=false]
    javax.swing.JRootPane[]
      javax.swing.JPanel[name='null.glassPane']
      javax.swing.JLayeredPane[]
        javax.swing.JPanel[name='null.contentPane']
  javax.swing.JDialog[name='dialog2', title='Message', enabled=true, modal=true, visible=false, showing=false]
    javax.swing.JRootPane[]
      javax.swing.JPanel[name='null.glassPane']
      javax.swing.JLayeredPane[]
        javax.swing.JPanel[name='null.contentPane']

	at org.fest.swing.core.BasicComponentFinder.componentNotFound(BasicComponentFinder.java:271)
	at org.fest.swing.core.BasicComponentFinder.find(BasicComponentFinder.java:260)
	at org.fest.swing.core.BasicComponentFinder.find(BasicComponentFinder.java:254)
	at org.fest.swing.core.BasicComponentFinder.findByName(BasicComponentFinder.java:191)
	at org.fest.swing.fixture.ContainerFixture.findByName(ContainerFixture.java:527)
	at org.fest.swing.fixture.ContainerFixture.panel(ContainerFixture.java:307)
	at org.openscience.jchempaint.AbstractAppletTest.restoreModelWithBasicmol(AbstractAppletTest.java:82)
	at org.openscience.jchempaint.MenuIsotopeTest.genericIsotopeTest(MenuIsotopeTest.java:37)
	at org.openscience.jchempaint.MenuIsotopeTest.testMenuIsotopeMajor(MenuIsotopeTest.java:28)
	at java.base/jdk.internal.reflect.DirectMethodHandleAccessor.invoke(DirectMethodHandleAccessor.java:103)
	at java.base/java.lang.reflect.Method.invoke(Method.java:580)
	at org.junit.runners.model.FrameworkMethod$1.runReflectiveCall(FrameworkMethod.java:59)
	at org.junit.internal.runners.model.ReflectiveCallable.run(ReflectiveCallable.java:12)
	at org.junit.runners.model.FrameworkMethod.invokeExplosively(FrameworkMethod.java:56)
	at org.junit.internal.runners.statements.InvokeMethod.evaluate(InvokeMethod.java:17)
	at org.junit.runners.ParentRunner$3.evaluate(ParentRunner.java:306)
	at org.junit.runners.BlockJUnit4ClassRunner$1.evaluate(BlockJUnit4ClassRunner.java:100)
	at org.junit.runners.ParentRunner.runLeaf(ParentRunner.java:366)
	at org.junit.runners.BlockJUnit4ClassRunner.runChild(BlockJUnit4ClassRunner.java:103)
	at org.junit.runners.BlockJUnit4ClassRunner.runChild(BlockJUnit4ClassRunner.java:63)
	at org.junit.runners.ParentRunner$4.run(ParentRunner.java:331)
	at org.junit.runners.ParentRunner$1.schedule(ParentRunner.java:79)
	at org.junit.runners.ParentRunner.runChildren(ParentRunner.java:329)
	at org.junit.runners.ParentRunner.access$100(ParentRunner.java:66)
	at org.junit.runners.ParentRunner$2.evaluate(ParentRunner.java:293)
	at org.junit.internal.runners.statements.RunBefores.evaluate(RunBefores.java:26)
	at org.junit.internal.runners.statements.RunAfters.evaluate(RunAfters.java:27)
	at org.junit.runners.ParentRunner$3.evaluate(ParentRunner.java:306)
	at org.junit.runners.ParentRunner.run(ParentRunner.java:413)
	at org.apache.maven.surefire.junit4.JUnit4Provider.execute(JUnit4Provider.java:316)
	at org.apache.maven.surefire.junit4.JUnit4Provider.executeWithRerun(JUnit4Provider.java:240)
	at org.apache.maven.surefire.junit4.JUnit4Provider.executeTestSet(JUnit4Provider.java:214)
	at org.apache.maven.surefire.junit4.JUnit4Provider.invoke(JUnit4Provider.java:155)
	at org.apache.maven.surefire.booter.ForkedBooter.runSuitesInProcess(ForkedBooter.java:385)
	at org.apache.maven.surefire.booter.ForkedBooter.execute(ForkedBooter.java:162)
	at org.apache.maven.surefire.booter.ForkedBooter.run(ForkedBooter.java:507)
	at org.apache.maven.surefire.booter.ForkedBooter.main(ForkedBooter.java:495)
]]></error>
  </testcase>
  <testcase name="testMenuIsotopeMajorMinusOne" classname="org.openscience.jchempaint.MenuIsotopeTest" time="0.007">
    <error message="Unable to find component using matcher org.fest.swing.core.NameMatcher[name=&apos;appletframe&apos;, type=javax.swing.JPanel, requireShowing=true].&#10;&#10;Component hierarchy:&#10;org.fest.swing.applet.AppletViewer[name=&apos;frame10&apos;, title=&apos;Applet Viewer: org.openscience.jchempaint.applet.JChemPaintEditorApplet&apos;, enabled=true, visible=false, showing=false]&#10;  javax.swing.JRootPane[]&#10;    javax.swing.JPanel[name=&apos;null.glassPane&apos;]&#10;    javax.swing.JLayeredPane[]&#10;      javax.swing.JPanel[name=&apos;null.contentPane&apos;]&#10;        org.openscience.jchempaint.applet.JChemPaintEditorApplet[name=&apos;panel9&apos;]&#10;          javax.swing.JRootPane[]&#10;            javax.swing.JPanel[name=&apos;null.glassPane&apos;]&#10;            javax.swing.JLayeredPane[]&#10;              javax.swing.JPanel[name=&apos;null.contentPane&apos;]&#10;                org.openscience.jchempaint.JChemPaintPanel[name=&apos;appletframe&apos;]&#10;                  javax.swing.JPanel[name=null]&#10;                    org.openscience.jchempaint.JChemPaintMenuBar[]&#10;                      javax.swing.JMenu[name=&apos;file&apos;, text=&apos;File&apos;, selected=false, enabled=true, visible=true, showing=false]&#10;                        javax.swing.JPopupMenu[name=null, label=null, enabled=true, visible=false, showing=false]&#10;                          javax.swing.JMenuItem[name=&apos;new&apos;, text=&apos;New&apos;, selected=false, enabled=true, visible=true, showing=false]&#10;                          javax.swing.JMenuItem[name=&apos;open&apos;, text=&apos;Open&apos;, selected=false, enabled=true, visible=true, showing=false]&#10;                          javax.swing.JMenuItem[name=&apos;save&apos;, text=&apos;Save&apos;, selected=false, enabled=true, visible=true, showing=false]&#10;                          javax.swing.JMenuItem[name=&apos;saveAs&apos;, text=&apos;Save As...&apos;, selected=false, enabled=true, visible=true, showing=false]&#10;                          javax.swing.JPopupMenu$Separator[,0,80,180x12,invalid,alignmentX=0.0,alignmentY=0.0,border=,flags=0,maximumSize=,minimumSize=,preferredSize=,orientation=HORIZONTAL]&#10;                          javax.swing.JMenuItem[name=&apos;export&apos;, text=&apos;Save As Image...&apos;, selected=false, enabled=true, visible=true, showing=false]&#10;                          javax.swing.JMenuItem[name=&apos;print&apos;, text=&apos;Print...&apos;, selected=false, enabled=true, visible=true, showing=false]&#10;                      javax.swing.JMenu[name=&apos;edit&apos;, text=&apos;Edit&apos;, selected=false, enabled=true, visible=true, showing=false]&#10;                        javax.swing.JPopupMenu[name=null, label=null, enabled=true, visible=false, showing=false]&#10;                          javax.swing.JMenuItem[name=&apos;undo&apos;, text=&apos;Undo&apos;, selected=false, enabled=true, visible=true, showing=false]&#10;                          javax.swing.JMenuItem[name=&apos;redo&apos;, text=&apos;Redo&apos;, selected=false, enabled=false, visible=true, showing=false]&#10;                          javax.swing.JPopupMenu$Separator[,0,0,0x0,invalid,alignmentX=0.0,alignmentY=0.0,border=,flags=0,maximumSize=,minimumSize=,preferredSize=,orientation=HORIZONTAL]&#10;                          javax.swing.JMenuItem[name=&apos;cut&apos;, text=&apos;Cut&apos;, selected=false, enabled=true, visible=true, showing=false]&#10;                          javax.swing.JMenuItem[name=&apos;copy&apos;, text=&apos;Copy&apos;, selected=false, enabled=true, visible=true, showing=false]&#10;                          javax.swing.JMenuItem[name=&apos;copyAsSmiles&apos;, text=&apos;Copy As SMILES&apos;, selected=false, enabled=true, visible=true, showing=false]&#10;                          javax.swing.JMenuItem[name=&apos;paste&apos;, text=&apos;Paste&apos;, selected=false, enabled=true, visible=true, showing=false]&#10;                          javax.swing.JPopupMenu$Separator[,0,0,0x0,invalid,alignmentX=0.0,alignmentY=0.0,border=,flags=0,maximumSize=,minimumSize=,preferredSize=,orientation=HORIZONTAL]&#10;                          javax.swing.JMenuItem[name=&apos;eraser&apos;, text=&apos;Delete&apos;, selected=false, enabled=true, visible=true, showing=false]&#10;                          javax.swing.JMenuItem[name=&apos;selectAll&apos;, text=&apos;Select All&apos;, selected=false, enabled=true, visible=true, showing=false]&#10;                          javax.swing.JPopupMenu$Separator[,0,0,0x0,invalid,alignmentX=0.0,alignmentY=0.0,border=,flags=0,maximumSize=,minimumSize=,preferredSize=,orientation=HORIZONTAL]&#10;                          javax.swing.JMenuItem[name=&apos;options&apos;, text=&apos;Preferences...&apos;, selected=false, enabled=true, visible=true, showing=false]&#10;                      javax.swing.JMenu[name=&apos;view&apos;, text=&apos;View&apos;, selected=false, enabled=true, visible=true, showing=false]&#10;                        javax.swing.JPopupMenu[name=null, label=null, enabled=true, visible=false, showing=false]&#10;                          javax.swing.JMenuItem[name=&apos;zoomin&apos;, text=&apos;Zoom In&apos;, selected=false, enabled=true, visible=true, showing=false]&#10;                          javax.swing.JMenuItem[name=&apos;zoomout&apos;, text=&apos;Zoom Out&apos;, selected=false, enabled=true, visible=true, showing=false]&#10;                          javax.swing.JMenuItem[name=&apos;zoomoriginal&apos;, text=&apos;Zoom 100%&apos;, selected=false, enabled=true, visible=true, showing=false]&#10;                          javax.swing.JPopupMenu$Separator[,0,61,180x12,invalid,alignmentX=0.0,alignmentY=0.0,border=,flags=0,maximumSize=,minimumSize=,preferredSize=,orientation=HORIZONTAL]&#10;                          javax.swing.JMenuItem[name=&apos;cleanup&apos;, text=&apos;Clean Structure&apos;, selected=false, enabled=true, visible=true, showing=false]&#10;                          javax.swing.JMenu[name=&apos;flip&apos;, text=&apos;Flip&apos;, selected=false, enabled=true, visible=true, showing=false]&#10;                            javax.swing.JPopupMenu[name=null, label=null, enabled=true, visible=false, showing=false]&#10;                              javax.swing.JMenuItem[name=&apos;flipHorizontal&apos;, text=&apos;Horizontal&apos;, selected=false, enabled=true, visible=true, showing=false]&#10;                              javax.swing.JMenuItem[name=&apos;flipVertical&apos;, text=&apos;Vertical&apos;, selected=false, enabled=true, visible=true, showing=false]&#10;                          javax.swing.JMenu[name=&apos;hydrogen&apos;, text=&apos;Implicit Hydrogens&apos;, selected=false, enabled=true, visible=true, showing=false]&#10;                            javax.swing.JPopupMenu[name=null, label=null, enabled=true, visible=false, showing=false]&#10;                              javax.swing.JMenuItem[name=&apos;hydroon&apos;, text=&apos;On All&apos;, selected=false, enabled=true, visible=true, showing=false]&#10;                              javax.swing.JMenuItem[name=&apos;hydrooff&apos;, text=&apos;Off&apos;, selected=false, enabled=true, visible=true, showing=false]&#10;                      javax.swing.JMenu[name=&apos;atomMenu&apos;, text=&apos;Atom&apos;, selected=false, enabled=true, visible=true, showing=false]&#10;                        javax.swing.JPopupMenu[name=null, label=null, enabled=true, visible=false, showing=false]&#10;                          javax.swing.JMenu[name=&apos;formalCharge&apos;, text=&apos;Charge&apos;, selected=false, enabled=true, visible=true, showing=false]&#10;                            javax.swing.JPopupMenu[name=null, label=null, enabled=true, visible=false, showing=false]&#10;                              javax.swing.JMenuItem[name=&apos;plus&apos;, text=&apos;Plus&apos;, selected=false, enabled=true, visible=true, showing=false]&#10;                              javax.swing.JMenuItem[name=&apos;minus&apos;, text=&apos;Minus&apos;, selected=false, enabled=true, visible=true, showing=false]&#10;                          javax.swing.JMenu[name=&apos;hydrogen&apos;, text=&apos;Implicit Hydrogens&apos;, selected=false, enabled=true, visible=true, showing=false]&#10;                            javax.swing.JPopupMenu[name=null, label=null, enabled=true, visible=false, showing=false]&#10;                              javax.swing.JMenuItem[name=&apos;hydroon2&apos;, text=&apos;On All&apos;, selected=false, enabled=true, visible=true, showing=false]&#10;                              javax.swing.JMenuItem[name=&apos;hydrooff2&apos;, text=&apos;Off&apos;, selected=false, enabled=true, visible=true, showing=false]&#10;                          javax.swing.JMenu[name=&apos;isotopeChange&apos;, text=&apos;Isotopes&apos;, selected=false, enabled=true, visible=true, showing=false]&#10;                            javax.swing.JPopupMenu[name=null, label=null, enabled=true, visible=false, showing=false]&#10;                              javax.swing.JMenuItem[name=&apos;majorPlusThree&apos;, text=&apos;Major Plus 3&apos;, selected=false, enabled=true, visible=true, showing=false]&#10;                              javax.swing.JMenuItem[name=&apos;majorPlusTwo&apos;, text=&apos;Major Plus 2&apos;, selected=false, enabled=true, visible=true, showing=false]&#10;                              javax.swing.JMenuItem[name=&apos;majorPlusOne&apos;, text=&apos;Major Plus 1&apos;, selected=false, enabled=true, visible=true, showing=false]&#10;                              javax.swing.JMenuItem[name=&apos;major&apos;, text=&apos;Major Isotope&apos;, selected=false, enabled=true, visible=true, showing=false]&#10;                              javax.swing.JMenuItem[name=&apos;majorMinusOne&apos;, text=&apos;Major Minus 1&apos;, selected=false, enabled=true, visible=true, showing=false]&#10;                              javax.swing.JMenuItem[name=&apos;majorMinusTwo&apos;, text=&apos;Major Minus 2&apos;, selected=false, enabled=true, visible=true, showing=false]&#10;                              javax.swing.JMenuItem[name=&apos;majorMinusThree&apos;, text=&apos;Major Minus 3&apos;, selected=false, enabled=true, visible=true, showing=false]&#10;                          javax.swing.JMenu[name=&apos;radical&apos;, text=&apos;Radical&apos;, selected=false, enabled=true, visible=true, showing=false]&#10;                            javax.swing.JPopupMenu[name=null, label=null, enabled=true, visible=false, showing=false]&#10;                              javax.swing.JMenuItem[name=&apos;convertToRadical&apos;, text=&apos;Add Single Electron&apos;, selected=false, enabled=true, visible=true, showing=false]&#10;                              javax.swing.JMenuItem[name=&apos;convertFromRadical&apos;, text=&apos;Remove Single Electron&apos;, selected=false, enabled=true, visible=true, showing=false]&#10;                          javax.swing.JMenu[name=&apos;pseudoSymbols&apos;, text=&apos;Pseudo Atoms&apos;, selected=false, enabled=true, visible=true, showing=false]&#10;                            javax.swing.JPopupMenu[name=null, label=null, enabled=true, visible=false, showing=false]&#10;                              javax.swing.JMenuItem[name=&apos;pseudoR&apos;, text=&apos;R&apos;, selected=false, enabled=true, visible=true, showing=false]&#10;                              javax.swing.JMenuItem[name=&apos;pseudoR1&apos;, text=&apos;R1&apos;, selected=false, enabled=true, visible=true, showing=false]&#10;                              javax.swing.JMenuItem[name=&apos;pseudoR2&apos;, text=&apos;R2&apos;, selected=false, enabled=true, visible=true, showing=false]&#10;                              javax.swing.JMenuItem[name=&apos;pseudoR3&apos;, text=&apos;R3&apos;, selected=false, enabled=true, visible=true, showing=false]&#10;                              javax.swing.JMenuItem[name=&apos;pseudoR4&apos;, text=&apos;R4&apos;, selected=false, enabled=true, visible=true, showing=false]&#10;                              javax.swing.JMenuItem[name=&apos;pseudoRX&apos;, text=&apos;Other...&apos;, selected=false, enabled=true, visible=true, showing=false]&#10;                          javax.swing.JMenuItem[name=&apos;pseudoStar&apos;, text=&apos;Variable Attachment Point *&apos;, selected=false, enabled=true, visible=true, showing=false]&#10;                          javax.swing.JMenu[name=&apos;valence&apos;, text=&apos;Valence&apos;, selected=false, enabled=true, visible=true, showing=false]&#10;                            javax.swing.JPopupMenu[name=null, label=null, enabled=true, visible=false, showing=false]&#10;                              javax.swing.JMenuItem[name=&apos;valenceOff&apos;, text=&apos;Valence Off&apos;, selected=false, enabled=true, visible=true, showing=false]&#10;                              javax.swing.JMenuItem[name=&apos;valence1&apos;, text=&apos;Valence 1&apos;, selected=false, enabled=true, visible=true, showing=false]&#10;                              javax.swing.JMenuItem[name=&apos;valence2&apos;, text=&apos;Valence 2&apos;, selected=false, enabled=true, visible=true, showing=false]&#10;                              javax.swing.JMenuItem[name=&apos;valence3&apos;, text=&apos;Valence 3&apos;, selected=false, enabled=true, visible=true, showing=false]&#10;                              javax.swing.JMenuItem[name=&apos;valence4&apos;, text=&apos;Valence 4&apos;, selected=false, enabled=true, visible=true, showing=false]&#10;                              javax.swing.JMenuItem[name=&apos;valence5&apos;, text=&apos;Valence 5&apos;, selected=false, enabled=true, visible=true, showing=false]&#10;                              javax.swing.JMenuItem[name=&apos;valence6&apos;, text=&apos;Valence 6&apos;, selected=false, enabled=true, visible=true, showing=false]&#10;                              javax.swing.JMenuItem[name=&apos;valence7&apos;, text=&apos;Valence 7&apos;, selected=false, enabled=true, visible=true, showing=false]&#10;                              javax.swing.JMenuItem[name=&apos;valence8&apos;, text=&apos;Valence 8&apos;, selected=false, enabled=true, visible=true, showing=false]&#10;                          javax.swing.JMenu[name=&apos;symbolChange&apos;, text=&apos;Change Element&apos;, selected=false, enabled=true, visible=true, showing=false]&#10;                            javax.swing.JPopupMenu[name=null, label=null, enabled=true, visible=false, showing=false]&#10;                              javax.swing.JMenuItem[name=&apos;periodictable&apos;, text=&apos;Periodic Table&apos;, selected=false, enabled=true, visible=true, showing=false]&#10;                              javax.swing.JMenuItem[name=&apos;enterelement&apos;, text=&apos;Custom&apos;, selected=false, enabled=true, visible=true, showing=false]&#10;                              javax.swing.JPopupMenu$Separator[,0,0,0x0,invalid,alignmentX=0.0,alignmentY=0.0,border=,flags=0,maximumSize=,minimumSize=,preferredSize=,orientation=HORIZONTAL]&#10;                              javax.swing.JMenu[name=&apos;commonSymbols&apos;, text=&apos;Common Elements&apos;, selected=false, enabled=true, visible=true, showing=false]&#10;                                javax.swing.JPopupMenu[name=null, label=null, enabled=true, visible=false, showing=false]&#10;                                  javax.swing.JMenuItem[name=&apos;symbolH&apos;, text=&apos;H&apos;, selected=false, enabled=true, visible=true, showing=false]&#10;                                  javax.swing.JMenuItem[name=&apos;symbolC&apos;, text=&apos;C&apos;, selected=false, enabled=true, visible=true, showing=false]&#10;                                  javax.swing.JMenuItem[name=&apos;symbolN&apos;, text=&apos;N&apos;, selected=false, enabled=true, visible=true, showing=false]&#10;                                  javax.swing.JMenuItem[name=&apos;symbolO&apos;, text=&apos;O&apos;, selected=false, enabled=true, visible=true, showing=false]&#10;                                  javax.swing.JMenuItem[name=&apos;symbolS&apos;, text=&apos;S&apos;, selected=false, enabled=true, visible=true, showing=false]&#10;                                  javax.swing.JMenuItem[name=&apos;symbolF&apos;, text=&apos;F&apos;, selected=false, enabled=true, visible=true, showing=false]&#10;                                  javax.swing.JMenuItem[name=&apos;symbolP&apos;, text=&apos;P&apos;, selected=false, enabled=true, visible=true, showing=false]&#10;                                  javax.swing.JMenuItem[name=&apos;symbolCl&apos;, text=&apos;Cl&apos;, selected=false, enabled=true, visible=true, showing=false]&#10;                                  javax.swing.JMenuItem[name=&apos;symbolBr&apos;, text=&apos;Br&apos;, selected=false, enabled=true, visible=true, showing=false]&#10;                                  javax.swing.JMenuItem[name=&apos;symbolI&apos;, text=&apos;I&apos;, selected=false, enabled=true, visible=true, showing=false]&#10;                              javax.swing.JMenu[name=&apos;alkaliMetals&apos;, text=&apos;Alkali Metals&apos;, selected=false, enabled=true, visible=true, showing=false]&#10;                                javax.swing.JPopupMenu[name=null, label=null, enabled=true, visible=false, showing=false]&#10;                                  javax.swing.JMenuItem[name=&apos;symbolLi&apos;, text=&apos;Li&apos;, selected=false, enabled=true, visible=true, showing=false]&#10;                                  javax.swing.JMenuItem[name=&apos;symbolNa&apos;, text=&apos;Na&apos;, selected=false, enabled=true, visible=true, showing=false]&#10;                                  javax.swing.JMenuItem[name=&apos;symbolK&apos;, text=&apos;K&apos;, selected=false, enabled=true, visible=true, showing=false]&#10;                                  javax.swing.JMenuItem[name=&apos;symbolRb&apos;, text=&apos;Rb&apos;, selected=false, enabled=true, visible=true, showing=false]&#10;                                  javax.swing.JMenuItem[name=&apos;symbolCs&apos;, text=&apos;Cs&apos;, selected=false, enabled=true, visible=true, showing=false]&#10;                                  javax.swing.JMenuItem[name=&apos;symbolFr&apos;, text=&apos;Fr&apos;, selected=false, enabled=true, visible=true, showing=false]&#10;                              javax.swing.JMenu[name=&apos;alkaliEarthMetals&apos;, text=&apos;Alkali Earth Metals&apos;, selected=false, enabled=true, visible=true, showing=false]&#10;                                javax.swing.JPopupMenu[name=null, label=null, enabled=true, visible=false, showing=false]&#10;                                  javax.swing.JMenuItem[name=&apos;symbolBe&apos;, text=&apos;Be&apos;, selected=false, enabled=true, visible=true, showing=false]&#10;                                  javax.swing.JMenuItem[name=&apos;symbolMg&apos;, text=&apos;Mg&apos;, selected=false, enabled=true, visible=true, showing=false]&#10;                                  javax.swing.JMenuItem[name=&apos;symbolCa&apos;, text=&apos;Ca&apos;, selected=false, enabled=true, visible=true, showing=false]&#10;                                  javax.swing.JMenuItem[name=&apos;symbolSr&apos;, text=&apos;Sr&apos;, selected=false, enabled=true, visible=true, showing=false]&#10;                                  javax.swing.JMenuItem[name=&apos;symbolBa&apos;, text=&apos;Ba&apos;, selected=false, enabled=true, visible=true, showing=false]&#10;                                  javax.swing.JMenuItem[name=&apos;symbolRa&apos;, text=&apos;Ra&apos;, selected=false, enabled=true, visible=true, showing=false]&#10;                              javax.swing.JMenu[name=&apos;transitionMetals&apos;, text=&apos;Transition Metals&apos;, selected=false, enabled=true, visible=true, showing=false]&#10;                                javax.swing.JPopupMenu[name=null, label=null, enabled=true, visible=false, showing=false]&#10;                                  javax.swing.JMenuItem[name=&apos;symbolSc&apos;, text=&apos;Sc&apos;, selected=false, enabled=true, visible=true, showing=false]&#10;                                  javax.swing.JMenuItem[name=&apos;symbolTi&apos;, text=&apos;Ti&apos;, selected=false, enabled=true, visible=true, showing=false]&#10;                                  javax.swing.JMenuItem[name=&apos;symbolV&apos;, text=&apos;V&apos;, selected=false, enabled=true, visible=true, showing=false]&#10;                                  javax.swing.JMenuItem[name=&apos;symbolCr&apos;, text=&apos;Cr&apos;, selected=false, enabled=true, visible=true, showing=false]&#10;                                  javax.swing.JMenuItem[name=&apos;symbolMn&apos;, text=&apos;Mn&apos;, selected=false, enabled=true, visible=true, showing=false]&#10;                                  javax.swing.JMenuItem[name=&apos;symbolFe&apos;, text=&apos;Fe&apos;, selected=false, enabled=true, visible=true, showing=false]&#10;                                  javax.swing.JMenuItem[name=&apos;symbolCo&apos;, text=&apos;Co&apos;, selected=false, enabled=true, visible=true, showing=false]&#10;                                  javax.swing.JMenuItem[name=&apos;symbolNi&apos;, text=&apos;Ni&apos;, selected=false, enabled=true, visible=true, showing=false]&#10;                                  javax.swing.JMenuItem[name=&apos;symbolCu&apos;, text=&apos;Cu&apos;, selected=false, enabled=true, visible=true, showing=false]&#10;                                  javax.swing.JMenuItem[name=&apos;symbolZn&apos;, text=&apos;Zn&apos;, selected=false, enabled=true, visible=true, showing=false]&#10;                                  javax.swing.JMenuItem[name=&apos;symbolY&apos;, text=&apos;Y&apos;, selected=false, enabled=true, visible=true, showing=false]&#10;                                  javax.swing.JMenuItem[name=&apos;symbolZr&apos;, text=&apos;Zr&apos;, selected=false, enabled=true, visible=true, showing=false]&#10;                                  javax.swing.JMenuItem[name=&apos;symbolNb&apos;, text=&apos;Nb&apos;, selected=false, enabled=true, visible=true, showing=false]&#10;                                  javax.swing.JMenuItem[name=&apos;symbolMo&apos;, text=&apos;Mo&apos;, selected=false, enabled=true, visible=true, showing=false]&#10;                                  javax.swing.JMenuItem[name=&apos;symbolTc&apos;, text=&apos;Tc&apos;, selected=false, enabled=true, visible=true, showing=false]&#10;                                  javax.swing.JMenuItem[name=&apos;symbolRu&apos;, text=&apos;Ru&apos;, selected=false, enabled=true, visible=true, showing=false]&#10;                                  javax.swing.JMenuItem[name=&apos;symbolRh&apos;, text=&apos;Rh&apos;, selected=false, enabled=true, visible=true, showing=false]&#10;                                  javax.swing.JMenuItem[name=&apos;symbolPd&apos;, text=&apos;Pd&apos;, selected=false, enabled=true, visible=true, showing=false]&#10;                                  javax.swing.JMenuItem[name=&apos;symbolAg&apos;, text=&apos;Ag&apos;, selected=false, enabled=true, visible=true, showing=false]&#10;                                  javax.swing.JMenuItem[name=&apos;symbolCd&apos;, text=&apos;Cd&apos;, selected=false, enabled=true, visible=true, showing=false]&#10;                                  javax.swing.JMenuItem[name=&apos;symbolHf&apos;, text=&apos;Hf&apos;, selected=false, enabled=true, visible=true, showing=false]&#10;                                  javax.swing.JMenuItem[name=&apos;symbolTa&apos;, text=&apos;Ta&apos;, selected=false, enabled=true, visible=true, showing=false]&#10;                                  javax.swing.JMenuItem[name=&apos;symbolW&apos;, text=&apos;W&apos;, selected=false, enabled=true, visible=true, showing=false]&#10;                                  javax.swing.JMenuItem[name=&apos;symbolRe&apos;, text=&apos;Re&apos;, selected=false, enabled=true, visible=true, showing=false]&#10;                                  javax.swing.JMenuItem[name=&apos;symbolOs&apos;, text=&apos;Os&apos;, selected=false, enabled=true, visible=true, showing=false]&#10;                                  javax.swing.JMenuItem[name=&apos;symbolIr&apos;, text=&apos;Ir&apos;, selected=false, enabled=true, visible=true, showing=false]&#10;                                  javax.swing.JMenuItem[name=&apos;symbolPt&apos;, text=&apos;Pt&apos;, selected=false, enabled=true, visible=true, showing=false]&#10;                                  javax.swing.JMenuItem[name=&apos;symbolAu&apos;, text=&apos;Au&apos;, selected=false, enabled=true, visible=true, showing=false]&#10;                                  javax.swing.JMenuItem[name=&apos;symbolHg&apos;, text=&apos;Hg&apos;, selected=false, enabled=true, visible=true, showing=false]&#10;                                  javax.swing.JMenuItem[name=&apos;symbolRf&apos;, text=&apos;Rf&apos;, selected=false, enabled=true, visible=true, showing=false]&#10;                                  javax.swing.JMenuItem[name=&apos;symbolDb&apos;, text=&apos;Db&apos;, selected=false, enabled=true, visible=true, showing=false]&#10;                                  javax.swing.JMenuItem[name=&apos;symbolSg&apos;, text=&apos;Sg&apos;, selected=false, enabled=true, visible=true, showing=false]&#10;                                  javax.swing.JMenuItem[name=&apos;symbolBh&apos;, text=&apos;Bh&apos;, selected=false, enabled=true, visible=true, showing=false]&#10;                                  javax.swing.JMenuItem[name=&apos;symbolHs&apos;, text=&apos;Hs&apos;, selected=false, enabled=true, visible=true, showing=false]&#10;                                  javax.swing.JMenuItem[name=&apos;symbolMt&apos;, text=&apos;Mt&apos;, selected=false, enabled=true, visible=true, showing=false]&#10;                                  javax.swing.JMenuItem[name=&apos;symbolDs&apos;, text=&apos;Ds&apos;, selected=false, enabled=true, visible=true, showing=false]&#10;                                  javax.swing.JMenuItem[name=&apos;symbolRg&apos;, text=&apos;Rg&apos;, selected=false, enabled=true, visible=true, showing=false]&#10;                              javax.swing.JMenu[name=&apos;metals&apos;, text=&apos;Metals&apos;, selected=false, enabled=true, visible=true, showing=false]&#10;                                javax.swing.JPopupMenu[name=null, label=null, enabled=true, visible=false, showing=false]&#10;                                  javax.swing.JMenuItem[name=&apos;symbolAl&apos;, text=&apos;Al&apos;, selected=false, enabled=true, visible=true, showing=false]&#10;                                  javax.swing.JMenuItem[name=&apos;symbolGa&apos;, text=&apos;Ga&apos;, selected=false, enabled=true, visible=true, showing=false]&#10;                                  javax.swing.JMenuItem[name=&apos;symbolIn&apos;, text=&apos;In&apos;, selected=false, enabled=true, visible=true, showing=false]&#10;                                  javax.swing.JMenuItem[name=&apos;symbolSn&apos;, text=&apos;Sn&apos;, selected=false, enabled=true, visible=true, showing=false]&#10;                                  javax.swing.JMenuItem[name=&apos;symbolTl&apos;, text=&apos;Tl&apos;, selected=false, enabled=true, visible=true, showing=false]&#10;                                  javax.swing.JMenuItem[name=&apos;symbolPb&apos;, text=&apos;Pb&apos;, selected=false, enabled=true, visible=true, showing=false]&#10;                                  javax.swing.JMenuItem[name=&apos;symbolBi&apos;, text=&apos;Bi&apos;, selected=false, enabled=true, visible=true, showing=false]&#10;                              javax.swing.JMenu[name=&apos;metalloids&apos;, text=&apos;Metalloids&apos;, selected=false, enabled=true, visible=true, showing=false]&#10;                                javax.swing.JPopupMenu[name=null, label=null, enabled=true, visible=false, showing=false]&#10;                                  javax.swing.JMenuItem[name=&apos;symbolB&apos;, text=&apos;B&apos;, selected=false, enabled=true, visible=true, showing=false]&#10;                                  javax.swing.JMenuItem[name=&apos;symbolSi&apos;, text=&apos;Si&apos;, selected=false, enabled=true, visible=true, showing=false]&#10;                                  javax.swing.JMenuItem[name=&apos;symbolGe&apos;, text=&apos;Ge&apos;, selected=false, enabled=true, visible=true, showing=false]&#10;                                  javax.swing.JMenuItem[name=&apos;symbolAs&apos;, text=&apos;As&apos;, selected=false, enabled=true, visible=true, showing=false]&#10;                                  javax.swing.JMenuItem[name=&apos;symbolSb&apos;, text=&apos;Sb&apos;, selected=false, enabled=true, visible=true, showing=false]&#10;                                  javax.swing.JMenuItem[name=&apos;symbolTe&apos;, text=&apos;Te&apos;, selected=false, enabled=true, visible=true, showing=false]&#10;                                  javax.swing.JMenuItem[name=&apos;symbolPo&apos;, text=&apos;Po&apos;, selected=false, enabled=true, visible=true, showing=false]&#10;                              javax.swing.JMenu[name=&apos;halogenSymbols&apos;, text=&apos;Halogens&apos;, selected=false, enabled=true, visible=true, showing=false]&#10;                                javax.swing.JPopupMenu[name=null, label=null, enabled=true, visible=false, showing=false]&#10;                                  javax.swing.JMenuItem[name=&apos;symbolF2&apos;, text=&apos;F&apos;, selected=false, enabled=true, visible=true, showing=false]&#10;                                  javax.swing.JMenuItem[name=&apos;symbolCl2&apos;, text=&apos;Cl&apos;, selected=false, enabled=true, visible=true, showing=false]&#10;                                  javax.swing.JMenuItem[name=&apos;symbolBr2&apos;, text=&apos;Br&apos;, selected=false, enabled=true, visible=true, showing=false]&#10;                                  javax.swing.JMenuItem[name=&apos;symbolI2&apos;, text=&apos;I&apos;, selected=false, enabled=true, visible=true, showing=false]&#10;                              javax.swing.JMenu[name=&apos;nobelSymbols&apos;, text=&apos;Nobel Gases&apos;, selected=false, enabled=true, visible=true, showing=false]&#10;                                javax.swing.JPopupMenu[name=null, label=null, enabled=true, visible=false, showing=false]&#10;                                  javax.swing.JMenuItem[name=&apos;symbolHe&apos;, text=&apos;He&apos;, selected=false, enabled=true, visible=true, showing=false]&#10;                                  javax.swing.JMenuItem[name=&apos;symbolNe&apos;, text=&apos;Ne&apos;, selected=false, enabled=true, visible=true, showing=false]&#10;                                  javax.swing.JMenuItem[name=&apos;symbolAr&apos;, text=&apos;Ar&apos;, selected=false, enabled=true, visible=true, showing=false]&#10;                      javax.swing.JMenu[name=&apos;bondMenu&apos;, text=&apos;Bond&apos;, selected=false, enabled=true, visible=true, showing=false]&#10;                        javax.swing.JPopupMenu[name=null, label=null, enabled=true, visible=false, showing=false]&#10;                          javax.swing.JMenuItem[name=&apos;bond&apos;, text=&apos;Single&apos;, selected=false, enabled=false, visible=true, showing=false]&#10;                          javax.swing.JMenuItem[name=&apos;double_bond&apos;, text=&apos;Double&apos;, selected=false, enabled=false, visible=true, showing=false]&#10;                          javax.swing.JMenuItem[name=&apos;triple_bond&apos;, text=&apos;Triple&apos;, selected=false, enabled=false, visible=true, showing=false]&#10;                          javax.swing.JMenuItem[name=&apos;quad_bond&apos;, text=&apos;Quadruple&apos;, selected=false, enabled=false, visible=true, showing=false]&#10;                          javax.swing.JMenuItem[name=&apos;up_bond&apos;, text=&apos;Stereo Up&apos;, selected=false, enabled=false, visible=true, showing=false]&#10;                          javax.swing.JMenuItem[name=&apos;down_bond&apos;, text=&apos;Stereo Down&apos;, selected=false, enabled=false, visible=true, showing=false]&#10;                          javax.swing.JMenuItem[name=&apos;undefined_bond&apos;, text=&apos;Undefined Stereo&apos;, selected=false, enabled=false, visible=true, showing=false]&#10;                          javax.swing.JMenuItem[name=&apos;undefined_stereo_bond&apos;, text=&apos;Undefined E/Z&apos;, selected=false, enabled=false, visible=true, showing=false]&#10;                      javax.swing.JMenu[name=&apos;tools&apos;, text=&apos;Tools&apos;, selected=false, enabled=true, visible=true, showing=false]&#10;                        javax.swing.JPopupMenu[name=null, label=null, enabled=true, visible=false, showing=false]&#10;                          javax.swing.JMenuItem[name=&apos;cleanup2&apos;, text=&apos;Clean Structure&apos;, selected=false, enabled=true, visible=true, showing=false]&#10;                          javax.swing.JPopupMenu$Separator[,0,0,0x0,invalid,alignmentX=0.0,alignmentY=0.0,border=,flags=0,maximumSize=,minimumSize=,preferredSize=,orientation=HORIZONTAL]&#10;                          javax.swing.JMenuItem[name=&apos;createSMILES&apos;, text=&apos;Create SMILES&apos;, selected=false, enabled=true, visible=true, showing=false]&#10;                          javax.swing.JMenuItem[name=&apos;createInChI&apos;, text=&apos;Create InChI&apos;, selected=false, enabled=true, visible=true, showing=false]&#10;                      javax.swing.JMenu[name=&apos;rgroupMenu&apos;, text=&apos;R-groups&apos;, selected=false, enabled=true, visible=true, showing=false]&#10;                        javax.swing.JPopupMenu[name=null, label=null, enabled=true, visible=false, showing=false]&#10;                          javax.swing.JMenuItem[name=&apos;setRoot&apos;, text=&apos;Define as Root Structure&apos;, selected=false, enabled=true, visible=true, showing=false]&#10;                          javax.swing.JMenuItem[name=&apos;setSubstitute&apos;, text=&apos;Define as Substituent&apos;, selected=false, enabled=true, visible=true, showing=false]&#10;                          javax.swing.JMenuItem[name=&apos;rgpAdvanced&apos;, text=&apos;Advanced R-group logic&apos;, selected=false, enabled=true, visible=true, showing=false]&#10;                          javax.swing.JMenuItem[name=&apos;rgpGenerate&apos;, text=&apos;Generate possible configurations (sdf) &apos;, selected=false, enabled=true, visible=true, showing=false]&#10;                          javax.swing.JMenuItem[name=&apos;clearRgroup&apos;, text=&apos;Remove R-group aspects&apos;, selected=false, enabled=true, visible=true, showing=false]&#10;                      javax.swing.JMenu[name=&apos;templates&apos;, text=&apos;Templates&apos;, selected=false, enabled=true, visible=true, showing=false]&#10;                        javax.swing.JPopupMenu[name=null, label=null, enabled=true, visible=false, showing=false]&#10;                          javax.swing.JMenuItem[name=&apos;pasteTemplate&apos;, text=&apos;All Templates&apos;, selected=false, enabled=true, visible=true, showing=false]&#10;                          javax.swing.JPopupMenu$Separator[,0,0,0x0,invalid,alignmentX=0.0,alignmentY=0.0,border=,flags=0,maximumSize=,minimumSize=,preferredSize=,orientation=HORIZONTAL]&#10;                          javax.swing.JMenuItem[name=&apos;alkaloids&apos;, text=&apos;Alkaloids&apos;, selected=false, enabled=true, visible=true, showing=false]&#10;                          javax.swing.JMenuItem[name=&apos;amino_acids&apos;, text=&apos;Amino Acids&apos;, selected=false, enabled=true, visible=true, showing=false]&#10;                          javax.swing.JMenuItem[name=&apos;beta_lactams&apos;, text=&apos;Beta Lactams&apos;, selected=false, enabled=true, visible=true, showing=false]&#10;                          javax.swing.JMenuItem[name=&apos;carbohydrates&apos;, text=&apos;Carbohydrates&apos;, selected=false, enabled=true, visible=true, showing=false]&#10;                          javax.swing.JMenuItem[name=&apos;inositols&apos;, text=&apos;Inositols&apos;, selected=false, enabled=true, visible=true, showing=false]&#10;                          javax.swing.JMenuItem[name=&apos;lipids&apos;, text=&apos;Lipids&apos;, selected=false, enabled=true, visible=true, showing=false]&#10;                          javax.swing.JMenuItem[name=&apos;nucleosides&apos;, text=&apos;Nucleosides&apos;, selected=false, enabled=true, visible=true, showing=false]&#10;                          javax.swing.JMenuItem[name=&apos;porphyrins&apos;, text=&apos;Porphyrins&apos;, selected=false, enabled=true, visible=true, showing=false]&#10;                          javax.swing.JMenuItem[name=&apos;protecting_groups&apos;, text=&apos;Protecting Groups&apos;, selected=false, enabled=true, visible=true, showing=false]&#10;                          javax.swing.JMenuItem[name=&apos;steroids&apos;, text=&apos;Steroids&apos;, selected=false, enabled=true, visible=true, showing=false]&#10;                          javax.swing.JMenuItem[name=&apos;pahs&apos;, text=&apos;PAHs&apos;, selected=false, enabled=true, visible=true, showing=false]&#10;                          javax.swing.JMenuItem[name=&apos;miscellaneous&apos;, text=&apos;Miscellaneous&apos;, selected=false, enabled=true, visible=true, showing=false]&#10;                      javax.swing.Box$Filler[,473,10,178x0,alignmentX=0.0,alignmentY=0.0,border=,flags=0,maximumSize=java.awt.Dimension[width=32767,height=0],minimumSize=java.awt.Dimension[width=0,height=0],preferredSize=java.awt.Dimension[width=0,height=0]]&#10;                      javax.swing.JMenu[name=&apos;help&apos;, text=&apos;Help&apos;, selected=false, enabled=true, visible=true, showing=false]&#10;                        javax.swing.JPopupMenu[name=null, label=null, enabled=true, visible=false, showing=false]&#10;                          javax.swing.JMenuItem[name=&apos;help&apos;, text=&apos;Help&apos;, selected=false, enabled=true, visible=true, showing=false]&#10;                          javax.swing.JMenuItem[name=&apos;tutorial&apos;, text=&apos;Basic Tutorial&apos;, selected=false, enabled=true, visible=true, showing=false]&#10;                          javax.swing.JMenuItem[name=&apos;rgpTutorial&apos;, text=&apos;R-group Tutorial&apos;, selected=false, enabled=true, visible=true, showing=false]&#10;                          javax.swing.JPopupMenu$Separator[,0,0,0x0,invalid,alignmentX=0.0,alignmentY=0.0,border=,flags=0,maximumSize=,minimumSize=,preferredSize=,orientation=HORIZONTAL]&#10;                          javax.swing.JMenuItem[name=&apos;feedback&apos;, text=&apos;Report Feedback&apos;, selected=false, enabled=true, visible=true, showing=false]&#10;                          javax.swing.JMenuItem[name=&apos;about&apos;, text=&apos;About&apos;, selected=false, enabled=true, visible=true, showing=false]&#10;                          javax.swing.JMenuItem[name=&apos;license&apos;, text=&apos;License&apos;, selected=false, enabled=true, visible=true, showing=false]&#10;                    javax.swing.JToolBar[name=null]&#10;                      javax.swing.Box[,12,2,32x31,layout=javax.swing.BoxLayout,alignmentX=0.0,alignmentY=0.0,border=,flags=0,maximumSize=,minimumSize=,preferredSize=]&#10;                        org.openscience.jchempaint.JCPToolBar$1[name=&apos;select&apos;, text=&apos;&apos;, enabled=true, visible=true, showing=false]&#10;                      javax.swing.Box[,44,2,32x31,layout=javax.swing.BoxLayout,alignmentX=0.0,alignmentY=0.0,border=,flags=0,maximumSize=,minimumSize=,preferredSize=]&#10;                        org.openscience.jchempaint.JCPToolBar$1[name=&apos;lasso&apos;, text=&apos;&apos;, enabled=true, visible=true, showing=false]&#10;                      javax.swing.Box[,76,2,32x31,layout=javax.swing.BoxLayout,alignmentX=0.0,alignmentY=0.0,border=,flags=0,maximumSize=,minimumSize=,preferredSize=]&#10;                        org.openscience.jchempaint.JCPToolBar$1[name=&apos;eraser&apos;, text=&apos;&apos;, enabled=true, visible=true, showing=false]&#10;                      javax.swing.JToolBar$Separator[,108,2,11x31,alignmentX=0.0,alignmentY=0.0,border=,flags=0,maximumSize=,minimumSize=,preferredSize=,orientation=VERTICAL]&#10;                      javax.swing.Box[,119,2,32x31,layout=javax.swing.BoxLayout,alignmentX=0.0,alignmentY=0.0,border=,flags=0,maximumSize=,minimumSize=,preferredSize=]&#10;                        org.openscience.jchempaint.JCPToolBar$1[name=&apos;zoomin&apos;, text=&apos;&apos;, enabled=true, visible=true, showing=false]&#10;                      javax.swing.Box[,151,2,32x31,layout=javax.swing.BoxLayout,alignmentX=0.0,alignmentY=0.0,border=,flags=0,maximumSize=,minimumSize=,preferredSize=]&#10;                        org.openscience.jchempaint.JCPToolBar$1[name=&apos;zoomout&apos;, text=&apos;&apos;, enabled=true, visible=true, showing=false]&#10;                      javax.swing.JToolBar$Separator[,183,2,11x31,alignmentX=0.0,alignmentY=0.0,border=,flags=0,maximumSize=,minimumSize=,preferredSize=,orientation=VERTICAL]&#10;                      javax.swing.Box[,194,2,32x31,layout=javax.swing.BoxLayout,alignmentX=0.0,alignmentY=0.0,border=,flags=0,maximumSize=,minimumSize=,preferredSize=]&#10;                        org.openscience.jchempaint.JCPToolBar$1[name=&apos;undo&apos;, text=&apos;&apos;, enabled=true, visible=true, showing=false]&#10;                      javax.swing.Box[,226,2,32x31,layout=javax.swing.BoxLayout,alignmentX=0.0,alignmentY=0.0,border=,flags=0,maximumSize=,minimumSize=,preferredSize=]&#10;                        org.openscience.jchempaint.JCPToolBar$1[name=&apos;redo&apos;, text=&apos;&apos;, enabled=false, visible=true, showing=false]&#10;                      javax.swing.JToolBar$Separator[,258,2,11x31,alignmentX=0.0,alignmentY=0.0,border=,flags=0,maximumSize=,minimumSize=,preferredSize=,orientation=VERTICAL]&#10;                      javax.swing.Box[,269,2,32x31,layout=javax.swing.BoxLayout,alignmentX=0.0,alignmentY=0.0,border=,flags=0,maximumSize=,minimumSize=,preferredSize=]&#10;                        org.openscience.jchempaint.JCPToolBar$1[name=&apos;cut&apos;, text=&apos;&apos;, enabled=true, visible=true, showing=false]&#10;                      javax.swing.Box[,301,2,32x31,layout=javax.swing.BoxLayout,alignmentX=0.0,alignmentY=0.0,border=,flags=0,maximumSize=,minimumSize=,preferredSize=]&#10;                        org.openscience.jchempaint.JCPToolBar$1[name=&apos;copy&apos;, text=&apos;&apos;, enabled=true, visible=true, showing=false]&#10;                      javax.swing.Box[,333,2,32x31,layout=javax.swing.BoxLayout,alignmentX=0.0,alignmentY=0.0,border=,flags=0,maximumSize=,minimumSize=,preferredSize=]&#10;                        org.openscience.jchempaint.JCPToolBar$1[name=&apos;paste&apos;, text=&apos;&apos;, enabled=true, visible=true, showing=false]&#10;                      javax.swing.JToolBar$Separator[,365,2,11x31,alignmentX=0.0,alignmentY=0.0,border=,flags=0,maximumSize=,minimumSize=,preferredSize=,orientation=VERTICAL]&#10;                      javax.swing.Box[,376,2,32x31,layout=javax.swing.BoxLayout,alignmentX=0.0,alignmentY=0.0,border=,flags=0,maximumSize=,minimumSize=,preferredSize=]&#10;                        org.openscience.jchempaint.JCPToolBar$1[name=&apos;flipHorizontal&apos;, text=&apos;&apos;, enabled=true, visible=true, showing=false]&#10;                      javax.swing.Box[,408,2,32x31,layout=javax.swing.BoxLayout,alignmentX=0.0,alignmentY=0.0,border=,flags=0,maximumSize=,minimumSize=,preferredSize=]&#10;                        org.openscience.jchempaint.JCPToolBar$1[name=&apos;flipVertical&apos;, text=&apos;&apos;, enabled=true, visible=true, showing=false]&#10;                      javax.swing.Box[,440,2,32x31,layout=javax.swing.BoxLayout,alignmentX=0.0,alignmentY=0.0,border=,flags=0,maximumSize=,minimumSize=,preferredSize=]&#10;                        org.openscience.jchempaint.JCPToolBar$1[name=&apos;rotate&apos;, text=&apos;&apos;, enabled=true, visible=true, showing=false]&#10;                      javax.swing.Box[,472,2,32x31,layout=javax.swing.BoxLayout,alignmentX=0.0,alignmentY=0.0,border=,flags=0,maximumSize=,minimumSize=,preferredSize=]&#10;                        org.openscience.jchempaint.JCPToolBar$1[name=&apos;rotate3d&apos;, text=&apos;&apos;, enabled=true, visible=true, showing=false]&#10;                      javax.swing.Box$Filler[,504,17,192x0,alignmentX=0.0,alignmentY=0.0,border=,flags=0,maximumSize=java.awt.Dimension[width=32767,height=0],minimumSize=java.awt.Dimension[width=0,height=0],preferredSize=java.awt.Dimension[width=0,height=0]]&#10;                  javax.swing.JPanel[name=null]&#10;                    javax.swing.JScrollPane[name=null, enabled=true, visible=true, showing=false]&#10;                      javax.swing.JViewport[,2,2,616x519,layout=javax.swing.ViewportLayout,alignmentX=0.0,alignmentY=0.0,border=,flags=8388616,maximumSize=,minimumSize=,preferredSize=,isViewSizeSet=true,lastPaintPosition=java.awt.Point[x=0,y=0],scrollUnderway=false]&#10;                        org.openscience.jchempaint.RenderPanel[name=&apos;renderpanel&apos;]&#10;                      javax.swing.JScrollPane$ScrollBar[name=null, value=0, blockIncrement=10, minimum=0, maximum=519, enabled=true, visible=false, showing=false]&#10;                      javax.swing.JScrollPane$ScrollBar[name=null, value=0, blockIncrement=10, minimum=0, maximum=616, enabled=true, visible=false, showing=false]&#10;                    javax.swing.JToolBar[name=null]&#10;                      javax.swing.Box[,4,12,32x31,layout=javax.swing.BoxLayout,alignmentX=0.0,alignmentY=0.0,border=,flags=0,maximumSize=,minimumSize=,preferredSize=]&#10;                        org.openscience.jchempaint.JCPToolBar$1[name=&apos;bondTool&apos;, text=&apos;&apos;, enabled=true, visible=true, showing=false]&#10;                      javax.swing.Box[,4,43,32x31,layout=javax.swing.BoxLayout,alignmentX=0.0,alignmentY=0.0,border=,flags=0,maximumSize=,minimumSize=,preferredSize=]&#10;                        org.openscience.jchempaint.JCPToolBar$1[name=&apos;double_bondTool&apos;, text=&apos;&apos;, enabled=true, visible=true, showing=false]&#10;                      javax.swing.Box[,4,74,32x31,layout=javax.swing.BoxLayout,alignmentX=0.0,alignmentY=0.0,border=,flags=0,maximumSize=,minimumSize=,preferredSize=]&#10;                        org.openscience.jchempaint.JCPToolBar$1[name=&apos;triple_bondTool&apos;, text=&apos;&apos;, enabled=true, visible=true, showing=false]&#10;                      javax.swing.Box[,4,105,32x31,layout=javax.swing.BoxLayout,alignmentX=0.0,alignmentY=0.0,border=,flags=0,maximumSize=,minimumSize=,preferredSize=]&#10;                        org.openscience.jchempaint.JCPToolBar$1[name=&apos;chain&apos;, text=&apos;&apos;, enabled=true, visible=true, showing=false]&#10;                      javax.swing.JToolBar$Separator[,4,136,32x11,alignmentX=0.0,alignmentY=0.0,border=,flags=0,maximumSize=,minimumSize=,preferredSize=,orientation=HORIZONTAL]&#10;                      javax.swing.Box[,4,147,32x31,layout=javax.swing.BoxLayout,alignmentX=0.0,alignmentY=0.0,border=,flags=0,maximumSize=,minimumSize=,preferredSize=]&#10;                        org.openscience.jchempaint.JCPToolBar$1[name=&apos;up_bond&apos;, text=&apos;&apos;, enabled=true, visible=true, showing=false]&#10;                      javax.swing.Box[,4,178,32x31,layout=javax.swing.BoxLayout,alignmentX=0.0,alignmentY=0.0,border=,flags=0,maximumSize=,minimumSize=,preferredSize=]&#10;                        org.openscience.jchempaint.JCPToolBar$1[name=&apos;down_bond&apos;, text=&apos;&apos;, enabled=true, visible=true, showing=false]&#10;                      javax.swing.Box[,4,209,32x31,layout=javax.swing.BoxLayout,alignmentX=0.0,alignmentY=0.0,border=,flags=0,maximumSize=,minimumSize=,preferredSize=]&#10;                        org.openscience.jchempaint.JCPToolBar$1[name=&apos;undefined_bond&apos;, text=&apos;&apos;, enabled=true, visible=true, showing=false]&#10;                      javax.swing.Box[,4,240,32x31,layout=javax.swing.BoxLayout,alignmentX=0.0,alignmentY=0.0,border=,flags=0,maximumSize=,minimumSize=,preferredSize=]&#10;                        org.openscience.jchempaint.JCPToolBar$1[name=&apos;undefined_stereo_bond&apos;, text=&apos;&apos;, enabled=true, visible=true, showing=false]&#10;                      javax.swing.JToolBar$Separator[,4,271,32x11,alignmentX=0.0,alignmentY=0.0,border=,flags=0,maximumSize=,minimumSize=,preferredSize=,orientation=HORIZONTAL]&#10;                      javax.swing.Box[,4,282,32x31,layout=javax.swing.BoxLayout,alignmentX=0.0,alignmentY=0.0,border=,flags=0,maximumSize=,minimumSize=,preferredSize=]&#10;                        org.openscience.jchempaint.JCPToolBar$1[name=&apos;reactionArrow&apos;, text=&apos;&apos;, enabled=true, visible=true, showing=false]&#10;                    javax.swing.JToolBar[name=null]&#10;                      javax.swing.Box[,4,12,32x31,layout=javax.swing.BoxLayout,alignmentX=0.0,alignmentY=0.0,border=,flags=0,maximumSize=,minimumSize=,preferredSize=]&#10;                        org.openscience.jchempaint.JCPToolBar$1[name=&apos;triangle&apos;, text=&apos;&apos;, enabled=true, visible=true, showing=false]&#10;                      javax.swing.Box[,4,43,32x31,layout=javax.swing.BoxLayout,alignmentX=0.0,alignmentY=0.0,border=,flags=0,maximumSize=,minimumSize=,preferredSize=]&#10;                        org.openscience.jchempaint.JCPToolBar$1[name=&apos;square&apos;, text=&apos;&apos;, enabled=true, visible=true, showing=false]&#10;                      javax.swing.Box[,4,74,32x31,layout=javax.swing.BoxLayout,alignmentX=0.0,alignmentY=0.0,border=,flags=0,maximumSize=,minimumSize=,preferredSize=]&#10;                        org.openscience.jchempaint.JCPToolBar$1[name=&apos;pentagon&apos;, text=&apos;&apos;, enabled=true, visible=true, showing=false]&#10;                      javax.swing.Box[,4,105,32x31,layout=javax.swing.BoxLayout,alignmentX=0.0,alignmentY=0.0,border=,flags=0,maximumSize=,minimumSize=,preferredSize=]&#10;                        org.openscience.jchempaint.JCPToolBar$1[name=&apos;hexagon&apos;, text=&apos;&apos;, enabled=true, visible=true, showing=false]&#10;                      javax.swing.Box[,4,136,32x31,layout=javax.swing.BoxLayout,alignmentX=0.0,alignmentY=0.0,border=,flags=0,maximumSize=,minimumSize=,preferredSize=]&#10;                        org.openscience.jchempaint.JCPToolBar$1[name=&apos;benzene&apos;, text=&apos;&apos;, enabled=true, visible=true, showing=false]&#10;                      javax.swing.Box[,4,167,32x31,layout=javax.swing.BoxLayout,alignmentX=0.0,alignmentY=0.0,border=,flags=0,maximumSize=,minimumSize=,preferredSize=]&#10;                        org.openscience.jchempaint.JCPToolBar$1[name=&apos;octagon&apos;, text=&apos;&apos;, enabled=true, visible=true, showing=false]&#10;                      javax.swing.JToolBar$Separator[,4,198,32x11,alignmentX=0.0,alignmentY=0.0,border=,flags=0,maximumSize=,minimumSize=,preferredSize=,orientation=HORIZONTAL]&#10;                      javax.swing.Box[,4,209,32x31,layout=javax.swing.BoxLayout,alignmentX=0.0,alignmentY=0.0,border=,flags=0,maximumSize=,minimumSize=,preferredSize=]&#10;                        org.openscience.jchempaint.JCPToolBar$1[name=&apos;pasteTemplate&apos;, text=&apos;&apos;, enabled=true, visible=true, showing=false]&#10;                    javax.swing.JToolBar[name=null]&#10;                      javax.swing.Box[,12,2,32x31,layout=javax.swing.BoxLayout,alignmentX=0.0,alignmentY=0.0,border=,flags=0,maximumSize=,minimumSize=,preferredSize=]&#10;                        org.openscience.jchempaint.JCPToolBar$1[name=&apos;C&apos;, text=&apos;&apos;, enabled=true, visible=true, showing=false]&#10;                      javax.swing.Box[,44,2,32x31,layout=javax.swing.BoxLayout,alignmentX=0.0,alignmentY=0.0,border=,flags=0,maximumSize=,minimumSize=,preferredSize=]&#10;                        org.openscience.jchempaint.JCPToolBar$1[name=&apos;H&apos;, text=&apos;&apos;, enabled=true, visible=true, showing=false]&#10;                      javax.swing.Box[,76,2,32x31,layout=javax.swing.BoxLayout,alignmentX=0.0,alignmentY=0.0,border=,flags=0,maximumSize=,minimumSize=,preferredSize=]&#10;                        org.openscience.jchempaint.JCPToolBar$1[name=&apos;O&apos;, text=&apos;&apos;, enabled=true, visible=true, showing=false]&#10;                      javax.swing.Box[,108,2,32x31,layout=javax.swing.BoxLayout,alignmentX=0.0,alignmentY=0.0,border=,flags=0,maximumSize=,minimumSize=,preferredSize=]&#10;                        org.openscience.jchempaint.JCPToolBar$1[name=&apos;N&apos;, text=&apos;&apos;, enabled=true, visible=true, showing=false]&#10;                      javax.swing.Box[,140,2,32x31,layout=javax.swing.BoxLayout,alignmentX=0.0,alignmentY=0.0,border=,flags=0,maximumSize=,minimumSize=,preferredSize=]&#10;                        org.openscience.jchempaint.JCPToolBar$1[name=&apos;P&apos;, text=&apos;&apos;, enabled=true, visible=true, showing=false]&#10;                      javax.swing.Box[,172,2,32x31,layout=javax.swing.BoxLayout,alignmentX=0.0,alignmentY=0.0,border=,flags=0,maximumSize=,minimumSize=,preferredSize=]&#10;                        org.openscience.jchempaint.JCPToolBar$1[name=&apos;S&apos;, text=&apos;&apos;, enabled=true, visible=true, showing=false]&#10;                      javax.swing.Box[,204,2,32x31,layout=javax.swing.BoxLayout,alignmentX=0.0,alignmentY=0.0,border=,flags=0,maximumSize=,minimumSize=,preferredSize=]&#10;                        org.openscience.jchempaint.JCPToolBar$1[name=&apos;F&apos;, text=&apos;&apos;, enabled=true, visible=true, showing=false]&#10;                      javax.swing.Box[,236,2,32x31,layout=javax.swing.BoxLayout,alignmentX=0.0,alignmentY=0.0,border=,flags=0,maximumSize=,minimumSize=,preferredSize=]&#10;                        org.openscience.jchempaint.JCPToolBar$1[name=&apos;Cl&apos;, text=&apos;&apos;, enabled=true, visible=true, showing=false]&#10;                      javax.swing.Box[,268,2,32x31,layout=javax.swing.BoxLayout,alignmentX=0.0,alignmentY=0.0,border=,flags=0,maximumSize=,minimumSize=,preferredSize=]&#10;                        org.openscience.jchempaint.JCPToolBar$1[name=&apos;Br&apos;, text=&apos;&apos;, enabled=true, visible=true, showing=false]&#10;                      javax.swing.Box[,300,2,32x31,layout=javax.swing.BoxLayout,alignmentX=0.0,alignmentY=0.0,border=,flags=0,maximumSize=,minimumSize=,preferredSize=]&#10;                        org.openscience.jchempaint.JCPToolBar$1[name=&apos;I&apos;, text=&apos;&apos;, enabled=true, visible=true, showing=false]&#10;                      javax.swing.Box[,332,2,32x31,layout=javax.swing.BoxLayout,alignmentX=0.0,alignmentY=0.0,border=,flags=0,maximumSize=,minimumSize=,preferredSize=]&#10;                        org.openscience.jchempaint.JCPToolBar$1[name=&apos;enterelement&apos;, text=&apos;&apos;, enabled=true, visible=true, showing=false]&#10;                      javax.swing.Box[,364,2,32x31,layout=javax.swing.BoxLayout,alignmentX=0.0,alignmentY=0.0,border=,flags=0,maximumSize=,minimumSize=,preferredSize=]&#10;                        org.openscience.jchempaint.JCPToolBar$1[name=&apos;periodictable&apos;, text=&apos;&apos;, enabled=true, visible=true, showing=false]&#10;                      javax.swing.Box$Filler[,396,17,300x0,alignmentX=0.0,alignmentY=0.0,border=,flags=0,maximumSize=java.awt.Dimension[width=32767,height=0],minimumSize=java.awt.Dimension[width=0,height=0],preferredSize=java.awt.Dimension[width=0,height=0]]&#10;                    org.openscience.jchempaint.InsertTextPanel[name=null]&#10;                      javax.swing.JComboBox[name=null, selectedItem=&apos;&apos;, contents=[&apos;&apos;], editable=true, enabled=true, visible=true, showing=false]&#10;                        com.apple.laf.AquaComboBoxButton[name=null, text=&apos;&apos;, enabled=true, visible=true, showing=false]&#10;                        javax.swing.CellRendererPane[,0,0,0x0,hidden]&#10;                        com.apple.laf.AquaComboBoxUI$AquaCustomComboTextField[name=null, text=&apos;&apos;, enabled=true, visible=true, showing=false]&#10;                      javax.swing.JButton[name=null, text=&apos;Insert&apos;, enabled=true, visible=true, showing=false]&#10;        javax.swing.JLabel[name=&apos;status&apos;, text=&apos;Applet loaded&apos;, enabled=true, visible=true, showing=false]&#10;  javax.swing.Popup$HeavyWeightWindow[name=&apos;win0&apos;]&#10;    javax.swing.JRootPane[]&#10;      javax.swing.JPanel[name=&apos;null.glassPane&apos;]&#10;      javax.swing.JLayeredPane[]&#10;        javax.swing.JPanel[name=&apos;null.contentPane&apos;]&#10;" type="org.fest.swing.exception.ComponentLookupException"><![CDATA[org.fest.swing.exception.ComponentLookupException: 
Unable to find component using matcher org.fest.swing.core.NameMatcher[name='appletframe', type=javax.swing.JPanel, requireShowing=true].

Component hierarchy:
org.fest.swing.applet.AppletViewer[name='frame10', title='Applet Viewer: org.openscience.jchempaint.applet.JChemPaintEditorApplet', enabled=true, visible=false, showing=false]
  javax.swing.JRootPane[]
    javax.swing.JPanel[name='null.glassPane']
    javax.swing.JLayeredPane[]
      javax.swing.JPanel[name='null.contentPane']
        org.openscience.jchempaint.applet.JChemPaintEditorApplet[name='panel9']
          javax.swing.JRootPane[]
            javax.swing.JPanel[name='null.glassPane']
            javax.swing.JLayeredPane[]
              javax.swing.JPanel[name='null.contentPane']
                org.openscience.jchempaint.JChemPaintPanel[name='appletframe']
                  javax.swing.JPanel[name=null]
                    org.openscience.jchempaint.JChemPaintMenuBar[]
                      javax.swing.JMenu[name='file', text='File', selected=false, enabled=true, visible=true, showing=false]
                        javax.swing.JPopupMenu[name=null, label=null, enabled=true, visible=false, showing=false]
                          javax.swing.JMenuItem[name='new', text='New', selected=false, enabled=true, visible=true, showing=false]
                          javax.swing.JMenuItem[name='open', text='Open', selected=false, enabled=true, visible=true, showing=false]
                          javax.swing.JMenuItem[name='save', text='Save', selected=false, enabled=true, visible=true, showing=false]
                          javax.swing.JMenuItem[name='saveAs', text='Save As...', selected=false, enabled=true, visible=true, showing=false]
                          javax.swing.JPopupMenu$Separator[,0,80,180x12,invalid,alignmentX=0.0,alignmentY=0.0,border=,flags=0,maximumSize=,minimumSize=,preferredSize=,orientation=HORIZONTAL]
                          javax.swing.JMenuItem[name='export', text='Save As Image...', selected=false, enabled=true, visible=true, showing=false]
                          javax.swing.JMenuItem[name='print', text='Print...', selected=false, enabled=true, visible=true, showing=false]
                      javax.swing.JMenu[name='edit', text='Edit', selected=false, enabled=true, visible=true, showing=false]
                        javax.swing.JPopupMenu[name=null, label=null, enabled=true, visible=false, showing=false]
                          javax.swing.JMenuItem[name='undo', text='Undo', selected=false, enabled=true, visible=true, showing=false]
                          javax.swing.JMenuItem[name='redo', text='Redo', selected=false, enabled=false, visible=true, showing=false]
                          javax.swing.JPopupMenu$Separator[,0,0,0x0,invalid,alignmentX=0.0,alignmentY=0.0,border=,flags=0,maximumSize=,minimumSize=,preferredSize=,orientation=HORIZONTAL]
                          javax.swing.JMenuItem[name='cut', text='Cut', selected=false, enabled=true, visible=true, showing=false]
                          javax.swing.JMenuItem[name='copy', text='Copy', selected=false, enabled=true, visible=true, showing=false]
                          javax.swing.JMenuItem[name='copyAsSmiles', text='Copy As SMILES', selected=false, enabled=true, visible=true, showing=false]
                          javax.swing.JMenuItem[name='paste', text='Paste', selected=false, enabled=true, visible=true, showing=false]
                          javax.swing.JPopupMenu$Separator[,0,0,0x0,invalid,alignmentX=0.0,alignmentY=0.0,border=,flags=0,maximumSize=,minimumSize=,preferredSize=,orientation=HORIZONTAL]
                          javax.swing.JMenuItem[name='eraser', text='Delete', selected=false, enabled=true, visible=true, showing=false]
                          javax.swing.JMenuItem[name='selectAll', text='Select All', selected=false, enabled=true, visible=true, showing=false]
                          javax.swing.JPopupMenu$Separator[,0,0,0x0,invalid,alignmentX=0.0,alignmentY=0.0,border=,flags=0,maximumSize=,minimumSize=,preferredSize=,orientation=HORIZONTAL]
                          javax.swing.JMenuItem[name='options', text='Preferences...', selected=false, enabled=true, visible=true, showing=false]
                      javax.swing.JMenu[name='view', text='View', selected=false, enabled=true, visible=true, showing=false]
                        javax.swing.JPopupMenu[name=null, label=null, enabled=true, visible=false, showing=false]
                          javax.swing.JMenuItem[name='zoomin', text='Zoom In', selected=false, enabled=true, visible=true, showing=false]
                          javax.swing.JMenuItem[name='zoomout', text='Zoom Out', selected=false, enabled=true, visible=true, showing=false]
                          javax.swing.JMenuItem[name='zoomoriginal', text='Zoom 100%', selected=false, enabled=true, visible=true, showing=false]
                          javax.swing.JPopupMenu$Separator[,0,61,180x12,invalid,alignmentX=0.0,alignmentY=0.0,border=,flags=0,maximumSize=,minimumSize=,preferredSize=,orientation=HORIZONTAL]
                          javax.swing.JMenuItem[name='cleanup', text='Clean Structure', selected=false, enabled=true, visible=true, showing=false]
                          javax.swing.JMenu[name='flip', text='Flip', selected=false, enabled=true, visible=true, showing=false]
                            javax.swing.JPopupMenu[name=null, label=null, enabled=true, visible=false, showing=false]
                              javax.swing.JMenuItem[name='flipHorizontal', text='Horizontal', selected=false, enabled=true, visible=true, showing=false]
                              javax.swing.JMenuItem[name='flipVertical', text='Vertical', selected=false, enabled=true, visible=true, showing=false]
                          javax.swing.JMenu[name='hydrogen', text='Implicit Hydrogens', selected=false, enabled=true, visible=true, showing=false]
                            javax.swing.JPopupMenu[name=null, label=null, enabled=true, visible=false, showing=false]
                              javax.swing.JMenuItem[name='hydroon', text='On All', selected=false, enabled=true, visible=true, showing=false]
                              javax.swing.JMenuItem[name='hydrooff', text='Off', selected=false, enabled=true, visible=true, showing=false]
                      javax.swing.JMenu[name='atomMenu', text='Atom', selected=false, enabled=true, visible=true, showing=false]
                        javax.swing.JPopupMenu[name=null, label=null, enabled=true, visible=false, showing=false]
                          javax.swing.JMenu[name='formalCharge', text='Charge', selected=false, enabled=true, visible=true, showing=false]
                            javax.swing.JPopupMenu[name=null, label=null, enabled=true, visible=false, showing=false]
                              javax.swing.JMenuItem[name='plus', text='Plus', selected=false, enabled=true, visible=true, showing=false]
                              javax.swing.JMenuItem[name='minus', text='Minus', selected=false, enabled=true, visible=true, showing=false]
                          javax.swing.JMenu[name='hydrogen', text='Implicit Hydrogens', selected=false, enabled=true, visible=true, showing=false]
                            javax.swing.JPopupMenu[name=null, label=null, enabled=true, visible=false, showing=false]
                              javax.swing.JMenuItem[name='hydroon2', text='On All', selected=false, enabled=true, visible=true, showing=false]
                              javax.swing.JMenuItem[name='hydrooff2', text='Off', selected=false, enabled=true, visible=true, showing=false]
                          javax.swing.JMenu[name='isotopeChange', text='Isotopes', selected=false, enabled=true, visible=true, showing=false]
                            javax.swing.JPopupMenu[name=null, label=null, enabled=true, visible=false, showing=false]
                              javax.swing.JMenuItem[name='majorPlusThree', text='Major Plus 3', selected=false, enabled=true, visible=true, showing=false]
                              javax.swing.JMenuItem[name='majorPlusTwo', text='Major Plus 2', selected=false, enabled=true, visible=true, showing=false]
                              javax.swing.JMenuItem[name='majorPlusOne', text='Major Plus 1', selected=false, enabled=true, visible=true, showing=false]
                              javax.swing.JMenuItem[name='major', text='Major Isotope', selected=false, enabled=true, visible=true, showing=false]
                              javax.swing.JMenuItem[name='majorMinusOne', text='Major Minus 1', selected=false, enabled=true, visible=true, showing=false]
                              javax.swing.JMenuItem[name='majorMinusTwo', text='Major Minus 2', selected=false, enabled=true, visible=true, showing=false]
                              javax.swing.JMenuItem[name='majorMinusThree', text='Major Minus 3', selected=false, enabled=true, visible=true, showing=false]
                          javax.swing.JMenu[name='radical', text='Radical', selected=false, enabled=true, visible=true, showing=false]
                            javax.swing.JPopupMenu[name=null, label=null, enabled=true, visible=false, showing=false]
                              javax.swing.JMenuItem[name='convertToRadical', text='Add Single Electron', selected=false, enabled=true, visible=true, showing=false]
                              javax.swing.JMenuItem[name='convertFromRadical', text='Remove Single Electron', selected=false, enabled=true, visible=true, showing=false]
                          javax.swing.JMenu[name='pseudoSymbols', text='Pseudo Atoms', selected=false, enabled=true, visible=true, showing=false]
                            javax.swing.JPopupMenu[name=null, label=null, enabled=true, visible=false, showing=false]
                              javax.swing.JMenuItem[name='pseudoR', text='R', selected=false, enabled=true, visible=true, showing=false]
                              javax.swing.JMenuItem[name='pseudoR1', text='R1', selected=false, enabled=true, visible=true, showing=false]
                              javax.swing.JMenuItem[name='pseudoR2', text='R2', selected=false, enabled=true, visible=true, showing=false]
                              javax.swing.JMenuItem[name='pseudoR3', text='R3', selected=false, enabled=true, visible=true, showing=false]
                              javax.swing.JMenuItem[name='pseudoR4', text='R4', selected=false, enabled=true, visible=true, showing=false]
                              javax.swing.JMenuItem[name='pseudoRX', text='Other...', selected=false, enabled=true, visible=true, showing=false]
                          javax.swing.JMenuItem[name='pseudoStar', text='Variable Attachment Point *', selected=false, enabled=true, visible=true, showing=false]
                          javax.swing.JMenu[name='valence', text='Valence', selected=false, enabled=true, visible=true, showing=false]
                            javax.swing.JPopupMenu[name=null, label=null, enabled=true, visible=false, showing=false]
                              javax.swing.JMenuItem[name='valenceOff', text='Valence Off', selected=false, enabled=true, visible=true, showing=false]
                              javax.swing.JMenuItem[name='valence1', text='Valence 1', selected=false, enabled=true, visible=true, showing=false]
                              javax.swing.JMenuItem[name='valence2', text='Valence 2', selected=false, enabled=true, visible=true, showing=false]
                              javax.swing.JMenuItem[name='valence3', text='Valence 3', selected=false, enabled=true, visible=true, showing=false]
                              javax.swing.JMenuItem[name='valence4', text='Valence 4', selected=false, enabled=true, visible=true, showing=false]
                              javax.swing.JMenuItem[name='valence5', text='Valence 5', selected=false, enabled=true, visible=true, showing=false]
                              javax.swing.JMenuItem[name='valence6', text='Valence 6', selected=false, enabled=true, visible=true, showing=false]
                              javax.swing.JMenuItem[name='valence7', text='Valence 7', selected=false, enabled=true, visible=true, showing=false]
                              javax.swing.JMenuItem[name='valence8', text='Valence 8', selected=false, enabled=true, visible=true, showing=false]
                          javax.swing.JMenu[name='symbolChange', text='Change Element', selected=false, enabled=true, visible=true, showing=false]
                            javax.swing.JPopupMenu[name=null, label=null, enabled=true, visible=false, showing=false]
                              javax.swing.JMenuItem[name='periodictable', text='Periodic Table', selected=false, enabled=true, visible=true, showing=false]
                              javax.swing.JMenuItem[name='enterelement', text='Custom', selected=false, enabled=true, visible=true, showing=false]
                              javax.swing.JPopupMenu$Separator[,0,0,0x0,invalid,alignmentX=0.0,alignmentY=0.0,border=,flags=0,maximumSize=,minimumSize=,preferredSize=,orientation=HORIZONTAL]
                              javax.swing.JMenu[name='commonSymbols', text='Common Elements', selected=false, enabled=true, visible=true, showing=false]
                                javax.swing.JPopupMenu[name=null, label=null, enabled=true, visible=false, showing=false]
                                  javax.swing.JMenuItem[name='symbolH', text='H', selected=false, enabled=true, visible=true, showing=false]
                                  javax.swing.JMenuItem[name='symbolC', text='C', selected=false, enabled=true, visible=true, showing=false]
                                  javax.swing.JMenuItem[name='symbolN', text='N', selected=false, enabled=true, visible=true, showing=false]
                                  javax.swing.JMenuItem[name='symbolO', text='O', selected=false, enabled=true, visible=true, showing=false]
                                  javax.swing.JMenuItem[name='symbolS', text='S', selected=false, enabled=true, visible=true, showing=false]
                                  javax.swing.JMenuItem[name='symbolF', text='F', selected=false, enabled=true, visible=true, showing=false]
                                  javax.swing.JMenuItem[name='symbolP', text='P', selected=false, enabled=true, visible=true, showing=false]
                                  javax.swing.JMenuItem[name='symbolCl', text='Cl', selected=false, enabled=true, visible=true, showing=false]
                                  javax.swing.JMenuItem[name='symbolBr', text='Br', selected=false, enabled=true, visible=true, showing=false]
                                  javax.swing.JMenuItem[name='symbolI', text='I', selected=false, enabled=true, visible=true, showing=false]
                              javax.swing.JMenu[name='alkaliMetals', text='Alkali Metals', selected=false, enabled=true, visible=true, showing=false]
                                javax.swing.JPopupMenu[name=null, label=null, enabled=true, visible=false, showing=false]
                                  javax.swing.JMenuItem[name='symbolLi', text='Li', selected=false, enabled=true, visible=true, showing=false]
                                  javax.swing.JMenuItem[name='symbolNa', text='Na', selected=false, enabled=true, visible=true, showing=false]
                                  javax.swing.JMenuItem[name='symbolK', text='K', selected=false, enabled=true, visible=true, showing=false]
                                  javax.swing.JMenuItem[name='symbolRb', text='Rb', selected=false, enabled=true, visible=true, showing=false]
                                  javax.swing.JMenuItem[name='symbolCs', text='Cs', selected=false, enabled=true, visible=true, showing=false]
                                  javax.swing.JMenuItem[name='symbolFr', text='Fr', selected=false, enabled=true, visible=true, showing=false]
                              javax.swing.JMenu[name='alkaliEarthMetals', text='Alkali Earth Metals', selected=false, enabled=true, visible=true, showing=false]
                                javax.swing.JPopupMenu[name=null, label=null, enabled=true, visible=false, showing=false]
                                  javax.swing.JMenuItem[name='symbolBe', text='Be', selected=false, enabled=true, visible=true, showing=false]
                                  javax.swing.JMenuItem[name='symbolMg', text='Mg', selected=false, enabled=true, visible=true, showing=false]
                                  javax.swing.JMenuItem[name='symbolCa', text='Ca', selected=false, enabled=true, visible=true, showing=false]
                                  javax.swing.JMenuItem[name='symbolSr', text='Sr', selected=false, enabled=true, visible=true, showing=false]
                                  javax.swing.JMenuItem[name='symbolBa', text='Ba', selected=false, enabled=true, visible=true, showing=false]
                                  javax.swing.JMenuItem[name='symbolRa', text='Ra', selected=false, enabled=true, visible=true, showing=false]
                              javax.swing.JMenu[name='transitionMetals', text='Transition Metals', selected=false, enabled=true, visible=true, showing=false]
                                javax.swing.JPopupMenu[name=null, label=null, enabled=true, visible=false, showing=false]
                                  javax.swing.JMenuItem[name='symbolSc', text='Sc', selected=false, enabled=true, visible=true, showing=false]
                                  javax.swing.JMenuItem[name='symbolTi', text='Ti', selected=false, enabled=true, visible=true, showing=false]
                                  javax.swing.JMenuItem[name='symbolV', text='V', selected=false, enabled=true, visible=true, showing=false]
                                  javax.swing.JMenuItem[name='symbolCr', text='Cr', selected=false, enabled=true, visible=true, showing=false]
                                  javax.swing.JMenuItem[name='symbolMn', text='Mn', selected=false, enabled=true, visible=true, showing=false]
                                  javax.swing.JMenuItem[name='symbolFe', text='Fe', selected=false, enabled=true, visible=true, showing=false]
                                  javax.swing.JMenuItem[name='symbolCo', text='Co', selected=false, enabled=true, visible=true, showing=false]
                                  javax.swing.JMenuItem[name='symbolNi', text='Ni', selected=false, enabled=true, visible=true, showing=false]
                                  javax.swing.JMenuItem[name='symbolCu', text='Cu', selected=false, enabled=true, visible=true, showing=false]
                                  javax.swing.JMenuItem[name='symbolZn', text='Zn', selected=false, enabled=true, visible=true, showing=false]
                                  javax.swing.JMenuItem[name='symbolY', text='Y', selected=false, enabled=true, visible=true, showing=false]
                                  javax.swing.JMenuItem[name='symbolZr', text='Zr', selected=false, enabled=true, visible=true, showing=false]
                                  javax.swing.JMenuItem[name='symbolNb', text='Nb', selected=false, enabled=true, visible=true, showing=false]
                                  javax.swing.JMenuItem[name='symbolMo', text='Mo', selected=false, enabled=true, visible=true, showing=false]
                                  javax.swing.JMenuItem[name='symbolTc', text='Tc', selected=false, enabled=true, visible=true, showing=false]
                                  javax.swing.JMenuItem[name='symbolRu', text='Ru', selected=false, enabled=true, visible=true, showing=false]
                                  javax.swing.JMenuItem[name='symbolRh', text='Rh', selected=false, enabled=true, visible=true, showing=false]
                                  javax.swing.JMenuItem[name='symbolPd', text='Pd', selected=false, enabled=true, visible=true, showing=false]
                                  javax.swing.JMenuItem[name='symbolAg', text='Ag', selected=false, enabled=true, visible=true, showing=false]
                                  javax.swing.JMenuItem[name='symbolCd', text='Cd', selected=false, enabled=true, visible=true, showing=false]
                                  javax.swing.JMenuItem[name='symbolHf', text='Hf', selected=false, enabled=true, visible=true, showing=false]
                                  javax.swing.JMenuItem[name='symbolTa', text='Ta', selected=false, enabled=true, visible=true, showing=false]
                                  javax.swing.JMenuItem[name='symbolW', text='W', selected=false, enabled=true, visible=true, showing=false]
                                  javax.swing.JMenuItem[name='symbolRe', text='Re', selected=false, enabled=true, visible=true, showing=false]
                                  javax.swing.JMenuItem[name='symbolOs', text='Os', selected=false, enabled=true, visible=true, showing=false]
                                  javax.swing.JMenuItem[name='symbolIr', text='Ir', selected=false, enabled=true, visible=true, showing=false]
                                  javax.swing.JMenuItem[name='symbolPt', text='Pt', selected=false, enabled=true, visible=true, showing=false]
                                  javax.swing.JMenuItem[name='symbolAu', text='Au', selected=false, enabled=true, visible=true, showing=false]
                                  javax.swing.JMenuItem[name='symbolHg', text='Hg', selected=false, enabled=true, visible=true, showing=false]
                                  javax.swing.JMenuItem[name='symbolRf', text='Rf', selected=false, enabled=true, visible=true, showing=false]
                                  javax.swing.JMenuItem[name='symbolDb', text='Db', selected=false, enabled=true, visible=true, showing=false]
                                  javax.swing.JMenuItem[name='symbolSg', text='Sg', selected=false, enabled=true, visible=true, showing=false]
                                  javax.swing.JMenuItem[name='symbolBh', text='Bh', selected=false, enabled=true, visible=true, showing=false]
                                  javax.swing.JMenuItem[name='symbolHs', text='Hs', selected=false, enabled=true, visible=true, showing=false]
                                  javax.swing.JMenuItem[name='symbolMt', text='Mt', selected=false, enabled=true, visible=true, showing=false]
                                  javax.swing.JMenuItem[name='symbolDs', text='Ds', selected=false, enabled=true, visible=true, showing=false]
                                  javax.swing.JMenuItem[name='symbolRg', text='Rg', selected=false, enabled=true, visible=true, showing=false]
                              javax.swing.JMenu[name='metals', text='Metals', selected=false, enabled=true, visible=true, showing=false]
                                javax.swing.JPopupMenu[name=null, label=null, enabled=true, visible=false, showing=false]
                                  javax.swing.JMenuItem[name='symbolAl', text='Al', selected=false, enabled=true, visible=true, showing=false]
                                  javax.swing.JMenuItem[name='symbolGa', text='Ga', selected=false, enabled=true, visible=true, showing=false]
                                  javax.swing.JMenuItem[name='symbolIn', text='In', selected=false, enabled=true, visible=true, showing=false]
                                  javax.swing.JMenuItem[name='symbolSn', text='Sn', selected=false, enabled=true, visible=true, showing=false]
                                  javax.swing.JMenuItem[name='symbolTl', text='Tl', selected=false, enabled=true, visible=true, showing=false]
                                  javax.swing.JMenuItem[name='symbolPb', text='Pb', selected=false, enabled=true, visible=true, showing=false]
                                  javax.swing.JMenuItem[name='symbolBi', text='Bi', selected=false, enabled=true, visible=true, showing=false]
                              javax.swing.JMenu[name='metalloids', text='Metalloids', selected=false, enabled=true, visible=true, showing=false]
                                javax.swing.JPopupMenu[name=null, label=null, enabled=true, visible=false, showing=false]
                                  javax.swing.JMenuItem[name='symbolB', text='B', selected=false, enabled=true, visible=true, showing=false]
                                  javax.swing.JMenuItem[name='symbolSi', text='Si', selected=false, enabled=true, visible=true, showing=false]
                                  javax.swing.JMenuItem[name='symbolGe', text='Ge', selected=false, enabled=true, visible=true, showing=false]
                                  javax.swing.JMenuItem[name='symbolAs', text='As', selected=false, enabled=true, visible=true, showing=false]
                                  javax.swing.JMenuItem[name='symbolSb', text='Sb', selected=false, enabled=true, visible=true, showing=false]
                                  javax.swing.JMenuItem[name='symbolTe', text='Te', selected=false, enabled=true, visible=true, showing=false]
                                  javax.swing.JMenuItem[name='symbolPo', text='Po', selected=false, enabled=true, visible=true, showing=false]
                              javax.swing.JMenu[name='halogenSymbols', text='Halogens', selected=false, enabled=true, visible=true, showing=false]
                                javax.swing.JPopupMenu[name=null, label=null, enabled=true, visible=false, showing=false]
                                  javax.swing.JMenuItem[name='symbolF2', text='F', selected=false, enabled=true, visible=true, showing=false]
                                  javax.swing.JMenuItem[name='symbolCl2', text='Cl', selected=false, enabled=true, visible=true, showing=false]
                                  javax.swing.JMenuItem[name='symbolBr2', text='Br', selected=false, enabled=true, visible=true, showing=false]
                                  javax.swing.JMenuItem[name='symbolI2', text='I', selected=false, enabled=true, visible=true, showing=false]
                              javax.swing.JMenu[name='nobelSymbols', text='Nobel Gases', selected=false, enabled=true, visible=true, showing=false]
                                javax.swing.JPopupMenu[name=null, label=null, enabled=true, visible=false, showing=false]
                                  javax.swing.JMenuItem[name='symbolHe', text='He', selected=false, enabled=true, visible=true, showing=false]
                                  javax.swing.JMenuItem[name='symbolNe', text='Ne', selected=false, enabled=true, visible=true, showing=false]
                                  javax.swing.JMenuItem[name='symbolAr', text='Ar', selected=false, enabled=true, visible=true, showing=false]
                      javax.swing.JMenu[name='bondMenu', text='Bond', selected=false, enabled=true, visible=true, showing=false]
                        javax.swing.JPopupMenu[name=null, label=null, enabled=true, visible=false, showing=false]
                          javax.swing.JMenuItem[name='bond', text='Single', selected=false, enabled=false, visible=true, showing=false]
                          javax.swing.JMenuItem[name='double_bond', text='Double', selected=false, enabled=false, visible=true, showing=false]
                          javax.swing.JMenuItem[name='triple_bond', text='Triple', selected=false, enabled=false, visible=true, showing=false]
                          javax.swing.JMenuItem[name='quad_bond', text='Quadruple', selected=false, enabled=false, visible=true, showing=false]
                          javax.swing.JMenuItem[name='up_bond', text='Stereo Up', selected=false, enabled=false, visible=true, showing=false]
                          javax.swing.JMenuItem[name='down_bond', text='Stereo Down', selected=false, enabled=false, visible=true, showing=false]
                          javax.swing.JMenuItem[name='undefined_bond', text='Undefined Stereo', selected=false, enabled=false, visible=true, showing=false]
                          javax.swing.JMenuItem[name='undefined_stereo_bond', text='Undefined E/Z', selected=false, enabled=false, visible=true, showing=false]
                      javax.swing.JMenu[name='tools', text='Tools', selected=false, enabled=true, visible=true, showing=false]
                        javax.swing.JPopupMenu[name=null, label=null, enabled=true, visible=false, showing=false]
                          javax.swing.JMenuItem[name='cleanup2', text='Clean Structure', selected=false, enabled=true, visible=true, showing=false]
                          javax.swing.JPopupMenu$Separator[,0,0,0x0,invalid,alignmentX=0.0,alignmentY=0.0,border=,flags=0,maximumSize=,minimumSize=,preferredSize=,orientation=HORIZONTAL]
                          javax.swing.JMenuItem[name='createSMILES', text='Create SMILES', selected=false, enabled=true, visible=true, showing=false]
                          javax.swing.JMenuItem[name='createInChI', text='Create InChI', selected=false, enabled=true, visible=true, showing=false]
                      javax.swing.JMenu[name='rgroupMenu', text='R-groups', selected=false, enabled=true, visible=true, showing=false]
                        javax.swing.JPopupMenu[name=null, label=null, enabled=true, visible=false, showing=false]
                          javax.swing.JMenuItem[name='setRoot', text='Define as Root Structure', selected=false, enabled=true, visible=true, showing=false]
                          javax.swing.JMenuItem[name='setSubstitute', text='Define as Substituent', selected=false, enabled=true, visible=true, showing=false]
                          javax.swing.JMenuItem[name='rgpAdvanced', text='Advanced R-group logic', selected=false, enabled=true, visible=true, showing=false]
                          javax.swing.JMenuItem[name='rgpGenerate', text='Generate possible configurations (sdf) ', selected=false, enabled=true, visible=true, showing=false]
                          javax.swing.JMenuItem[name='clearRgroup', text='Remove R-group aspects', selected=false, enabled=true, visible=true, showing=false]
                      javax.swing.JMenu[name='templates', text='Templates', selected=false, enabled=true, visible=true, showing=false]
                        javax.swing.JPopupMenu[name=null, label=null, enabled=true, visible=false, showing=false]
                          javax.swing.JMenuItem[name='pasteTemplate', text='All Templates', selected=false, enabled=true, visible=true, showing=false]
                          javax.swing.JPopupMenu$Separator[,0,0,0x0,invalid,alignmentX=0.0,alignmentY=0.0,border=,flags=0,maximumSize=,minimumSize=,preferredSize=,orientation=HORIZONTAL]
                          javax.swing.JMenuItem[name='alkaloids', text='Alkaloids', selected=false, enabled=true, visible=true, showing=false]
                          javax.swing.JMenuItem[name='amino_acids', text='Amino Acids', selected=false, enabled=true, visible=true, showing=false]
                          javax.swing.JMenuItem[name='beta_lactams', text='Beta Lactams', selected=false, enabled=true, visible=true, showing=false]
                          javax.swing.JMenuItem[name='carbohydrates', text='Carbohydrates', selected=false, enabled=true, visible=true, showing=false]
                          javax.swing.JMenuItem[name='inositols', text='Inositols', selected=false, enabled=true, visible=true, showing=false]
                          javax.swing.JMenuItem[name='lipids', text='Lipids', selected=false, enabled=true, visible=true, showing=false]
                          javax.swing.JMenuItem[name='nucleosides', text='Nucleosides', selected=false, enabled=true, visible=true, showing=false]
                          javax.swing.JMenuItem[name='porphyrins', text='Porphyrins', selected=false, enabled=true, visible=true, showing=false]
                          javax.swing.JMenuItem[name='protecting_groups', text='Protecting Groups', selected=false, enabled=true, visible=true, showing=false]
                          javax.swing.JMenuItem[name='steroids', text='Steroids', selected=false, enabled=true, visible=true, showing=false]
                          javax.swing.JMenuItem[name='pahs', text='PAHs', selected=false, enabled=true, visible=true, showing=false]
                          javax.swing.JMenuItem[name='miscellaneous', text='Miscellaneous', selected=false, enabled=true, visible=true, showing=false]
                      javax.swing.Box$Filler[,473,10,178x0,alignmentX=0.0,alignmentY=0.0,border=,flags=0,maximumSize=java.awt.Dimension[width=32767,height=0],minimumSize=java.awt.Dimension[width=0,height=0],preferredSize=java.awt.Dimension[width=0,height=0]]
                      javax.swing.JMenu[name='help', text='Help', selected=false, enabled=true, visible=true, showing=false]
                        javax.swing.JPopupMenu[name=null, label=null, enabled=true, visible=false, showing=false]
                          javax.swing.JMenuItem[name='help', text='Help', selected=false, enabled=true, visible=true, showing=false]
                          javax.swing.JMenuItem[name='tutorial', text='Basic Tutorial', selected=false, enabled=true, visible=true, showing=false]
                          javax.swing.JMenuItem[name='rgpTutorial', text='R-group Tutorial', selected=false, enabled=true, visible=true, showing=false]
                          javax.swing.JPopupMenu$Separator[,0,0,0x0,invalid,alignmentX=0.0,alignmentY=0.0,border=,flags=0,maximumSize=,minimumSize=,preferredSize=,orientation=HORIZONTAL]
                          javax.swing.JMenuItem[name='feedback', text='Report Feedback', selected=false, enabled=true, visible=true, showing=false]
                          javax.swing.JMenuItem[name='about', text='About', selected=false, enabled=true, visible=true, showing=false]
                          javax.swing.JMenuItem[name='license', text='License', selected=false, enabled=true, visible=true, showing=false]
                    javax.swing.JToolBar[name=null]
                      javax.swing.Box[,12,2,32x31,layout=javax.swing.BoxLayout,alignmentX=0.0,alignmentY=0.0,border=,flags=0,maximumSize=,minimumSize=,preferredSize=]
                        org.openscience.jchempaint.JCPToolBar$1[name='select', text='', enabled=true, visible=true, showing=false]
                      javax.swing.Box[,44,2,32x31,layout=javax.swing.BoxLayout,alignmentX=0.0,alignmentY=0.0,border=,flags=0,maximumSize=,minimumSize=,preferredSize=]
                        org.openscience.jchempaint.JCPToolBar$1[name='lasso', text='', enabled=true, visible=true, showing=false]
                      javax.swing.Box[,76,2,32x31,layout=javax.swing.BoxLayout,alignmentX=0.0,alignmentY=0.0,border=,flags=0,maximumSize=,minimumSize=,preferredSize=]
                        org.openscience.jchempaint.JCPToolBar$1[name='eraser', text='', enabled=true, visible=true, showing=false]
                      javax.swing.JToolBar$Separator[,108,2,11x31,alignmentX=0.0,alignmentY=0.0,border=,flags=0,maximumSize=,minimumSize=,preferredSize=,orientation=VERTICAL]
                      javax.swing.Box[,119,2,32x31,layout=javax.swing.BoxLayout,alignmentX=0.0,alignmentY=0.0,border=,flags=0,maximumSize=,minimumSize=,preferredSize=]
                        org.openscience.jchempaint.JCPToolBar$1[name='zoomin', text='', enabled=true, visible=true, showing=false]
                      javax.swing.Box[,151,2,32x31,layout=javax.swing.BoxLayout,alignmentX=0.0,alignmentY=0.0,border=,flags=0,maximumSize=,minimumSize=,preferredSize=]
                        org.openscience.jchempaint.JCPToolBar$1[name='zoomout', text='', enabled=true, visible=true, showing=false]
                      javax.swing.JToolBar$Separator[,183,2,11x31,alignmentX=0.0,alignmentY=0.0,border=,flags=0,maximumSize=,minimumSize=,preferredSize=,orientation=VERTICAL]
                      javax.swing.Box[,194,2,32x31,layout=javax.swing.BoxLayout,alignmentX=0.0,alignmentY=0.0,border=,flags=0,maximumSize=,minimumSize=,preferredSize=]
                        org.openscience.jchempaint.JCPToolBar$1[name='undo', text='', enabled=true, visible=true, showing=false]
                      javax.swing.Box[,226,2,32x31,layout=javax.swing.BoxLayout,alignmentX=0.0,alignmentY=0.0,border=,flags=0,maximumSize=,minimumSize=,preferredSize=]
                        org.openscience.jchempaint.JCPToolBar$1[name='redo', text='', enabled=false, visible=true, showing=false]
                      javax.swing.JToolBar$Separator[,258,2,11x31,alignmentX=0.0,alignmentY=0.0,border=,flags=0,maximumSize=,minimumSize=,preferredSize=,orientation=VERTICAL]
                      javax.swing.Box[,269,2,32x31,layout=javax.swing.BoxLayout,alignmentX=0.0,alignmentY=0.0,border=,flags=0,maximumSize=,minimumSize=,preferredSize=]
                        org.openscience.jchempaint.JCPToolBar$1[name='cut', text='', enabled=true, visible=true, showing=false]
                      javax.swing.Box[,301,2,32x31,layout=javax.swing.BoxLayout,alignmentX=0.0,alignmentY=0.0,border=,flags=0,maximumSize=,minimumSize=,preferredSize=]
                        org.openscience.jchempaint.JCPToolBar$1[name='copy', text='', enabled=true, visible=true, showing=false]
                      javax.swing.Box[,333,2,32x31,layout=javax.swing.BoxLayout,alignmentX=0.0,alignmentY=0.0,border=,flags=0,maximumSize=,minimumSize=,preferredSize=]
                        org.openscience.jchempaint.JCPToolBar$1[name='paste', text='', enabled=true, visible=true, showing=false]
                      javax.swing.JToolBar$Separator[,365,2,11x31,alignmentX=0.0,alignmentY=0.0,border=,flags=0,maximumSize=,minimumSize=,preferredSize=,orientation=VERTICAL]
                      javax.swing.Box[,376,2,32x31,layout=javax.swing.BoxLayout,alignmentX=0.0,alignmentY=0.0,border=,flags=0,maximumSize=,minimumSize=,preferredSize=]
                        org.openscience.jchempaint.JCPToolBar$1[name='flipHorizontal', text='', enabled=true, visible=true, showing=false]
                      javax.swing.Box[,408,2,32x31,layout=javax.swing.BoxLayout,alignmentX=0.0,alignmentY=0.0,border=,flags=0,maximumSize=,minimumSize=,preferredSize=]
                        org.openscience.jchempaint.JCPToolBar$1[name='flipVertical', text='', enabled=true, visible=true, showing=false]
                      javax.swing.Box[,440,2,32x31,layout=javax.swing.BoxLayout,alignmentX=0.0,alignmentY=0.0,border=,flags=0,maximumSize=,minimumSize=,preferredSize=]
                        org.openscience.jchempaint.JCPToolBar$1[name='rotate', text='', enabled=true, visible=true, showing=false]
                      javax.swing.Box[,472,2,32x31,layout=javax.swing.BoxLayout,alignmentX=0.0,alignmentY=0.0,border=,flags=0,maximumSize=,minimumSize=,preferredSize=]
                        org.openscience.jchempaint.JCPToolBar$1[name='rotate3d', text='', enabled=true, visible=true, showing=false]
                      javax.swing.Box$Filler[,504,17,192x0,alignmentX=0.0,alignmentY=0.0,border=,flags=0,maximumSize=java.awt.Dimension[width=32767,height=0],minimumSize=java.awt.Dimension[width=0,height=0],preferredSize=java.awt.Dimension[width=0,height=0]]
                  javax.swing.JPanel[name=null]
                    javax.swing.JScrollPane[name=null, enabled=true, visible=true, showing=false]
                      javax.swing.JViewport[,2,2,616x519,layout=javax.swing.ViewportLayout,alignmentX=0.0,alignmentY=0.0,border=,flags=8388616,maximumSize=,minimumSize=,preferredSize=,isViewSizeSet=true,lastPaintPosition=java.awt.Point[x=0,y=0],scrollUnderway=false]
                        org.openscience.jchempaint.RenderPanel[name='renderpanel']
                      javax.swing.JScrollPane$ScrollBar[name=null, value=0, blockIncrement=10, minimum=0, maximum=519, enabled=true, visible=false, showing=false]
                      javax.swing.JScrollPane$ScrollBar[name=null, value=0, blockIncrement=10, minimum=0, maximum=616, enabled=true, visible=false, showing=false]
                    javax.swing.JToolBar[name=null]
                      javax.swing.Box[,4,12,32x31,layout=javax.swing.BoxLayout,alignmentX=0.0,alignmentY=0.0,border=,flags=0,maximumSize=,minimumSize=,preferredSize=]
                        org.openscience.jchempaint.JCPToolBar$1[name='bondTool', text='', enabled=true, visible=true, showing=false]
                      javax.swing.Box[,4,43,32x31,layout=javax.swing.BoxLayout,alignmentX=0.0,alignmentY=0.0,border=,flags=0,maximumSize=,minimumSize=,preferredSize=]
                        org.openscience.jchempaint.JCPToolBar$1[name='double_bondTool', text='', enabled=true, visible=true, showing=false]
                      javax.swing.Box[,4,74,32x31,layout=javax.swing.BoxLayout,alignmentX=0.0,alignmentY=0.0,border=,flags=0,maximumSize=,minimumSize=,preferredSize=]
                        org.openscience.jchempaint.JCPToolBar$1[name='triple_bondTool', text='', enabled=true, visible=true, showing=false]
                      javax.swing.Box[,4,105,32x31,layout=javax.swing.BoxLayout,alignmentX=0.0,alignmentY=0.0,border=,flags=0,maximumSize=,minimumSize=,preferredSize=]
                        org.openscience.jchempaint.JCPToolBar$1[name='chain', text='', enabled=true, visible=true, showing=false]
                      javax.swing.JToolBar$Separator[,4,136,32x11,alignmentX=0.0,alignmentY=0.0,border=,flags=0,maximumSize=,minimumSize=,preferredSize=,orientation=HORIZONTAL]
                      javax.swing.Box[,4,147,32x31,layout=javax.swing.BoxLayout,alignmentX=0.0,alignmentY=0.0,border=,flags=0,maximumSize=,minimumSize=,preferredSize=]
                        org.openscience.jchempaint.JCPToolBar$1[name='up_bond', text='', enabled=true, visible=true, showing=false]
                      javax.swing.Box[,4,178,32x31,layout=javax.swing.BoxLayout,alignmentX=0.0,alignmentY=0.0,border=,flags=0,maximumSize=,minimumSize=,preferredSize=]
                        org.openscience.jchempaint.JCPToolBar$1[name='down_bond', text='', enabled=true, visible=true, showing=false]
                      javax.swing.Box[,4,209,32x31,layout=javax.swing.BoxLayout,alignmentX=0.0,alignmentY=0.0,border=,flags=0,maximumSize=,minimumSize=,preferredSize=]
                        org.openscience.jchempaint.JCPToolBar$1[name='undefined_bond', text='', enabled=true, visible=true, showing=false]
                      javax.swing.Box[,4,240,32x31,layout=javax.swing.BoxLayout,alignmentX=0.0,alignmentY=0.0,border=,flags=0,maximumSize=,minimumSize=,preferredSize=]
                        org.openscience.jchempaint.JCPToolBar$1[name='undefined_stereo_bond', text='', enabled=true, visible=true, showing=false]
                      javax.swing.JToolBar$Separator[,4,271,32x11,alignmentX=0.0,alignmentY=0.0,border=,flags=0,maximumSize=,minimumSize=,preferredSize=,orientation=HORIZONTAL]
                      javax.swing.Box[,4,282,32x31,layout=javax.swing.BoxLayout,alignmentX=0.0,alignmentY=0.0,border=,flags=0,maximumSize=,minimumSize=,preferredSize=]
                        org.openscience.jchempaint.JCPToolBar$1[name='reactionArrow', text='', enabled=true, visible=true, showing=false]
                    javax.swing.JToolBar[name=null]
                      javax.swing.Box[,4,12,32x31,layout=javax.swing.BoxLayout,alignmentX=0.0,alignmentY=0.0,border=,flags=0,maximumSize=,minimumSize=,preferredSize=]
                        org.openscience.jchempaint.JCPToolBar$1[name='triangle', text='', enabled=true, visible=true, showing=false]
                      javax.swing.Box[,4,43,32x31,layout=javax.swing.BoxLayout,alignmentX=0.0,alignmentY=0.0,border=,flags=0,maximumSize=,minimumSize=,preferredSize=]
                        org.openscience.jchempaint.JCPToolBar$1[name='square', text='', enabled=true, visible=true, showing=false]
                      javax.swing.Box[,4,74,32x31,layout=javax.swing.BoxLayout,alignmentX=0.0,alignmentY=0.0,border=,flags=0,maximumSize=,minimumSize=,preferredSize=]
                        org.openscience.jchempaint.JCPToolBar$1[name='pentagon', text='', enabled=true, visible=true, showing=false]
                      javax.swing.Box[,4,105,32x31,layout=javax.swing.BoxLayout,alignmentX=0.0,alignmentY=0.0,border=,flags=0,maximumSize=,minimumSize=,preferredSize=]
                        org.openscience.jchempaint.JCPToolBar$1[name='hexagon', text='', enabled=true, visible=true, showing=false]
                      javax.swing.Box[,4,136,32x31,layout=javax.swing.BoxLayout,alignmentX=0.0,alignmentY=0.0,border=,flags=0,maximumSize=,minimumSize=,preferredSize=]
                        org.openscience.jchempaint.JCPToolBar$1[name='benzene', text='', enabled=true, visible=true, showing=false]
                      javax.swing.Box[,4,167,32x31,layout=javax.swing.BoxLayout,alignmentX=0.0,alignmentY=0.0,border=,flags=0,maximumSize=,minimumSize=,preferredSize=]
                        org.openscience.jchempaint.JCPToolBar$1[name='octagon', text='', enabled=true, visible=true, showing=false]
                      javax.swing.JToolBar$Separator[,4,198,32x11,alignmentX=0.0,alignmentY=0.0,border=,flags=0,maximumSize=,minimumSize=,preferredSize=,orientation=HORIZONTAL]
                      javax.swing.Box[,4,209,32x31,layout=javax.swing.BoxLayout,alignmentX=0.0,alignmentY=0.0,border=,flags=0,maximumSize=,minimumSize=,preferredSize=]
                        org.openscience.jchempaint.JCPToolBar$1[name='pasteTemplate', text='', enabled=true, visible=true, showing=false]
                    javax.swing.JToolBar[name=null]
                      javax.swing.Box[,12,2,32x31,layout=javax.swing.BoxLayout,alignmentX=0.0,alignmentY=0.0,border=,flags=0,maximumSize=,minimumSize=,preferredSize=]
                        org.openscience.jchempaint.JCPToolBar$1[name='C', text='', enabled=true, visible=true, showing=false]
                      javax.swing.Box[,44,2,32x31,layout=javax.swing.BoxLayout,alignmentX=0.0,alignmentY=0.0,border=,flags=0,maximumSize=,minimumSize=,preferredSize=]
                        org.openscience.jchempaint.JCPToolBar$1[name='H', text='', enabled=true, visible=true, showing=false]
                      javax.swing.Box[,76,2,32x31,layout=javax.swing.BoxLayout,alignmentX=0.0,alignmentY=0.0,border=,flags=0,maximumSize=,minimumSize=,preferredSize=]
                        org.openscience.jchempaint.JCPToolBar$1[name='O', text='', enabled=true, visible=true, showing=false]
                      javax.swing.Box[,108,2,32x31,layout=javax.swing.BoxLayout,alignmentX=0.0,alignmentY=0.0,border=,flags=0,maximumSize=,minimumSize=,preferredSize=]
                        org.openscience.jchempaint.JCPToolBar$1[name='N', text='', enabled=true, visible=true, showing=false]
                      javax.swing.Box[,140,2,32x31,layout=javax.swing.BoxLayout,alignmentX=0.0,alignmentY=0.0,border=,flags=0,maximumSize=,minimumSize=,preferredSize=]
                        org.openscience.jchempaint.JCPToolBar$1[name='P', text='', enabled=true, visible=true, showing=false]
                      javax.swing.Box[,172,2,32x31,layout=javax.swing.BoxLayout,alignmentX=0.0,alignmentY=0.0,border=,flags=0,maximumSize=,minimumSize=,preferredSize=]
                        org.openscience.jchempaint.JCPToolBar$1[name='S', text='', enabled=true, visible=true, showing=false]
                      javax.swing.Box[,204,2,32x31,layout=javax.swing.BoxLayout,alignmentX=0.0,alignmentY=0.0,border=,flags=0,maximumSize=,minimumSize=,preferredSize=]
                        org.openscience.jchempaint.JCPToolBar$1[name='F', text='', enabled=true, visible=true, showing=false]
                      javax.swing.Box[,236,2,32x31,layout=javax.swing.BoxLayout,alignmentX=0.0,alignmentY=0.0,border=,flags=0,maximumSize=,minimumSize=,preferredSize=]
                        org.openscience.jchempaint.JCPToolBar$1[name='Cl', text='', enabled=true, visible=true, showing=false]
                      javax.swing.Box[,268,2,32x31,layout=javax.swing.BoxLayout,alignmentX=0.0,alignmentY=0.0,border=,flags=0,maximumSize=,minimumSize=,preferredSize=]
                        org.openscience.jchempaint.JCPToolBar$1[name='Br', text='', enabled=true, visible=true, showing=false]
                      javax.swing.Box[,300,2,32x31,layout=javax.swing.BoxLayout,alignmentX=0.0,alignmentY=0.0,border=,flags=0,maximumSize=,minimumSize=,preferredSize=]
                        org.openscience.jchempaint.JCPToolBar$1[name='I', text='', enabled=true, visible=true, showing=false]
                      javax.swing.Box[,332,2,32x31,layout=javax.swing.BoxLayout,alignmentX=0.0,alignmentY=0.0,border=,flags=0,maximumSize=,minimumSize=,preferredSize=]
                        org.openscience.jchempaint.JCPToolBar$1[name='enterelement', text='', enabled=true, visible=true, showing=false]
                      javax.swing.Box[,364,2,32x31,layout=javax.swing.BoxLayout,alignmentX=0.0,alignmentY=0.0,border=,flags=0,maximumSize=,minimumSize=,preferredSize=]
                        org.openscience.jchempaint.JCPToolBar$1[name='periodictable', text='', enabled=true, visible=true, showing=false]
                      javax.swing.Box$Filler[,396,17,300x0,alignmentX=0.0,alignmentY=0.0,border=,flags=0,maximumSize=java.awt.Dimension[width=32767,height=0],minimumSize=java.awt.Dimension[width=0,height=0],preferredSize=java.awt.Dimension[width=0,height=0]]
                    org.openscience.jchempaint.InsertTextPanel[name=null]
                      javax.swing.JComboBox[name=null, selectedItem='', contents=[''], editable=true, enabled=true, visible=true, showing=false]
                        com.apple.laf.AquaComboBoxButton[name=null, text='', enabled=true, visible=true, showing=false]
                        javax.swing.CellRendererPane[,0,0,0x0,hidden]
                        com.apple.laf.AquaComboBoxUI$AquaCustomComboTextField[name=null, text='', enabled=true, visible=true, showing=false]
                      javax.swing.JButton[name=null, text='Insert', enabled=true, visible=true, showing=false]
        javax.swing.JLabel[name='status', text='Applet loaded', enabled=true, visible=true, showing=false]
  javax.swing.Popup$HeavyWeightWindow[name='win0']
    javax.swing.JRootPane[]
      javax.swing.JPanel[name='null.glassPane']
      javax.swing.JLayeredPane[]
        javax.swing.JPanel[name='null.contentPane']

	at org.fest.swing.core.BasicComponentFinder.componentNotFound(BasicComponentFinder.java:271)
	at org.fest.swing.core.BasicComponentFinder.find(BasicComponentFinder.java:260)
	at org.fest.swing.core.BasicComponentFinder.find(BasicComponentFinder.java:254)
	at org.fest.swing.core.BasicComponentFinder.findByName(BasicComponentFinder.java:191)
	at org.fest.swing.fixture.ContainerFixture.findByName(ContainerFixture.java:527)
	at org.fest.swing.fixture.ContainerFixture.panel(ContainerFixture.java:307)
	at org.openscience.jchempaint.AbstractAppletTest.restoreModelWithBasicmol(AbstractAppletTest.java:82)
	at org.openscience.jchempaint.MenuIsotopeTest.genericIsotopeTest(MenuIsotopeTest.java:37)
	at org.openscience.jchempaint.MenuIsotopeTest.testMenuIsotopeMajorMinusOne(MenuIsotopeTest.java:32)
	at java.base/jdk.internal.reflect.DirectMethodHandleAccessor.invoke(DirectMethodHandleAccessor.java:103)
	at java.base/java.lang.reflect.Method.invoke(Method.java:580)
	at org.junit.runners.model.FrameworkMethod$1.runReflectiveCall(FrameworkMethod.java:59)
	at org.junit.internal.runners.model.ReflectiveCallable.run(ReflectiveCallable.java:12)
	at org.junit.runners.model.FrameworkMethod.invokeExplosively(FrameworkMethod.java:56)
	at org.junit.internal.runners.statements.InvokeMethod.evaluate(InvokeMethod.java:17)
	at org.junit.runners.ParentRunner$3.evaluate(ParentRunner.java:306)
	at org.junit.runners.BlockJUnit4ClassRunner$1.evaluate(BlockJUnit4ClassRunner.java:100)
	at org.junit.runners.ParentRunner.runLeaf(ParentRunner.java:366)
	at org.junit.runners.BlockJUnit4ClassRunner.runChild(BlockJUnit4ClassRunner.java:103)
	at org.junit.runners.BlockJUnit4ClassRunner.runChild(BlockJUnit4ClassRunner.java:63)
	at org.junit.runners.ParentRunner$4.run(ParentRunner.java:331)
	at org.junit.runners.ParentRunner$1.schedule(ParentRunner.java:79)
	at org.junit.runners.ParentRunner.runChildren(ParentRunner.java:329)
	at org.junit.runners.ParentRunner.access$100(ParentRunner.java:66)
	at org.junit.runners.ParentRunner$2.evaluate(ParentRunner.java:293)
	at org.junit.internal.runners.statements.RunBefores.evaluate(RunBefores.java:26)
	at org.junit.internal.runners.statements.RunAfters.evaluate(RunAfters.java:27)
	at org.junit.runners.ParentRunner$3.evaluate(ParentRunner.java:306)
	at org.junit.runners.ParentRunner.run(ParentRunner.java:413)
	at org.apache.maven.surefire.junit4.JUnit4Provider.execute(JUnit4Provider.java:316)
	at org.apache.maven.surefire.junit4.JUnit4Provider.executeWithRerun(JUnit4Provider.java:240)
	at org.apache.maven.surefire.junit4.JUnit4Provider.executeTestSet(JUnit4Provider.java:214)
	at org.apache.maven.surefire.junit4.JUnit4Provider.invoke(JUnit4Provider.java:155)
	at org.apache.maven.surefire.booter.ForkedBooter.runSuitesInProcess(ForkedBooter.java:385)
	at org.apache.maven.surefire.booter.ForkedBooter.execute(ForkedBooter.java:162)
	at org.apache.maven.surefire.booter.ForkedBooter.run(ForkedBooter.java:507)
	at org.apache.maven.surefire.booter.ForkedBooter.main(ForkedBooter.java:495)
]]></error>
  </testcase>
  <testcase name="testMenuIsotopeMajorMinusTwo" classname="org.openscience.jchempaint.MenuIsotopeTest" time="0.007">
    <error message="Unable to find component using matcher org.fest.swing.core.NameMatcher[name=&apos;appletframe&apos;, type=javax.swing.JPanel, requireShowing=true].&#10;&#10;Component hierarchy:&#10;org.fest.swing.applet.AppletViewer[name=&apos;frame10&apos;, title=&apos;Applet Viewer: org.openscience.jchempaint.applet.JChemPaintEditorApplet&apos;, enabled=true, visible=false, showing=false]&#10;  javax.swing.JRootPane[]&#10;    javax.swing.JPanel[name=&apos;null.glassPane&apos;]&#10;    javax.swing.JLayeredPane[]&#10;      javax.swing.JPanel[name=&apos;null.contentPane&apos;]&#10;        org.openscience.jchempaint.applet.JChemPaintEditorApplet[name=&apos;panel9&apos;]&#10;          javax.swing.JRootPane[]&#10;            javax.swing.JPanel[name=&apos;null.glassPane&apos;]&#10;            javax.swing.JLayeredPane[]&#10;              javax.swing.JPanel[name=&apos;null.contentPane&apos;]&#10;                org.openscience.jchempaint.JChemPaintPanel[name=&apos;appletframe&apos;]&#10;                  javax.swing.JPanel[name=null]&#10;                    org.openscience.jchempaint.JChemPaintMenuBar[]&#10;                      javax.swing.JMenu[name=&apos;file&apos;, text=&apos;File&apos;, selected=false, enabled=true, visible=true, showing=false]&#10;                        javax.swing.JPopupMenu[name=null, label=null, enabled=true, visible=false, showing=false]&#10;                          javax.swing.JMenuItem[name=&apos;new&apos;, text=&apos;New&apos;, selected=false, enabled=true, visible=true, showing=false]&#10;                          javax.swing.JMenuItem[name=&apos;open&apos;, text=&apos;Open&apos;, selected=false, enabled=true, visible=true, showing=false]&#10;                          javax.swing.JMenuItem[name=&apos;save&apos;, text=&apos;Save&apos;, selected=false, enabled=true, visible=true, showing=false]&#10;                          javax.swing.JMenuItem[name=&apos;saveAs&apos;, text=&apos;Save As...&apos;, selected=false, enabled=true, visible=true, showing=false]&#10;                          javax.swing.JPopupMenu$Separator[,0,80,180x12,invalid,alignmentX=0.0,alignmentY=0.0,border=,flags=0,maximumSize=,minimumSize=,preferredSize=,orientation=HORIZONTAL]&#10;                          javax.swing.JMenuItem[name=&apos;export&apos;, text=&apos;Save As Image...&apos;, selected=false, enabled=true, visible=true, showing=false]&#10;                          javax.swing.JMenuItem[name=&apos;print&apos;, text=&apos;Print...&apos;, selected=false, enabled=true, visible=true, showing=false]&#10;                      javax.swing.JMenu[name=&apos;edit&apos;, text=&apos;Edit&apos;, selected=false, enabled=true, visible=true, showing=false]&#10;                        javax.swing.JPopupMenu[name=null, label=null, enabled=true, visible=false, showing=false]&#10;                          javax.swing.JMenuItem[name=&apos;undo&apos;, text=&apos;Undo&apos;, selected=false, enabled=true, visible=true, showing=false]&#10;                          javax.swing.JMenuItem[name=&apos;redo&apos;, text=&apos;Redo&apos;, selected=false, enabled=false, visible=true, showing=false]&#10;                          javax.swing.JPopupMenu$Separator[,0,0,0x0,invalid,alignmentX=0.0,alignmentY=0.0,border=,flags=0,maximumSize=,minimumSize=,preferredSize=,orientation=HORIZONTAL]&#10;                          javax.swing.JMenuItem[name=&apos;cut&apos;, text=&apos;Cut&apos;, selected=false, enabled=true, visible=true, showing=false]&#10;                          javax.swing.JMenuItem[name=&apos;copy&apos;, text=&apos;Copy&apos;, selected=false, enabled=true, visible=true, showing=false]&#10;                          javax.swing.JMenuItem[name=&apos;copyAsSmiles&apos;, text=&apos;Copy As SMILES&apos;, selected=false, enabled=true, visible=true, showing=false]&#10;                          javax.swing.JMenuItem[name=&apos;paste&apos;, text=&apos;Paste&apos;, selected=false, enabled=true, visible=true, showing=false]&#10;                          javax.swing.JPopupMenu$Separator[,0,0,0x0,invalid,alignmentX=0.0,alignmentY=0.0,border=,flags=0,maximumSize=,minimumSize=,preferredSize=,orientation=HORIZONTAL]&#10;                          javax.swing.JMenuItem[name=&apos;eraser&apos;, text=&apos;Delete&apos;, selected=false, enabled=true, visible=true, showing=false]&#10;                          javax.swing.JMenuItem[name=&apos;selectAll&apos;, text=&apos;Select All&apos;, selected=false, enabled=true, visible=true, showing=false]&#10;                          javax.swing.JPopupMenu$Separator[,0,0,0x0,invalid,alignmentX=0.0,alignmentY=0.0,border=,flags=0,maximumSize=,minimumSize=,preferredSize=,orientation=HORIZONTAL]&#10;                          javax.swing.JMenuItem[name=&apos;options&apos;, text=&apos;Preferences...&apos;, selected=false, enabled=true, visible=true, showing=false]&#10;                      javax.swing.JMenu[name=&apos;view&apos;, text=&apos;View&apos;, selected=false, enabled=true, visible=true, showing=false]&#10;                        javax.swing.JPopupMenu[name=null, label=null, enabled=true, visible=false, showing=false]&#10;                          javax.swing.JMenuItem[name=&apos;zoomin&apos;, text=&apos;Zoom In&apos;, selected=false, enabled=true, visible=true, showing=false]&#10;                          javax.swing.JMenuItem[name=&apos;zoomout&apos;, text=&apos;Zoom Out&apos;, selected=false, enabled=true, visible=true, showing=false]&#10;                          javax.swing.JMenuItem[name=&apos;zoomoriginal&apos;, text=&apos;Zoom 100%&apos;, selected=false, enabled=true, visible=true, showing=false]&#10;                          javax.swing.JPopupMenu$Separator[,0,61,180x12,invalid,alignmentX=0.0,alignmentY=0.0,border=,flags=0,maximumSize=,minimumSize=,preferredSize=,orientation=HORIZONTAL]&#10;                          javax.swing.JMenuItem[name=&apos;cleanup&apos;, text=&apos;Clean Structure&apos;, selected=false, enabled=true, visible=true, showing=false]&#10;                          javax.swing.JMenu[name=&apos;flip&apos;, text=&apos;Flip&apos;, selected=false, enabled=true, visible=true, showing=false]&#10;                            javax.swing.JPopupMenu[name=null, label=null, enabled=true, visible=false, showing=false]&#10;                              javax.swing.JMenuItem[name=&apos;flipHorizontal&apos;, text=&apos;Horizontal&apos;, selected=false, enabled=true, visible=true, showing=false]&#10;                              javax.swing.JMenuItem[name=&apos;flipVertical&apos;, text=&apos;Vertical&apos;, selected=false, enabled=true, visible=true, showing=false]&#10;                          javax.swing.JMenu[name=&apos;hydrogen&apos;, text=&apos;Implicit Hydrogens&apos;, selected=false, enabled=true, visible=true, showing=false]&#10;                            javax.swing.JPopupMenu[name=null, label=null, enabled=true, visible=false, showing=false]&#10;                              javax.swing.JMenuItem[name=&apos;hydroon&apos;, text=&apos;On All&apos;, selected=false, enabled=true, visible=true, showing=false]&#10;                              javax.swing.JMenuItem[name=&apos;hydrooff&apos;, text=&apos;Off&apos;, selected=false, enabled=true, visible=true, showing=false]&#10;                      javax.swing.JMenu[name=&apos;atomMenu&apos;, text=&apos;Atom&apos;, selected=false, enabled=true, visible=true, showing=false]&#10;                        javax.swing.JPopupMenu[name=null, label=null, enabled=true, visible=false, showing=false]&#10;                          javax.swing.JMenu[name=&apos;formalCharge&apos;, text=&apos;Charge&apos;, selected=false, enabled=true, visible=true, showing=false]&#10;                            javax.swing.JPopupMenu[name=null, label=null, enabled=true, visible=false, showing=false]&#10;                              javax.swing.JMenuItem[name=&apos;plus&apos;, text=&apos;Plus&apos;, selected=false, enabled=true, visible=true, showing=false]&#10;                              javax.swing.JMenuItem[name=&apos;minus&apos;, text=&apos;Minus&apos;, selected=false, enabled=true, visible=true, showing=false]&#10;                          javax.swing.JMenu[name=&apos;hydrogen&apos;, text=&apos;Implicit Hydrogens&apos;, selected=false, enabled=true, visible=true, showing=false]&#10;                            javax.swing.JPopupMenu[name=null, label=null, enabled=true, visible=false, showing=false]&#10;                              javax.swing.JMenuItem[name=&apos;hydroon2&apos;, text=&apos;On All&apos;, selected=false, enabled=true, visible=true, showing=false]&#10;                              javax.swing.JMenuItem[name=&apos;hydrooff2&apos;, text=&apos;Off&apos;, selected=false, enabled=true, visible=true, showing=false]&#10;                          javax.swing.JMenu[name=&apos;isotopeChange&apos;, text=&apos;Isotopes&apos;, selected=false, enabled=true, visible=true, showing=false]&#10;                            javax.swing.JPopupMenu[name=null, label=null, enabled=true, visible=false, showing=false]&#10;                              javax.swing.JMenuItem[name=&apos;majorPlusThree&apos;, text=&apos;Major Plus 3&apos;, selected=false, enabled=true, visible=true, showing=false]&#10;                              javax.swing.JMenuItem[name=&apos;majorPlusTwo&apos;, text=&apos;Major Plus 2&apos;, selected=false, enabled=true, visible=true, showing=false]&#10;                              javax.swing.JMenuItem[name=&apos;majorPlusOne&apos;, text=&apos;Major Plus 1&apos;, selected=false, enabled=true, visible=true, showing=false]&#10;                              javax.swing.JMenuItem[name=&apos;major&apos;, text=&apos;Major Isotope&apos;, selected=false, enabled=true, visible=true, showing=false]&#10;                              javax.swing.JMenuItem[name=&apos;majorMinusOne&apos;, text=&apos;Major Minus 1&apos;, selected=false, enabled=true, visible=true, showing=false]&#10;                              javax.swing.JMenuItem[name=&apos;majorMinusTwo&apos;, text=&apos;Major Minus 2&apos;, selected=false, enabled=true, visible=true, showing=false]&#10;                              javax.swing.JMenuItem[name=&apos;majorMinusThree&apos;, text=&apos;Major Minus 3&apos;, selected=false, enabled=true, visible=true, showing=false]&#10;                          javax.swing.JMenu[name=&apos;radical&apos;, text=&apos;Radical&apos;, selected=false, enabled=true, visible=true, showing=false]&#10;                            javax.swing.JPopupMenu[name=null, label=null, enabled=true, visible=false, showing=false]&#10;                              javax.swing.JMenuItem[name=&apos;convertToRadical&apos;, text=&apos;Add Single Electron&apos;, selected=false, enabled=true, visible=true, showing=false]&#10;                              javax.swing.JMenuItem[name=&apos;convertFromRadical&apos;, text=&apos;Remove Single Electron&apos;, selected=false, enabled=true, visible=true, showing=false]&#10;                          javax.swing.JMenu[name=&apos;pseudoSymbols&apos;, text=&apos;Pseudo Atoms&apos;, selected=false, enabled=true, visible=true, showing=false]&#10;                            javax.swing.JPopupMenu[name=null, label=null, enabled=true, visible=false, showing=false]&#10;                              javax.swing.JMenuItem[name=&apos;pseudoR&apos;, text=&apos;R&apos;, selected=false, enabled=true, visible=true, showing=false]&#10;                              javax.swing.JMenuItem[name=&apos;pseudoR1&apos;, text=&apos;R1&apos;, selected=false, enabled=true, visible=true, showing=false]&#10;                              javax.swing.JMenuItem[name=&apos;pseudoR2&apos;, text=&apos;R2&apos;, selected=false, enabled=true, visible=true, showing=false]&#10;                              javax.swing.JMenuItem[name=&apos;pseudoR3&apos;, text=&apos;R3&apos;, selected=false, enabled=true, visible=true, showing=false]&#10;                              javax.swing.JMenuItem[name=&apos;pseudoR4&apos;, text=&apos;R4&apos;, selected=false, enabled=true, visible=true, showing=false]&#10;                              javax.swing.JMenuItem[name=&apos;pseudoRX&apos;, text=&apos;Other...&apos;, selected=false, enabled=true, visible=true, showing=false]&#10;                          javax.swing.JMenuItem[name=&apos;pseudoStar&apos;, text=&apos;Variable Attachment Point *&apos;, selected=false, enabled=true, visible=true, showing=false]&#10;                          javax.swing.JMenu[name=&apos;valence&apos;, text=&apos;Valence&apos;, selected=false, enabled=true, visible=true, showing=false]&#10;                            javax.swing.JPopupMenu[name=null, label=null, enabled=true, visible=false, showing=false]&#10;                              javax.swing.JMenuItem[name=&apos;valenceOff&apos;, text=&apos;Valence Off&apos;, selected=false, enabled=true, visible=true, showing=false]&#10;                              javax.swing.JMenuItem[name=&apos;valence1&apos;, text=&apos;Valence 1&apos;, selected=false, enabled=true, visible=true, showing=false]&#10;                              javax.swing.JMenuItem[name=&apos;valence2&apos;, text=&apos;Valence 2&apos;, selected=false, enabled=true, visible=true, showing=false]&#10;                              javax.swing.JMenuItem[name=&apos;valence3&apos;, text=&apos;Valence 3&apos;, selected=false, enabled=true, visible=true, showing=false]&#10;                              javax.swing.JMenuItem[name=&apos;valence4&apos;, text=&apos;Valence 4&apos;, selected=false, enabled=true, visible=true, showing=false]&#10;                              javax.swing.JMenuItem[name=&apos;valence5&apos;, text=&apos;Valence 5&apos;, selected=false, enabled=true, visible=true, showing=false]&#10;                              javax.swing.JMenuItem[name=&apos;valence6&apos;, text=&apos;Valence 6&apos;, selected=false, enabled=true, visible=true, showing=false]&#10;                              javax.swing.JMenuItem[name=&apos;valence7&apos;, text=&apos;Valence 7&apos;, selected=false, enabled=true, visible=true, showing=false]&#10;                              javax.swing.JMenuItem[name=&apos;valence8&apos;, text=&apos;Valence 8&apos;, selected=false, enabled=true, visible=true, showing=false]&#10;                          javax.swing.JMenu[name=&apos;symbolChange&apos;, text=&apos;Change Element&apos;, selected=false, enabled=true, visible=true, showing=false]&#10;                            javax.swing.JPopupMenu[name=null, label=null, enabled=true, visible=false, showing=false]&#10;                              javax.swing.JMenuItem[name=&apos;periodictable&apos;, text=&apos;Periodic Table&apos;, selected=false, enabled=true, visible=true, showing=false]&#10;                              javax.swing.JMenuItem[name=&apos;enterelement&apos;, text=&apos;Custom&apos;, selected=false, enabled=true, visible=true, showing=false]&#10;                              javax.swing.JPopupMenu$Separator[,0,0,0x0,invalid,alignmentX=0.0,alignmentY=0.0,border=,flags=0,maximumSize=,minimumSize=,preferredSize=,orientation=HORIZONTAL]&#10;                              javax.swing.JMenu[name=&apos;commonSymbols&apos;, text=&apos;Common Elements&apos;, selected=false, enabled=true, visible=true, showing=false]&#10;                                javax.swing.JPopupMenu[name=null, label=null, enabled=true, visible=false, showing=false]&#10;                                  javax.swing.JMenuItem[name=&apos;symbolH&apos;, text=&apos;H&apos;, selected=false, enabled=true, visible=true, showing=false]&#10;                                  javax.swing.JMenuItem[name=&apos;symbolC&apos;, text=&apos;C&apos;, selected=false, enabled=true, visible=true, showing=false]&#10;                                  javax.swing.JMenuItem[name=&apos;symbolN&apos;, text=&apos;N&apos;, selected=false, enabled=true, visible=true, showing=false]&#10;                                  javax.swing.JMenuItem[name=&apos;symbolO&apos;, text=&apos;O&apos;, selected=false, enabled=true, visible=true, showing=false]&#10;                                  javax.swing.JMenuItem[name=&apos;symbolS&apos;, text=&apos;S&apos;, selected=false, enabled=true, visible=true, showing=false]&#10;                                  javax.swing.JMenuItem[name=&apos;symbolF&apos;, text=&apos;F&apos;, selected=false, enabled=true, visible=true, showing=false]&#10;                                  javax.swing.JMenuItem[name=&apos;symbolP&apos;, text=&apos;P&apos;, selected=false, enabled=true, visible=true, showing=false]&#10;                                  javax.swing.JMenuItem[name=&apos;symbolCl&apos;, text=&apos;Cl&apos;, selected=false, enabled=true, visible=true, showing=false]&#10;                                  javax.swing.JMenuItem[name=&apos;symbolBr&apos;, text=&apos;Br&apos;, selected=false, enabled=true, visible=true, showing=false]&#10;                                  javax.swing.JMenuItem[name=&apos;symbolI&apos;, text=&apos;I&apos;, selected=false, enabled=true, visible=true, showing=false]&#10;                              javax.swing.JMenu[name=&apos;alkaliMetals&apos;, text=&apos;Alkali Metals&apos;, selected=false, enabled=true, visible=true, showing=false]&#10;                                javax.swing.JPopupMenu[name=null, label=null, enabled=true, visible=false, showing=false]&#10;                                  javax.swing.JMenuItem[name=&apos;symbolLi&apos;, text=&apos;Li&apos;, selected=false, enabled=true, visible=true, showing=false]&#10;                                  javax.swing.JMenuItem[name=&apos;symbolNa&apos;, text=&apos;Na&apos;, selected=false, enabled=true, visible=true, showing=false]&#10;                                  javax.swing.JMenuItem[name=&apos;symbolK&apos;, text=&apos;K&apos;, selected=false, enabled=true, visible=true, showing=false]&#10;                                  javax.swing.JMenuItem[name=&apos;symbolRb&apos;, text=&apos;Rb&apos;, selected=false, enabled=true, visible=true, showing=false]&#10;                                  javax.swing.JMenuItem[name=&apos;symbolCs&apos;, text=&apos;Cs&apos;, selected=false, enabled=true, visible=true, showing=false]&#10;                                  javax.swing.JMenuItem[name=&apos;symbolFr&apos;, text=&apos;Fr&apos;, selected=false, enabled=true, visible=true, showing=false]&#10;                              javax.swing.JMenu[name=&apos;alkaliEarthMetals&apos;, text=&apos;Alkali Earth Metals&apos;, selected=false, enabled=true, visible=true, showing=false]&#10;                                javax.swing.JPopupMenu[name=null, label=null, enabled=true, visible=false, showing=false]&#10;                                  javax.swing.JMenuItem[name=&apos;symbolBe&apos;, text=&apos;Be&apos;, selected=false, enabled=true, visible=true, showing=false]&#10;                                  javax.swing.JMenuItem[name=&apos;symbolMg&apos;, text=&apos;Mg&apos;, selected=false, enabled=true, visible=true, showing=false]&#10;                                  javax.swing.JMenuItem[name=&apos;symbolCa&apos;, text=&apos;Ca&apos;, selected=false, enabled=true, visible=true, showing=false]&#10;                                  javax.swing.JMenuItem[name=&apos;symbolSr&apos;, text=&apos;Sr&apos;, selected=false, enabled=true, visible=true, showing=false]&#10;                                  javax.swing.JMenuItem[name=&apos;symbolBa&apos;, text=&apos;Ba&apos;, selected=false, enabled=true, visible=true, showing=false]&#10;                                  javax.swing.JMenuItem[name=&apos;symbolRa&apos;, text=&apos;Ra&apos;, selected=false, enabled=true, visible=true, showing=false]&#10;                              javax.swing.JMenu[name=&apos;transitionMetals&apos;, text=&apos;Transition Metals&apos;, selected=false, enabled=true, visible=true, showing=false]&#10;                                javax.swing.JPopupMenu[name=null, label=null, enabled=true, visible=false, showing=false]&#10;                                  javax.swing.JMenuItem[name=&apos;symbolSc&apos;, text=&apos;Sc&apos;, selected=false, enabled=true, visible=true, showing=false]&#10;                                  javax.swing.JMenuItem[name=&apos;symbolTi&apos;, text=&apos;Ti&apos;, selected=false, enabled=true, visible=true, showing=false]&#10;                                  javax.swing.JMenuItem[name=&apos;symbolV&apos;, text=&apos;V&apos;, selected=false, enabled=true, visible=true, showing=false]&#10;                                  javax.swing.JMenuItem[name=&apos;symbolCr&apos;, text=&apos;Cr&apos;, selected=false, enabled=true, visible=true, showing=false]&#10;                                  javax.swing.JMenuItem[name=&apos;symbolMn&apos;, text=&apos;Mn&apos;, selected=false, enabled=true, visible=true, showing=false]&#10;                                  javax.swing.JMenuItem[name=&apos;symbolFe&apos;, text=&apos;Fe&apos;, selected=false, enabled=true, visible=true, showing=false]&#10;                                  javax.swing.JMenuItem[name=&apos;symbolCo&apos;, text=&apos;Co&apos;, selected=false, enabled=true, visible=true, showing=false]&#10;                                  javax.swing.JMenuItem[name=&apos;symbolNi&apos;, text=&apos;Ni&apos;, selected=false, enabled=true, visible=true, showing=false]&#10;                                  javax.swing.JMenuItem[name=&apos;symbolCu&apos;, text=&apos;Cu&apos;, selected=false, enabled=true, visible=true, showing=false]&#10;                                  javax.swing.JMenuItem[name=&apos;symbolZn&apos;, text=&apos;Zn&apos;, selected=false, enabled=true, visible=true, showing=false]&#10;                                  javax.swing.JMenuItem[name=&apos;symbolY&apos;, text=&apos;Y&apos;, selected=false, enabled=true, visible=true, showing=false]&#10;                                  javax.swing.JMenuItem[name=&apos;symbolZr&apos;, text=&apos;Zr&apos;, selected=false, enabled=true, visible=true, showing=false]&#10;                                  javax.swing.JMenuItem[name=&apos;symbolNb&apos;, text=&apos;Nb&apos;, selected=false, enabled=true, visible=true, showing=false]&#10;                                  javax.swing.JMenuItem[name=&apos;symbolMo&apos;, text=&apos;Mo&apos;, selected=false, enabled=true, visible=true, showing=false]&#10;                                  javax.swing.JMenuItem[name=&apos;symbolTc&apos;, text=&apos;Tc&apos;, selected=false, enabled=true, visible=true, showing=false]&#10;                                  javax.swing.JMenuItem[name=&apos;symbolRu&apos;, text=&apos;Ru&apos;, selected=false, enabled=true, visible=true, showing=false]&#10;                                  javax.swing.JMenuItem[name=&apos;symbolRh&apos;, text=&apos;Rh&apos;, selected=false, enabled=true, visible=true, showing=false]&#10;                                  javax.swing.JMenuItem[name=&apos;symbolPd&apos;, text=&apos;Pd&apos;, selected=false, enabled=true, visible=true, showing=false]&#10;                                  javax.swing.JMenuItem[name=&apos;symbolAg&apos;, text=&apos;Ag&apos;, selected=false, enabled=true, visible=true, showing=false]&#10;                                  javax.swing.JMenuItem[name=&apos;symbolCd&apos;, text=&apos;Cd&apos;, selected=false, enabled=true, visible=true, showing=false]&#10;                                  javax.swing.JMenuItem[name=&apos;symbolHf&apos;, text=&apos;Hf&apos;, selected=false, enabled=true, visible=true, showing=false]&#10;                                  javax.swing.JMenuItem[name=&apos;symbolTa&apos;, text=&apos;Ta&apos;, selected=false, enabled=true, visible=true, showing=false]&#10;                                  javax.swing.JMenuItem[name=&apos;symbolW&apos;, text=&apos;W&apos;, selected=false, enabled=true, visible=true, showing=false]&#10;                                  javax.swing.JMenuItem[name=&apos;symbolRe&apos;, text=&apos;Re&apos;, selected=false, enabled=true, visible=true, showing=false]&#10;                                  javax.swing.JMenuItem[name=&apos;symbolOs&apos;, text=&apos;Os&apos;, selected=false, enabled=true, visible=true, showing=false]&#10;                                  javax.swing.JMenuItem[name=&apos;symbolIr&apos;, text=&apos;Ir&apos;, selected=false, enabled=true, visible=true, showing=false]&#10;                                  javax.swing.JMenuItem[name=&apos;symbolPt&apos;, text=&apos;Pt&apos;, selected=false, enabled=true, visible=true, showing=false]&#10;                                  javax.swing.JMenuItem[name=&apos;symbolAu&apos;, text=&apos;Au&apos;, selected=false, enabled=true, visible=true, showing=false]&#10;                                  javax.swing.JMenuItem[name=&apos;symbolHg&apos;, text=&apos;Hg&apos;, selected=false, enabled=true, visible=true, showing=false]&#10;                                  javax.swing.JMenuItem[name=&apos;symbolRf&apos;, text=&apos;Rf&apos;, selected=false, enabled=true, visible=true, showing=false]&#10;                                  javax.swing.JMenuItem[name=&apos;symbolDb&apos;, text=&apos;Db&apos;, selected=false, enabled=true, visible=true, showing=false]&#10;                                  javax.swing.JMenuItem[name=&apos;symbolSg&apos;, text=&apos;Sg&apos;, selected=false, enabled=true, visible=true, showing=false]&#10;                                  javax.swing.JMenuItem[name=&apos;symbolBh&apos;, text=&apos;Bh&apos;, selected=false, enabled=true, visible=true, showing=false]&#10;                                  javax.swing.JMenuItem[name=&apos;symbolHs&apos;, text=&apos;Hs&apos;, selected=false, enabled=true, visible=true, showing=false]&#10;                                  javax.swing.JMenuItem[name=&apos;symbolMt&apos;, text=&apos;Mt&apos;, selected=false, enabled=true, visible=true, showing=false]&#10;                                  javax.swing.JMenuItem[name=&apos;symbolDs&apos;, text=&apos;Ds&apos;, selected=false, enabled=true, visible=true, showing=false]&#10;                                  javax.swing.JMenuItem[name=&apos;symbolRg&apos;, text=&apos;Rg&apos;, selected=false, enabled=true, visible=true, showing=false]&#10;                              javax.swing.JMenu[name=&apos;metals&apos;, text=&apos;Metals&apos;, selected=false, enabled=true, visible=true, showing=false]&#10;                                javax.swing.JPopupMenu[name=null, label=null, enabled=true, visible=false, showing=false]&#10;                                  javax.swing.JMenuItem[name=&apos;symbolAl&apos;, text=&apos;Al&apos;, selected=false, enabled=true, visible=true, showing=false]&#10;                                  javax.swing.JMenuItem[name=&apos;symbolGa&apos;, text=&apos;Ga&apos;, selected=false, enabled=true, visible=true, showing=false]&#10;                                  javax.swing.JMenuItem[name=&apos;symbolIn&apos;, text=&apos;In&apos;, selected=false, enabled=true, visible=true, showing=false]&#10;                                  javax.swing.JMenuItem[name=&apos;symbolSn&apos;, text=&apos;Sn&apos;, selected=false, enabled=true, visible=true, showing=false]&#10;                                  javax.swing.JMenuItem[name=&apos;symbolTl&apos;, text=&apos;Tl&apos;, selected=false, enabled=true, visible=true, showing=false]&#10;                                  javax.swing.JMenuItem[name=&apos;symbolPb&apos;, text=&apos;Pb&apos;, selected=false, enabled=true, visible=true, showing=false]&#10;                                  javax.swing.JMenuItem[name=&apos;symbolBi&apos;, text=&apos;Bi&apos;, selected=false, enabled=true, visible=true, showing=false]&#10;                              javax.swing.JMenu[name=&apos;metalloids&apos;, text=&apos;Metalloids&apos;, selected=false, enabled=true, visible=true, showing=false]&#10;                                javax.swing.JPopupMenu[name=null, label=null, enabled=true, visible=false, showing=false]&#10;                                  javax.swing.JMenuItem[name=&apos;symbolB&apos;, text=&apos;B&apos;, selected=false, enabled=true, visible=true, showing=false]&#10;                                  javax.swing.JMenuItem[name=&apos;symbolSi&apos;, text=&apos;Si&apos;, selected=false, enabled=true, visible=true, showing=false]&#10;                                  javax.swing.JMenuItem[name=&apos;symbolGe&apos;, text=&apos;Ge&apos;, selected=false, enabled=true, visible=true, showing=false]&#10;                                  javax.swing.JMenuItem[name=&apos;symbolAs&apos;, text=&apos;As&apos;, selected=false, enabled=true, visible=true, showing=false]&#10;                                  javax.swing.JMenuItem[name=&apos;symbolSb&apos;, text=&apos;Sb&apos;, selected=false, enabled=true, visible=true, showing=false]&#10;                                  javax.swing.JMenuItem[name=&apos;symbolTe&apos;, text=&apos;Te&apos;, selected=false, enabled=true, visible=true, showing=false]&#10;                                  javax.swing.JMenuItem[name=&apos;symbolPo&apos;, text=&apos;Po&apos;, selected=false, enabled=true, visible=true, showing=false]&#10;                              javax.swing.JMenu[name=&apos;halogenSymbols&apos;, text=&apos;Halogens&apos;, selected=false, enabled=true, visible=true, showing=false]&#10;                                javax.swing.JPopupMenu[name=null, label=null, enabled=true, visible=false, showing=false]&#10;                                  javax.swing.JMenuItem[name=&apos;symbolF2&apos;, text=&apos;F&apos;, selected=false, enabled=true, visible=true, showing=false]&#10;                                  javax.swing.JMenuItem[name=&apos;symbolCl2&apos;, text=&apos;Cl&apos;, selected=false, enabled=true, visible=true, showing=false]&#10;                                  javax.swing.JMenuItem[name=&apos;symbolBr2&apos;, text=&apos;Br&apos;, selected=false, enabled=true, visible=true, showing=false]&#10;                                  javax.swing.JMenuItem[name=&apos;symbolI2&apos;, text=&apos;I&apos;, selected=false, enabled=true, visible=true, showing=false]&#10;                              javax.swing.JMenu[name=&apos;nobelSymbols&apos;, text=&apos;Nobel Gases&apos;, selected=false, enabled=true, visible=true, showing=false]&#10;                                javax.swing.JPopupMenu[name=null, label=null, enabled=true, visible=false, showing=false]&#10;                                  javax.swing.JMenuItem[name=&apos;symbolHe&apos;, text=&apos;He&apos;, selected=false, enabled=true, visible=true, showing=false]&#10;                                  javax.swing.JMenuItem[name=&apos;symbolNe&apos;, text=&apos;Ne&apos;, selected=false, enabled=true, visible=true, showing=false]&#10;                                  javax.swing.JMenuItem[name=&apos;symbolAr&apos;, text=&apos;Ar&apos;, selected=false, enabled=true, visible=true, showing=false]&#10;                      javax.swing.JMenu[name=&apos;bondMenu&apos;, text=&apos;Bond&apos;, selected=false, enabled=true, visible=true, showing=false]&#10;                        javax.swing.JPopupMenu[name=null, label=null, enabled=true, visible=false, showing=false]&#10;                          javax.swing.JMenuItem[name=&apos;bond&apos;, text=&apos;Single&apos;, selected=false, enabled=false, visible=true, showing=false]&#10;                          javax.swing.JMenuItem[name=&apos;double_bond&apos;, text=&apos;Double&apos;, selected=false, enabled=false, visible=true, showing=false]&#10;                          javax.swing.JMenuItem[name=&apos;triple_bond&apos;, text=&apos;Triple&apos;, selected=false, enabled=false, visible=true, showing=false]&#10;                          javax.swing.JMenuItem[name=&apos;quad_bond&apos;, text=&apos;Quadruple&apos;, selected=false, enabled=false, visible=true, showing=false]&#10;                          javax.swing.JMenuItem[name=&apos;up_bond&apos;, text=&apos;Stereo Up&apos;, selected=false, enabled=false, visible=true, showing=false]&#10;                          javax.swing.JMenuItem[name=&apos;down_bond&apos;, text=&apos;Stereo Down&apos;, selected=false, enabled=false, visible=true, showing=false]&#10;                          javax.swing.JMenuItem[name=&apos;undefined_bond&apos;, text=&apos;Undefined Stereo&apos;, selected=false, enabled=false, visible=true, showing=false]&#10;                          javax.swing.JMenuItem[name=&apos;undefined_stereo_bond&apos;, text=&apos;Undefined E/Z&apos;, selected=false, enabled=false, visible=true, showing=false]&#10;                      javax.swing.JMenu[name=&apos;tools&apos;, text=&apos;Tools&apos;, selected=false, enabled=true, visible=true, showing=false]&#10;                        javax.swing.JPopupMenu[name=null, label=null, enabled=true, visible=false, showing=false]&#10;                          javax.swing.JMenuItem[name=&apos;cleanup2&apos;, text=&apos;Clean Structure&apos;, selected=false, enabled=true, visible=true, showing=false]&#10;                          javax.swing.JPopupMenu$Separator[,0,0,0x0,invalid,alignmentX=0.0,alignmentY=0.0,border=,flags=0,maximumSize=,minimumSize=,preferredSize=,orientation=HORIZONTAL]&#10;                          javax.swing.JMenuItem[name=&apos;createSMILES&apos;, text=&apos;Create SMILES&apos;, selected=false, enabled=true, visible=true, showing=false]&#10;                          javax.swing.JMenuItem[name=&apos;createInChI&apos;, text=&apos;Create InChI&apos;, selected=false, enabled=true, visible=true, showing=false]&#10;                      javax.swing.JMenu[name=&apos;rgroupMenu&apos;, text=&apos;R-groups&apos;, selected=false, enabled=true, visible=true, showing=false]&#10;                        javax.swing.JPopupMenu[name=null, label=null, enabled=true, visible=false, showing=false]&#10;                          javax.swing.JMenuItem[name=&apos;setRoot&apos;, text=&apos;Define as Root Structure&apos;, selected=false, enabled=true, visible=true, showing=false]&#10;                          javax.swing.JMenuItem[name=&apos;setSubstitute&apos;, text=&apos;Define as Substituent&apos;, selected=false, enabled=true, visible=true, showing=false]&#10;                          javax.swing.JMenuItem[name=&apos;rgpAdvanced&apos;, text=&apos;Advanced R-group logic&apos;, selected=false, enabled=true, visible=true, showing=false]&#10;                          javax.swing.JMenuItem[name=&apos;rgpGenerate&apos;, text=&apos;Generate possible configurations (sdf) &apos;, selected=false, enabled=true, visible=true, showing=false]&#10;                          javax.swing.JMenuItem[name=&apos;clearRgroup&apos;, text=&apos;Remove R-group aspects&apos;, selected=false, enabled=true, visible=true, showing=false]&#10;                      javax.swing.JMenu[name=&apos;templates&apos;, text=&apos;Templates&apos;, selected=false, enabled=true, visible=true, showing=false]&#10;                        javax.swing.JPopupMenu[name=null, label=null, enabled=true, visible=false, showing=false]&#10;                          javax.swing.JMenuItem[name=&apos;pasteTemplate&apos;, text=&apos;All Templates&apos;, selected=false, enabled=true, visible=true, showing=false]&#10;                          javax.swing.JPopupMenu$Separator[,0,0,0x0,invalid,alignmentX=0.0,alignmentY=0.0,border=,flags=0,maximumSize=,minimumSize=,preferredSize=,orientation=HORIZONTAL]&#10;                          javax.swing.JMenuItem[name=&apos;alkaloids&apos;, text=&apos;Alkaloids&apos;, selected=false, enabled=true, visible=true, showing=false]&#10;                          javax.swing.JMenuItem[name=&apos;amino_acids&apos;, text=&apos;Amino Acids&apos;, selected=false, enabled=true, visible=true, showing=false]&#10;                          javax.swing.JMenuItem[name=&apos;beta_lactams&apos;, text=&apos;Beta Lactams&apos;, selected=false, enabled=true, visible=true, showing=false]&#10;                          javax.swing.JMenuItem[name=&apos;carbohydrates&apos;, text=&apos;Carbohydrates&apos;, selected=false, enabled=true, visible=true, showing=false]&#10;                          javax.swing.JMenuItem[name=&apos;inositols&apos;, text=&apos;Inositols&apos;, selected=false, enabled=true, visible=true, showing=false]&#10;                          javax.swing.JMenuItem[name=&apos;lipids&apos;, text=&apos;Lipids&apos;, selected=false, enabled=true, visible=true, showing=false]&#10;                          javax.swing.JMenuItem[name=&apos;nucleosides&apos;, text=&apos;Nucleosides&apos;, selected=false, enabled=true, visible=true, showing=false]&#10;                          javax.swing.JMenuItem[name=&apos;porphyrins&apos;, text=&apos;Porphyrins&apos;, selected=false, enabled=true, visible=true, showing=false]&#10;                          javax.swing.JMenuItem[name=&apos;protecting_groups&apos;, text=&apos;Protecting Groups&apos;, selected=false, enabled=true, visible=true, showing=false]&#10;                          javax.swing.JMenuItem[name=&apos;steroids&apos;, text=&apos;Steroids&apos;, selected=false, enabled=true, visible=true, showing=false]&#10;                          javax.swing.JMenuItem[name=&apos;pahs&apos;, text=&apos;PAHs&apos;, selected=false, enabled=true, visible=true, showing=false]&#10;                          javax.swing.JMenuItem[name=&apos;miscellaneous&apos;, text=&apos;Miscellaneous&apos;, selected=false, enabled=true, visible=true, showing=false]&#10;                      javax.swing.Box$Filler[,473,10,178x0,alignmentX=0.0,alignmentY=0.0,border=,flags=0,maximumSize=java.awt.Dimension[width=32767,height=0],minimumSize=java.awt.Dimension[width=0,height=0],preferredSize=java.awt.Dimension[width=0,height=0]]&#10;                      javax.swing.JMenu[name=&apos;help&apos;, text=&apos;Help&apos;, selected=false, enabled=true, visible=true, showing=false]&#10;                        javax.swing.JPopupMenu[name=null, label=null, enabled=true, visible=false, showing=false]&#10;                          javax.swing.JMenuItem[name=&apos;help&apos;, text=&apos;Help&apos;, selected=false, enabled=true, visible=true, showing=false]&#10;                          javax.swing.JMenuItem[name=&apos;tutorial&apos;, text=&apos;Basic Tutorial&apos;, selected=false, enabled=true, visible=true, showing=false]&#10;                          javax.swing.JMenuItem[name=&apos;rgpTutorial&apos;, text=&apos;R-group Tutorial&apos;, selected=false, enabled=true, visible=true, showing=false]&#10;                          javax.swing.JPopupMenu$Separator[,0,0,0x0,invalid,alignmentX=0.0,alignmentY=0.0,border=,flags=0,maximumSize=,minimumSize=,preferredSize=,orientation=HORIZONTAL]&#10;                          javax.swing.JMenuItem[name=&apos;feedback&apos;, text=&apos;Report Feedback&apos;, selected=false, enabled=true, visible=true, showing=false]&#10;                          javax.swing.JMenuItem[name=&apos;about&apos;, text=&apos;About&apos;, selected=false, enabled=true, visible=true, showing=false]&#10;                          javax.swing.JMenuItem[name=&apos;license&apos;, text=&apos;License&apos;, selected=false, enabled=true, visible=true, showing=false]&#10;                    javax.swing.JToolBar[name=null]&#10;                      javax.swing.Box[,12,2,32x31,layout=javax.swing.BoxLayout,alignmentX=0.0,alignmentY=0.0,border=,flags=0,maximumSize=,minimumSize=,preferredSize=]&#10;                        org.openscience.jchempaint.JCPToolBar$1[name=&apos;select&apos;, text=&apos;&apos;, enabled=true, visible=true, showing=false]&#10;                      javax.swing.Box[,44,2,32x31,layout=javax.swing.BoxLayout,alignmentX=0.0,alignmentY=0.0,border=,flags=0,maximumSize=,minimumSize=,preferredSize=]&#10;                        org.openscience.jchempaint.JCPToolBar$1[name=&apos;lasso&apos;, text=&apos;&apos;, enabled=true, visible=true, showing=false]&#10;                      javax.swing.Box[,76,2,32x31,layout=javax.swing.BoxLayout,alignmentX=0.0,alignmentY=0.0,border=,flags=0,maximumSize=,minimumSize=,preferredSize=]&#10;                        org.openscience.jchempaint.JCPToolBar$1[name=&apos;eraser&apos;, text=&apos;&apos;, enabled=true, visible=true, showing=false]&#10;                      javax.swing.JToolBar$Separator[,108,2,11x31,alignmentX=0.0,alignmentY=0.0,border=,flags=0,maximumSize=,minimumSize=,preferredSize=,orientation=VERTICAL]&#10;                      javax.swing.Box[,119,2,32x31,layout=javax.swing.BoxLayout,alignmentX=0.0,alignmentY=0.0,border=,flags=0,maximumSize=,minimumSize=,preferredSize=]&#10;                        org.openscience.jchempaint.JCPToolBar$1[name=&apos;zoomin&apos;, text=&apos;&apos;, enabled=true, visible=true, showing=false]&#10;                      javax.swing.Box[,151,2,32x31,layout=javax.swing.BoxLayout,alignmentX=0.0,alignmentY=0.0,border=,flags=0,maximumSize=,minimumSize=,preferredSize=]&#10;                        org.openscience.jchempaint.JCPToolBar$1[name=&apos;zoomout&apos;, text=&apos;&apos;, enabled=true, visible=true, showing=false]&#10;                      javax.swing.JToolBar$Separator[,183,2,11x31,alignmentX=0.0,alignmentY=0.0,border=,flags=0,maximumSize=,minimumSize=,preferredSize=,orientation=VERTICAL]&#10;                      javax.swing.Box[,194,2,32x31,layout=javax.swing.BoxLayout,alignmentX=0.0,alignmentY=0.0,border=,flags=0,maximumSize=,minimumSize=,preferredSize=]&#10;                        org.openscience.jchempaint.JCPToolBar$1[name=&apos;undo&apos;, text=&apos;&apos;, enabled=true, visible=true, showing=false]&#10;                      javax.swing.Box[,226,2,32x31,layout=javax.swing.BoxLayout,alignmentX=0.0,alignmentY=0.0,border=,flags=0,maximumSize=,minimumSize=,preferredSize=]&#10;                        org.openscience.jchempaint.JCPToolBar$1[name=&apos;redo&apos;, text=&apos;&apos;, enabled=false, visible=true, showing=false]&#10;                      javax.swing.JToolBar$Separator[,258,2,11x31,alignmentX=0.0,alignmentY=0.0,border=,flags=0,maximumSize=,minimumSize=,preferredSize=,orientation=VERTICAL]&#10;                      javax.swing.Box[,269,2,32x31,layout=javax.swing.BoxLayout,alignmentX=0.0,alignmentY=0.0,border=,flags=0,maximumSize=,minimumSize=,preferredSize=]&#10;                        org.openscience.jchempaint.JCPToolBar$1[name=&apos;cut&apos;, text=&apos;&apos;, enabled=true, visible=true, showing=false]&#10;                      javax.swing.Box[,301,2,32x31,layout=javax.swing.BoxLayout,alignmentX=0.0,alignmentY=0.0,border=,flags=0,maximumSize=,minimumSize=,preferredSize=]&#10;                        org.openscience.jchempaint.JCPToolBar$1[name=&apos;copy&apos;, text=&apos;&apos;, enabled=true, visible=true, showing=false]&#10;                      javax.swing.Box[,333,2,32x31,layout=javax.swing.BoxLayout,alignmentX=0.0,alignmentY=0.0,border=,flags=0,maximumSize=,minimumSize=,preferredSize=]&#10;                        org.openscience.jchempaint.JCPToolBar$1[name=&apos;paste&apos;, text=&apos;&apos;, enabled=true, visible=true, showing=false]&#10;                      javax.swing.JToolBar$Separator[,365,2,11x31,alignmentX=0.0,alignmentY=0.0,border=,flags=0,maximumSize=,minimumSize=,preferredSize=,orientation=VERTICAL]&#10;                      javax.swing.Box[,376,2,32x31,layout=javax.swing.BoxLayout,alignmentX=0.0,alignmentY=0.0,border=,flags=0,maximumSize=,minimumSize=,preferredSize=]&#10;                        org.openscience.jchempaint.JCPToolBar$1[name=&apos;flipHorizontal&apos;, text=&apos;&apos;, enabled=true, visible=true, showing=false]&#10;                      javax.swing.Box[,408,2,32x31,layout=javax.swing.BoxLayout,alignmentX=0.0,alignmentY=0.0,border=,flags=0,maximumSize=,minimumSize=,preferredSize=]&#10;                        org.openscience.jchempaint.JCPToolBar$1[name=&apos;flipVertical&apos;, text=&apos;&apos;, enabled=true, visible=true, showing=false]&#10;                      javax.swing.Box[,440,2,32x31,layout=javax.swing.BoxLayout,alignmentX=0.0,alignmentY=0.0,border=,flags=0,maximumSize=,minimumSize=,preferredSize=]&#10;                        org.openscience.jchempaint.JCPToolBar$1[name=&apos;rotate&apos;, text=&apos;&apos;, enabled=true, visible=true, showing=false]&#10;                      javax.swing.Box[,472,2,32x31,layout=javax.swing.BoxLayout,alignmentX=0.0,alignmentY=0.0,border=,flags=0,maximumSize=,minimumSize=,preferredSize=]&#10;                        org.openscience.jchempaint.JCPToolBar$1[name=&apos;rotate3d&apos;, text=&apos;&apos;, enabled=true, visible=true, showing=false]&#10;                      javax.swing.Box$Filler[,504,17,192x0,alignmentX=0.0,alignmentY=0.0,border=,flags=0,maximumSize=java.awt.Dimension[width=32767,height=0],minimumSize=java.awt.Dimension[width=0,height=0],preferredSize=java.awt.Dimension[width=0,height=0]]&#10;                  javax.swing.JPanel[name=null]&#10;                    javax.swing.JScrollPane[name=null, enabled=true, visible=true, showing=false]&#10;                      javax.swing.JViewport[,2,2,616x519,layout=javax.swing.ViewportLayout,alignmentX=0.0,alignmentY=0.0,border=,flags=8388616,maximumSize=,minimumSize=,preferredSize=,isViewSizeSet=true,lastPaintPosition=java.awt.Point[x=0,y=0],scrollUnderway=false]&#10;                        org.openscience.jchempaint.RenderPanel[name=&apos;renderpanel&apos;]&#10;                      javax.swing.JScrollPane$ScrollBar[name=null, value=0, blockIncrement=10, minimum=0, maximum=519, enabled=true, visible=false, showing=false]&#10;                      javax.swing.JScrollPane$ScrollBar[name=null, value=0, blockIncrement=10, minimum=0, maximum=616, enabled=true, visible=false, showing=false]&#10;                    javax.swing.JToolBar[name=null]&#10;                      javax.swing.Box[,4,12,32x31,layout=javax.swing.BoxLayout,alignmentX=0.0,alignmentY=0.0,border=,flags=0,maximumSize=,minimumSize=,preferredSize=]&#10;                        org.openscience.jchempaint.JCPToolBar$1[name=&apos;bondTool&apos;, text=&apos;&apos;, enabled=true, visible=true, showing=false]&#10;                      javax.swing.Box[,4,43,32x31,layout=javax.swing.BoxLayout,alignmentX=0.0,alignmentY=0.0,border=,flags=0,maximumSize=,minimumSize=,preferredSize=]&#10;                        org.openscience.jchempaint.JCPToolBar$1[name=&apos;double_bondTool&apos;, text=&apos;&apos;, enabled=true, visible=true, showing=false]&#10;                      javax.swing.Box[,4,74,32x31,layout=javax.swing.BoxLayout,alignmentX=0.0,alignmentY=0.0,border=,flags=0,maximumSize=,minimumSize=,preferredSize=]&#10;                        org.openscience.jchempaint.JCPToolBar$1[name=&apos;triple_bondTool&apos;, text=&apos;&apos;, enabled=true, visible=true, showing=false]&#10;                      javax.swing.Box[,4,105,32x31,layout=javax.swing.BoxLayout,alignmentX=0.0,alignmentY=0.0,border=,flags=0,maximumSize=,minimumSize=,preferredSize=]&#10;                        org.openscience.jchempaint.JCPToolBar$1[name=&apos;chain&apos;, text=&apos;&apos;, enabled=true, visible=true, showing=false]&#10;                      javax.swing.JToolBar$Separator[,4,136,32x11,alignmentX=0.0,alignmentY=0.0,border=,flags=0,maximumSize=,minimumSize=,preferredSize=,orientation=HORIZONTAL]&#10;                      javax.swing.Box[,4,147,32x31,layout=javax.swing.BoxLayout,alignmentX=0.0,alignmentY=0.0,border=,flags=0,maximumSize=,minimumSize=,preferredSize=]&#10;                        org.openscience.jchempaint.JCPToolBar$1[name=&apos;up_bond&apos;, text=&apos;&apos;, enabled=true, visible=true, showing=false]&#10;                      javax.swing.Box[,4,178,32x31,layout=javax.swing.BoxLayout,alignmentX=0.0,alignmentY=0.0,border=,flags=0,maximumSize=,minimumSize=,preferredSize=]&#10;                        org.openscience.jchempaint.JCPToolBar$1[name=&apos;down_bond&apos;, text=&apos;&apos;, enabled=true, visible=true, showing=false]&#10;                      javax.swing.Box[,4,209,32x31,layout=javax.swing.BoxLayout,alignmentX=0.0,alignmentY=0.0,border=,flags=0,maximumSize=,minimumSize=,preferredSize=]&#10;                        org.openscience.jchempaint.JCPToolBar$1[name=&apos;undefined_bond&apos;, text=&apos;&apos;, enabled=true, visible=true, showing=false]&#10;                      javax.swing.Box[,4,240,32x31,layout=javax.swing.BoxLayout,alignmentX=0.0,alignmentY=0.0,border=,flags=0,maximumSize=,minimumSize=,preferredSize=]&#10;                        org.openscience.jchempaint.JCPToolBar$1[name=&apos;undefined_stereo_bond&apos;, text=&apos;&apos;, enabled=true, visible=true, showing=false]&#10;                      javax.swing.JToolBar$Separator[,4,271,32x11,alignmentX=0.0,alignmentY=0.0,border=,flags=0,maximumSize=,minimumSize=,preferredSize=,orientation=HORIZONTAL]&#10;                      javax.swing.Box[,4,282,32x31,layout=javax.swing.BoxLayout,alignmentX=0.0,alignmentY=0.0,border=,flags=0,maximumSize=,minimumSize=,preferredSize=]&#10;                        org.openscience.jchempaint.JCPToolBar$1[name=&apos;reactionArrow&apos;, text=&apos;&apos;, enabled=true, visible=true, showing=false]&#10;                    javax.swing.JToolBar[name=null]&#10;                      javax.swing.Box[,4,12,32x31,layout=javax.swing.BoxLayout,alignmentX=0.0,alignmentY=0.0,border=,flags=0,maximumSize=,minimumSize=,preferredSize=]&#10;                        org.openscience.jchempaint.JCPToolBar$1[name=&apos;triangle&apos;, text=&apos;&apos;, enabled=true, visible=true, showing=false]&#10;                      javax.swing.Box[,4,43,32x31,layout=javax.swing.BoxLayout,alignmentX=0.0,alignmentY=0.0,border=,flags=0,maximumSize=,minimumSize=,preferredSize=]&#10;                        org.openscience.jchempaint.JCPToolBar$1[name=&apos;square&apos;, text=&apos;&apos;, enabled=true, visible=true, showing=false]&#10;                      javax.swing.Box[,4,74,32x31,layout=javax.swing.BoxLayout,alignmentX=0.0,alignmentY=0.0,border=,flags=0,maximumSize=,minimumSize=,preferredSize=]&#10;                        org.openscience.jchempaint.JCPToolBar$1[name=&apos;pentagon&apos;, text=&apos;&apos;, enabled=true, visible=true, showing=false]&#10;                      javax.swing.Box[,4,105,32x31,layout=javax.swing.BoxLayout,alignmentX=0.0,alignmentY=0.0,border=,flags=0,maximumSize=,minimumSize=,preferredSize=]&#10;                        org.openscience.jchempaint.JCPToolBar$1[name=&apos;hexagon&apos;, text=&apos;&apos;, enabled=true, visible=true, showing=false]&#10;                      javax.swing.Box[,4,136,32x31,layout=javax.swing.BoxLayout,alignmentX=0.0,alignmentY=0.0,border=,flags=0,maximumSize=,minimumSize=,preferredSize=]&#10;                        org.openscience.jchempaint.JCPToolBar$1[name=&apos;benzene&apos;, text=&apos;&apos;, enabled=true, visible=true, showing=false]&#10;                      javax.swing.Box[,4,167,32x31,layout=javax.swing.BoxLayout,alignmentX=0.0,alignmentY=0.0,border=,flags=0,maximumSize=,minimumSize=,preferredSize=]&#10;                        org.openscience.jchempaint.JCPToolBar$1[name=&apos;octagon&apos;, text=&apos;&apos;, enabled=true, visible=true, showing=false]&#10;                      javax.swing.JToolBar$Separator[,4,198,32x11,alignmentX=0.0,alignmentY=0.0,border=,flags=0,maximumSize=,minimumSize=,preferredSize=,orientation=HORIZONTAL]&#10;                      javax.swing.Box[,4,209,32x31,layout=javax.swing.BoxLayout,alignmentX=0.0,alignmentY=0.0,border=,flags=0,maximumSize=,minimumSize=,preferredSize=]&#10;                        org.openscience.jchempaint.JCPToolBar$1[name=&apos;pasteTemplate&apos;, text=&apos;&apos;, enabled=true, visible=true, showing=false]&#10;                    javax.swing.JToolBar[name=null]&#10;                      javax.swing.Box[,12,2,32x31,layout=javax.swing.BoxLayout,alignmentX=0.0,alignmentY=0.0,border=,flags=0,maximumSize=,minimumSize=,preferredSize=]&#10;                        org.openscience.jchempaint.JCPToolBar$1[name=&apos;C&apos;, text=&apos;&apos;, enabled=true, visible=true, showing=false]&#10;                      javax.swing.Box[,44,2,32x31,layout=javax.swing.BoxLayout,alignmentX=0.0,alignmentY=0.0,border=,flags=0,maximumSize=,minimumSize=,preferredSize=]&#10;                        org.openscience.jchempaint.JCPToolBar$1[name=&apos;H&apos;, text=&apos;&apos;, enabled=true, visible=true, showing=false]&#10;                      javax.swing.Box[,76,2,32x31,layout=javax.swing.BoxLayout,alignmentX=0.0,alignmentY=0.0,border=,flags=0,maximumSize=,minimumSize=,preferredSize=]&#10;                        org.openscience.jchempaint.JCPToolBar$1[name=&apos;O&apos;, text=&apos;&apos;, enabled=true, visible=true, showing=false]&#10;                      javax.swing.Box[,108,2,32x31,layout=javax.swing.BoxLayout,alignmentX=0.0,alignmentY=0.0,border=,flags=0,maximumSize=,minimumSize=,preferredSize=]&#10;                        org.openscience.jchempaint.JCPToolBar$1[name=&apos;N&apos;, text=&apos;&apos;, enabled=true, visible=true, showing=false]&#10;                      javax.swing.Box[,140,2,32x31,layout=javax.swing.BoxLayout,alignmentX=0.0,alignmentY=0.0,border=,flags=0,maximumSize=,minimumSize=,preferredSize=]&#10;                        org.openscience.jchempaint.JCPToolBar$1[name=&apos;P&apos;, text=&apos;&apos;, enabled=true, visible=true, showing=false]&#10;                      javax.swing.Box[,172,2,32x31,layout=javax.swing.BoxLayout,alignmentX=0.0,alignmentY=0.0,border=,flags=0,maximumSize=,minimumSize=,preferredSize=]&#10;                        org.openscience.jchempaint.JCPToolBar$1[name=&apos;S&apos;, text=&apos;&apos;, enabled=true, visible=true, showing=false]&#10;                      javax.swing.Box[,204,2,32x31,layout=javax.swing.BoxLayout,alignmentX=0.0,alignmentY=0.0,border=,flags=0,maximumSize=,minimumSize=,preferredSize=]&#10;                        org.openscience.jchempaint.JCPToolBar$1[name=&apos;F&apos;, text=&apos;&apos;, enabled=true, visible=true, showing=false]&#10;                      javax.swing.Box[,236,2,32x31,layout=javax.swing.BoxLayout,alignmentX=0.0,alignmentY=0.0,border=,flags=0,maximumSize=,minimumSize=,preferredSize=]&#10;                        org.openscience.jchempaint.JCPToolBar$1[name=&apos;Cl&apos;, text=&apos;&apos;, enabled=true, visible=true, showing=false]&#10;                      javax.swing.Box[,268,2,32x31,layout=javax.swing.BoxLayout,alignmentX=0.0,alignmentY=0.0,border=,flags=0,maximumSize=,minimumSize=,preferredSize=]&#10;                        org.openscience.jchempaint.JCPToolBar$1[name=&apos;Br&apos;, text=&apos;&apos;, enabled=true, visible=true, showing=false]&#10;                      javax.swing.Box[,300,2,32x31,layout=javax.swing.BoxLayout,alignmentX=0.0,alignmentY=0.0,border=,flags=0,maximumSize=,minimumSize=,preferredSize=]&#10;                        org.openscience.jchempaint.JCPToolBar$1[name=&apos;I&apos;, text=&apos;&apos;, enabled=true, visible=true, showing=false]&#10;                      javax.swing.Box[,332,2,32x31,layout=javax.swing.BoxLayout,alignmentX=0.0,alignmentY=0.0,border=,flags=0,maximumSize=,minimumSize=,preferredSize=]&#10;                        org.openscience.jchempaint.JCPToolBar$1[name=&apos;enterelement&apos;, text=&apos;&apos;, enabled=true, visible=true, showing=false]&#10;                      javax.swing.Box[,364,2,32x31,layout=javax.swing.BoxLayout,alignmentX=0.0,alignmentY=0.0,border=,flags=0,maximumSize=,minimumSize=,preferredSize=]&#10;                        org.openscience.jchempaint.JCPToolBar$1[name=&apos;periodictable&apos;, text=&apos;&apos;, enabled=true, visible=true, showing=false]&#10;                      javax.swing.Box$Filler[,396,17,300x0,alignmentX=0.0,alignmentY=0.0,border=,flags=0,maximumSize=java.awt.Dimension[width=32767,height=0],minimumSize=java.awt.Dimension[width=0,height=0],preferredSize=java.awt.Dimension[width=0,height=0]]&#10;                    org.openscience.jchempaint.InsertTextPanel[name=null]&#10;                      javax.swing.JComboBox[name=null, selectedItem=&apos;&apos;, contents=[&apos;&apos;], editable=true, enabled=true, visible=true, showing=false]&#10;                        com.apple.laf.AquaComboBoxButton[name=null, text=&apos;&apos;, enabled=true, visible=true, showing=false]&#10;                        javax.swing.CellRendererPane[,0,0,0x0,hidden]&#10;                        com.apple.laf.AquaComboBoxUI$AquaCustomComboTextField[name=null, text=&apos;&apos;, enabled=true, visible=true, showing=false]&#10;                      javax.swing.JButton[name=null, text=&apos;Insert&apos;, enabled=true, visible=true, showing=false]&#10;        javax.swing.JLabel[name=&apos;status&apos;, text=&apos;Applet loaded&apos;, enabled=true, visible=true, showing=false]&#10;  javax.swing.Popup$HeavyWeightWindow[name=&apos;win0&apos;]&#10;    javax.swing.JRootPane[]&#10;      javax.swing.JPanel[name=&apos;null.glassPane&apos;]&#10;      javax.swing.JLayeredPane[]&#10;        javax.swing.JPanel[name=&apos;null.contentPane&apos;]&#10;" type="org.fest.swing.exception.ComponentLookupException"><![CDATA[org.fest.swing.exception.ComponentLookupException: 
Unable to find component using matcher org.fest.swing.core.NameMatcher[name='appletframe', type=javax.swing.JPanel, requireShowing=true].

Component hierarchy:
org.fest.swing.applet.AppletViewer[name='frame10', title='Applet Viewer: org.openscience.jchempaint.applet.JChemPaintEditorApplet', enabled=true, visible=false, showing=false]
  javax.swing.JRootPane[]
    javax.swing.JPanel[name='null.glassPane']
    javax.swing.JLayeredPane[]
      javax.swing.JPanel[name='null.contentPane']
        org.openscience.jchempaint.applet.JChemPaintEditorApplet[name='panel9']
          javax.swing.JRootPane[]
            javax.swing.JPanel[name='null.glassPane']
            javax.swing.JLayeredPane[]
              javax.swing.JPanel[name='null.contentPane']
                org.openscience.jchempaint.JChemPaintPanel[name='appletframe']
                  javax.swing.JPanel[name=null]
                    org.openscience.jchempaint.JChemPaintMenuBar[]
                      javax.swing.JMenu[name='file', text='File', selected=false, enabled=true, visible=true, showing=false]
                        javax.swing.JPopupMenu[name=null, label=null, enabled=true, visible=false, showing=false]
                          javax.swing.JMenuItem[name='new', text='New', selected=false, enabled=true, visible=true, showing=false]
                          javax.swing.JMenuItem[name='open', text='Open', selected=false, enabled=true, visible=true, showing=false]
                          javax.swing.JMenuItem[name='save', text='Save', selected=false, enabled=true, visible=true, showing=false]
                          javax.swing.JMenuItem[name='saveAs', text='Save As...', selected=false, enabled=true, visible=true, showing=false]
                          javax.swing.JPopupMenu$Separator[,0,80,180x12,invalid,alignmentX=0.0,alignmentY=0.0,border=,flags=0,maximumSize=,minimumSize=,preferredSize=,orientation=HORIZONTAL]
                          javax.swing.JMenuItem[name='export', text='Save As Image...', selected=false, enabled=true, visible=true, showing=false]
                          javax.swing.JMenuItem[name='print', text='Print...', selected=false, enabled=true, visible=true, showing=false]
                      javax.swing.JMenu[name='edit', text='Edit', selected=false, enabled=true, visible=true, showing=false]
                        javax.swing.JPopupMenu[name=null, label=null, enabled=true, visible=false, showing=false]
                          javax.swing.JMenuItem[name='undo', text='Undo', selected=false, enabled=true, visible=true, showing=false]
                          javax.swing.JMenuItem[name='redo', text='Redo', selected=false, enabled=false, visible=true, showing=false]
                          javax.swing.JPopupMenu$Separator[,0,0,0x0,invalid,alignmentX=0.0,alignmentY=0.0,border=,flags=0,maximumSize=,minimumSize=,preferredSize=,orientation=HORIZONTAL]
                          javax.swing.JMenuItem[name='cut', text='Cut', selected=false, enabled=true, visible=true, showing=false]
                          javax.swing.JMenuItem[name='copy', text='Copy', selected=false, enabled=true, visible=true, showing=false]
                          javax.swing.JMenuItem[name='copyAsSmiles', text='Copy As SMILES', selected=false, enabled=true, visible=true, showing=false]
                          javax.swing.JMenuItem[name='paste', text='Paste', selected=false, enabled=true, visible=true, showing=false]
                          javax.swing.JPopupMenu$Separator[,0,0,0x0,invalid,alignmentX=0.0,alignmentY=0.0,border=,flags=0,maximumSize=,minimumSize=,preferredSize=,orientation=HORIZONTAL]
                          javax.swing.JMenuItem[name='eraser', text='Delete', selected=false, enabled=true, visible=true, showing=false]
                          javax.swing.JMenuItem[name='selectAll', text='Select All', selected=false, enabled=true, visible=true, showing=false]
                          javax.swing.JPopupMenu$Separator[,0,0,0x0,invalid,alignmentX=0.0,alignmentY=0.0,border=,flags=0,maximumSize=,minimumSize=,preferredSize=,orientation=HORIZONTAL]
                          javax.swing.JMenuItem[name='options', text='Preferences...', selected=false, enabled=true, visible=true, showing=false]
                      javax.swing.JMenu[name='view', text='View', selected=false, enabled=true, visible=true, showing=false]
                        javax.swing.JPopupMenu[name=null, label=null, enabled=true, visible=false, showing=false]
                          javax.swing.JMenuItem[name='zoomin', text='Zoom In', selected=false, enabled=true, visible=true, showing=false]
                          javax.swing.JMenuItem[name='zoomout', text='Zoom Out', selected=false, enabled=true, visible=true, showing=false]
                          javax.swing.JMenuItem[name='zoomoriginal', text='Zoom 100%', selected=false, enabled=true, visible=true, showing=false]
                          javax.swing.JPopupMenu$Separator[,0,61,180x12,invalid,alignmentX=0.0,alignmentY=0.0,border=,flags=0,maximumSize=,minimumSize=,preferredSize=,orientation=HORIZONTAL]
                          javax.swing.JMenuItem[name='cleanup', text='Clean Structure', selected=false, enabled=true, visible=true, showing=false]
                          javax.swing.JMenu[name='flip', text='Flip', selected=false, enabled=true, visible=true, showing=false]
                            javax.swing.JPopupMenu[name=null, label=null, enabled=true, visible=false, showing=false]
                              javax.swing.JMenuItem[name='flipHorizontal', text='Horizontal', selected=false, enabled=true, visible=true, showing=false]
                              javax.swing.JMenuItem[name='flipVertical', text='Vertical', selected=false, enabled=true, visible=true, showing=false]
                          javax.swing.JMenu[name='hydrogen', text='Implicit Hydrogens', selected=false, enabled=true, visible=true, showing=false]
                            javax.swing.JPopupMenu[name=null, label=null, enabled=true, visible=false, showing=false]
                              javax.swing.JMenuItem[name='hydroon', text='On All', selected=false, enabled=true, visible=true, showing=false]
                              javax.swing.JMenuItem[name='hydrooff', text='Off', selected=false, enabled=true, visible=true, showing=false]
                      javax.swing.JMenu[name='atomMenu', text='Atom', selected=false, enabled=true, visible=true, showing=false]
                        javax.swing.JPopupMenu[name=null, label=null, enabled=true, visible=false, showing=false]
                          javax.swing.JMenu[name='formalCharge', text='Charge', selected=false, enabled=true, visible=true, showing=false]
                            javax.swing.JPopupMenu[name=null, label=null, enabled=true, visible=false, showing=false]
                              javax.swing.JMenuItem[name='plus', text='Plus', selected=false, enabled=true, visible=true, showing=false]
                              javax.swing.JMenuItem[name='minus', text='Minus', selected=false, enabled=true, visible=true, showing=false]
                          javax.swing.JMenu[name='hydrogen', text='Implicit Hydrogens', selected=false, enabled=true, visible=true, showing=false]
                            javax.swing.JPopupMenu[name=null, label=null, enabled=true, visible=false, showing=false]
                              javax.swing.JMenuItem[name='hydroon2', text='On All', selected=false, enabled=true, visible=true, showing=false]
                              javax.swing.JMenuItem[name='hydrooff2', text='Off', selected=false, enabled=true, visible=true, showing=false]
                          javax.swing.JMenu[name='isotopeChange', text='Isotopes', selected=false, enabled=true, visible=true, showing=false]
                            javax.swing.JPopupMenu[name=null, label=null, enabled=true, visible=false, showing=false]
                              javax.swing.JMenuItem[name='majorPlusThree', text='Major Plus 3', selected=false, enabled=true, visible=true, showing=false]
                              javax.swing.JMenuItem[name='majorPlusTwo', text='Major Plus 2', selected=false, enabled=true, visible=true, showing=false]
                              javax.swing.JMenuItem[name='majorPlusOne', text='Major Plus 1', selected=false, enabled=true, visible=true, showing=false]
                              javax.swing.JMenuItem[name='major', text='Major Isotope', selected=false, enabled=true, visible=true, showing=false]
                              javax.swing.JMenuItem[name='majorMinusOne', text='Major Minus 1', selected=false, enabled=true, visible=true, showing=false]
                              javax.swing.JMenuItem[name='majorMinusTwo', text='Major Minus 2', selected=false, enabled=true, visible=true, showing=false]
                              javax.swing.JMenuItem[name='majorMinusThree', text='Major Minus 3', selected=false, enabled=true, visible=true, showing=false]
                          javax.swing.JMenu[name='radical', text='Radical', selected=false, enabled=true, visible=true, showing=false]
                            javax.swing.JPopupMenu[name=null, label=null, enabled=true, visible=false, showing=false]
                              javax.swing.JMenuItem[name='convertToRadical', text='Add Single Electron', selected=false, enabled=true, visible=true, showing=false]
                              javax.swing.JMenuItem[name='convertFromRadical', text='Remove Single Electron', selected=false, enabled=true, visible=true, showing=false]
                          javax.swing.JMenu[name='pseudoSymbols', text='Pseudo Atoms', selected=false, enabled=true, visible=true, showing=false]
                            javax.swing.JPopupMenu[name=null, label=null, enabled=true, visible=false, showing=false]
                              javax.swing.JMenuItem[name='pseudoR', text='R', selected=false, enabled=true, visible=true, showing=false]
                              javax.swing.JMenuItem[name='pseudoR1', text='R1', selected=false, enabled=true, visible=true, showing=false]
                              javax.swing.JMenuItem[name='pseudoR2', text='R2', selected=false, enabled=true, visible=true, showing=false]
                              javax.swing.JMenuItem[name='pseudoR3', text='R3', selected=false, enabled=true, visible=true, showing=false]
                              javax.swing.JMenuItem[name='pseudoR4', text='R4', selected=false, enabled=true, visible=true, showing=false]
                              javax.swing.JMenuItem[name='pseudoRX', text='Other...', selected=false, enabled=true, visible=true, showing=false]
                          javax.swing.JMenuItem[name='pseudoStar', text='Variable Attachment Point *', selected=false, enabled=true, visible=true, showing=false]
                          javax.swing.JMenu[name='valence', text='Valence', selected=false, enabled=true, visible=true, showing=false]
                            javax.swing.JPopupMenu[name=null, label=null, enabled=true, visible=false, showing=false]
                              javax.swing.JMenuItem[name='valenceOff', text='Valence Off', selected=false, enabled=true, visible=true, showing=false]
                              javax.swing.JMenuItem[name='valence1', text='Valence 1', selected=false, enabled=true, visible=true, showing=false]
                              javax.swing.JMenuItem[name='valence2', text='Valence 2', selected=false, enabled=true, visible=true, showing=false]
                              javax.swing.JMenuItem[name='valence3', text='Valence 3', selected=false, enabled=true, visible=true, showing=false]
                              javax.swing.JMenuItem[name='valence4', text='Valence 4', selected=false, enabled=true, visible=true, showing=false]
                              javax.swing.JMenuItem[name='valence5', text='Valence 5', selected=false, enabled=true, visible=true, showing=false]
                              javax.swing.JMenuItem[name='valence6', text='Valence 6', selected=false, enabled=true, visible=true, showing=false]
                              javax.swing.JMenuItem[name='valence7', text='Valence 7', selected=false, enabled=true, visible=true, showing=false]
                              javax.swing.JMenuItem[name='valence8', text='Valence 8', selected=false, enabled=true, visible=true, showing=false]
                          javax.swing.JMenu[name='symbolChange', text='Change Element', selected=false, enabled=true, visible=true, showing=false]
                            javax.swing.JPopupMenu[name=null, label=null, enabled=true, visible=false, showing=false]
                              javax.swing.JMenuItem[name='periodictable', text='Periodic Table', selected=false, enabled=true, visible=true, showing=false]
                              javax.swing.JMenuItem[name='enterelement', text='Custom', selected=false, enabled=true, visible=true, showing=false]
                              javax.swing.JPopupMenu$Separator[,0,0,0x0,invalid,alignmentX=0.0,alignmentY=0.0,border=,flags=0,maximumSize=,minimumSize=,preferredSize=,orientation=HORIZONTAL]
                              javax.swing.JMenu[name='commonSymbols', text='Common Elements', selected=false, enabled=true, visible=true, showing=false]
                                javax.swing.JPopupMenu[name=null, label=null, enabled=true, visible=false, showing=false]
                                  javax.swing.JMenuItem[name='symbolH', text='H', selected=false, enabled=true, visible=true, showing=false]
                                  javax.swing.JMenuItem[name='symbolC', text='C', selected=false, enabled=true, visible=true, showing=false]
                                  javax.swing.JMenuItem[name='symbolN', text='N', selected=false, enabled=true, visible=true, showing=false]
                                  javax.swing.JMenuItem[name='symbolO', text='O', selected=false, enabled=true, visible=true, showing=false]
                                  javax.swing.JMenuItem[name='symbolS', text='S', selected=false, enabled=true, visible=true, showing=false]
                                  javax.swing.JMenuItem[name='symbolF', text='F', selected=false, enabled=true, visible=true, showing=false]
                                  javax.swing.JMenuItem[name='symbolP', text='P', selected=false, enabled=true, visible=true, showing=false]
                                  javax.swing.JMenuItem[name='symbolCl', text='Cl', selected=false, enabled=true, visible=true, showing=false]
                                  javax.swing.JMenuItem[name='symbolBr', text='Br', selected=false, enabled=true, visible=true, showing=false]
                                  javax.swing.JMenuItem[name='symbolI', text='I', selected=false, enabled=true, visible=true, showing=false]
                              javax.swing.JMenu[name='alkaliMetals', text='Alkali Metals', selected=false, enabled=true, visible=true, showing=false]
                                javax.swing.JPopupMenu[name=null, label=null, enabled=true, visible=false, showing=false]
                                  javax.swing.JMenuItem[name='symbolLi', text='Li', selected=false, enabled=true, visible=true, showing=false]
                                  javax.swing.JMenuItem[name='symbolNa', text='Na', selected=false, enabled=true, visible=true, showing=false]
                                  javax.swing.JMenuItem[name='symbolK', text='K', selected=false, enabled=true, visible=true, showing=false]
                                  javax.swing.JMenuItem[name='symbolRb', text='Rb', selected=false, enabled=true, visible=true, showing=false]
                                  javax.swing.JMenuItem[name='symbolCs', text='Cs', selected=false, enabled=true, visible=true, showing=false]
                                  javax.swing.JMenuItem[name='symbolFr', text='Fr', selected=false, enabled=true, visible=true, showing=false]
                              javax.swing.JMenu[name='alkaliEarthMetals', text='Alkali Earth Metals', selected=false, enabled=true, visible=true, showing=false]
                                javax.swing.JPopupMenu[name=null, label=null, enabled=true, visible=false, showing=false]
                                  javax.swing.JMenuItem[name='symbolBe', text='Be', selected=false, enabled=true, visible=true, showing=false]
                                  javax.swing.JMenuItem[name='symbolMg', text='Mg', selected=false, enabled=true, visible=true, showing=false]
                                  javax.swing.JMenuItem[name='symbolCa', text='Ca', selected=false, enabled=true, visible=true, showing=false]
                                  javax.swing.JMenuItem[name='symbolSr', text='Sr', selected=false, enabled=true, visible=true, showing=false]
                                  javax.swing.JMenuItem[name='symbolBa', text='Ba', selected=false, enabled=true, visible=true, showing=false]
                                  javax.swing.JMenuItem[name='symbolRa', text='Ra', selected=false, enabled=true, visible=true, showing=false]
                              javax.swing.JMenu[name='transitionMetals', text='Transition Metals', selected=false, enabled=true, visible=true, showing=false]
                                javax.swing.JPopupMenu[name=null, label=null, enabled=true, visible=false, showing=false]
                                  javax.swing.JMenuItem[name='symbolSc', text='Sc', selected=false, enabled=true, visible=true, showing=false]
                                  javax.swing.JMenuItem[name='symbolTi', text='Ti', selected=false, enabled=true, visible=true, showing=false]
                                  javax.swing.JMenuItem[name='symbolV', text='V', selected=false, enabled=true, visible=true, showing=false]
                                  javax.swing.JMenuItem[name='symbolCr', text='Cr', selected=false, enabled=true, visible=true, showing=false]
                                  javax.swing.JMenuItem[name='symbolMn', text='Mn', selected=false, enabled=true, visible=true, showing=false]
                                  javax.swing.JMenuItem[name='symbolFe', text='Fe', selected=false, enabled=true, visible=true, showing=false]
                                  javax.swing.JMenuItem[name='symbolCo', text='Co', selected=false, enabled=true, visible=true, showing=false]
                                  javax.swing.JMenuItem[name='symbolNi', text='Ni', selected=false, enabled=true, visible=true, showing=false]
                                  javax.swing.JMenuItem[name='symbolCu', text='Cu', selected=false, enabled=true, visible=true, showing=false]
                                  javax.swing.JMenuItem[name='symbolZn', text='Zn', selected=false, enabled=true, visible=true, showing=false]
                                  javax.swing.JMenuItem[name='symbolY', text='Y', selected=false, enabled=true, visible=true, showing=false]
                                  javax.swing.JMenuItem[name='symbolZr', text='Zr', selected=false, enabled=true, visible=true, showing=false]
                                  javax.swing.JMenuItem[name='symbolNb', text='Nb', selected=false, enabled=true, visible=true, showing=false]
                                  javax.swing.JMenuItem[name='symbolMo', text='Mo', selected=false, enabled=true, visible=true, showing=false]
                                  javax.swing.JMenuItem[name='symbolTc', text='Tc', selected=false, enabled=true, visible=true, showing=false]
                                  javax.swing.JMenuItem[name='symbolRu', text='Ru', selected=false, enabled=true, visible=true, showing=false]
                                  javax.swing.JMenuItem[name='symbolRh', text='Rh', selected=false, enabled=true, visible=true, showing=false]
                                  javax.swing.JMenuItem[name='symbolPd', text='Pd', selected=false, enabled=true, visible=true, showing=false]
                                  javax.swing.JMenuItem[name='symbolAg', text='Ag', selected=false, enabled=true, visible=true, showing=false]
                                  javax.swing.JMenuItem[name='symbolCd', text='Cd', selected=false, enabled=true, visible=true, showing=false]
                                  javax.swing.JMenuItem[name='symbolHf', text='Hf', selected=false, enabled=true, visible=true, showing=false]
                                  javax.swing.JMenuItem[name='symbolTa', text='Ta', selected=false, enabled=true, visible=true, showing=false]
                                  javax.swing.JMenuItem[name='symbolW', text='W', selected=false, enabled=true, visible=true, showing=false]
                                  javax.swing.JMenuItem[name='symbolRe', text='Re', selected=false, enabled=true, visible=true, showing=false]
                                  javax.swing.JMenuItem[name='symbolOs', text='Os', selected=false, enabled=true, visible=true, showing=false]
                                  javax.swing.JMenuItem[name='symbolIr', text='Ir', selected=false, enabled=true, visible=true, showing=false]
                                  javax.swing.JMenuItem[name='symbolPt', text='Pt', selected=false, enabled=true, visible=true, showing=false]
                                  javax.swing.JMenuItem[name='symbolAu', text='Au', selected=false, enabled=true, visible=true, showing=false]
                                  javax.swing.JMenuItem[name='symbolHg', text='Hg', selected=false, enabled=true, visible=true, showing=false]
                                  javax.swing.JMenuItem[name='symbolRf', text='Rf', selected=false, enabled=true, visible=true, showing=false]
                                  javax.swing.JMenuItem[name='symbolDb', text='Db', selected=false, enabled=true, visible=true, showing=false]
                                  javax.swing.JMenuItem[name='symbolSg', text='Sg', selected=false, enabled=true, visible=true, showing=false]
                                  javax.swing.JMenuItem[name='symbolBh', text='Bh', selected=false, enabled=true, visible=true, showing=false]
                                  javax.swing.JMenuItem[name='symbolHs', text='Hs', selected=false, enabled=true, visible=true, showing=false]
                                  javax.swing.JMenuItem[name='symbolMt', text='Mt', selected=false, enabled=true, visible=true, showing=false]
                                  javax.swing.JMenuItem[name='symbolDs', text='Ds', selected=false, enabled=true, visible=true, showing=false]
                                  javax.swing.JMenuItem[name='symbolRg', text='Rg', selected=false, enabled=true, visible=true, showing=false]
                              javax.swing.JMenu[name='metals', text='Metals', selected=false, enabled=true, visible=true, showing=false]
                                javax.swing.JPopupMenu[name=null, label=null, enabled=true, visible=false, showing=false]
                                  javax.swing.JMenuItem[name='symbolAl', text='Al', selected=false, enabled=true, visible=true, showing=false]
                                  javax.swing.JMenuItem[name='symbolGa', text='Ga', selected=false, enabled=true, visible=true, showing=false]
                                  javax.swing.JMenuItem[name='symbolIn', text='In', selected=false, enabled=true, visible=true, showing=false]
                                  javax.swing.JMenuItem[name='symbolSn', text='Sn', selected=false, enabled=true, visible=true, showing=false]
                                  javax.swing.JMenuItem[name='symbolTl', text='Tl', selected=false, enabled=true, visible=true, showing=false]
                                  javax.swing.JMenuItem[name='symbolPb', text='Pb', selected=false, enabled=true, visible=true, showing=false]
                                  javax.swing.JMenuItem[name='symbolBi', text='Bi', selected=false, enabled=true, visible=true, showing=false]
                              javax.swing.JMenu[name='metalloids', text='Metalloids', selected=false, enabled=true, visible=true, showing=false]
                                javax.swing.JPopupMenu[name=null, label=null, enabled=true, visible=false, showing=false]
                                  javax.swing.JMenuItem[name='symbolB', text='B', selected=false, enabled=true, visible=true, showing=false]
                                  javax.swing.JMenuItem[name='symbolSi', text='Si', selected=false, enabled=true, visible=true, showing=false]
                                  javax.swing.JMenuItem[name='symbolGe', text='Ge', selected=false, enabled=true, visible=true, showing=false]
                                  javax.swing.JMenuItem[name='symbolAs', text='As', selected=false, enabled=true, visible=true, showing=false]
                                  javax.swing.JMenuItem[name='symbolSb', text='Sb', selected=false, enabled=true, visible=true, showing=false]
                                  javax.swing.JMenuItem[name='symbolTe', text='Te', selected=false, enabled=true, visible=true, showing=false]
                                  javax.swing.JMenuItem[name='symbolPo', text='Po', selected=false, enabled=true, visible=true, showing=false]
                              javax.swing.JMenu[name='halogenSymbols', text='Halogens', selected=false, enabled=true, visible=true, showing=false]
                                javax.swing.JPopupMenu[name=null, label=null, enabled=true, visible=false, showing=false]
                                  javax.swing.JMenuItem[name='symbolF2', text='F', selected=false, enabled=true, visible=true, showing=false]
                                  javax.swing.JMenuItem[name='symbolCl2', text='Cl', selected=false, enabled=true, visible=true, showing=false]
                                  javax.swing.JMenuItem[name='symbolBr2', text='Br', selected=false, enabled=true, visible=true, showing=false]
                                  javax.swing.JMenuItem[name='symbolI2', text='I', selected=false, enabled=true, visible=true, showing=false]
                              javax.swing.JMenu[name='nobelSymbols', text='Nobel Gases', selected=false, enabled=true, visible=true, showing=false]
                                javax.swing.JPopupMenu[name=null, label=null, enabled=true, visible=false, showing=false]
                                  javax.swing.JMenuItem[name='symbolHe', text='He', selected=false, enabled=true, visible=true, showing=false]
                                  javax.swing.JMenuItem[name='symbolNe', text='Ne', selected=false, enabled=true, visible=true, showing=false]
                                  javax.swing.JMenuItem[name='symbolAr', text='Ar', selected=false, enabled=true, visible=true, showing=false]
                      javax.swing.JMenu[name='bondMenu', text='Bond', selected=false, enabled=true, visible=true, showing=false]
                        javax.swing.JPopupMenu[name=null, label=null, enabled=true, visible=false, showing=false]
                          javax.swing.JMenuItem[name='bond', text='Single', selected=false, enabled=false, visible=true, showing=false]
                          javax.swing.JMenuItem[name='double_bond', text='Double', selected=false, enabled=false, visible=true, showing=false]
                          javax.swing.JMenuItem[name='triple_bond', text='Triple', selected=false, enabled=false, visible=true, showing=false]
                          javax.swing.JMenuItem[name='quad_bond', text='Quadruple', selected=false, enabled=false, visible=true, showing=false]
                          javax.swing.JMenuItem[name='up_bond', text='Stereo Up', selected=false, enabled=false, visible=true, showing=false]
                          javax.swing.JMenuItem[name='down_bond', text='Stereo Down', selected=false, enabled=false, visible=true, showing=false]
                          javax.swing.JMenuItem[name='undefined_bond', text='Undefined Stereo', selected=false, enabled=false, visible=true, showing=false]
                          javax.swing.JMenuItem[name='undefined_stereo_bond', text='Undefined E/Z', selected=false, enabled=false, visible=true, showing=false]
                      javax.swing.JMenu[name='tools', text='Tools', selected=false, enabled=true, visible=true, showing=false]
                        javax.swing.JPopupMenu[name=null, label=null, enabled=true, visible=false, showing=false]
                          javax.swing.JMenuItem[name='cleanup2', text='Clean Structure', selected=false, enabled=true, visible=true, showing=false]
                          javax.swing.JPopupMenu$Separator[,0,0,0x0,invalid,alignmentX=0.0,alignmentY=0.0,border=,flags=0,maximumSize=,minimumSize=,preferredSize=,orientation=HORIZONTAL]
                          javax.swing.JMenuItem[name='createSMILES', text='Create SMILES', selected=false, enabled=true, visible=true, showing=false]
                          javax.swing.JMenuItem[name='createInChI', text='Create InChI', selected=false, enabled=true, visible=true, showing=false]
                      javax.swing.JMenu[name='rgroupMenu', text='R-groups', selected=false, enabled=true, visible=true, showing=false]
                        javax.swing.JPopupMenu[name=null, label=null, enabled=true, visible=false, showing=false]
                          javax.swing.JMenuItem[name='setRoot', text='Define as Root Structure', selected=false, enabled=true, visible=true, showing=false]
                          javax.swing.JMenuItem[name='setSubstitute', text='Define as Substituent', selected=false, enabled=true, visible=true, showing=false]
                          javax.swing.JMenuItem[name='rgpAdvanced', text='Advanced R-group logic', selected=false, enabled=true, visible=true, showing=false]
                          javax.swing.JMenuItem[name='rgpGenerate', text='Generate possible configurations (sdf) ', selected=false, enabled=true, visible=true, showing=false]
                          javax.swing.JMenuItem[name='clearRgroup', text='Remove R-group aspects', selected=false, enabled=true, visible=true, showing=false]
                      javax.swing.JMenu[name='templates', text='Templates', selected=false, enabled=true, visible=true, showing=false]
                        javax.swing.JPopupMenu[name=null, label=null, enabled=true, visible=false, showing=false]
                          javax.swing.JMenuItem[name='pasteTemplate', text='All Templates', selected=false, enabled=true, visible=true, showing=false]
                          javax.swing.JPopupMenu$Separator[,0,0,0x0,invalid,alignmentX=0.0,alignmentY=0.0,border=,flags=0,maximumSize=,minimumSize=,preferredSize=,orientation=HORIZONTAL]
                          javax.swing.JMenuItem[name='alkaloids', text='Alkaloids', selected=false, enabled=true, visible=true, showing=false]
                          javax.swing.JMenuItem[name='amino_acids', text='Amino Acids', selected=false, enabled=true, visible=true, showing=false]
                          javax.swing.JMenuItem[name='beta_lactams', text='Beta Lactams', selected=false, enabled=true, visible=true, showing=false]
                          javax.swing.JMenuItem[name='carbohydrates', text='Carbohydrates', selected=false, enabled=true, visible=true, showing=false]
                          javax.swing.JMenuItem[name='inositols', text='Inositols', selected=false, enabled=true, visible=true, showing=false]
                          javax.swing.JMenuItem[name='lipids', text='Lipids', selected=false, enabled=true, visible=true, showing=false]
                          javax.swing.JMenuItem[name='nucleosides', text='Nucleosides', selected=false, enabled=true, visible=true, showing=false]
                          javax.swing.JMenuItem[name='porphyrins', text='Porphyrins', selected=false, enabled=true, visible=true, showing=false]
                          javax.swing.JMenuItem[name='protecting_groups', text='Protecting Groups', selected=false, enabled=true, visible=true, showing=false]
                          javax.swing.JMenuItem[name='steroids', text='Steroids', selected=false, enabled=true, visible=true, showing=false]
                          javax.swing.JMenuItem[name='pahs', text='PAHs', selected=false, enabled=true, visible=true, showing=false]
                          javax.swing.JMenuItem[name='miscellaneous', text='Miscellaneous', selected=false, enabled=true, visible=true, showing=false]
                      javax.swing.Box$Filler[,473,10,178x0,alignmentX=0.0,alignmentY=0.0,border=,flags=0,maximumSize=java.awt.Dimension[width=32767,height=0],minimumSize=java.awt.Dimension[width=0,height=0],preferredSize=java.awt.Dimension[width=0,height=0]]
                      javax.swing.JMenu[name='help', text='Help', selected=false, enabled=true, visible=true, showing=false]
                        javax.swing.JPopupMenu[name=null, label=null, enabled=true, visible=false, showing=false]
                          javax.swing.JMenuItem[name='help', text='Help', selected=false, enabled=true, visible=true, showing=false]
                          javax.swing.JMenuItem[name='tutorial', text='Basic Tutorial', selected=false, enabled=true, visible=true, showing=false]
                          javax.swing.JMenuItem[name='rgpTutorial', text='R-group Tutorial', selected=false, enabled=true, visible=true, showing=false]
                          javax.swing.JPopupMenu$Separator[,0,0,0x0,invalid,alignmentX=0.0,alignmentY=0.0,border=,flags=0,maximumSize=,minimumSize=,preferredSize=,orientation=HORIZONTAL]
                          javax.swing.JMenuItem[name='feedback', text='Report Feedback', selected=false, enabled=true, visible=true, showing=false]
                          javax.swing.JMenuItem[name='about', text='About', selected=false, enabled=true, visible=true, showing=false]
                          javax.swing.JMenuItem[name='license', text='License', selected=false, enabled=true, visible=true, showing=false]
                    javax.swing.JToolBar[name=null]
                      javax.swing.Box[,12,2,32x31,layout=javax.swing.BoxLayout,alignmentX=0.0,alignmentY=0.0,border=,flags=0,maximumSize=,minimumSize=,preferredSize=]
                        org.openscience.jchempaint.JCPToolBar$1[name='select', text='', enabled=true, visible=true, showing=false]
                      javax.swing.Box[,44,2,32x31,layout=javax.swing.BoxLayout,alignmentX=0.0,alignmentY=0.0,border=,flags=0,maximumSize=,minimumSize=,preferredSize=]
                        org.openscience.jchempaint.JCPToolBar$1[name='lasso', text='', enabled=true, visible=true, showing=false]
                      javax.swing.Box[,76,2,32x31,layout=javax.swing.BoxLayout,alignmentX=0.0,alignmentY=0.0,border=,flags=0,maximumSize=,minimumSize=,preferredSize=]
                        org.openscience.jchempaint.JCPToolBar$1[name='eraser', text='', enabled=true, visible=true, showing=false]
                      javax.swing.JToolBar$Separator[,108,2,11x31,alignmentX=0.0,alignmentY=0.0,border=,flags=0,maximumSize=,minimumSize=,preferredSize=,orientation=VERTICAL]
                      javax.swing.Box[,119,2,32x31,layout=javax.swing.BoxLayout,alignmentX=0.0,alignmentY=0.0,border=,flags=0,maximumSize=,minimumSize=,preferredSize=]
                        org.openscience.jchempaint.JCPToolBar$1[name='zoomin', text='', enabled=true, visible=true, showing=false]
                      javax.swing.Box[,151,2,32x31,layout=javax.swing.BoxLayout,alignmentX=0.0,alignmentY=0.0,border=,flags=0,maximumSize=,minimumSize=,preferredSize=]
                        org.openscience.jchempaint.JCPToolBar$1[name='zoomout', text='', enabled=true, visible=true, showing=false]
                      javax.swing.JToolBar$Separator[,183,2,11x31,alignmentX=0.0,alignmentY=0.0,border=,flags=0,maximumSize=,minimumSize=,preferredSize=,orientation=VERTICAL]
                      javax.swing.Box[,194,2,32x31,layout=javax.swing.BoxLayout,alignmentX=0.0,alignmentY=0.0,border=,flags=0,maximumSize=,minimumSize=,preferredSize=]
                        org.openscience.jchempaint.JCPToolBar$1[name='undo', text='', enabled=true, visible=true, showing=false]
                      javax.swing.Box[,226,2,32x31,layout=javax.swing.BoxLayout,alignmentX=0.0,alignmentY=0.0,border=,flags=0,maximumSize=,minimumSize=,preferredSize=]
                        org.openscience.jchempaint.JCPToolBar$1[name='redo', text='', enabled=false, visible=true, showing=false]
                      javax.swing.JToolBar$Separator[,258,2,11x31,alignmentX=0.0,alignmentY=0.0,border=,flags=0,maximumSize=,minimumSize=,preferredSize=,orientation=VERTICAL]
                      javax.swing.Box[,269,2,32x31,layout=javax.swing.BoxLayout,alignmentX=0.0,alignmentY=0.0,border=,flags=0,maximumSize=,minimumSize=,preferredSize=]
                        org.openscience.jchempaint.JCPToolBar$1[name='cut', text='', enabled=true, visible=true, showing=false]
                      javax.swing.Box[,301,2,32x31,layout=javax.swing.BoxLayout,alignmentX=0.0,alignmentY=0.0,border=,flags=0,maximumSize=,minimumSize=,preferredSize=]
                        org.openscience.jchempaint.JCPToolBar$1[name='copy', text='', enabled=true, visible=true, showing=false]
                      javax.swing.Box[,333,2,32x31,layout=javax.swing.BoxLayout,alignmentX=0.0,alignmentY=0.0,border=,flags=0,maximumSize=,minimumSize=,preferredSize=]
                        org.openscience.jchempaint.JCPToolBar$1[name='paste', text='', enabled=true, visible=true, showing=false]
                      javax.swing.JToolBar$Separator[,365,2,11x31,alignmentX=0.0,alignmentY=0.0,border=,flags=0,maximumSize=,minimumSize=,preferredSize=,orientation=VERTICAL]
                      javax.swing.Box[,376,2,32x31,layout=javax.swing.BoxLayout,alignmentX=0.0,alignmentY=0.0,border=,flags=0,maximumSize=,minimumSize=,preferredSize=]
                        org.openscience.jchempaint.JCPToolBar$1[name='flipHorizontal', text='', enabled=true, visible=true, showing=false]
                      javax.swing.Box[,408,2,32x31,layout=javax.swing.BoxLayout,alignmentX=0.0,alignmentY=0.0,border=,flags=0,maximumSize=,minimumSize=,preferredSize=]
                        org.openscience.jchempaint.JCPToolBar$1[name='flipVertical', text='', enabled=true, visible=true, showing=false]
                      javax.swing.Box[,440,2,32x31,layout=javax.swing.BoxLayout,alignmentX=0.0,alignmentY=0.0,border=,flags=0,maximumSize=,minimumSize=,preferredSize=]
                        org.openscience.jchempaint.JCPToolBar$1[name='rotate', text='', enabled=true, visible=true, showing=false]
                      javax.swing.Box[,472,2,32x31,layout=javax.swing.BoxLayout,alignmentX=0.0,alignmentY=0.0,border=,flags=0,maximumSize=,minimumSize=,preferredSize=]
                        org.openscience.jchempaint.JCPToolBar$1[name='rotate3d', text='', enabled=true, visible=true, showing=false]
                      javax.swing.Box$Filler[,504,17,192x0,alignmentX=0.0,alignmentY=0.0,border=,flags=0,maximumSize=java.awt.Dimension[width=32767,height=0],minimumSize=java.awt.Dimension[width=0,height=0],preferredSize=java.awt.Dimension[width=0,height=0]]
                  javax.swing.JPanel[name=null]
                    javax.swing.JScrollPane[name=null, enabled=true, visible=true, showing=false]
                      javax.swing.JViewport[,2,2,616x519,layout=javax.swing.ViewportLayout,alignmentX=0.0,alignmentY=0.0,border=,flags=8388616,maximumSize=,minimumSize=,preferredSize=,isViewSizeSet=true,lastPaintPosition=java.awt.Point[x=0,y=0],scrollUnderway=false]
                        org.openscience.jchempaint.RenderPanel[name='renderpanel']
                      javax.swing.JScrollPane$ScrollBar[name=null, value=0, blockIncrement=10, minimum=0, maximum=519, enabled=true, visible=false, showing=false]
                      javax.swing.JScrollPane$ScrollBar[name=null, value=0, blockIncrement=10, minimum=0, maximum=616, enabled=true, visible=false, showing=false]
                    javax.swing.JToolBar[name=null]
                      javax.swing.Box[,4,12,32x31,layout=javax.swing.BoxLayout,alignmentX=0.0,alignmentY=0.0,border=,flags=0,maximumSize=,minimumSize=,preferredSize=]
                        org.openscience.jchempaint.JCPToolBar$1[name='bondTool', text='', enabled=true, visible=true, showing=false]
                      javax.swing.Box[,4,43,32x31,layout=javax.swing.BoxLayout,alignmentX=0.0,alignmentY=0.0,border=,flags=0,maximumSize=,minimumSize=,preferredSize=]
                        org.openscience.jchempaint.JCPToolBar$1[name='double_bondTool', text='', enabled=true, visible=true, showing=false]
                      javax.swing.Box[,4,74,32x31,layout=javax.swing.BoxLayout,alignmentX=0.0,alignmentY=0.0,border=,flags=0,maximumSize=,minimumSize=,preferredSize=]
                        org.openscience.jchempaint.JCPToolBar$1[name='triple_bondTool', text='', enabled=true, visible=true, showing=false]
                      javax.swing.Box[,4,105,32x31,layout=javax.swing.BoxLayout,alignmentX=0.0,alignmentY=0.0,border=,flags=0,maximumSize=,minimumSize=,preferredSize=]
                        org.openscience.jchempaint.JCPToolBar$1[name='chain', text='', enabled=true, visible=true, showing=false]
                      javax.swing.JToolBar$Separator[,4,136,32x11,alignmentX=0.0,alignmentY=0.0,border=,flags=0,maximumSize=,minimumSize=,preferredSize=,orientation=HORIZONTAL]
                      javax.swing.Box[,4,147,32x31,layout=javax.swing.BoxLayout,alignmentX=0.0,alignmentY=0.0,border=,flags=0,maximumSize=,minimumSize=,preferredSize=]
                        org.openscience.jchempaint.JCPToolBar$1[name='up_bond', text='', enabled=true, visible=true, showing=false]
                      javax.swing.Box[,4,178,32x31,layout=javax.swing.BoxLayout,alignmentX=0.0,alignmentY=0.0,border=,flags=0,maximumSize=,minimumSize=,preferredSize=]
                        org.openscience.jchempaint.JCPToolBar$1[name='down_bond', text='', enabled=true, visible=true, showing=false]
                      javax.swing.Box[,4,209,32x31,layout=javax.swing.BoxLayout,alignmentX=0.0,alignmentY=0.0,border=,flags=0,maximumSize=,minimumSize=,preferredSize=]
                        org.openscience.jchempaint.JCPToolBar$1[name='undefined_bond', text='', enabled=true, visible=true, showing=false]
                      javax.swing.Box[,4,240,32x31,layout=javax.swing.BoxLayout,alignmentX=0.0,alignmentY=0.0,border=,flags=0,maximumSize=,minimumSize=,preferredSize=]
                        org.openscience.jchempaint.JCPToolBar$1[name='undefined_stereo_bond', text='', enabled=true, visible=true, showing=false]
                      javax.swing.JToolBar$Separator[,4,271,32x11,alignmentX=0.0,alignmentY=0.0,border=,flags=0,maximumSize=,minimumSize=,preferredSize=,orientation=HORIZONTAL]
                      javax.swing.Box[,4,282,32x31,layout=javax.swing.BoxLayout,alignmentX=0.0,alignmentY=0.0,border=,flags=0,maximumSize=,minimumSize=,preferredSize=]
                        org.openscience.jchempaint.JCPToolBar$1[name='reactionArrow', text='', enabled=true, visible=true, showing=false]
                    javax.swing.JToolBar[name=null]
                      javax.swing.Box[,4,12,32x31,layout=javax.swing.BoxLayout,alignmentX=0.0,alignmentY=0.0,border=,flags=0,maximumSize=,minimumSize=,preferredSize=]
                        org.openscience.jchempaint.JCPToolBar$1[name='triangle', text='', enabled=true, visible=true, showing=false]
                      javax.swing.Box[,4,43,32x31,layout=javax.swing.BoxLayout,alignmentX=0.0,alignmentY=0.0,border=,flags=0,maximumSize=,minimumSize=,preferredSize=]
                        org.openscience.jchempaint.JCPToolBar$1[name='square', text='', enabled=true, visible=true, showing=false]
                      javax.swing.Box[,4,74,32x31,layout=javax.swing.BoxLayout,alignmentX=0.0,alignmentY=0.0,border=,flags=0,maximumSize=,minimumSize=,preferredSize=]
                        org.openscience.jchempaint.JCPToolBar$1[name='pentagon', text='', enabled=true, visible=true, showing=false]
                      javax.swing.Box[,4,105,32x31,layout=javax.swing.BoxLayout,alignmentX=0.0,alignmentY=0.0,border=,flags=0,maximumSize=,minimumSize=,preferredSize=]
                        org.openscience.jchempaint.JCPToolBar$1[name='hexagon', text='', enabled=true, visible=true, showing=false]
                      javax.swing.Box[,4,136,32x31,layout=javax.swing.BoxLayout,alignmentX=0.0,alignmentY=0.0,border=,flags=0,maximumSize=,minimumSize=,preferredSize=]
                        org.openscience.jchempaint.JCPToolBar$1[name='benzene', text='', enabled=true, visible=true, showing=false]
                      javax.swing.Box[,4,167,32x31,layout=javax.swing.BoxLayout,alignmentX=0.0,alignmentY=0.0,border=,flags=0,maximumSize=,minimumSize=,preferredSize=]
                        org.openscience.jchempaint.JCPToolBar$1[name='octagon', text='', enabled=true, visible=true, showing=false]
                      javax.swing.JToolBar$Separator[,4,198,32x11,alignmentX=0.0,alignmentY=0.0,border=,flags=0,maximumSize=,minimumSize=,preferredSize=,orientation=HORIZONTAL]
                      javax.swing.Box[,4,209,32x31,layout=javax.swing.BoxLayout,alignmentX=0.0,alignmentY=0.0,border=,flags=0,maximumSize=,minimumSize=,preferredSize=]
                        org.openscience.jchempaint.JCPToolBar$1[name='pasteTemplate', text='', enabled=true, visible=true, showing=false]
                    javax.swing.JToolBar[name=null]
                      javax.swing.Box[,12,2,32x31,layout=javax.swing.BoxLayout,alignmentX=0.0,alignmentY=0.0,border=,flags=0,maximumSize=,minimumSize=,preferredSize=]
                        org.openscience.jchempaint.JCPToolBar$1[name='C', text='', enabled=true, visible=true, showing=false]
                      javax.swing.Box[,44,2,32x31,layout=javax.swing.BoxLayout,alignmentX=0.0,alignmentY=0.0,border=,flags=0,maximumSize=,minimumSize=,preferredSize=]
                        org.openscience.jchempaint.JCPToolBar$1[name='H', text='', enabled=true, visible=true, showing=false]
                      javax.swing.Box[,76,2,32x31,layout=javax.swing.BoxLayout,alignmentX=0.0,alignmentY=0.0,border=,flags=0,maximumSize=,minimumSize=,preferredSize=]
                        org.openscience.jchempaint.JCPToolBar$1[name='O', text='', enabled=true, visible=true, showing=false]
                      javax.swing.Box[,108,2,32x31,layout=javax.swing.BoxLayout,alignmentX=0.0,alignmentY=0.0,border=,flags=0,maximumSize=,minimumSize=,preferredSize=]
                        org.openscience.jchempaint.JCPToolBar$1[name='N', text='', enabled=true, visible=true, showing=false]
                      javax.swing.Box[,140,2,32x31,layout=javax.swing.BoxLayout,alignmentX=0.0,alignmentY=0.0,border=,flags=0,maximumSize=,minimumSize=,preferredSize=]
                        org.openscience.jchempaint.JCPToolBar$1[name='P', text='', enabled=true, visible=true, showing=false]
                      javax.swing.Box[,172,2,32x31,layout=javax.swing.BoxLayout,alignmentX=0.0,alignmentY=0.0,border=,flags=0,maximumSize=,minimumSize=,preferredSize=]
                        org.openscience.jchempaint.JCPToolBar$1[name='S', text='', enabled=true, visible=true, showing=false]
                      javax.swing.Box[,204,2,32x31,layout=javax.swing.BoxLayout,alignmentX=0.0,alignmentY=0.0,border=,flags=0,maximumSize=,minimumSize=,preferredSize=]
                        org.openscience.jchempaint.JCPToolBar$1[name='F', text='', enabled=true, visible=true, showing=false]
                      javax.swing.Box[,236,2,32x31,layout=javax.swing.BoxLayout,alignmentX=0.0,alignmentY=0.0,border=,flags=0,maximumSize=,minimumSize=,preferredSize=]
                        org.openscience.jchempaint.JCPToolBar$1[name='Cl', text='', enabled=true, visible=true, showing=false]
                      javax.swing.Box[,268,2,32x31,layout=javax.swing.BoxLayout,alignmentX=0.0,alignmentY=0.0,border=,flags=0,maximumSize=,minimumSize=,preferredSize=]
                        org.openscience.jchempaint.JCPToolBar$1[name='Br', text='', enabled=true, visible=true, showing=false]
                      javax.swing.Box[,300,2,32x31,layout=javax.swing.BoxLayout,alignmentX=0.0,alignmentY=0.0,border=,flags=0,maximumSize=,minimumSize=,preferredSize=]
                        org.openscience.jchempaint.JCPToolBar$1[name='I', text='', enabled=true, visible=true, showing=false]
                      javax.swing.Box[,332,2,32x31,layout=javax.swing.BoxLayout,alignmentX=0.0,alignmentY=0.0,border=,flags=0,maximumSize=,minimumSize=,preferredSize=]
                        org.openscience.jchempaint.JCPToolBar$1[name='enterelement', text='', enabled=true, visible=true, showing=false]
                      javax.swing.Box[,364,2,32x31,layout=javax.swing.BoxLayout,alignmentX=0.0,alignmentY=0.0,border=,flags=0,maximumSize=,minimumSize=,preferredSize=]
                        org.openscience.jchempaint.JCPToolBar$1[name='periodictable', text='', enabled=true, visible=true, showing=false]
                      javax.swing.Box$Filler[,396,17,300x0,alignmentX=0.0,alignmentY=0.0,border=,flags=0,maximumSize=java.awt.Dimension[width=32767,height=0],minimumSize=java.awt.Dimension[width=0,height=0],preferredSize=java.awt.Dimension[width=0,height=0]]
                    org.openscience.jchempaint.InsertTextPanel[name=null]
                      javax.swing.JComboBox[name=null, selectedItem='', contents=[''], editable=true, enabled=true, visible=true, showing=false]
                        com.apple.laf.AquaComboBoxButton[name=null, text='', enabled=true, visible=true, showing=false]
                        javax.swing.CellRendererPane[,0,0,0x0,hidden]
                        com.apple.laf.AquaComboBoxUI$AquaCustomComboTextField[name=null, text='', enabled=true, visible=true, showing=false]
                      javax.swing.JButton[name=null, text='Insert', enabled=true, visible=true, showing=false]
        javax.swing.JLabel[name='status', text='Applet loaded', enabled=true, visible=true, showing=false]
  javax.swing.Popup$HeavyWeightWindow[name='win0']
    javax.swing.JRootPane[]
      javax.swing.JPanel[name='null.glassPane']
      javax.swing.JLayeredPane[]
        javax.swing.JPanel[name='null.contentPane']

	at org.fest.swing.core.BasicComponentFinder.componentNotFound(BasicComponentFinder.java:271)
	at org.fest.swing.core.BasicComponentFinder.find(BasicComponentFinder.java:260)
	at org.fest.swing.core.BasicComponentFinder.find(BasicComponentFinder.java:254)
	at org.fest.swing.core.BasicComponentFinder.findByName(BasicComponentFinder.java:191)
	at org.fest.swing.fixture.ContainerFixture.findByName(ContainerFixture.java:527)
	at org.fest.swing.fixture.ContainerFixture.panel(ContainerFixture.java:307)
	at org.openscience.jchempaint.AbstractAppletTest.restoreModelWithBasicmol(AbstractAppletTest.java:82)
	at org.openscience.jchempaint.MenuIsotopeTest.genericIsotopeTest(MenuIsotopeTest.java:37)
	at org.openscience.jchempaint.MenuIsotopeTest.testMenuIsotopeMajorMinusTwo(MenuIsotopeTest.java:57)
	at java.base/jdk.internal.reflect.DirectMethodHandleAccessor.invoke(DirectMethodHandleAccessor.java:103)
	at java.base/java.lang.reflect.Method.invoke(Method.java:580)
	at org.junit.runners.model.FrameworkMethod$1.runReflectiveCall(FrameworkMethod.java:59)
	at org.junit.internal.runners.model.ReflectiveCallable.run(ReflectiveCallable.java:12)
	at org.junit.runners.model.FrameworkMethod.invokeExplosively(FrameworkMethod.java:56)
	at org.junit.internal.runners.statements.InvokeMethod.evaluate(InvokeMethod.java:17)
	at org.junit.runners.ParentRunner$3.evaluate(ParentRunner.java:306)
	at org.junit.runners.BlockJUnit4ClassRunner$1.evaluate(BlockJUnit4ClassRunner.java:100)
	at org.junit.runners.ParentRunner.runLeaf(ParentRunner.java:366)
	at org.junit.runners.BlockJUnit4ClassRunner.runChild(BlockJUnit4ClassRunner.java:103)
	at org.junit.runners.BlockJUnit4ClassRunner.runChild(BlockJUnit4ClassRunner.java:63)
	at org.junit.runners.ParentRunner$4.run(ParentRunner.java:331)
	at org.junit.runners.ParentRunner$1.schedule(ParentRunner.java:79)
	at org.junit.runners.ParentRunner.runChildren(ParentRunner.java:329)
	at org.junit.runners.ParentRunner.access$100(ParentRunner.java:66)
	at org.junit.runners.ParentRunner$2.evaluate(ParentRunner.java:293)
	at org.junit.internal.runners.statements.RunBefores.evaluate(RunBefores.java:26)
	at org.junit.internal.runners.statements.RunAfters.evaluate(RunAfters.java:27)
	at org.junit.runners.ParentRunner$3.evaluate(ParentRunner.java:306)
	at org.junit.runners.ParentRunner.run(ParentRunner.java:413)
	at org.apache.maven.surefire.junit4.JUnit4Provider.execute(JUnit4Provider.java:316)
	at org.apache.maven.surefire.junit4.JUnit4Provider.executeWithRerun(JUnit4Provider.java:240)
	at org.apache.maven.surefire.junit4.JUnit4Provider.executeTestSet(JUnit4Provider.java:214)
	at org.apache.maven.surefire.junit4.JUnit4Provider.invoke(JUnit4Provider.java:155)
	at org.apache.maven.surefire.booter.ForkedBooter.runSuitesInProcess(ForkedBooter.java:385)
	at org.apache.maven.surefire.booter.ForkedBooter.execute(ForkedBooter.java:162)
	at org.apache.maven.surefire.booter.ForkedBooter.run(ForkedBooter.java:507)
	at org.apache.maven.surefire.booter.ForkedBooter.main(ForkedBooter.java:495)
]]></error>
  </testcase>
</testsuite>